<?xml version="1.0" encoding="UTF-8"?>
<coverage generated="1764553757779" clover="3.2.0">
  <project timestamp="1764553757779" name="All files">
    <metrics statements="1587" coveredstatements="893" conditionals="1517" coveredconditionals="597" methods="196" coveredmethods="124" elements="3300" coveredelements="1614" complexity="0" loc="1587" ncloc="1587" packages="3" files="3" classes="3"/>
    <package name="backend">
      <metrics statements="1412" coveredstatements="733" conditionals="1447" coveredconditionals="557" methods="160" coveredmethods="92"/>
      <file name="index.js" path="E:\UTSC\309\309-final-project\backend\index.js">
        <metrics statements="1412" coveredstatements="733" conditionals="1447" coveredconditionals="557" methods="160" coveredmethods="92"/>
        <line num="6" count="6" type="stmt"/>
        <line num="8" count="6" type="stmt"/>
        <line num="9" count="6" type="stmt"/>
        <line num="10" count="6" type="stmt"/>
        <line num="11" count="6" type="stmt"/>
        <line num="12" count="6" type="stmt"/>
        <line num="13" count="6" type="stmt"/>
        <line num="14" count="6" type="stmt"/>
        <line num="15" count="6" type="stmt"/>
        <line num="16" count="6" type="stmt"/>
        <line num="17" count="6" type="stmt"/>
        <line num="18" count="6" type="stmt"/>
        <line num="20" count="6" type="stmt"/>
        <line num="21" count="6" type="stmt"/>
        <line num="24" count="6" type="stmt"/>
        <line num="25" count="6" type="cond" truecount="1" falsecount="1"/>
        <line num="26" count="0" type="stmt"/>
        <line num="27" count="0" type="stmt"/>
        <line num="31" count="6" type="stmt"/>
        <line num="32" count="6" type="stmt"/>
        <line num="33" count="6" type="stmt"/>
        <line num="34" count="6" type="stmt"/>
        <line num="41" count="6" type="stmt"/>
        <line num="43" count="1" type="stmt"/>
        <line num="44" count="1" type="stmt"/>
        <line num="45" count="1" type="stmt"/>
        <line num="46" count="1" type="stmt"/>
        <line num="47" count="1" type="stmt"/>
        <line num="50" count="58" type="stmt"/>
        <line num="51" count="58" type="stmt"/>
        <line num="53" count="0" type="stmt"/>
        <line num="57" count="58" type="cond" truecount="1" falsecount="1"/>
        <line num="58" count="58" type="stmt"/>
        <line num="59" count="58" type="cond" truecount="3" falsecount="1"/>
        <line num="60" count="58" type="stmt"/>
        <line num="65" count="6" type="stmt"/>
        <line num="66" count="1" type="cond" truecount="4" falsecount="0"/>
        <line num="69" count="6" type="stmt"/>
        <line num="70" count="1" type="cond" truecount="4" falsecount="0"/>
        <line num="73" count="6" type="stmt"/>
        <line num="75" count="1" type="cond" truecount="2" falsecount="0"/>
        <line num="76" count="1" type="stmt"/>
        <line num="79" count="1" type="cond" truecount="1" falsecount="1"/>
        <line num="80" count="0" type="stmt"/>
        <line num="81" count="0" type="stmt"/>
        <line num="82" count="0" type="stmt"/>
        <line num="83" count="0" type="stmt"/>
        <line num="84" count="0" type="stmt"/>
        <line num="85" count="0" type="stmt"/>
        <line num="86" count="0" type="stmt"/>
        <line num="90" count="1" type="stmt"/>
        <line num="91" count="1" type="stmt"/>
        <line num="96" count="1" type="stmt"/>
        <line num="106" count="1" type="stmt"/>
        <line num="107" count="1" type="stmt"/>
        <line num="109" count="0" type="stmt"/>
        <line num="110" count="0" type="stmt"/>
        <line num="114" count="1" type="cond" truecount="2" falsecount="0"/>
        <line num="115" count="1" type="stmt"/>
        <line num="118" count="1" type="cond" truecount="1" falsecount="1"/>
        <line num="119" count="0" type="stmt"/>
        <line num="120" count="0" type="stmt"/>
        <line num="121" count="0" type="stmt"/>
        <line num="122" count="0" type="stmt"/>
        <line num="123" count="0" type="stmt"/>
        <line num="124" count="0" type="stmt"/>
        <line num="125" count="0" type="stmt"/>
        <line num="126" count="0" type="stmt"/>
        <line num="130" count="1" type="stmt"/>
        <line num="131" count="1" type="stmt"/>
        <line num="137" count="1" type="stmt"/>
        <line num="147" count="1" type="stmt"/>
        <line num="148" count="1" type="stmt"/>
        <line num="150" count="0" type="stmt"/>
        <line num="151" count="0" type="stmt"/>
        <line num="157" count="6" type="stmt"/>
        <line num="158" count="6" type="stmt"/>
        <line num="159" count="6" type="stmt"/>
        <line num="160" count="6" type="stmt"/>
        <line num="163" count="6" type="stmt"/>
        <line num="184" count="4" type="cond" truecount="4" falsecount="0"/>
        <line num="185" count="3" type="cond" truecount="1" falsecount="1"/>
        <line num="186" count="0" type="stmt"/>
        <line num="187" count="0" type="cond" truecount="0" falsecount="2"/>
        <line num="189" count="3" type="stmt"/>
        <line num="195" count="4" type="cond" truecount="4" falsecount="0"/>
        <line num="196" count="1" type="cond" truecount="1" falsecount="1"/>
        <line num="197" count="0" type="stmt"/>
        <line num="198" count="0" type="cond" truecount="0" falsecount="2"/>
        <line num="200" count="1" type="stmt"/>
        <line num="206" count="4" type="cond" truecount="4" falsecount="0"/>
        <line num="207" count="1" type="cond" truecount="1" falsecount="1"/>
        <line num="208" count="0" type="stmt"/>
        <line num="209" count="0" type="cond" truecount="0" falsecount="2"/>
        <line num="210" count="0" type="stmt"/>
        <line num="211" count="0" type="cond" truecount="0" falsecount="4"/>
        <line num="212" count="0" type="stmt"/>
        <line num="214" count="0" type="stmt"/>
        <line num="216" count="1" type="cond" truecount="1" falsecount="1"/>
        <line num="217" count="1" type="cond" truecount="3" falsecount="1"/>
        <line num="218" count="1" type="stmt"/>
        <line num="220" count="0" type="stmt"/>
        <line num="222" count="0" type="stmt"/>
        <line num="228" count="4" type="cond" truecount="4" falsecount="0"/>
        <line num="229" count="3" type="cond" truecount="1" falsecount="1"/>
        <line num="230" count="0" type="stmt"/>
        <line num="246" count="7" type="cond" truecount="4" falsecount="0"/>
        <line num="247" count="1" type="cond" truecount="1" falsecount="1"/>
        <line num="248" count="1" type="stmt"/>
        <line num="249" count="1" type="cond" truecount="1" falsecount="1"/>
        <line num="250" count="0" type="stmt"/>
        <line num="251" count="0" type="cond" truecount="0" falsecount="4"/>
        <line num="253" count="1" type="cond" truecount="1" falsecount="1"/>
        <line num="254" count="1" type="cond" truecount="3" falsecount="1"/>
        <line num="256" count="0" type="stmt"/>
        <line num="259" count="0" type="stmt"/>
        <line num="266" count="3" type="cond" truecount="1" falsecount="1"/>
        <line num="270" count="3" type="cond" truecount="1" falsecount="1"/>
        <line num="274" count="3" type="cond" truecount="1" falsecount="1"/>
        <line num="278" count="3" type="cond" truecount="1" falsecount="1"/>
        <line num="282" count="3" type="cond" truecount="1" falsecount="1"/>
        <line num="286" count="3" type="cond" truecount="1" falsecount="1"/>
        <line num="291" count="3" type="cond" truecount="2" falsecount="2"/>
        <line num="292" count="0" type="cond" truecount="0" falsecount="2"/>
        <line num="293" count="0" type="stmt"/>
        <line num="294" count="0" type="stmt"/>
        <line num="295" count="0" type="cond" truecount="0" falsecount="4"/>
        <line num="296" count="0" type="stmt"/>
        <line num="297" count="0" type="cond" truecount="0" falsecount="2"/>
        <line num="299" count="0" type="stmt"/>
        <line num="301" count="0" type="cond" truecount="0" falsecount="2"/>
        <line num="302" count="0" type="cond" truecount="0" falsecount="4"/>
        <line num="303" count="0" type="stmt"/>
        <line num="304" count="0" type="cond" truecount="0" falsecount="2"/>
        <line num="306" count="0" type="stmt"/>
        <line num="308" count="0" type="stmt"/>
        <line num="313" count="3" type="cond" truecount="1" falsecount="1"/>
        <line num="318" count="3" type="cond" truecount="2" falsecount="2"/>
        <line num="319" count="0" type="cond" truecount="0" falsecount="2"/>
        <line num="320" count="0" type="stmt"/>
        <line num="321" count="0" type="cond" truecount="0" falsecount="2"/>
        <line num="322" count="0" type="stmt"/>
        <line num="323" count="0" type="cond" truecount="0" falsecount="4"/>
        <line num="325" count="0" type="cond" truecount="0" falsecount="2"/>
        <line num="326" count="0" type="cond" truecount="0" falsecount="4"/>
        <line num="328" count="0" type="stmt"/>
        <line num="331" count="0" type="stmt"/>
        <line num="341" count="6" type="cond" truecount="1" falsecount="1"/>
        <line num="342" count="6" type="cond" truecount="3" falsecount="1"/>
        <line num="343" count="6" type="cond" truecount="1" falsecount="1"/>
        <line num="345" count="0" type="stmt"/>
        <line num="353" count="6" type="cond" truecount="2" falsecount="2"/>
        <line num="354" count="0" type="cond" truecount="0" falsecount="2"/>
        <line num="355" count="0" type="stmt"/>
        <line num="356" count="0" type="cond" truecount="0" falsecount="2"/>
        <line num="358" count="0" type="stmt"/>
        <line num="364" count="6" type="cond" truecount="3" falsecount="1"/>
        <line num="365" count="6" type="cond" truecount="1" falsecount="1"/>
        <line num="366" count="0" type="stmt"/>
        <line num="367" count="0" type="cond" truecount="0" falsecount="2"/>
        <line num="369" count="6" type="stmt"/>
        <line num="375" count="6" type="cond" truecount="2" falsecount="2"/>
        <line num="376" count="0" type="cond" truecount="0" falsecount="2"/>
        <line num="377" count="0" type="stmt"/>
        <line num="378" count="0" type="stmt"/>
        <line num="380" count="0" type="cond" truecount="0" falsecount="4"/>
        <line num="381" count="0" type="stmt"/>
        <line num="382" count="0" type="cond" truecount="0" falsecount="2"/>
        <line num="384" count="0" type="stmt"/>
        <line num="386" count="0" type="cond" truecount="0" falsecount="2"/>
        <line num="387" count="0" type="cond" truecount="0" falsecount="4"/>
        <line num="388" count="0" type="stmt"/>
        <line num="389" count="0" type="cond" truecount="0" falsecount="2"/>
        <line num="391" count="0" type="stmt"/>
        <line num="393" count="0" type="stmt"/>
        <line num="400" count="1" type="cond" truecount="3" falsecount="1"/>
        <line num="404" count="1" type="cond" truecount="3" falsecount="1"/>
        <line num="409" count="1" type="cond" truecount="3" falsecount="1"/>
        <line num="410" count="0" type="cond" truecount="0" falsecount="2"/>
        <line num="411" count="0" type="cond" truecount="0" falsecount="4"/>
        <line num="412" count="0" type="cond" truecount="0" falsecount="2"/>
        <line num="414" count="0" type="stmt"/>
        <line num="419" count="1" type="cond" truecount="3" falsecount="1"/>
        <line num="423" count="1" type="cond" truecount="3" falsecount="1"/>
        <line num="427" count="1" type="cond" truecount="3" falsecount="1"/>
        <line num="431" count="1" type="cond" truecount="3" falsecount="1"/>
        <line num="435" count="1" type="cond" truecount="3" falsecount="1"/>
        <line num="442" count="6" type="stmt"/>
        <line num="444" count="0" type="stmt"/>
        <line num="445" count="0" type="cond" truecount="0" falsecount="2"/>
        <line num="446" count="0" type="stmt"/>
        <line num="449" count="0" type="stmt"/>
        <line num="450" count="0" type="stmt"/>
        <line num="453" count="6" type="stmt"/>
        <line num="457" count="0" type="stmt"/>
        <line num="458" count="0" type="stmt"/>
        <line num="459" count="0" type="stmt"/>
        <line num="460" count="0" type="cond" truecount="0" falsecount="6"/>
        <line num="465" count="6" type="stmt"/>
        <line num="466" count="6" type="stmt"/>
        <line num="467" count="0" type="cond" truecount="0" falsecount="2"/>
        <line num="468" count="0" type="stmt"/>
        <line num="469" count="0" type="cond" truecount="0" falsecount="2"/>
        <line num="470" count="0" type="stmt"/>
        <line num="471" count="0" type="cond" truecount="0" falsecount="2"/>
        <line num="472" count="0" type="stmt"/>
        <line num="475" count="0" type="stmt"/>
        <line num="476" count="0" type="stmt"/>
        <line num="477" count="0" type="cond" truecount="0" falsecount="2"/>
        <line num="479" count="0" type="stmt"/>
        <line num="486" count="6" type="stmt"/>
        <line num="487" count="0" type="stmt"/>
        <line num="488" count="0" type="cond" truecount="0" falsecount="2"/>
        <line num="489" count="0" type="stmt"/>
        <line num="490" count="0" type="stmt"/>
        <line num="491" count="0" type="stmt"/>
        <line num="493" count="0" type="stmt"/>
        <line num="497" count="6" type="stmt"/>
        <line num="498" count="180" type="stmt"/>
        <line num="499" count="180" type="stmt"/>
        <line num="500" count="180" type="stmt"/>
        <line num="501" count="36" type="stmt"/>
        <line num="502" count="36" type="cond" truecount="1" falsecount="1"/>
        <line num="504" count="36" type="stmt"/>
        <line num="505" count="36" type="stmt"/>
        <line num="506" count="36" type="cond" truecount="2" falsecount="0"/>
        <line num="507" count="1" type="stmt"/>
        <line num="509" count="35" type="stmt"/>
        <line num="511" count="0" type="stmt"/>
        <line num="516" count="6" type="stmt"/>
        <line num="517" count="4" type="stmt"/>
        <line num="518" count="4" type="cond" truecount="1" falsecount="1"/>
        <line num="519" count="4" type="stmt"/>
        <line num="520" count="0" type="stmt"/>
        <line num="522" count="0" type="stmt"/>
        <line num="524" count="4" type="stmt"/>
        <line num="527" count="42" type="stmt"/>
        <line num="528" count="15" type="stmt"/>
        <line num="529" count="15" type="cond" truecount="3" falsecount="1"/>
        <line num="530" count="15" type="stmt"/>
        <line num="531" count="15" type="stmt"/>
        <line num="533" count="0" type="cond" truecount="0" falsecount="2"/>
        <line num="534" count="0" type="stmt"/>
        <line num="536" count="0" type="stmt"/>
        <line num="541" count="6" type="stmt"/>
        <line num="542" count="6" type="cond" truecount="1" falsecount="1"/>
        <line num="543" count="0" type="cond" truecount="0" falsecount="5"/>
        <line num="544" count="0" type="cond" truecount="0" falsecount="5"/>
        <line num="545" count="0" type="stmt"/>
        <line num="548" count="42" type="stmt"/>
        <line num="549" count="9" type="stmt"/>
        <line num="550" count="9" type="stmt"/>
        <line num="551" count="9" type="stmt"/>
        <line num="553" count="0" type="cond" truecount="0" falsecount="2"/>
        <line num="554" count="0" type="stmt"/>
        <line num="556" count="0" type="stmt"/>
        <line num="565" count="6" type="stmt"/>
        <line num="566" count="2" type="stmt"/>
        <line num="567" count="2" type="stmt"/>
        <line num="568" count="2" type="stmt"/>
        <line num="569" count="2" type="cond" truecount="4" falsecount="0"/>
        <line num="570" count="1" type="stmt"/>
        <line num="572" count="1" type="stmt"/>
        <line num="573" count="1" type="stmt"/>
        <line num="574" count="1" type="stmt"/>
        <line num="575" count="0" type="stmt"/>
        <line num="579" count="6" type="stmt"/>
        <line num="580" count="0" type="stmt"/>
        <line num="581" count="0" type="stmt"/>
        <line num="582" count="0" type="stmt"/>
        <line num="585" count="0" type="stmt"/>
        <line num="586" count="0" type="cond" truecount="0" falsecount="2"/>
        <line num="589" count="0" type="cond" truecount="0" falsecount="4"/>
        <line num="590" count="0" type="stmt"/>
        <line num="594" count="0" type="cond" truecount="0" falsecount="2"/>
        <line num="595" count="0" type="stmt"/>
        <line num="598" count="0" type="stmt"/>
        <line num="599" count="0" type="stmt"/>
        <line num="603" count="0" type="stmt"/>
        <line num="604" count="0" type="stmt"/>
        <line num="608" count="6" type="stmt"/>
        <line num="609" count="1" type="stmt"/>
        <line num="610" count="1" type="stmt"/>
        <line num="611" count="1" type="stmt"/>
        <line num="612" count="1" type="cond" truecount="1" falsecount="1"/>
        <line num="614" count="0" type="stmt"/>
        <line num="616" count="1" type="stmt"/>
        <line num="617" count="1" type="stmt"/>
        <line num="619" count="1" type="stmt"/>
        <line num="625" count="1" type="stmt"/>
        <line num="626" count="1" type="stmt"/>
        <line num="628" count="0" type="stmt"/>
        <line num="633" count="1" type="stmt"/>
        <line num="634" count="0" type="stmt"/>
        <line num="642" count="6" type="stmt"/>
        <line num="643" count="1" type="stmt"/>
        <line num="644" count="1" type="stmt"/>
        <line num="645" count="1" type="stmt"/>
        <line num="646" count="1" type="cond" truecount="1" falsecount="1"/>
        <line num="648" count="1" type="stmt"/>
        <line num="649" count="1" type="stmt"/>
        <line num="650" count="1" type="stmt"/>
        <line num="651" count="1" type="stmt"/>
        <line num="652" count="1" type="stmt"/>
        <line num="654" count="1" type="stmt"/>
        <line num="666" count="1" type="stmt"/>
        <line num="667" count="1" type="stmt"/>
        <line num="669" count="0" type="stmt"/>
        <line num="673" count="1" type="stmt"/>
        <line num="682" count="0" type="stmt"/>
        <line num="686" count="6" type="stmt"/>
        <line num="691" count="3" type="cond" truecount="5" falsecount="0"/>
        <line num="692" count="1" type="cond" truecount="2" falsecount="3"/>
        <line num="693" count="0" type="cond" truecount="0" falsecount="5"/>
        <line num="694" count="0" type="stmt"/>
        <line num="700" count="3" type="cond" truecount="2" falsecount="3"/>
        <line num="701" count="0" type="cond" truecount="0" falsecount="5"/>
        <line num="702" count="0" type="cond" truecount="0" falsecount="5"/>
        <line num="703" count="0" type="stmt"/>
        <line num="708" count="3" type="cond" truecount="2" falsecount="3"/>
        <line num="712" count="3" type="cond" truecount="2" falsecount="3"/>
        <line num="716" count="3" type="stmt"/>
        <line num="717" count="3" type="stmt"/>
        <line num="718" count="3" type="stmt"/>
        <line num="719" count="3" type="stmt"/>
        <line num="721" count="3" type="cond" truecount="1" falsecount="1"/>
        <line num="722" count="0" type="stmt"/>
        <line num="724" count="3" type="cond" truecount="3" falsecount="1"/>
        <line num="725" count="0" type="stmt"/>
        <line num="727" count="3" type="stmt"/>
        <line num="729" count="3" type="stmt"/>
        <line num="731" count="3" type="cond" truecount="1" falsecount="1"/>
        <line num="732" count="0" type="stmt"/>
        <line num="738" count="3" type="cond" truecount="2" falsecount="0"/>
        <line num="739" count="1" type="stmt"/>
        <line num="742" count="3" type="cond" truecount="2" falsecount="0"/>
        <line num="743" count="1" type="stmt"/>
        <line num="746" count="3" type="cond" truecount="1" falsecount="1"/>
        <line num="747" count="0" type="cond" truecount="0" falsecount="2"/>
        <line num="750" count="3" type="stmt"/>
        <line num="751" count="3" type="stmt"/>
        <line num="771" count="3" type="stmt"/>
        <line num="773" count="0" type="stmt"/>
        <line num="778" count="6" type="stmt"/>
        <line num="779" count="1" type="stmt"/>
        <line num="780" count="1" type="stmt"/>
        <line num="792" count="1" type="cond" truecount="1" falsecount="1"/>
        <line num="793" count="1" type="stmt"/>
        <line num="794" count="1" type="stmt"/>
        <line num="800" count="0" type="stmt"/>
        <line num="804" count="6" type="stmt"/>
        <line num="805" count="1" type="stmt"/>
        <line num="806" count="1" type="stmt"/>
        <line num="807" count="1" type="stmt"/>
        <line num="809" count="1" type="cond" truecount="3" falsecount="1"/>
        <line num="810" count="1" type="cond" truecount="4" falsecount="1"/>
        <line num="811" count="0" type="stmt"/>
        <line num="813" count="1" type="stmt"/>
        <line num="814" count="1" type="stmt"/>
        <line num="817" count="1" type="cond" truecount="3" falsecount="1"/>
        <line num="818" count="1" type="cond" truecount="3" falsecount="1"/>
        <line num="819" count="0" type="stmt"/>
        <line num="821" count="1" type="stmt"/>
        <line num="822" count="1" type="stmt"/>
        <line num="825" count="1" type="cond" truecount="3" falsecount="1"/>
        <line num="826" count="1" type="cond" truecount="3" falsecount="1"/>
        <line num="827" count="0" type="stmt"/>
        <line num="831" count="3" type="stmt"/>
        <line num="832" count="1" type="stmt"/>
        <line num="834" count="1" type="cond" truecount="4" falsecount="1"/>
        <line num="835" count="0" type="stmt"/>
        <line num="838" count="1" type="stmt"/>
        <line num="839" count="1" type="stmt"/>
        <line num="842" count="1" type="cond" truecount="1" falsecount="1"/>
        <line num="843" count="0" type="stmt"/>
        <line num="844" count="0" type="stmt"/>
        <line num="847" count="1" type="cond" truecount="1" falsecount="1"/>
        <line num="848" count="0" type="stmt"/>
        <line num="851" count="1" type="stmt"/>
        <line num="859" count="1" type="stmt"/>
        <line num="861" count="0" type="cond" truecount="0" falsecount="2"/>
        <line num="862" count="0" type="stmt"/>
        <line num="867" count="6" type="stmt"/>
        <line num="868" count="0" type="stmt"/>
        <line num="869" count="0" type="stmt"/>
        <line num="870" count="0" type="stmt"/>
        <line num="871" count="0" type="cond" truecount="0" falsecount="4"/>
        <line num="872" count="0" type="stmt"/>
        <line num="874" count="0" type="stmt"/>
        <line num="875" count="0" type="stmt"/>
        <line num="876" count="0" type="stmt"/>
        <line num="877" count="0" type="stmt"/>
        <line num="881" count="6" type="stmt"/>
        <line num="882" count="1" type="stmt"/>
        <line num="883" count="1" type="stmt"/>
        <line num="884" count="1" type="cond" truecount="1" falsecount="1"/>
        <line num="888" count="1" type="stmt"/>
        <line num="900" count="1" type="cond" truecount="1" falsecount="1"/>
        <line num="902" count="1" type="stmt"/>
        <line num="904" count="1" type="cond" truecount="1" falsecount="1"/>
        <line num="905" count="1" type="stmt"/>
        <line num="908" count="0" type="stmt"/>
        <line num="914" count="0" type="stmt"/>
        <line num="918" count="6" type="stmt"/>
        <line num="919" count="1" type="stmt"/>
        <line num="920" count="1" type="stmt"/>
        <line num="921" count="1" type="cond" truecount="1" falsecount="1"/>
        <line num="925" count="1" type="stmt"/>
        <line num="926" count="1" type="cond" truecount="1" falsecount="1"/>
        <line num="929" count="1" type="stmt"/>
        <line num="930" count="1" type="stmt"/>
        <line num="932" count="1" type="cond" truecount="2" falsecount="2"/>
        <line num="933" count="0" type="stmt"/>
        <line num="934" count="0" type="cond" truecount="0" falsecount="5"/>
        <line num="935" count="0" type="stmt"/>
        <line num="937" count="0" type="cond" truecount="0" falsecount="2"/>
        <line num="938" count="0" type="stmt"/>
        <line num="942" count="1" type="cond" truecount="2" falsecount="2"/>
        <line num="943" count="0" type="stmt"/>
        <line num="944" count="0" type="cond" truecount="0" falsecount="4"/>
        <line num="945" count="0" type="stmt"/>
        <line num="947" count="0" type="cond" truecount="0" falsecount="2"/>
        <line num="948" count="0" type="stmt"/>
        <line num="952" count="1" type="cond" truecount="2" falsecount="2"/>
        <line num="953" count="0" type="stmt"/>
        <line num="954" count="0" type="cond" truecount="0" falsecount="4"/>
        <line num="955" count="0" type="stmt"/>
        <line num="957" count="0" type="cond" truecount="0" falsecount="2"/>
        <line num="958" count="0" type="stmt"/>
        <line num="962" count="1" type="cond" truecount="3" falsecount="1"/>
        <line num="963" count="1" type="stmt"/>
        <line num="964" count="1" type="stmt"/>
        <line num="965" count="1" type="cond" truecount="1" falsecount="1"/>
        <line num="966" count="0" type="stmt"/>
        <line num="968" count="1" type="cond" truecount="1" falsecount="1"/>
        <line num="969" count="0" type="stmt"/>
        <line num="973" count="1" type="cond" truecount="3" falsecount="1"/>
        <line num="974" count="1" type="stmt"/>
        <line num="975" count="1" type="stmt"/>
        <line num="976" count="1" type="cond" truecount="1" falsecount="1"/>
        <line num="977" count="0" type="stmt"/>
        <line num="979" count="1" type="cond" truecount="1" falsecount="1"/>
        <line num="980" count="1" type="stmt"/>
        <line num="984" count="1" type="cond" truecount="3" falsecount="1"/>
        <line num="985" count="1" type="stmt"/>
        <line num="986" count="1" type="stmt"/>
        <line num="987" count="1" type="cond" truecount="1" falsecount="1"/>
        <line num="988" count="0" type="stmt"/>
        <line num="991" count="1" type="cond" truecount="1" falsecount="1"/>
        <line num="992" count="1" type="cond" truecount="1" falsecount="1"/>
        <line num="993" count="0" type="stmt"/>
        <line num="997" count="1" type="cond" truecount="3" falsecount="1"/>
        <line num="998" count="0" type="stmt"/>
        <line num="1001" count="1" type="cond" truecount="1" falsecount="1"/>
        <line num="1002" count="1" type="stmt"/>
        <line num="1007" count="1" type="cond" truecount="1" falsecount="1"/>
        <line num="1008" count="0" type="stmt"/>
        <line num="1012" count="1" type="cond" truecount="1" falsecount="1"/>
        <line num="1013" count="1" type="stmt"/>
        <line num="1020" count="1" type="stmt"/>
        <line num="1035" count="1" type="stmt"/>
        <line num="1041" count="1" type="cond" truecount="1" falsecount="1"/>
        <line num="1042" count="0" type="stmt"/>
        <line num="1044" count="1" type="cond" truecount="1" falsecount="1"/>
        <line num="1045" count="0" type="stmt"/>
        <line num="1047" count="1" type="cond" truecount="1" falsecount="1"/>
        <line num="1048" count="1" type="stmt"/>
        <line num="1050" count="1" type="cond" truecount="1" falsecount="1"/>
        <line num="1051" count="1" type="stmt"/>
        <line num="1053" count="1" type="cond" truecount="1" falsecount="1"/>
        <line num="1054" count="1" type="stmt"/>
        <line num="1057" count="1" type="stmt"/>
        <line num="1059" count="0" type="cond" truecount="0" falsecount="2"/>
        <line num="1060" count="0" type="stmt"/>
        <line num="1069" count="6" type="cond" truecount="0" falsecount="1"/>
        <line num="1070" count="3" type="stmt"/>
        <line num="1071" count="3" type="stmt"/>
        <line num="1073" count="3" type="cond" truecount="1" falsecount="1"/>
        <line num="1075" count="3" type="stmt"/>
        <line num="1082" count="3" type="cond" truecount="2" falsecount="0"/>
        <line num="1083" count="1" type="stmt"/>
        <line num="1084" count="1" type="stmt"/>
        <line num="1085" count="1" type="stmt"/>
        <line num="1089" count="2" type="stmt"/>
        <line num="1090" count="2" type="stmt"/>
        <line num="1093" count="2" type="cond" truecount="3" falsecount="1"/>
        <line num="1094" count="0" type="stmt"/>
        <line num="1098" count="2" type="cond" truecount="3" falsecount="1"/>
        <line num="1099" count="0" type="stmt"/>
        <line num="1102" count="0" type="cond" truecount="0" falsecount="4"/>
        <line num="1103" count="0" type="stmt"/>
        <line num="1108" count="2" type="cond" truecount="4" falsecount="0"/>
        <line num="1109" count="1" type="stmt"/>
        <line num="1113" count="1" type="cond" truecount="1" falsecount="1"/>
        <line num="1114" count="1" type="cond" truecount="1" falsecount="1"/>
        <line num="1118" count="1" type="stmt"/>
        <line num="1122" count="6" type="stmt"/>
        <line num="1123" count="4" type="stmt"/>
        <line num="1124" count="4" type="cond" truecount="1" falsecount="0"/>
        <line num="1126" count="4" type="stmt"/>
        <line num="1127" count="4" type="cond" truecount="1" falsecount="1"/>
        <line num="1131" count="4" type="cond" truecount="2" falsecount="0"/>
        <line num="1132" count="3" type="cond" truecount="3" falsecount="1"/>
        <line num="1134" count="3" type="stmt"/>
        <line num="1136" count="1" type="stmt"/>
        <line num="1137" count="1" type="cond" truecount="1" falsecount="1"/>
        <line num="1140" count="1" type="cond" truecount="2" falsecount="0"/>
        <line num="1142" count="1" type="stmt"/>
        <line num="1144" count="1" type="stmt"/>
        <line num="1158" count="1" type="cond" truecount="3" falsecount="1"/>
        <line num="1159" count="1" type="stmt"/>
        <line num="1160" count="1" type="stmt"/>
        <line num="1164" count="1" type="stmt"/>
        <line num="1165" count="1" type="stmt"/>
        <line num="1166" count="1" type="cond" truecount="3" falsecount="1"/>
        <line num="1167" count="0" type="stmt"/>
        <line num="1178" count="1" type="cond" truecount="1" falsecount="1"/>
        <line num="1179" count="1" type="stmt"/>
        <line num="1185" count="1" type="stmt"/>
        <line num="1186" count="1" type="stmt"/>
        <line num="1197" count="1" type="cond" truecount="1" falsecount="1"/>
        <line num="1198" count="1" type="cond" truecount="2" falsecount="2"/>
        <line num="1199" count="0" type="stmt"/>
        <line num="1202" count="1" type="cond" truecount="3" falsecount="1"/>
        <line num="1203" count="0" type="stmt"/>
        <line num="1205" count="1" type="cond" truecount="3" falsecount="1"/>
        <line num="1206" count="0" type="stmt"/>
        <line num="1211" count="1" type="cond" truecount="1" falsecount="1"/>
        <line num="1212" count="1" type="stmt"/>
        <line num="1213" count="0" type="cond" truecount="0" falsecount="2"/>
        <line num="1214" count="0" type="stmt"/>
        <line num="1215" count="0" type="cond" truecount="0" falsecount="4"/>
        <line num="1216" count="0" type="stmt"/>
        <line num="1219" count="0" type="stmt"/>
        <line num="1223" count="1" type="stmt"/>
        <line num="1224" count="1" type="cond" truecount="1" falsecount="1"/>
        <line num="1226" count="1" type="stmt"/>
        <line num="1238" count="1" type="cond" truecount="3" falsecount="1"/>
        <line num="1239" count="0" type="stmt"/>
        <line num="1240" count="0" type="stmt"/>
        <line num="1245" count="1" type="stmt"/>
        <line num="1250" count="1" type="stmt"/>
        <line num="1251" count="1" type="stmt"/>
        <line num="1262" count="0" type="stmt"/>
        <line num="1265" count="2" type="cond" truecount="3" falsecount="1"/>
        <line num="1266" count="2" type="stmt"/>
        <line num="1268" count="0" type="cond" truecount="0" falsecount="2"/>
        <line num="1269" count="0" type="stmt"/>
        <line num="1271" count="0" type="stmt"/>
        <line num="1276" count="6" type="stmt"/>
        <line num="1286" count="2" type="cond" truecount="2" falsecount="3"/>
        <line num="1290" count="2" type="cond" truecount="2" falsecount="3"/>
        <line num="1294" count="2" type="stmt"/>
        <line num="1295" count="2" type="cond" truecount="0" falsecount="2"/>
        <line num="1296" count="2" type="stmt"/>
        <line num="1299" count="2" type="cond" truecount="1" falsecount="1"/>
        <line num="1300" count="0" type="stmt"/>
        <line num="1302" count="2" type="cond" truecount="3" falsecount="1"/>
        <line num="1303" count="0" type="stmt"/>
        <line num="1306" count="2" type="stmt"/>
        <line num="1308" count="2" type="stmt"/>
        <line num="1309" count="2" type="cond" truecount="1" falsecount="1"/>
        <line num="1310" count="0" type="stmt"/>
        <line num="1313" count="0" type="stmt"/>
        <line num="1315" count="2" type="cond" truecount="1" falsecount="1"/>
        <line num="1316" count="0" type="stmt"/>
        <line num="1317" count="0" type="cond" truecount="0" falsecount="2"/>
        <line num="1319" count="2" type="cond" truecount="2" falsecount="0"/>
        <line num="1320" count="2" type="cond" truecount="1" falsecount="1"/>
        <line num="1321" count="0" type="stmt"/>
        <line num="1322" count="0" type="stmt"/>
        <line num="1324" count="2" type="cond" truecount="1" falsecount="1"/>
        <line num="1325" count="2" type="cond" truecount="1" falsecount="1"/>
        <line num="1326" count="2" type="cond" truecount="2" falsecount="2"/>
        <line num="1327" count="0" type="cond" truecount="0" falsecount="2"/>
        <line num="1330" count="2" type="stmt"/>
        <line num="1331" count="2" type="stmt"/>
        <line num="1341" count="2" type="stmt"/>
        <line num="1342" count="3" type="stmt"/>
        <line num="1347" count="0" type="stmt"/>
        <line num="1353" count="3" type="cond" truecount="1" falsecount="1"/>
        <line num="1354" count="3" type="cond" truecount="1" falsecount="1"/>
        <line num="1355" count="3" type="cond" truecount="2" falsecount="2"/>
        <line num="1356" count="3" type="cond" truecount="1" falsecount="1"/>
        <line num="1357" count="3" type="stmt"/>
        <line num="1360" count="2" type="stmt"/>
        <line num="1361" count="0" type="stmt"/>
        <line num="1365" count="6" type="stmt"/>
        <line num="1367" count="0" type="cond" truecount="0" falsecount="5"/>
        <line num="1371" count="0" type="cond" truecount="0" falsecount="5"/>
        <line num="1376" count="0" type="stmt"/>
        <line num="1377" count="0" type="cond" truecount="0" falsecount="2"/>
        <line num="1378" count="0" type="stmt"/>
        <line num="1380" count="0" type="cond" truecount="0" falsecount="2"/>
        <line num="1381" count="0" type="stmt"/>
        <line num="1383" count="0" type="cond" truecount="0" falsecount="4"/>
        <line num="1384" count="0" type="stmt"/>
        <line num="1387" count="0" type="stmt"/>
        <line num="1389" count="0" type="stmt"/>
        <line num="1390" count="0" type="cond" truecount="0" falsecount="2"/>
        <line num="1391" count="0" type="stmt"/>
        <line num="1394" count="0" type="stmt"/>
        <line num="1395" count="0" type="stmt"/>
        <line num="1405" count="0" type="stmt"/>
        <line num="1406" count="0" type="stmt"/>
        <line num="1418" count="0" type="cond" truecount="0" falsecount="2"/>
        <line num="1419" count="0" type="stmt"/>
        <line num="1422" count="0" type="stmt"/>
        <line num="1423" count="0" type="stmt"/>
        <line num="1427" count="6" type="stmt"/>
        <line num="1428" count="1" type="stmt"/>
        <line num="1429" count="1" type="stmt"/>
        <line num="1430" count="1" type="cond" truecount="1" falsecount="1"/>
        <line num="1431" count="1" type="stmt"/>
        <line num="1439" count="1" type="cond" truecount="1" falsecount="1"/>
        <line num="1441" count="1" type="stmt"/>
        <line num="1446" count="0" type="stmt"/>
        <line num="1452" count="1" type="cond" truecount="1" falsecount="1"/>
        <line num="1453" count="1" type="cond" truecount="1" falsecount="1"/>
        <line num="1454" count="1" type="cond" truecount="2" falsecount="2"/>
        <line num="1456" count="1" type="stmt"/>
        <line num="1457" count="0" type="stmt"/>
        <line num="1461" count="6" type="stmt"/>
        <line num="1462" count="2" type="stmt"/>
        <line num="1463" count="2" type="stmt"/>
        <line num="1464" count="2" type="cond" truecount="1" falsecount="1"/>
        <line num="1466" count="2" type="stmt"/>
        <line num="1467" count="2" type="cond" truecount="1" falsecount="1"/>
        <line num="1468" count="2" type="stmt"/>
        <line num="1472" count="2" type="cond" truecount="1" falsecount="1"/>
        <line num="1475" count="2" type="cond" truecount="4" falsecount="0"/>
        <line num="1477" count="1" type="stmt"/>
        <line num="1481" count="1" type="cond" truecount="3" falsecount="1"/>
        <line num="1483" count="1" type="stmt"/>
        <line num="1490" count="2" type="stmt"/>
        <line num="1491" count="2" type="cond" truecount="4" falsecount="0"/>
        <line num="1492" count="1" type="stmt"/>
        <line num="1493" count="1" type="cond" truecount="3" falsecount="1"/>
        <line num="1494" count="1" type="cond" truecount="3" falsecount="1"/>
        <line num="1495" count="1" type="stmt"/>
        <line num="1496" count="1" type="stmt"/>
        <line num="1500" count="2" type="stmt"/>
        <line num="1505" count="2" type="stmt"/>
        <line num="1511" count="0" type="stmt"/>
        <line num="1518" count="0" type="stmt"/>
        <line num="1522" count="6" type="stmt"/>
        <line num="1523" count="0" type="stmt"/>
        <line num="1524" count="0" type="stmt"/>
        <line num="1525" count="0" type="cond" truecount="0" falsecount="2"/>
        <line num="1527" count="0" type="stmt"/>
        <line num="1528" count="0" type="cond" truecount="0" falsecount="2"/>
        <line num="1530" count="0" type="stmt"/>
        <line num="1538" count="0" type="cond" truecount="0" falsecount="2"/>
        <line num="1541" count="0" type="cond" truecount="0" falsecount="4"/>
        <line num="1542" count="0" type="stmt"/>
        <line num="1546" count="0" type="stmt"/>
        <line num="1547" count="0" type="stmt"/>
        <line num="1550" count="0" type="cond" truecount="0" falsecount="2"/>
        <line num="1551" count="0" type="stmt"/>
        <line num="1558" count="0" type="stmt"/>
        <line num="1563" count="0" type="stmt"/>
        <line num="1569" count="0" type="stmt"/>
        <line num="1575" count="0" type="stmt"/>
        <line num="1579" count="6" type="stmt"/>
        <line num="1580" count="0" type="stmt"/>
        <line num="1581" count="0" type="stmt"/>
        <line num="1582" count="0" type="cond" truecount="0" falsecount="4"/>
        <line num="1584" count="0" type="stmt"/>
        <line num="1585" count="0" type="cond" truecount="0" falsecount="2"/>
        <line num="1587" count="0" type="stmt"/>
        <line num="1595" count="0" type="cond" truecount="0" falsecount="2"/>
        <line num="1598" count="0" type="cond" truecount="0" falsecount="2"/>
        <line num="1599" count="0" type="stmt"/>
        <line num="1603" count="0" type="stmt"/>
        <line num="1604" count="0" type="stmt"/>
        <line num="1605" count="0" type="stmt"/>
        <line num="1606" count="0" type="stmt"/>
        <line num="1609" count="0" type="cond" truecount="0" falsecount="4"/>
        <line num="1610" count="0" type="stmt"/>
        <line num="1617" count="0" type="stmt"/>
        <line num="1625" count="0" type="stmt"/>
        <line num="1631" count="0" type="stmt"/>
        <line num="1637" count="0" type="stmt"/>
        <line num="1641" count="6" type="stmt"/>
        <line num="1642" count="1" type="stmt"/>
        <line num="1643" count="1" type="stmt"/>
        <line num="1644" count="1" type="cond" truecount="1" falsecount="1"/>
        <line num="1645" count="1" type="cond" truecount="4" falsecount="1"/>
        <line num="1646" count="0" type="stmt"/>
        <line num="1649" count="1" type="stmt"/>
        <line num="1651" count="1" type="stmt"/>
        <line num="1652" count="1" type="cond" truecount="1" falsecount="1"/>
        <line num="1653" count="1" type="cond" truecount="1" falsecount="1"/>
        <line num="1655" count="1" type="stmt"/>
        <line num="1666" count="1" type="stmt"/>
        <line num="1675" count="0" type="stmt"/>
        <line num="1679" count="6" type="stmt"/>
        <line num="1680" count="1" type="stmt"/>
        <line num="1681" count="1" type="stmt"/>
        <line num="1682" count="1" type="cond" truecount="1" falsecount="1"/>
        <line num="1683" count="1" type="cond" truecount="1" falsecount="1"/>
        <line num="1684" count="1" type="cond" truecount="4" falsecount="1"/>
        <line num="1685" count="0" type="stmt"/>
        <line num="1688" count="1" type="stmt"/>
        <line num="1689" count="1" type="cond" truecount="1" falsecount="1"/>
        <line num="1690" count="1" type="cond" truecount="1" falsecount="1"/>
        <line num="1693" count="1" type="stmt"/>
        <line num="1694" count="1" type="cond" truecount="1" falsecount="1"/>
        <line num="1698" count="1" type="stmt"/>
        <line num="1699" count="1" type="cond" truecount="1" falsecount="1"/>
        <line num="1702" count="1" type="stmt"/>
        <line num="1714" count="1" type="stmt"/>
        <line num="1727" count="1" type="stmt"/>
        <line num="1728" count="1" type="stmt"/>
        <line num="1730" count="1" type="stmt"/>
        <line num="1739" count="0" type="stmt"/>
        <line num="1743" count="6" type="stmt"/>
        <line num="1750" count="0" type="cond" truecount="0" falsecount="5"/>
        <line num="1754" count="0" type="cond" truecount="0" falsecount="5"/>
        <line num="1758" count="0" type="stmt"/>
        <line num="1759" count="0" type="cond" truecount="0" falsecount="2"/>
        <line num="1760" count="0" type="stmt"/>
        <line num="1763" count="0" type="cond" truecount="0" falsecount="2"/>
        <line num="1764" count="0" type="stmt"/>
        <line num="1766" count="0" type="cond" truecount="0" falsecount="4"/>
        <line num="1767" count="0" type="stmt"/>
        <line num="1770" count="0" type="stmt"/>
        <line num="1772" count="0" type="stmt"/>
        <line num="1773" count="0" type="cond" truecount="0" falsecount="2"/>
        <line num="1774" count="0" type="cond" truecount="0" falsecount="2"/>
        <line num="1775" count="0" type="cond" truecount="0" falsecount="2"/>
        <line num="1776" count="0" type="stmt"/>
        <line num="1777" count="0" type="stmt"/>
        <line num="1779" count="0" type="cond" truecount="0" falsecount="4"/>
        <line num="1780" count="0" type="cond" truecount="0" falsecount="2"/>
        <line num="1783" count="0" type="stmt"/>
        <line num="1784" count="0" type="stmt"/>
        <line num="1793" count="0" type="stmt"/>
        <line num="1794" count="0" type="stmt"/>
        <line num="1798" count="0" type="stmt"/>
        <line num="1804" count="0" type="cond" truecount="0" falsecount="2"/>
        <line num="1805" count="0" type="cond" truecount="0" falsecount="2"/>
        <line num="1806" count="0" type="cond" truecount="0" falsecount="2"/>
        <line num="1807" count="0" type="stmt"/>
        <line num="1810" count="0" type="stmt"/>
        <line num="1811" count="0" type="stmt"/>
        <line num="1815" count="6" type="stmt"/>
        <line num="1822" count="0" type="cond" truecount="0" falsecount="5"/>
        <line num="1826" count="0" type="cond" truecount="0" falsecount="5"/>
        <line num="1830" count="0" type="stmt"/>
        <line num="1831" count="0" type="stmt"/>
        <line num="1832" count="0" type="cond" truecount="0" falsecount="2"/>
        <line num="1836" count="0" type="stmt"/>
        <line num="1837" count="0" type="cond" truecount="0" falsecount="2"/>
        <line num="1839" count="0" type="cond" truecount="0" falsecount="2"/>
        <line num="1840" count="0" type="stmt"/>
        <line num="1842" count="0" type="cond" truecount="0" falsecount="2"/>
        <line num="1843" count="0" type="stmt"/>
        <line num="1845" count="0" type="cond" truecount="0" falsecount="4"/>
        <line num="1846" count="0" type="stmt"/>
        <line num="1849" count="0" type="stmt"/>
        <line num="1851" count="0" type="stmt"/>
        <line num="1852" count="0" type="cond" truecount="0" falsecount="2"/>
        <line num="1853" count="0" type="cond" truecount="0" falsecount="2"/>
        <line num="1854" count="0" type="cond" truecount="0" falsecount="2"/>
        <line num="1855" count="0" type="stmt"/>
        <line num="1856" count="0" type="stmt"/>
        <line num="1858" count="0" type="cond" truecount="0" falsecount="4"/>
        <line num="1859" count="0" type="cond" truecount="0" falsecount="2"/>
        <line num="1862" count="0" type="stmt"/>
        <line num="1863" count="0" type="stmt"/>
        <line num="1872" count="0" type="stmt"/>
        <line num="1873" count="0" type="stmt"/>
        <line num="1877" count="0" type="stmt"/>
        <line num="1883" count="0" type="cond" truecount="0" falsecount="2"/>
        <line num="1884" count="0" type="cond" truecount="0" falsecount="2"/>
        <line num="1885" count="0" type="cond" truecount="0" falsecount="4"/>
        <line num="1886" count="0" type="cond" truecount="0" falsecount="2"/>
        <line num="1887" count="0" type="stmt"/>
        <line num="1890" count="0" type="stmt"/>
        <line num="1891" count="0" type="stmt"/>
        <line num="1896" count="6" type="stmt"/>
        <line num="1897" count="2" type="stmt"/>
        <line num="1898" count="2" type="stmt"/>
        <line num="1899" count="2" type="cond" truecount="1" falsecount="1"/>
        <line num="1901" count="2" type="stmt"/>
        <line num="1902" count="2" type="cond" truecount="1" falsecount="1"/>
        <line num="1903" count="2" type="stmt"/>
        <line num="1907" count="2" type="cond" truecount="1" falsecount="1"/>
        <line num="1908" count="2" type="cond" truecount="1" falsecount="1"/>
        <line num="1911" count="2" type="cond" truecount="3" falsecount="1"/>
        <line num="1912" count="0" type="stmt"/>
        <line num="1916" count="2" type="cond" truecount="2" falsecount="0"/>
        <line num="1917" count="1" type="cond" truecount="2" falsecount="2"/>
        <line num="1918" count="0" type="stmt"/>
        <line num="1920" count="1" type="cond" truecount="1" falsecount="1"/>
        <line num="1921" count="0" type="stmt"/>
        <line num="1924" count="1" type="stmt"/>
        <line num="1928" count="1" type="cond" truecount="1" falsecount="1"/>
        <line num="1930" count="1" type="cond" truecount="1" falsecount="1"/>
        <line num="1932" count="1" type="stmt"/>
        <line num="1937" count="0" type="stmt"/>
        <line num="1940" count="2" type="stmt"/>
        <line num="1945" count="2" type="stmt"/>
        <line num="1947" count="2" type="stmt"/>
        <line num="1957" count="2" type="cond" truecount="2" falsecount="0"/>
        <line num="1958" count="1" type="stmt"/>
        <line num="1959" count="1" type="stmt"/>
        <line num="1960" count="1" type="cond" truecount="1" falsecount="1"/>
        <line num="1961" count="1" type="stmt"/>
        <line num="1962" count="1" type="stmt"/>
        <line num="1963" count="1" type="stmt"/>
        <line num="1964" count="1" type="stmt"/>
        <line num="1967" count="2" type="stmt"/>
        <line num="1968" count="0" type="stmt"/>
        <line num="1976" count="6" type="stmt"/>
        <line num="1977" count="4" type="stmt"/>
        <line num="1980" count="4" type="stmt"/>
        <line num="1984" count="6" type="stmt"/>
        <line num="1985" count="7" type="stmt"/>
        <line num="1986" count="7" type="stmt"/>
        <line num="1989" count="7" type="stmt"/>
        <line num="1990" count="7" type="stmt"/>
        <line num="1993" count="7" type="cond" truecount="3" falsecount="1"/>
        <line num="1994" count="0" type="stmt"/>
        <line num="1997" count="7" type="cond" truecount="1" falsecount="1"/>
        <line num="1998" count="7" type="cond" truecount="1" falsecount="1"/>
        <line num="2001" count="7" type="stmt"/>
        <line num="2002" count="7" type="cond" truecount="1" falsecount="1"/>
        <line num="2004" count="7" type="stmt"/>
        <line num="2005" count="7" type="stmt"/>
        <line num="2006" count="7" type="stmt"/>
        <line num="2007" count="7" type="cond" truecount="2" falsecount="0"/>
        <line num="2008" count="1" type="stmt"/>
        <line num="2011" count="0" type="stmt"/>
        <line num="2015" count="6" type="cond" truecount="2" falsecount="0"/>
        <line num="2016" count="6" type="stmt"/>
        <line num="2018" count="6" type="cond" truecount="2" falsecount="0"/>
        <line num="2020" count="1" type="stmt"/>
        <line num="2025" count="1" type="cond" truecount="1" falsecount="1"/>
        <line num="2026" count="0" type="stmt"/>
        <line num="2030" count="6" type="stmt"/>
        <line num="2039" count="1" type="stmt"/>
        <line num="2053" count="6" type="stmt"/>
        <line num="2059" count="6" type="stmt"/>
        <line num="2065" count="0" type="stmt"/>
        <line num="2069" count="6" type="stmt"/>
        <line num="2082" count="3" type="cond" truecount="2" falsecount="3"/>
        <line num="2086" count="3" type="cond" truecount="2" falsecount="3"/>
        <line num="2090" count="3" type="stmt"/>
        <line num="2091" count="3" type="stmt"/>
        <line num="2093" count="3" type="cond" truecount="2" falsecount="2"/>
        <line num="2095" count="3" type="stmt"/>
        <line num="2096" count="3" type="stmt"/>
        <line num="2099" count="3" type="cond" truecount="3" falsecount="1"/>
        <line num="2100" count="0" type="stmt"/>
        <line num="2102" count="3" type="cond" truecount="4" falsecount="1"/>
        <line num="2103" count="0" type="stmt"/>
        <line num="2106" count="3" type="stmt"/>
        <line num="2107" count="3" type="stmt"/>
        <line num="2109" count="3" type="stmt"/>
        <line num="2110" count="3" type="cond" truecount="1" falsecount="1"/>
        <line num="2111" count="3" type="cond" truecount="1" falsecount="1"/>
        <line num="2112" count="3" type="cond" truecount="1" falsecount="3"/>
        <line num="2113" count="3" type="cond" truecount="3" falsecount="1"/>
        <line num="2115" count="3" type="cond" truecount="2" falsecount="0"/>
        <line num="2117" count="3" type="cond" truecount="1" falsecount="1"/>
        <line num="2118" count="3" type="stmt"/>
        <line num="2119" count="0" type="cond" truecount="0" falsecount="2"/>
        <line num="2120" count="0" type="stmt"/>
        <line num="2124" count="3" type="cond" truecount="4" falsecount="0"/>
        <line num="2128" count="3" type="stmt"/>
        <line num="2140" count="3" type="cond" truecount="6" falsecount="0"/>
        <line num="2141" count="1" type="stmt"/>
        <line num="2142" count="1" type="stmt"/>
        <line num="2143" count="1" type="stmt"/>
        <line num="2145" count="2" type="stmt"/>
        <line num="2147" count="1" type="cond" truecount="1" falsecount="3"/>
        <line num="2148" count="1" type="stmt"/>
        <line num="2150" count="2" type="stmt"/>
        <line num="2155" count="3" type="cond" truecount="1" falsecount="1"/>
        <line num="2156" count="0" type="stmt"/>
        <line num="2157" count="0" type="stmt"/>
        <line num="2158" count="0" type="cond" truecount="0" falsecount="2"/>
        <line num="2159" count="0" type="stmt"/>
        <line num="2165" count="3" type="cond" truecount="1" falsecount="1"/>
        <line num="2166" count="0" type="stmt"/>
        <line num="2167" count="0" type="cond" truecount="0" falsecount="2"/>
        <line num="2168" count="0" type="stmt"/>
        <line num="2171" count="3" type="cond" truecount="1" falsecount="1"/>
        <line num="2172" count="0" type="stmt"/>
        <line num="2173" count="0" type="cond" truecount="0" falsecount="2"/>
        <line num="2174" count="0" type="stmt"/>
        <line num="2179" count="3" type="cond" truecount="2" falsecount="2"/>
        <line num="2180" count="0" type="stmt"/>
        <line num="2181" count="0" type="stmt"/>
        <line num="2182" count="0" type="cond" truecount="0" falsecount="2"/>
        <line num="2183" count="0" type="stmt"/>
        <line num="2188" count="3" type="cond" truecount="3" falsecount="1"/>
        <line num="2189" count="4" type="cond" truecount="1" falsecount="1"/>
        <line num="2192" count="3" type="stmt"/>
        <line num="2193" count="3" type="stmt"/>
        <line num="2195" count="3" type="stmt"/>
        <line num="2196" count="4" type="stmt"/>
        <line num="2201" count="4" type="cond" truecount="1" falsecount="1"/>
        <line num="2202" count="0" type="stmt"/>
        <line num="2203" count="0" type="stmt"/>
        <line num="2204" count="0" type="stmt"/>
        <line num="2208" count="4" type="cond" truecount="3" falsecount="1"/>
        <line num="2211" count="4" type="stmt"/>
        <line num="2213" count="4" type="cond" truecount="3" falsecount="1"/>
        <line num="2214" count="0" type="stmt"/>
        <line num="2216" count="4" type="stmt"/>
        <line num="2218" count="2" type="cond" truecount="1" falsecount="3"/>
        <line num="2219" count="2" type="stmt"/>
        <line num="2222" count="0" type="stmt"/>
        <line num="2226" count="4" type="cond" truecount="3" falsecount="1"/>
        <line num="2227" count="4" type="stmt"/>
        <line num="2228" count="4" type="cond" truecount="3" falsecount="1"/>
        <line num="2229" count="0" type="stmt"/>
        <line num="2231" count="0" type="cond" truecount="0" falsecount="4"/>
        <line num="2232" count="0" type="cond" truecount="0" falsecount="2"/>
        <line num="2235" count="4" type="stmt"/>
        <line num="2238" count="0" type="stmt"/>
        <line num="2240" count="4" type="stmt"/>
        <line num="2243" count="3" type="stmt"/>
        <line num="2244" count="0" type="stmt"/>
        <line num="2248" count="6" type="stmt"/>
        <line num="2249" count="0" type="stmt"/>
        <line num="2250" count="0" type="stmt"/>
        <line num="2251" count="0" type="cond" truecount="0" falsecount="2"/>
        <line num="2252" count="0" type="stmt"/>
        <line num="2260" count="0" type="cond" truecount="0" falsecount="2"/>
        <line num="2263" count="0" type="stmt"/>
        <line num="2264" count="0" type="stmt"/>
        <line num="2265" count="0" type="cond" truecount="0" falsecount="2"/>
        <line num="2266" count="0" type="stmt"/>
        <line num="2269" count="0" type="cond" truecount="0" falsecount="2"/>
        <line num="2270" count="0" type="cond" truecount="0" falsecount="2"/>
        <line num="2272" count="0" type="cond" truecount="0" falsecount="2"/>
        <line num="2273" count="0" type="cond" truecount="0" falsecount="2"/>
        <line num="2274" count="0" type="cond" truecount="0" falsecount="4"/>
        <line num="2277" count="0" type="stmt"/>
        <line num="2279" count="0" type="stmt"/>
        <line num="2285" count="0" type="cond" truecount="0" falsecount="4"/>
        <line num="2286" count="0" type="stmt"/>
        <line num="2287" count="0" type="stmt"/>
        <line num="2288" count="0" type="stmt"/>
        <line num="2289" count="0" type="stmt"/>
        <line num="2290" count="0" type="stmt"/>
        <line num="2292" count="0" type="stmt"/>
        <line num="2294" count="0" type="cond" truecount="0" falsecount="4"/>
        <line num="2295" count="0" type="stmt"/>
        <line num="2296" count="0" type="stmt"/>
        <line num="2297" count="0" type="cond" truecount="0" falsecount="4"/>
        <line num="2298" count="0" type="stmt"/>
        <line num="2301" count="0" type="stmt"/>
        <line num="2305" count="0" type="stmt"/>
        <line num="2306" count="0" type="stmt"/>
        <line num="2310" count="6" type="stmt"/>
        <line num="2311" count="3" type="stmt"/>
        <line num="2312" count="3" type="stmt"/>
        <line num="2313" count="3" type="cond" truecount="1" falsecount="1"/>
        <line num="2316" count="3" type="stmt"/>
        <line num="2320" count="3" type="cond" truecount="1" falsecount="1"/>
        <line num="2323" count="3" type="stmt"/>
        <line num="2324" count="3" type="cond" truecount="1" falsecount="1"/>
        <line num="2326" count="3" type="stmt"/>
        <line num="2329" count="3" type="stmt"/>
        <line num="2330" count="3" type="stmt"/>
        <line num="2331" count="3" type="cond" truecount="2" falsecount="2"/>
        <line num="2332" count="0" type="stmt"/>
        <line num="2335" count="3" type="cond" truecount="2" falsecount="4"/>
        <line num="2336" count="0" type="stmt"/>
        <line num="2341" count="3" type="cond" truecount="3" falsecount="3"/>
        <line num="2342" count="0" type="cond" truecount="0" falsecount="2"/>
        <line num="2343" count="0" type="stmt"/>
        <line num="2344" count="0" type="stmt"/>
        <line num="2345" count="0" type="cond" truecount="0" falsecount="4"/>
        <line num="2346" count="0" type="stmt"/>
        <line num="2347" count="0" type="cond" truecount="0" falsecount="2"/>
        <line num="2348" count="0" type="stmt"/>
        <line num="2351" count="0" type="cond" truecount="0" falsecount="2"/>
        <line num="2353" count="0" type="cond" truecount="0" falsecount="4"/>
        <line num="2354" count="0" type="stmt"/>
        <line num="2355" count="0" type="cond" truecount="0" falsecount="2"/>
        <line num="2356" count="0" type="stmt"/>
        <line num="2362" count="3" type="stmt"/>
        <line num="2363" count="3" type="cond" truecount="1" falsecount="1"/>
        <line num="2365" count="0" type="cond" truecount="0" falsecount="2"/>
        <line num="2366" count="0" type="stmt"/>
        <line num="2368" count="0" type="stmt"/>
        <line num="2372" count="3" type="cond" truecount="3" falsecount="1"/>
        <line num="2373" count="0" type="cond" truecount="0" falsecount="2"/>
        <line num="2374" count="0" type="cond" truecount="0" falsecount="2"/>
        <line num="2376" count="0" type="cond" truecount="0" falsecount="2"/>
        <line num="2377" count="0" type="cond" truecount="0" falsecount="4"/>
        <line num="2381" count="3" type="stmt"/>
        <line num="2383" count="3" type="cond" truecount="1" falsecount="1"/>
        <line num="2384" count="0" type="stmt"/>
        <line num="2385" count="0" type="stmt"/>
        <line num="2386" count="0" type="cond" truecount="0" falsecount="2"/>
        <line num="2387" count="0" type="stmt"/>
        <line num="2393" count="3" type="cond" truecount="2" falsecount="2"/>
        <line num="2394" count="0" type="stmt"/>
        <line num="2398" count="3" type="cond" truecount="2" falsecount="2"/>
        <line num="2399" count="0" type="cond" truecount="0" falsecount="2"/>
        <line num="2400" count="0" type="stmt"/>
        <line num="2405" count="3" type="cond" truecount="1" falsecount="1"/>
        <line num="2406" count="0" type="stmt"/>
        <line num="2407" count="0" type="stmt"/>
        <line num="2408" count="0" type="cond" truecount="0" falsecount="2"/>
        <line num="2409" count="0" type="stmt"/>
        <line num="2411" count="0" type="stmt"/>
        <line num="2412" count="0" type="stmt"/>
        <line num="2413" count="0" type="stmt"/>
        <line num="2417" count="3" type="cond" truecount="3" falsecount="1"/>
        <line num="2418" count="0" type="stmt"/>
        <line num="2422" count="3" type="cond" truecount="2" falsecount="2"/>
        <line num="2424" count="0" type="stmt"/>
        <line num="2425" count="0" type="cond" truecount="0" falsecount="2"/>
        <line num="2426" count="0" type="stmt"/>
        <line num="2431" count="0" type="cond" truecount="0" falsecount="2"/>
        <line num="2432" count="0" type="stmt"/>
        <line num="2437" count="0" type="stmt"/>
        <line num="2441" count="0" type="stmt"/>
        <line num="2442" count="0" type="stmt"/>
        <line num="2445" count="0" type="stmt"/>
        <line num="2446" count="0" type="stmt"/>
        <line num="2449" count="0" type="cond" truecount="0" falsecount="4"/>
        <line num="2451" count="0" type="cond" truecount="0" falsecount="2"/>
        <line num="2452" count="0" type="stmt"/>
        <line num="2461" count="0" type="cond" truecount="0" falsecount="2"/>
        <line num="2463" count="0" type="stmt"/>
        <line num="2464" count="0" type="stmt"/>
        <line num="2465" count="0" type="stmt"/>
        <line num="2471" count="0" type="cond" truecount="0" falsecount="2"/>
        <line num="2472" count="0" type="stmt"/>
        <line num="2481" count="3" type="stmt"/>
        <line num="2482" count="3" type="cond" truecount="2" falsecount="0"/>
        <line num="2483" count="3" type="cond" truecount="1" falsecount="1"/>
        <line num="2484" count="3" type="cond" truecount="1" falsecount="1"/>
        <line num="2485" count="3" type="cond" truecount="1" falsecount="1"/>
        <line num="2486" count="3" type="cond" truecount="1" falsecount="1"/>
        <line num="2487" count="3" type="cond" truecount="1" falsecount="1"/>
        <line num="2488" count="3" type="cond" truecount="1" falsecount="1"/>
        <line num="2489" count="3" type="cond" truecount="1" falsecount="1"/>
        <line num="2490" count="3" type="cond" truecount="2" falsecount="0"/>
        <line num="2492" count="3" type="stmt"/>
        <line num="2507" count="3" type="stmt"/>
        <line num="2514" count="3" type="stmt"/>
        <line num="2515" count="3" type="cond" truecount="1" falsecount="1"/>
        <line num="2516" count="3" type="cond" truecount="1" falsecount="1"/>
        <line num="2517" count="3" type="cond" truecount="1" falsecount="1"/>
        <line num="2518" count="3" type="cond" truecount="1" falsecount="1"/>
        <line num="2519" count="3" type="cond" truecount="2" falsecount="0"/>
        <line num="2520" count="3" type="cond" truecount="1" falsecount="1"/>
        <line num="2521" count="0" type="stmt"/>
        <line num="2522" count="0" type="stmt"/>
        <line num="2524" count="3" type="cond" truecount="1" falsecount="1"/>
        <line num="2525" count="0" type="stmt"/>
        <line num="2532" count="3" type="stmt"/>
        <line num="2533" count="0" type="stmt"/>
        <line num="2537" count="6" type="stmt"/>
        <line num="2538" count="2" type="stmt"/>
        <line num="2539" count="2" type="stmt"/>
        <line num="2540" count="2" type="cond" truecount="1" falsecount="1"/>
        <line num="2541" count="2" type="stmt"/>
        <line num="2543" count="2" type="cond" truecount="1" falsecount="1"/>
        <line num="2546" count="2" type="cond" truecount="2" falsecount="0"/>
        <line num="2547" count="1" type="stmt"/>
        <line num="2551" count="1" type="stmt"/>
        <line num="2552" count="1" type="cond" truecount="1" falsecount="1"/>
        <line num="2554" count="1" type="stmt"/>
        <line num="2555" count="1" type="stmt"/>
        <line num="2556" count="1" type="cond" truecount="1" falsecount="1"/>
        <line num="2558" count="1" type="stmt"/>
        <line num="2559" count="1" type="stmt"/>
        <line num="2560" count="0" type="stmt"/>
        <line num="2564" count="6" type="stmt"/>
        <line num="2565" count="1" type="stmt"/>
        <line num="2567" count="1" type="stmt"/>
        <line num="2568" count="1" type="cond" truecount="1" falsecount="1"/>
        <line num="2571" count="1" type="stmt"/>
        <line num="2581" count="1" type="cond" truecount="1" falsecount="1"/>
        <line num="2584" count="1" type="cond" truecount="1" falsecount="1"/>
        <line num="2587" count="1" type="stmt"/>
        <line num="2588" count="1" type="cond" truecount="1" falsecount="1"/>
        <line num="2590" count="1" type="stmt"/>
        <line num="2591" count="1" type="stmt"/>
        <line num="2592" count="1" type="cond" truecount="1" falsecount="1"/>
        <line num="2593" count="0" type="stmt"/>
        <line num="2597" count="1" type="cond" truecount="4" falsecount="1"/>
        <line num="2600" count="1" type="cond" truecount="1" falsecount="1"/>
        <line num="2601" count="0" type="stmt"/>
        <line num="2605" count="1" type="stmt"/>
        <line num="2609" count="1" type="cond" truecount="1" falsecount="1"/>
        <line num="2612" count="1" type="cond" truecount="1" falsecount="1"/>
        <line num="2613" count="0" type="stmt"/>
        <line num="2616" count="1" type="stmt"/>
        <line num="2619" count="1" type="cond" truecount="1" falsecount="1"/>
        <line num="2622" count="1" type="stmt"/>
        <line num="2627" count="1" type="stmt"/>
        <line num="2640" count="1" type="stmt"/>
        <line num="2649" count="1" type="stmt"/>
        <line num="2656" count="0" type="cond" truecount="0" falsecount="2"/>
        <line num="2657" count="0" type="stmt"/>
        <line num="2659" count="0" type="stmt"/>
        <line num="2664" count="6" type="stmt"/>
        <line num="2665" count="0" type="stmt"/>
        <line num="2666" count="0" type="stmt"/>
        <line num="2667" count="0" type="cond" truecount="0" falsecount="2"/>
        <line num="2668" count="0" type="stmt"/>
        <line num="2669" count="0" type="cond" truecount="0" falsecount="2"/>
        <line num="2671" count="0" type="stmt"/>
        <line num="2674" count="0" type="cond" truecount="0" falsecount="2"/>
        <line num="2676" count="0" type="stmt"/>
        <line num="2679" count="0" type="stmt"/>
        <line num="2680" count="0" type="stmt"/>
        <line num="2684" count="6" type="stmt"/>
        <line num="2685" count="0" type="stmt"/>
        <line num="2686" count="0" type="stmt"/>
        <line num="2687" count="0" type="cond" truecount="0" falsecount="2"/>
        <line num="2690" count="0" type="stmt"/>
        <line num="2694" count="0" type="cond" truecount="0" falsecount="2"/>
        <line num="2697" count="0" type="cond" truecount="0" falsecount="2"/>
        <line num="2698" count="0" type="stmt"/>
        <line num="2702" count="0" type="cond" truecount="0" falsecount="4"/>
        <line num="2703" count="0" type="stmt"/>
        <line num="2707" count="0" type="stmt"/>
        <line num="2708" count="0" type="cond" truecount="0" falsecount="2"/>
        <line num="2710" count="0" type="stmt"/>
        <line num="2711" count="0" type="stmt"/>
        <line num="2712" count="0" type="stmt"/>
        <line num="2713" count="0" type="cond" truecount="0" falsecount="4"/>
        <line num="2714" count="0" type="stmt"/>
        <line num="2718" count="0" type="cond" truecount="0" falsecount="2"/>
        <line num="2719" count="0" type="cond" truecount="0" falsecount="4"/>
        <line num="2720" count="0" type="stmt"/>
        <line num="2722" count="0" type="cond" truecount="0" falsecount="4"/>
        <line num="2723" count="0" type="stmt"/>
        <line num="2727" count="0" type="cond" truecount="0" falsecount="2"/>
        <line num="2733" count="0" type="cond" truecount="0" falsecount="2"/>
        <line num="2734" count="0" type="stmt"/>
        <line num="2737" count="0" type="stmt"/>
        <line num="2738" count="0" type="cond" truecount="0" falsecount="2"/>
        <line num="2741" count="0" type="stmt"/>
        <line num="2744" count="0" type="cond" truecount="0" falsecount="2"/>
        <line num="2746" count="0" type="stmt"/>
        <line num="2748" count="0" type="stmt"/>
        <line num="2756" count="0" type="cond" truecount="0" falsecount="2"/>
        <line num="2757" count="0" type="stmt"/>
        <line num="2759" count="0" type="stmt"/>
        <line num="2765" count="6" type="stmt"/>
        <line num="2766" count="0" type="stmt"/>
        <line num="2767" count="0" type="stmt"/>
        <line num="2768" count="0" type="cond" truecount="0" falsecount="2"/>
        <line num="2771" count="0" type="stmt"/>
        <line num="2772" count="0" type="cond" truecount="0" falsecount="2"/>
        <line num="2775" count="0" type="stmt"/>
        <line num="2776" count="0" type="cond" truecount="0" falsecount="2"/>
        <line num="2778" count="0" type="stmt"/>
        <line num="2781" count="0" type="stmt"/>
        <line num="2784" count="0" type="cond" truecount="0" falsecount="2"/>
        <line num="2787" count="0" type="cond" truecount="0" falsecount="2"/>
        <line num="2789" count="0" type="stmt"/>
        <line num="2792" count="0" type="stmt"/>
        <line num="2793" count="0" type="stmt"/>
        <line num="2797" count="6" type="stmt"/>
        <line num="2798" count="0" type="stmt"/>
        <line num="2799" count="0" type="stmt"/>
        <line num="2800" count="0" type="stmt"/>
        <line num="2801" count="0" type="cond" truecount="0" falsecount="2"/>
        <line num="2802" count="0" type="cond" truecount="0" falsecount="2"/>
        <line num="2805" count="0" type="stmt"/>
        <line num="2806" count="0" type="cond" truecount="0" falsecount="2"/>
        <line num="2809" count="0" type="stmt"/>
        <line num="2810" count="0" type="cond" truecount="0" falsecount="2"/>
        <line num="2812" count="0" type="stmt"/>
        <line num="2813" count="0" type="stmt"/>
        <line num="2814" count="0" type="cond" truecount="0" falsecount="2"/>
        <line num="2815" count="0" type="stmt"/>
        <line num="2818" count="0" type="stmt"/>
        <line num="2821" count="0" type="cond" truecount="0" falsecount="2"/>
        <line num="2823" count="0" type="stmt"/>
        <line num="2826" count="0" type="stmt"/>
        <line num="2827" count="0" type="stmt"/>
        <line num="2831" count="6" type="stmt"/>
        <line num="2832" count="4" type="stmt"/>
        <line num="2833" count="4" type="stmt"/>
        <line num="2834" count="4" type="cond" truecount="1" falsecount="1"/>
        <line num="2836" count="4" type="stmt"/>
        <line num="2840" count="4" type="cond" truecount="1" falsecount="1"/>
        <line num="2843" count="4" type="cond" truecount="2" falsecount="0"/>
        <line num="2844" count="1" type="stmt"/>
        <line num="2848" count="3" type="cond" truecount="4" falsecount="0"/>
        <line num="2849" count="1" type="stmt"/>
        <line num="2856" count="2" type="stmt"/>
        <line num="2859" count="2" type="cond" truecount="2" falsecount="0"/>
        <line num="2861" count="1" type="stmt"/>
        <line num="2862" count="1" type="cond" truecount="1" falsecount="1"/>
        <line num="2864" count="1" type="stmt"/>
        <line num="2866" count="1" type="stmt"/>
        <line num="2868" count="1" type="stmt"/>
        <line num="2875" count="0" type="stmt"/>
        <line num="2879" count="6" type="stmt"/>
        <line num="2880" count="0" type="stmt"/>
        <line num="2881" count="0" type="stmt"/>
        <line num="2882" count="0" type="cond" truecount="0" falsecount="2"/>
        <line num="2885" count="0" type="cond" truecount="0" falsecount="2"/>
        <line num="2886" count="0" type="cond" truecount="0" falsecount="2"/>
        <line num="2887" count="0" type="cond" truecount="0" falsecount="4"/>
        <line num="2890" count="0" type="stmt"/>
        <line num="2894" count="0" type="cond" truecount="0" falsecount="2"/>
        <line num="2897" count="0" type="stmt"/>
        <line num="2898" count="0" type="cond" truecount="0" falsecount="2"/>
        <line num="2900" count="0" type="stmt"/>
        <line num="2901" count="0" type="stmt"/>
        <line num="2902" count="0" type="stmt"/>
        <line num="2903" count="0" type="cond" truecount="0" falsecount="4"/>
        <line num="2904" count="0" type="stmt"/>
        <line num="2907" count="0" type="stmt"/>
        <line num="2910" count="0" type="cond" truecount="0" falsecount="4"/>
        <line num="2911" count="0" type="stmt"/>
        <line num="2912" count="0" type="cond" truecount="0" falsecount="2"/>
        <line num="2913" count="0" type="stmt"/>
        <line num="2916" count="0" type="stmt"/>
        <line num="2917" count="0" type="stmt"/>
        <line num="2918" count="0" type="stmt"/>
        <line num="2930" count="0" type="stmt"/>
        <line num="2935" count="0" type="stmt"/>
        <line num="2946" count="0" type="stmt"/>
        <line num="2951" count="0" type="stmt"/>
        <line num="2955" count="0" type="cond" truecount="0" falsecount="5"/>
        <line num="2956" count="0" type="stmt"/>
        <line num="2959" count="0" type="stmt"/>
        <line num="2960" count="0" type="cond" truecount="0" falsecount="2"/>
        <line num="2963" count="0" type="stmt"/>
        <line num="2964" count="0" type="cond" truecount="0" falsecount="2"/>
        <line num="2966" count="0" type="cond" truecount="0" falsecount="2"/>
        <line num="2967" count="0" type="stmt"/>
        <line num="2970" count="0" type="stmt"/>
        <line num="2982" count="0" type="stmt"/>
        <line num="2987" count="0" type="stmt"/>
        <line num="2992" count="0" type="stmt"/>
        <line num="3001" count="0" type="stmt"/>
        <line num="3009" count="6" type="stmt"/>
        <line num="3010" count="6" type="stmt"/>
        <line num="3012" count="6" type="stmt"/>
        <line num="3013" count="6" type="cond" truecount="1" falsecount="1"/>
        <line num="3016" count="6" type="stmt"/>
        <line num="3017" count="6" type="stmt"/>
        <line num="3019" count="0" type="stmt"/>
        <line num="3022" count="6" type="stmt"/>
        <line num="3023" count="6" type="cond" truecount="1" falsecount="1"/>
        <line num="3024" count="0" type="stmt"/>
        <line num="3029" count="6" type="stmt"/>
        <line num="3030" count="6" type="cond" truecount="1" falsecount="1"/>
        <line num="3032" count="0" type="cond" truecount="0" falsecount="2"/>
        <line num="3033" count="0" type="stmt"/>
        <line num="3035" count="0" type="stmt"/>
        <line num="3038" count="6" type="stmt"/>
        <line num="3040" count="6" type="stmt"/>
        <line num="3041" count="6" type="stmt"/>
        <line num="3044" count="6" type="cond" truecount="2" falsecount="0"/>
        <line num="3046" count="5" type="stmt"/>
        <line num="3056" count="5" type="stmt"/>
        <line num="3067" count="0" type="stmt"/>
        <line num="3071" count="6" type="stmt"/>
        <line num="3077" count="1" type="cond" truecount="2" falsecount="3"/>
        <line num="3081" count="1" type="cond" truecount="2" falsecount="3"/>
        <line num="3085" count="1" type="stmt"/>
        <line num="3086" count="1" type="cond" truecount="0" falsecount="2"/>
        <line num="3088" count="1" type="cond" truecount="2" falsecount="2"/>
        <line num="3090" count="1" type="stmt"/>
        <line num="3092" count="1" type="cond" truecount="1" falsecount="1"/>
        <line num="3093" count="0" type="stmt"/>
        <line num="3095" count="1" type="cond" truecount="3" falsecount="1"/>
        <line num="3096" count="0" type="stmt"/>
        <line num="3099" count="1" type="stmt"/>
        <line num="3100" count="1" type="stmt"/>
        <line num="3102" count="1" type="stmt"/>
        <line num="3103" count="1" type="cond" truecount="1" falsecount="1"/>
        <line num="3104" count="1" type="cond" truecount="1" falsecount="1"/>
        <line num="3106" count="1" type="cond" truecount="2" falsecount="0"/>
        <line num="3109" count="1" type="cond" truecount="1" falsecount="1"/>
        <line num="3111" count="1" type="cond" truecount="3" falsecount="1"/>
        <line num="3112" count="0" type="cond" truecount="0" falsecount="2"/>
        <line num="3114" count="1" type="cond" truecount="3" falsecount="1"/>
        <line num="3115" count="0" type="cond" truecount="0" falsecount="2"/>
        <line num="3119" count="0" type="stmt"/>
        <line num="3120" count="0" type="stmt"/>
        <line num="3123" count="1" type="stmt"/>
        <line num="3124" count="1" type="stmt"/>
        <line num="3136" count="1" type="cond" truecount="2" falsecount="2"/>
        <line num="3137" count="0" type="stmt"/>
        <line num="3138" count="0" type="cond" truecount="0" falsecount="2"/>
        <line num="3139" count="0" type="stmt"/>
        <line num="3140" count="0" type="cond" truecount="0" falsecount="2"/>
        <line num="3144" count="1" type="stmt"/>
        <line num="3145" count="1" type="stmt"/>
        <line num="3154" count="1" type="cond" truecount="1" falsecount="1"/>
        <line num="3155" count="1" type="stmt"/>
        <line num="3160" count="1" type="cond" truecount="1" falsecount="1"/>
        <line num="3162" count="1" type="stmt"/>
        <line num="3163" count="0" type="stmt"/>
        <line num="3167" count="6" type="stmt"/>
        <line num="3168" count="0" type="stmt"/>
        <line num="3169" count="0" type="stmt"/>
        <line num="3170" count="0" type="cond" truecount="0" falsecount="4"/>
        <line num="3171" count="0" type="stmt"/>
        <line num="3174" count="0" type="stmt"/>
        <line num="3176" count="0" type="cond" truecount="0" falsecount="2"/>
        <line num="3178" count="0" type="cond" truecount="0" falsecount="2"/>
        <line num="3179" count="0" type="stmt"/>
        <line num="3181" count="0" type="cond" truecount="0" falsecount="2"/>
        <line num="3184" count="0" type="cond" truecount="0" falsecount="4"/>
        <line num="3185" count="0" type="stmt"/>
        <line num="3188" count="0" type="stmt"/>
        <line num="3199" count="0" type="cond" truecount="0" falsecount="2"/>
        <line num="3201" count="0" type="stmt"/>
        <line num="3202" count="0" type="stmt"/>
        <line num="3206" count="6" type="stmt"/>
        <line num="3207" count="1" type="stmt"/>
        <line num="3208" count="1" type="stmt"/>
        <line num="3210" count="1" type="cond" truecount="3" falsecount="1"/>
        <line num="3211" count="0" type="stmt"/>
        <line num="3214" count="1" type="stmt"/>
        <line num="3215" count="1" type="cond" truecount="1" falsecount="1"/>
        <line num="3219" count="1" type="stmt"/>
        <line num="3220" count="1" type="cond" truecount="1" falsecount="1"/>
        <line num="3222" count="0" type="cond" truecount="0" falsecount="2"/>
        <line num="3223" count="0" type="stmt"/>
        <line num="3225" count="0" type="stmt"/>
        <line num="3228" count="1" type="stmt"/>
        <line num="3231" count="1" type="cond" truecount="3" falsecount="1"/>
        <line num="3232" count="0" type="cond" truecount="0" falsecount="2"/>
        <line num="3233" count="0" type="cond" truecount="0" falsecount="2"/>
        <line num="3235" count="0" type="cond" truecount="0" falsecount="2"/>
        <line num="3236" count="0" type="cond" truecount="0" falsecount="4"/>
        <line num="3237" count="0" type="cond" truecount="0" falsecount="4"/>
        <line num="3240" count="1" type="cond" truecount="1" falsecount="1"/>
        <line num="3241" count="0" type="stmt"/>
        <line num="3242" count="0" type="stmt"/>
        <line num="3243" count="0" type="cond" truecount="0" falsecount="4"/>
        <line num="3244" count="0" type="stmt"/>
        <line num="3250" count="1" type="cond" truecount="2" falsecount="3"/>
        <line num="3251" count="0" type="stmt"/>
        <line num="3254" count="1" type="stmt"/>
        <line num="3255" count="1" type="cond" truecount="1" falsecount="1"/>
        <line num="3256" count="1" type="cond" truecount="1" falsecount="1"/>
        <line num="3257" count="1" type="cond" truecount="1" falsecount="1"/>
        <line num="3258" count="1" type="cond" truecount="1" falsecount="1"/>
        <line num="3259" count="1" type="cond" truecount="1" falsecount="1"/>
        <line num="3260" count="1" type="cond" truecount="2" falsecount="2"/>
        <line num="3261" count="1" type="cond" truecount="2" falsecount="2"/>
        <line num="3262" count="1" type="cond" truecount="2" falsecount="2"/>
        <line num="3264" count="1" type="stmt"/>
        <line num="3270" count="1" type="stmt"/>
        <line num="3277" count="1" type="cond" truecount="2" falsecount="2"/>
        <line num="3278" count="0" type="stmt"/>
        <line num="3282" count="1" type="cond" truecount="2" falsecount="2"/>
        <line num="3283" count="0" type="stmt"/>
        <line num="3286" count="1" type="stmt"/>
        <line num="3287" count="0" type="stmt"/>
        <line num="3291" count="6" type="stmt"/>
        <line num="3292" count="2" type="stmt"/>
        <line num="3293" count="2" type="stmt"/>
        <line num="3294" count="2" type="cond" truecount="3" falsecount="1"/>
        <line num="3295" count="0" type="stmt"/>
        <line num="3297" count="2" type="stmt"/>
        <line num="3299" count="2" type="cond" truecount="1" falsecount="1"/>
        <line num="3302" count="2" type="stmt"/>
        <line num="3303" count="2" type="cond" truecount="2" falsecount="0"/>
        <line num="3304" count="1" type="stmt"/>
        <line num="3307" count="1" type="stmt"/>
        <line num="3308" count="1" type="stmt"/>
        <line num="3309" count="0" type="stmt"/>
        <line num="3316" count="6" type="stmt"/>
        <line num="3319" count="6" type="stmt"/>
        <line num="3322" count="6" type="stmt"/>
        <line num="3325" count="6" type="stmt"/>
        <line num="3328" count="6" type="stmt"/>
        <line num="3331" count="6" type="stmt"/>
        <line num="3334" count="6" type="stmt"/>
        <line num="3337" count="6" type="stmt"/>
        <line num="3343" count="6" type="stmt"/>
        <line num="3344" count="0" type="stmt"/>
        <line num="3346" count="0" type="cond" truecount="0" falsecount="2"/>
        <line num="3347" count="0" type="stmt"/>
        <line num="3350" count="0" type="cond" truecount="0" falsecount="2"/>
        <line num="3351" count="0" type="stmt"/>
        <line num="3354" count="0" type="stmt"/>
        <line num="3357" count="6" type="stmt"/>
        <line num="3358" count="0" type="stmt"/>
        <line num="3366" count="6" type="stmt"/>
        <line num="3368" count="6" type="cond" truecount="1" falsecount="1"/>
        <line num="3369" count="0" type="stmt"/>
        <line num="3370" count="0" type="stmt"/>
        <line num="3371" count="0" type="cond" truecount="0" falsecount="2"/>
        <line num="3372" count="0" type="stmt"/>
        <line num="3373" count="0" type="stmt"/>
        <line num="3375" count="0" type="stmt"/>
        <line num="3376" count="0" type="cond" truecount="0" falsecount="2"/>
        <line num="3377" count="0" type="stmt"/>
        <line num="3378" count="0" type="stmt"/>
        <line num="3380" count="0" type="stmt"/>
        <line num="3383" count="0" type="stmt"/>
        <line num="3384" count="0" type="stmt"/>
        <line num="3387" count="0" type="stmt"/>
        <line num="3388" count="0" type="stmt"/>
        <line num="3389" count="0" type="stmt"/>
      </file>
    </package>
    <package name="backend.routes">
      <metrics statements="154" coveredstatements="140" conditionals="64" coveredconditionals="35" methods="34" coveredmethods="30"/>
      <file name="analytics.js" path="E:\UTSC\309\309-final-project\backend\routes\analytics.js">
        <metrics statements="154" coveredstatements="140" conditionals="64" coveredconditionals="35" methods="34" coveredmethods="30"/>
        <line num="2" count="6" type="stmt"/>
        <line num="3" count="6" type="stmt"/>
        <line num="6" count="6" type="stmt"/>
        <line num="7" count="5" type="stmt"/>
        <line num="8" count="5" type="stmt"/>
        <line num="9" count="5" type="stmt"/>
        <line num="10" count="5" type="stmt"/>
        <line num="11" count="5" type="stmt"/>
        <line num="12" count="5" type="stmt"/>
        <line num="13" count="5" type="stmt"/>
        <line num="14" count="5" type="stmt"/>
        <line num="16" count="5" type="stmt"/>
        <line num="20" count="6" type="stmt"/>
        <line num="21" count="1" type="stmt"/>
        <line num="22" count="1" type="stmt"/>
        <line num="23" count="1" type="stmt"/>
        <line num="26" count="1" type="stmt"/>
        <line num="43" count="1" type="stmt"/>
        <line num="68" count="1" type="stmt"/>
        <line num="82" count="1" type="cond" truecount="1" falsecount="1"/>
        <line num="83" count="1" type="stmt"/>
        <line num="87" count="1" type="stmt"/>
        <line num="88" count="1" type="cond" truecount="2" falsecount="0"/>
        <line num="89" count="1" type="stmt"/>
        <line num="90" count="1" type="stmt"/>
        <line num="91" count="1" type="cond" truecount="2" falsecount="0"/>
        <line num="92" count="1" type="stmt"/>
        <line num="93" count="1" type="stmt"/>
        <line num="94" count="1" type="cond" truecount="2" falsecount="0"/>
        <line num="95" count="1" type="stmt"/>
        <line num="98" count="1" type="stmt"/>
        <line num="103" count="1" type="stmt"/>
        <line num="106" count="1" type="cond" truecount="1" falsecount="1"/>
        <line num="111" count="1" type="stmt"/>
        <line num="112" count="1" type="stmt"/>
        <line num="113" count="1" type="stmt"/>
        <line num="117" count="1" type="stmt"/>
        <line num="118" count="1" type="stmt"/>
        <line num="119" count="7" type="stmt"/>
        <line num="120" count="7" type="stmt"/>
        <line num="121" count="7" type="stmt"/>
        <line num="122" count="7" type="stmt"/>
        <line num="124" count="7" type="stmt"/>
        <line num="125" count="7" type="stmt"/>
        <line num="126" count="7" type="cond" truecount="2" falsecount="0"/>
        <line num="129" count="7" type="stmt"/>
        <line num="136" count="1" type="stmt"/>
        <line num="137" count="1" type="stmt"/>
        <line num="142" count="1" type="stmt"/>
        <line num="150" count="1" type="stmt"/>
        <line num="152" count="1" type="stmt"/>
        <line num="156" count="1" type="stmt"/>
        <line num="165" count="1" type="stmt"/>
        <line num="194" count="0" type="stmt"/>
        <line num="199" count="6" type="stmt"/>
        <line num="200" count="1" type="stmt"/>
        <line num="201" count="1" type="stmt"/>
        <line num="204" count="1" type="stmt"/>
        <line num="209" count="1" type="stmt"/>
        <line num="226" count="1" type="stmt"/>
        <line num="244" count="1" type="stmt"/>
        <line num="251" count="1" type="stmt"/>
        <line num="258" count="1" type="stmt"/>
        <line num="259" count="1" type="stmt"/>
        <line num="260" count="14" type="stmt"/>
        <line num="261" count="14" type="stmt"/>
        <line num="262" count="14" type="stmt"/>
        <line num="263" count="14" type="stmt"/>
        <line num="265" count="14" type="stmt"/>
        <line num="271" count="14" type="stmt"/>
        <line num="278" count="1" type="stmt"/>
        <line num="285" count="1" type="stmt"/>
        <line num="313" count="0" type="stmt"/>
        <line num="318" count="6" type="stmt"/>
        <line num="319" count="1" type="stmt"/>
        <line num="320" count="1" type="stmt"/>
        <line num="322" count="1" type="stmt"/>
        <line num="332" count="1" type="stmt"/>
        <line num="345" count="1" type="stmt"/>
        <line num="352" count="1" type="stmt"/>
        <line num="354" count="0" type="stmt"/>
        <line num="358" count="0" type="stmt"/>
        <line num="368" count="1" type="stmt"/>
        <line num="383" count="0" type="stmt"/>
        <line num="388" count="6" type="stmt"/>
        <line num="389" count="1" type="stmt"/>
        <line num="390" count="1" type="stmt"/>
        <line num="393" count="1" type="stmt"/>
        <line num="400" count="1" type="stmt"/>
        <line num="409" count="1" type="stmt"/>
        <line num="414" count="1" type="stmt"/>
        <line num="419" count="1" type="stmt"/>
        <line num="420" count="1" type="stmt"/>
        <line num="421" count="14" type="stmt"/>
        <line num="422" count="14" type="stmt"/>
        <line num="423" count="14" type="stmt"/>
        <line num="424" count="14" type="stmt"/>
        <line num="426" count="14" type="stmt"/>
        <line num="432" count="14" type="stmt"/>
        <line num="439" count="1" type="stmt"/>
        <line num="440" count="1" type="stmt"/>
        <line num="441" count="14" type="stmt"/>
        <line num="442" count="14" type="stmt"/>
        <line num="443" count="14" type="stmt"/>
        <line num="444" count="14" type="stmt"/>
        <line num="446" count="14" type="stmt"/>
        <line num="463" count="14" type="stmt"/>
        <line num="471" count="1" type="stmt"/>
        <line num="475" count="1" type="stmt"/>
        <line num="489" count="0" type="stmt"/>
        <line num="494" count="6" type="stmt"/>
        <line num="495" count="1" type="stmt"/>
        <line num="496" count="1" type="stmt"/>
        <line num="499" count="1" type="stmt"/>
        <line num="506" count="1" type="stmt"/>
        <line num="511" count="1" type="stmt"/>
        <line num="517" count="1" type="stmt"/>
        <line num="526" count="1" type="stmt"/>
        <line num="527" count="0" type="stmt"/>
        <line num="529" count="1" type="stmt"/>
        <line num="537" count="1" type="stmt"/>
        <line num="540" count="1" type="stmt"/>
        <line num="542" count="1" type="stmt"/>
        <line num="553" count="0" type="stmt"/>
        <line num="558" count="6" type="stmt"/>
        <line num="559" count="1" type="stmt"/>
        <line num="560" count="1" type="stmt"/>
        <line num="563" count="1" type="stmt"/>
        <line num="571" count="1" type="stmt"/>
        <line num="580" count="1" type="stmt"/>
        <line num="588" count="1" type="stmt"/>
        <line num="589" count="0" type="stmt"/>
        <line num="593" count="1" type="stmt"/>
        <line num="594" count="1" type="stmt"/>
        <line num="595" count="1" type="stmt"/>
        <line num="600" count="1" type="stmt"/>
        <line num="606" count="1" type="stmt"/>
        <line num="608" count="0" type="cond" truecount="0" falsecount="2"/>
        <line num="609" count="0" type="stmt"/>
        <line num="611" count="0" type="stmt"/>
        <line num="614" count="1" type="stmt"/>
        <line num="623" count="0" type="stmt"/>
        <line num="628" count="6" type="stmt"/>
        <line num="629" count="1" type="stmt"/>
        <line num="630" count="1" type="stmt"/>
        <line num="633" count="1" type="stmt"/>
        <line num="655" count="1" type="cond" truecount="1" falsecount="1"/>
        <line num="656" count="1" type="cond" truecount="1" falsecount="1"/>
        <line num="660" count="1" type="cond" truecount="1" falsecount="1"/>
        <line num="661" count="1" type="stmt"/>
        <line num="662" count="1" type="cond" truecount="1" falsecount="1"/>
        <line num="664" count="1" type="stmt"/>
        <line num="674" count="0" type="stmt"/>
        <line num="678" count="6" type="stmt"/>
      </file>
    </package>
    <package name="backend.tests">
      <metrics statements="21" coveredstatements="20" conditionals="6" coveredconditionals="5" methods="2" coveredmethods="2"/>
      <file name="helpers.js" path="E:\UTSC\309\309-final-project\backend\tests\helpers.js">
        <metrics statements="21" coveredstatements="20" conditionals="6" coveredconditionals="5" methods="2" coveredmethods="2"/>
        <line num="1" count="6" type="stmt"/>
        <line num="2" count="6" type="stmt"/>
        <line num="3" count="6" type="stmt"/>
        <line num="5" count="6" type="cond" truecount="2" falsecount="0"/>
        <line num="6" count="80" type="stmt"/>
        <line num="7" count="80" type="cond" truecount="2" falsecount="0"/>
        <line num="8" count="80" type="stmt"/>
        <line num="9" count="80" type="stmt"/>
        <line num="10" count="80" type="stmt"/>
        <line num="12" count="80" type="stmt"/>
        <line num="23" count="80" type="stmt"/>
        <line num="29" count="80" type="stmt"/>
        <line num="32" count="6" type="stmt"/>
        <line num="33" count="44" type="stmt"/>
        <line num="34" count="44" type="stmt"/>
        <line num="36" count="44" type="stmt"/>
        <line num="40" count="44" type="stmt"/>
        <line num="41" count="352" type="stmt"/>
        <line num="44" count="44" type="stmt"/>
        <line num="46" count="0" type="stmt"/>
        <line num="50" count="6" type="stmt"/>
      </file>
    </package>
  </project>
</coverage>
