<?xml version="1.0" encoding="UTF-8"?>
<coverage generated="1764553125992" clover="3.2.0">
  <project timestamp="1764553125992" name="All files">
    <metrics statements="1587" coveredstatements="438" conditionals="1517" coveredconditionals="251" methods="196" coveredmethods="58" elements="3300" coveredelements="747" complexity="0" loc="1587" ncloc="1587" packages="3" files="3" classes="3"/>
    <package name="backend">
      <metrics statements="1412" coveredstatements="407" conditionals="1447" coveredconditionals="246" methods="160" coveredmethods="56"/>
      <file name="index.js" path="E:\UTSC\309\309-final-project\backend\index.js">
        <metrics statements="1412" coveredstatements="407" conditionals="1447" coveredconditionals="246" methods="160" coveredmethods="56"/>
        <line num="8" count="4" type="stmt"/>
        <line num="10" count="4" type="stmt"/>
        <line num="11" count="4" type="stmt"/>
        <line num="12" count="4" type="stmt"/>
        <line num="13" count="4" type="stmt"/>
        <line num="14" count="4" type="stmt"/>
        <line num="15" count="4" type="stmt"/>
        <line num="16" count="4" type="stmt"/>
        <line num="17" count="4" type="stmt"/>
        <line num="18" count="4" type="stmt"/>
        <line num="19" count="4" type="stmt"/>
        <line num="20" count="4" type="stmt"/>
        <line num="22" count="4" type="stmt"/>
        <line num="23" count="4" type="stmt"/>
        <line num="26" count="4" type="stmt"/>
        <line num="27" count="4" type="cond" truecount="1" falsecount="1"/>
        <line num="28" count="0" type="stmt"/>
        <line num="29" count="0" type="stmt"/>
        <line num="33" count="4" type="stmt"/>
        <line num="34" count="4" type="stmt"/>
        <line num="35" count="4" type="stmt"/>
        <line num="36" count="4" type="stmt"/>
        <line num="43" count="4" type="stmt"/>
        <line num="45" count="1" type="stmt"/>
        <line num="46" count="1" type="stmt"/>
        <line num="47" count="1" type="stmt"/>
        <line num="48" count="1" type="stmt"/>
        <line num="49" count="1" type="stmt"/>
        <line num="52" count="15" type="stmt"/>
        <line num="53" count="15" type="stmt"/>
        <line num="55" count="0" type="stmt"/>
        <line num="59" count="15" type="cond" truecount="1" falsecount="1"/>
        <line num="60" count="15" type="stmt"/>
        <line num="61" count="15" type="cond" truecount="3" falsecount="1"/>
        <line num="62" count="15" type="stmt"/>
        <line num="67" count="4" type="stmt"/>
        <line num="68" count="1" type="cond" truecount="4" falsecount="0"/>
        <line num="71" count="4" type="stmt"/>
        <line num="72" count="1" type="cond" truecount="4" falsecount="0"/>
        <line num="75" count="4" type="stmt"/>
        <line num="77" count="1" type="cond" truecount="2" falsecount="0"/>
        <line num="78" count="1" type="stmt"/>
        <line num="81" count="1" type="cond" truecount="1" falsecount="1"/>
        <line num="82" count="0" type="stmt"/>
        <line num="83" count="0" type="stmt"/>
        <line num="84" count="0" type="stmt"/>
        <line num="85" count="0" type="stmt"/>
        <line num="86" count="0" type="stmt"/>
        <line num="87" count="0" type="stmt"/>
        <line num="88" count="0" type="stmt"/>
        <line num="92" count="1" type="stmt"/>
        <line num="93" count="1" type="stmt"/>
        <line num="98" count="1" type="stmt"/>
        <line num="108" count="1" type="stmt"/>
        <line num="109" count="1" type="stmt"/>
        <line num="111" count="0" type="stmt"/>
        <line num="112" count="0" type="stmt"/>
        <line num="116" count="1" type="cond" truecount="2" falsecount="0"/>
        <line num="117" count="1" type="stmt"/>
        <line num="120" count="1" type="cond" truecount="1" falsecount="1"/>
        <line num="121" count="0" type="stmt"/>
        <line num="122" count="0" type="stmt"/>
        <line num="123" count="0" type="stmt"/>
        <line num="124" count="0" type="stmt"/>
        <line num="125" count="0" type="stmt"/>
        <line num="126" count="0" type="stmt"/>
        <line num="127" count="0" type="stmt"/>
        <line num="128" count="0" type="stmt"/>
        <line num="132" count="1" type="stmt"/>
        <line num="133" count="1" type="stmt"/>
        <line num="139" count="1" type="stmt"/>
        <line num="149" count="1" type="stmt"/>
        <line num="150" count="1" type="stmt"/>
        <line num="152" count="0" type="stmt"/>
        <line num="153" count="0" type="stmt"/>
        <line num="159" count="4" type="stmt"/>
        <line num="160" count="4" type="stmt"/>
        <line num="161" count="4" type="stmt"/>
        <line num="162" count="4" type="stmt"/>
        <line num="165" count="4" type="stmt"/>
        <line num="186" count="2" type="cond" truecount="3" falsecount="1"/>
        <line num="187" count="2" type="cond" truecount="1" falsecount="1"/>
        <line num="188" count="0" type="stmt"/>
        <line num="189" count="0" type="cond" truecount="0" falsecount="2"/>
        <line num="191" count="2" type="stmt"/>
        <line num="197" count="2" type="cond" truecount="2" falsecount="2"/>
        <line num="198" count="0" type="cond" truecount="0" falsecount="2"/>
        <line num="199" count="0" type="stmt"/>
        <line num="200" count="0" type="cond" truecount="0" falsecount="2"/>
        <line num="202" count="0" type="stmt"/>
        <line num="208" count="2" type="cond" truecount="2" falsecount="2"/>
        <line num="209" count="0" type="cond" truecount="0" falsecount="2"/>
        <line num="210" count="0" type="stmt"/>
        <line num="211" count="0" type="cond" truecount="0" falsecount="2"/>
        <line num="212" count="0" type="stmt"/>
        <line num="213" count="0" type="cond" truecount="0" falsecount="4"/>
        <line num="214" count="0" type="stmt"/>
        <line num="216" count="0" type="stmt"/>
        <line num="218" count="0" type="cond" truecount="0" falsecount="2"/>
        <line num="219" count="0" type="cond" truecount="0" falsecount="4"/>
        <line num="220" count="0" type="stmt"/>
        <line num="222" count="0" type="stmt"/>
        <line num="224" count="0" type="stmt"/>
        <line num="230" count="2" type="cond" truecount="3" falsecount="1"/>
        <line num="231" count="0" type="cond" truecount="0" falsecount="2"/>
        <line num="232" count="0" type="stmt"/>
        <line num="248" count="4" type="cond" truecount="4" falsecount="0"/>
        <line num="249" count="1" type="cond" truecount="1" falsecount="1"/>
        <line num="250" count="1" type="stmt"/>
        <line num="251" count="1" type="cond" truecount="1" falsecount="1"/>
        <line num="252" count="0" type="stmt"/>
        <line num="253" count="0" type="cond" truecount="0" falsecount="4"/>
        <line num="255" count="1" type="cond" truecount="1" falsecount="1"/>
        <line num="256" count="1" type="cond" truecount="3" falsecount="1"/>
        <line num="258" count="0" type="stmt"/>
        <line num="261" count="0" type="stmt"/>
        <line num="268" count="1" type="cond" truecount="1" falsecount="1"/>
        <line num="272" count="1" type="cond" truecount="1" falsecount="1"/>
        <line num="276" count="1" type="cond" truecount="1" falsecount="1"/>
        <line num="280" count="1" type="cond" truecount="1" falsecount="1"/>
        <line num="284" count="1" type="cond" truecount="1" falsecount="1"/>
        <line num="288" count="1" type="cond" truecount="1" falsecount="1"/>
        <line num="293" count="1" type="cond" truecount="2" falsecount="2"/>
        <line num="294" count="0" type="cond" truecount="0" falsecount="2"/>
        <line num="295" count="0" type="stmt"/>
        <line num="296" count="0" type="stmt"/>
        <line num="297" count="0" type="cond" truecount="0" falsecount="4"/>
        <line num="298" count="0" type="stmt"/>
        <line num="299" count="0" type="cond" truecount="0" falsecount="2"/>
        <line num="301" count="0" type="stmt"/>
        <line num="303" count="0" type="cond" truecount="0" falsecount="2"/>
        <line num="304" count="0" type="cond" truecount="0" falsecount="4"/>
        <line num="305" count="0" type="stmt"/>
        <line num="306" count="0" type="cond" truecount="0" falsecount="2"/>
        <line num="308" count="0" type="stmt"/>
        <line num="310" count="0" type="stmt"/>
        <line num="315" count="1" type="cond" truecount="1" falsecount="1"/>
        <line num="320" count="1" type="cond" truecount="2" falsecount="2"/>
        <line num="321" count="0" type="cond" truecount="0" falsecount="2"/>
        <line num="322" count="0" type="stmt"/>
        <line num="323" count="0" type="cond" truecount="0" falsecount="2"/>
        <line num="324" count="0" type="stmt"/>
        <line num="325" count="0" type="cond" truecount="0" falsecount="4"/>
        <line num="327" count="0" type="cond" truecount="0" falsecount="2"/>
        <line num="328" count="0" type="cond" truecount="0" falsecount="4"/>
        <line num="330" count="0" type="stmt"/>
        <line num="333" count="0" type="stmt"/>
        <line num="343" count="0" type="cond" truecount="0" falsecount="2"/>
        <line num="344" count="0" type="cond" truecount="0" falsecount="4"/>
        <line num="345" count="0" type="cond" truecount="0" falsecount="2"/>
        <line num="347" count="0" type="stmt"/>
        <line num="355" count="0" type="cond" truecount="0" falsecount="4"/>
        <line num="356" count="0" type="cond" truecount="0" falsecount="2"/>
        <line num="357" count="0" type="stmt"/>
        <line num="358" count="0" type="cond" truecount="0" falsecount="2"/>
        <line num="360" count="0" type="stmt"/>
        <line num="366" count="0" type="cond" truecount="0" falsecount="4"/>
        <line num="367" count="0" type="cond" truecount="0" falsecount="2"/>
        <line num="368" count="0" type="stmt"/>
        <line num="369" count="0" type="cond" truecount="0" falsecount="2"/>
        <line num="371" count="0" type="stmt"/>
        <line num="377" count="0" type="cond" truecount="0" falsecount="4"/>
        <line num="378" count="0" type="cond" truecount="0" falsecount="2"/>
        <line num="379" count="0" type="stmt"/>
        <line num="380" count="0" type="stmt"/>
        <line num="382" count="0" type="cond" truecount="0" falsecount="4"/>
        <line num="383" count="0" type="stmt"/>
        <line num="384" count="0" type="cond" truecount="0" falsecount="2"/>
        <line num="386" count="0" type="stmt"/>
        <line num="388" count="0" type="cond" truecount="0" falsecount="2"/>
        <line num="389" count="0" type="cond" truecount="0" falsecount="4"/>
        <line num="390" count="0" type="stmt"/>
        <line num="391" count="0" type="cond" truecount="0" falsecount="2"/>
        <line num="393" count="0" type="stmt"/>
        <line num="395" count="0" type="stmt"/>
        <line num="402" count="0" type="cond" truecount="0" falsecount="4"/>
        <line num="406" count="0" type="cond" truecount="0" falsecount="4"/>
        <line num="411" count="0" type="cond" truecount="0" falsecount="4"/>
        <line num="412" count="0" type="cond" truecount="0" falsecount="2"/>
        <line num="413" count="0" type="cond" truecount="0" falsecount="4"/>
        <line num="414" count="0" type="cond" truecount="0" falsecount="2"/>
        <line num="416" count="0" type="stmt"/>
        <line num="421" count="0" type="cond" truecount="0" falsecount="4"/>
        <line num="425" count="0" type="cond" truecount="0" falsecount="4"/>
        <line num="429" count="0" type="cond" truecount="0" falsecount="4"/>
        <line num="433" count="0" type="cond" truecount="0" falsecount="4"/>
        <line num="437" count="0" type="cond" truecount="0" falsecount="4"/>
        <line num="444" count="4" type="stmt"/>
        <line num="446" count="0" type="stmt"/>
        <line num="447" count="0" type="cond" truecount="0" falsecount="2"/>
        <line num="448" count="0" type="stmt"/>
        <line num="451" count="0" type="stmt"/>
        <line num="452" count="0" type="stmt"/>
        <line num="455" count="4" type="stmt"/>
        <line num="459" count="0" type="stmt"/>
        <line num="460" count="0" type="stmt"/>
        <line num="461" count="0" type="stmt"/>
        <line num="462" count="0" type="cond" truecount="0" falsecount="6"/>
        <line num="467" count="4" type="stmt"/>
        <line num="468" count="4" type="stmt"/>
        <line num="469" count="0" type="cond" truecount="0" falsecount="2"/>
        <line num="470" count="0" type="stmt"/>
        <line num="471" count="0" type="cond" truecount="0" falsecount="2"/>
        <line num="472" count="0" type="stmt"/>
        <line num="473" count="0" type="cond" truecount="0" falsecount="2"/>
        <line num="474" count="0" type="stmt"/>
        <line num="477" count="0" type="stmt"/>
        <line num="478" count="0" type="stmt"/>
        <line num="479" count="0" type="cond" truecount="0" falsecount="2"/>
        <line num="481" count="0" type="stmt"/>
        <line num="488" count="4" type="stmt"/>
        <line num="489" count="0" type="stmt"/>
        <line num="490" count="0" type="cond" truecount="0" falsecount="2"/>
        <line num="491" count="0" type="stmt"/>
        <line num="492" count="0" type="stmt"/>
        <line num="493" count="0" type="stmt"/>
        <line num="495" count="0" type="stmt"/>
        <line num="499" count="4" type="stmt"/>
        <line num="500" count="120" type="stmt"/>
        <line num="501" count="120" type="stmt"/>
        <line num="502" count="120" type="stmt"/>
        <line num="503" count="9" type="stmt"/>
        <line num="504" count="9" type="cond" truecount="1" falsecount="1"/>
        <line num="506" count="9" type="stmt"/>
        <line num="507" count="9" type="stmt"/>
        <line num="508" count="9" type="cond" truecount="2" falsecount="0"/>
        <line num="509" count="1" type="stmt"/>
        <line num="511" count="8" type="stmt"/>
        <line num="513" count="0" type="stmt"/>
        <line num="518" count="4" type="stmt"/>
        <line num="519" count="1" type="stmt"/>
        <line num="520" count="1" type="cond" truecount="1" falsecount="1"/>
        <line num="521" count="1" type="stmt"/>
        <line num="522" count="0" type="stmt"/>
        <line num="524" count="0" type="stmt"/>
        <line num="526" count="1" type="stmt"/>
        <line num="529" count="28" type="stmt"/>
        <line num="530" count="10" type="stmt"/>
        <line num="531" count="10" type="cond" truecount="3" falsecount="1"/>
        <line num="532" count="10" type="stmt"/>
        <line num="533" count="10" type="stmt"/>
        <line num="535" count="0" type="cond" truecount="0" falsecount="2"/>
        <line num="536" count="0" type="stmt"/>
        <line num="538" count="0" type="stmt"/>
        <line num="543" count="4" type="stmt"/>
        <line num="544" count="0" type="cond" truecount="0" falsecount="2"/>
        <line num="545" count="0" type="cond" truecount="0" falsecount="5"/>
        <line num="546" count="0" type="cond" truecount="0" falsecount="5"/>
        <line num="547" count="0" type="stmt"/>
        <line num="550" count="28" type="stmt"/>
        <line num="551" count="3" type="stmt"/>
        <line num="552" count="3" type="stmt"/>
        <line num="553" count="3" type="stmt"/>
        <line num="555" count="0" type="cond" truecount="0" falsecount="2"/>
        <line num="556" count="0" type="stmt"/>
        <line num="558" count="0" type="stmt"/>
        <line num="567" count="4" type="stmt"/>
        <line num="568" count="2" type="stmt"/>
        <line num="569" count="2" type="stmt"/>
        <line num="570" count="2" type="stmt"/>
        <line num="571" count="2" type="cond" truecount="4" falsecount="0"/>
        <line num="572" count="1" type="stmt"/>
        <line num="574" count="1" type="stmt"/>
        <line num="575" count="1" type="stmt"/>
        <line num="576" count="1" type="stmt"/>
        <line num="577" count="0" type="stmt"/>
        <line num="581" count="4" type="stmt"/>
        <line num="582" count="0" type="stmt"/>
        <line num="583" count="0" type="stmt"/>
        <line num="584" count="0" type="stmt"/>
        <line num="587" count="0" type="stmt"/>
        <line num="588" count="0" type="cond" truecount="0" falsecount="2"/>
        <line num="591" count="0" type="cond" truecount="0" falsecount="4"/>
        <line num="592" count="0" type="stmt"/>
        <line num="596" count="0" type="cond" truecount="0" falsecount="2"/>
        <line num="597" count="0" type="stmt"/>
        <line num="600" count="0" type="stmt"/>
        <line num="601" count="0" type="stmt"/>
        <line num="605" count="0" type="stmt"/>
        <line num="606" count="0" type="stmt"/>
        <line num="610" count="4" type="stmt"/>
        <line num="611" count="1" type="stmt"/>
        <line num="612" count="1" type="stmt"/>
        <line num="613" count="1" type="stmt"/>
        <line num="614" count="1" type="cond" truecount="1" falsecount="1"/>
        <line num="616" count="0" type="stmt"/>
        <line num="618" count="1" type="stmt"/>
        <line num="619" count="1" type="stmt"/>
        <line num="621" count="1" type="stmt"/>
        <line num="627" count="1" type="stmt"/>
        <line num="628" count="1" type="stmt"/>
        <line num="630" count="0" type="stmt"/>
        <line num="635" count="1" type="stmt"/>
        <line num="636" count="0" type="stmt"/>
        <line num="644" count="4" type="stmt"/>
        <line num="645" count="1" type="stmt"/>
        <line num="646" count="1" type="stmt"/>
        <line num="647" count="1" type="stmt"/>
        <line num="648" count="1" type="cond" truecount="1" falsecount="1"/>
        <line num="650" count="1" type="stmt"/>
        <line num="651" count="1" type="stmt"/>
        <line num="652" count="1" type="stmt"/>
        <line num="653" count="1" type="stmt"/>
        <line num="654" count="1" type="stmt"/>
        <line num="656" count="1" type="stmt"/>
        <line num="668" count="1" type="stmt"/>
        <line num="669" count="1" type="stmt"/>
        <line num="671" count="0" type="stmt"/>
        <line num="675" count="1" type="stmt"/>
        <line num="684" count="0" type="stmt"/>
        <line num="688" count="4" type="stmt"/>
        <line num="693" count="1" type="cond" truecount="2" falsecount="3"/>
        <line num="694" count="0" type="cond" truecount="0" falsecount="5"/>
        <line num="695" count="0" type="cond" truecount="0" falsecount="5"/>
        <line num="696" count="0" type="stmt"/>
        <line num="702" count="1" type="cond" truecount="2" falsecount="3"/>
        <line num="703" count="0" type="cond" truecount="0" falsecount="5"/>
        <line num="704" count="0" type="cond" truecount="0" falsecount="5"/>
        <line num="705" count="0" type="stmt"/>
        <line num="710" count="1" type="cond" truecount="2" falsecount="3"/>
        <line num="714" count="1" type="cond" truecount="2" falsecount="3"/>
        <line num="718" count="1" type="stmt"/>
        <line num="719" count="1" type="stmt"/>
        <line num="720" count="1" type="stmt"/>
        <line num="721" count="1" type="stmt"/>
        <line num="723" count="1" type="cond" truecount="1" falsecount="1"/>
        <line num="724" count="0" type="stmt"/>
        <line num="726" count="1" type="cond" truecount="3" falsecount="1"/>
        <line num="727" count="0" type="stmt"/>
        <line num="729" count="1" type="stmt"/>
        <line num="731" count="1" type="stmt"/>
        <line num="733" count="1" type="cond" truecount="1" falsecount="1"/>
        <line num="734" count="0" type="stmt"/>
        <line num="740" count="1" type="cond" truecount="1" falsecount="1"/>
        <line num="741" count="0" type="stmt"/>
        <line num="744" count="1" type="cond" truecount="1" falsecount="1"/>
        <line num="745" count="0" type="stmt"/>
        <line num="748" count="1" type="cond" truecount="1" falsecount="1"/>
        <line num="749" count="0" type="cond" truecount="0" falsecount="2"/>
        <line num="752" count="1" type="stmt"/>
        <line num="753" count="1" type="stmt"/>
        <line num="773" count="1" type="stmt"/>
        <line num="775" count="0" type="stmt"/>
        <line num="780" count="4" type="stmt"/>
        <line num="781" count="1" type="stmt"/>
        <line num="782" count="1" type="stmt"/>
        <line num="794" count="1" type="cond" truecount="1" falsecount="1"/>
        <line num="795" count="1" type="stmt"/>
        <line num="796" count="1" type="stmt"/>
        <line num="802" count="0" type="stmt"/>
        <line num="806" count="4" type="stmt"/>
        <line num="807" count="1" type="stmt"/>
        <line num="808" count="1" type="stmt"/>
        <line num="809" count="1" type="stmt"/>
        <line num="811" count="1" type="cond" truecount="3" falsecount="1"/>
        <line num="812" count="1" type="cond" truecount="4" falsecount="1"/>
        <line num="813" count="0" type="stmt"/>
        <line num="815" count="1" type="stmt"/>
        <line num="816" count="1" type="stmt"/>
        <line num="819" count="1" type="cond" truecount="2" falsecount="2"/>
        <line num="820" count="0" type="cond" truecount="0" falsecount="4"/>
        <line num="821" count="0" type="stmt"/>
        <line num="823" count="0" type="stmt"/>
        <line num="824" count="0" type="stmt"/>
        <line num="827" count="1" type="cond" truecount="2" falsecount="2"/>
        <line num="828" count="0" type="cond" truecount="0" falsecount="4"/>
        <line num="829" count="0" type="stmt"/>
        <line num="833" count="0" type="stmt"/>
        <line num="834" count="0" type="stmt"/>
        <line num="836" count="0" type="cond" truecount="0" falsecount="5"/>
        <line num="837" count="0" type="stmt"/>
        <line num="840" count="0" type="stmt"/>
        <line num="841" count="0" type="stmt"/>
        <line num="844" count="1" type="cond" truecount="1" falsecount="1"/>
        <line num="845" count="0" type="stmt"/>
        <line num="846" count="0" type="stmt"/>
        <line num="849" count="1" type="cond" truecount="1" falsecount="1"/>
        <line num="850" count="0" type="stmt"/>
        <line num="853" count="1" type="stmt"/>
        <line num="861" count="1" type="stmt"/>
        <line num="863" count="0" type="cond" truecount="0" falsecount="2"/>
        <line num="864" count="0" type="stmt"/>
        <line num="869" count="4" type="stmt"/>
        <line num="870" count="0" type="stmt"/>
        <line num="871" count="0" type="stmt"/>
        <line num="872" count="0" type="stmt"/>
        <line num="873" count="0" type="cond" truecount="0" falsecount="4"/>
        <line num="874" count="0" type="stmt"/>
        <line num="876" count="0" type="stmt"/>
        <line num="877" count="0" type="stmt"/>
        <line num="878" count="0" type="stmt"/>
        <line num="879" count="0" type="stmt"/>
        <line num="883" count="4" type="stmt"/>
        <line num="884" count="0" type="stmt"/>
        <line num="885" count="0" type="stmt"/>
        <line num="886" count="0" type="cond" truecount="0" falsecount="2"/>
        <line num="890" count="0" type="stmt"/>
        <line num="902" count="0" type="cond" truecount="0" falsecount="2"/>
        <line num="904" count="0" type="stmt"/>
        <line num="906" count="0" type="cond" truecount="0" falsecount="2"/>
        <line num="907" count="0" type="stmt"/>
        <line num="910" count="0" type="stmt"/>
        <line num="916" count="0" type="stmt"/>
        <line num="920" count="4" type="stmt"/>
        <line num="921" count="0" type="stmt"/>
        <line num="922" count="0" type="stmt"/>
        <line num="923" count="0" type="cond" truecount="0" falsecount="2"/>
        <line num="927" count="0" type="stmt"/>
        <line num="928" count="0" type="cond" truecount="0" falsecount="2"/>
        <line num="931" count="0" type="stmt"/>
        <line num="932" count="0" type="stmt"/>
        <line num="934" count="0" type="cond" truecount="0" falsecount="4"/>
        <line num="935" count="0" type="stmt"/>
        <line num="936" count="0" type="cond" truecount="0" falsecount="5"/>
        <line num="937" count="0" type="stmt"/>
        <line num="939" count="0" type="cond" truecount="0" falsecount="2"/>
        <line num="940" count="0" type="stmt"/>
        <line num="944" count="0" type="cond" truecount="0" falsecount="4"/>
        <line num="945" count="0" type="stmt"/>
        <line num="946" count="0" type="cond" truecount="0" falsecount="4"/>
        <line num="947" count="0" type="stmt"/>
        <line num="949" count="0" type="cond" truecount="0" falsecount="2"/>
        <line num="950" count="0" type="stmt"/>
        <line num="954" count="0" type="cond" truecount="0" falsecount="4"/>
        <line num="955" count="0" type="stmt"/>
        <line num="956" count="0" type="cond" truecount="0" falsecount="4"/>
        <line num="957" count="0" type="stmt"/>
        <line num="959" count="0" type="cond" truecount="0" falsecount="2"/>
        <line num="960" count="0" type="stmt"/>
        <line num="964" count="0" type="cond" truecount="0" falsecount="4"/>
        <line num="965" count="0" type="stmt"/>
        <line num="966" count="0" type="stmt"/>
        <line num="967" count="0" type="cond" truecount="0" falsecount="2"/>
        <line num="968" count="0" type="stmt"/>
        <line num="970" count="0" type="cond" truecount="0" falsecount="2"/>
        <line num="971" count="0" type="stmt"/>
        <line num="975" count="0" type="cond" truecount="0" falsecount="4"/>
        <line num="976" count="0" type="stmt"/>
        <line num="977" count="0" type="stmt"/>
        <line num="978" count="0" type="cond" truecount="0" falsecount="2"/>
        <line num="979" count="0" type="stmt"/>
        <line num="981" count="0" type="cond" truecount="0" falsecount="2"/>
        <line num="982" count="0" type="stmt"/>
        <line num="986" count="0" type="cond" truecount="0" falsecount="4"/>
        <line num="987" count="0" type="stmt"/>
        <line num="988" count="0" type="stmt"/>
        <line num="989" count="0" type="cond" truecount="0" falsecount="2"/>
        <line num="990" count="0" type="stmt"/>
        <line num="993" count="0" type="cond" truecount="0" falsecount="2"/>
        <line num="994" count="0" type="cond" truecount="0" falsecount="2"/>
        <line num="995" count="0" type="stmt"/>
        <line num="999" count="0" type="cond" truecount="0" falsecount="4"/>
        <line num="1000" count="0" type="stmt"/>
        <line num="1003" count="0" type="cond" truecount="0" falsecount="2"/>
        <line num="1004" count="0" type="stmt"/>
        <line num="1009" count="0" type="cond" truecount="0" falsecount="2"/>
        <line num="1010" count="0" type="stmt"/>
        <line num="1014" count="0" type="cond" truecount="0" falsecount="2"/>
        <line num="1015" count="0" type="stmt"/>
        <line num="1022" count="0" type="stmt"/>
        <line num="1037" count="0" type="stmt"/>
        <line num="1043" count="0" type="cond" truecount="0" falsecount="2"/>
        <line num="1044" count="0" type="stmt"/>
        <line num="1046" count="0" type="cond" truecount="0" falsecount="2"/>
        <line num="1047" count="0" type="stmt"/>
        <line num="1049" count="0" type="cond" truecount="0" falsecount="2"/>
        <line num="1050" count="0" type="stmt"/>
        <line num="1052" count="0" type="cond" truecount="0" falsecount="2"/>
        <line num="1053" count="0" type="stmt"/>
        <line num="1055" count="0" type="cond" truecount="0" falsecount="2"/>
        <line num="1056" count="0" type="stmt"/>
        <line num="1059" count="0" type="stmt"/>
        <line num="1061" count="0" type="cond" truecount="0" falsecount="2"/>
        <line num="1062" count="0" type="stmt"/>
        <line num="1071" count="4" type="cond" truecount="0" falsecount="1"/>
        <line num="1072" count="1" type="stmt"/>
        <line num="1073" count="1" type="stmt"/>
        <line num="1075" count="1" type="cond" truecount="1" falsecount="1"/>
        <line num="1077" count="0" type="stmt"/>
        <line num="1084" count="0" type="cond" truecount="0" falsecount="2"/>
        <line num="1085" count="0" type="stmt"/>
        <line num="1086" count="0" type="stmt"/>
        <line num="1087" count="0" type="stmt"/>
        <line num="1091" count="0" type="stmt"/>
        <line num="1092" count="0" type="stmt"/>
        <line num="1095" count="0" type="cond" truecount="0" falsecount="4"/>
        <line num="1096" count="0" type="stmt"/>
        <line num="1100" count="0" type="cond" truecount="0" falsecount="4"/>
        <line num="1101" count="0" type="stmt"/>
        <line num="1104" count="0" type="cond" truecount="0" falsecount="4"/>
        <line num="1105" count="0" type="stmt"/>
        <line num="1110" count="0" type="cond" truecount="0" falsecount="4"/>
        <line num="1111" count="0" type="stmt"/>
        <line num="1115" count="0" type="cond" truecount="0" falsecount="2"/>
        <line num="1116" count="0" type="cond" truecount="0" falsecount="2"/>
        <line num="1120" count="1" type="stmt"/>
        <line num="1124" count="4" type="stmt"/>
        <line num="1125" count="2" type="stmt"/>
        <line num="1126" count="2" type="cond" truecount="1" falsecount="0"/>
        <line num="1128" count="2" type="stmt"/>
        <line num="1129" count="2" type="cond" truecount="2" falsecount="0"/>
        <line num="1133" count="1" type="cond" truecount="1" falsecount="1"/>
        <line num="1134" count="1" type="cond" truecount="3" falsecount="1"/>
        <line num="1136" count="1" type="stmt"/>
        <line num="1138" count="1" type="stmt"/>
        <line num="1139" count="1" type="cond" truecount="1" falsecount="1"/>
        <line num="1142" count="1" type="cond" truecount="2" falsecount="0"/>
        <line num="1144" count="1" type="stmt"/>
        <line num="1146" count="1" type="stmt"/>
        <line num="1160" count="1" type="cond" truecount="3" falsecount="1"/>
        <line num="1161" count="0" type="stmt"/>
        <line num="1162" count="0" type="stmt"/>
        <line num="1166" count="0" type="stmt"/>
        <line num="1167" count="0" type="stmt"/>
        <line num="1168" count="0" type="cond" truecount="0" falsecount="4"/>
        <line num="1169" count="0" type="stmt"/>
        <line num="1180" count="1" type="cond" truecount="1" falsecount="1"/>
        <line num="1181" count="1" type="stmt"/>
        <line num="1187" count="1" type="stmt"/>
        <line num="1188" count="1" type="stmt"/>
        <line num="1199" count="0" type="cond" truecount="0" falsecount="2"/>
        <line num="1200" count="0" type="cond" truecount="0" falsecount="4"/>
        <line num="1201" count="0" type="stmt"/>
        <line num="1204" count="0" type="cond" truecount="0" falsecount="4"/>
        <line num="1205" count="0" type="stmt"/>
        <line num="1207" count="0" type="cond" truecount="0" falsecount="4"/>
        <line num="1208" count="0" type="stmt"/>
        <line num="1213" count="0" type="cond" truecount="0" falsecount="2"/>
        <line num="1214" count="0" type="stmt"/>
        <line num="1215" count="0" type="cond" truecount="0" falsecount="2"/>
        <line num="1216" count="0" type="stmt"/>
        <line num="1217" count="0" type="cond" truecount="0" falsecount="4"/>
        <line num="1218" count="0" type="stmt"/>
        <line num="1221" count="0" type="stmt"/>
        <line num="1225" count="0" type="stmt"/>
        <line num="1226" count="0" type="cond" truecount="0" falsecount="2"/>
        <line num="1228" count="0" type="stmt"/>
        <line num="1240" count="0" type="cond" truecount="0" falsecount="4"/>
        <line num="1241" count="0" type="stmt"/>
        <line num="1242" count="0" type="stmt"/>
        <line num="1247" count="0" type="stmt"/>
        <line num="1252" count="0" type="stmt"/>
        <line num="1253" count="0" type="stmt"/>
        <line num="1264" count="0" type="stmt"/>
        <line num="1267" count="0" type="cond" truecount="0" falsecount="4"/>
        <line num="1268" count="0" type="stmt"/>
        <line num="1270" count="0" type="cond" truecount="0" falsecount="2"/>
        <line num="1271" count="0" type="stmt"/>
        <line num="1273" count="0" type="stmt"/>
        <line num="1278" count="4" type="stmt"/>
        <line num="1288" count="1" type="cond" truecount="2" falsecount="3"/>
        <line num="1292" count="1" type="cond" truecount="2" falsecount="3"/>
        <line num="1296" count="1" type="stmt"/>
        <line num="1297" count="1" type="cond" truecount="0" falsecount="2"/>
        <line num="1298" count="1" type="stmt"/>
        <line num="1301" count="1" type="cond" truecount="1" falsecount="1"/>
        <line num="1302" count="0" type="stmt"/>
        <line num="1304" count="1" type="cond" truecount="3" falsecount="1"/>
        <line num="1305" count="0" type="stmt"/>
        <line num="1308" count="1" type="stmt"/>
        <line num="1310" count="1" type="stmt"/>
        <line num="1311" count="1" type="cond" truecount="1" falsecount="1"/>
        <line num="1312" count="0" type="stmt"/>
        <line num="1315" count="0" type="stmt"/>
        <line num="1317" count="1" type="cond" truecount="1" falsecount="1"/>
        <line num="1318" count="0" type="stmt"/>
        <line num="1319" count="0" type="cond" truecount="0" falsecount="2"/>
        <line num="1321" count="1" type="cond" truecount="1" falsecount="1"/>
        <line num="1322" count="1" type="cond" truecount="1" falsecount="1"/>
        <line num="1323" count="0" type="stmt"/>
        <line num="1324" count="0" type="stmt"/>
        <line num="1326" count="1" type="cond" truecount="1" falsecount="1"/>
        <line num="1327" count="1" type="cond" truecount="1" falsecount="1"/>
        <line num="1328" count="1" type="cond" truecount="2" falsecount="2"/>
        <line num="1329" count="0" type="cond" truecount="0" falsecount="2"/>
        <line num="1332" count="1" type="stmt"/>
        <line num="1333" count="1" type="stmt"/>
        <line num="1343" count="1" type="stmt"/>
        <line num="1344" count="1" type="stmt"/>
        <line num="1349" count="0" type="stmt"/>
        <line num="1355" count="1" type="cond" truecount="1" falsecount="1"/>
        <line num="1356" count="1" type="cond" truecount="1" falsecount="1"/>
        <line num="1357" count="1" type="cond" truecount="2" falsecount="2"/>
        <line num="1358" count="1" type="cond" truecount="1" falsecount="1"/>
        <line num="1359" count="1" type="stmt"/>
        <line num="1362" count="1" type="stmt"/>
        <line num="1363" count="0" type="stmt"/>
        <line num="1367" count="4" type="stmt"/>
        <line num="1369" count="0" type="cond" truecount="0" falsecount="5"/>
        <line num="1373" count="0" type="cond" truecount="0" falsecount="5"/>
        <line num="1378" count="0" type="stmt"/>
        <line num="1379" count="0" type="cond" truecount="0" falsecount="2"/>
        <line num="1380" count="0" type="stmt"/>
        <line num="1382" count="0" type="cond" truecount="0" falsecount="2"/>
        <line num="1383" count="0" type="stmt"/>
        <line num="1385" count="0" type="cond" truecount="0" falsecount="4"/>
        <line num="1386" count="0" type="stmt"/>
        <line num="1389" count="0" type="stmt"/>
        <line num="1391" count="0" type="stmt"/>
        <line num="1392" count="0" type="cond" truecount="0" falsecount="2"/>
        <line num="1393" count="0" type="stmt"/>
        <line num="1396" count="0" type="stmt"/>
        <line num="1397" count="0" type="stmt"/>
        <line num="1407" count="0" type="stmt"/>
        <line num="1408" count="0" type="stmt"/>
        <line num="1420" count="0" type="cond" truecount="0" falsecount="2"/>
        <line num="1421" count="0" type="stmt"/>
        <line num="1424" count="0" type="stmt"/>
        <line num="1425" count="0" type="stmt"/>
        <line num="1429" count="4" type="stmt"/>
        <line num="1430" count="0" type="stmt"/>
        <line num="1431" count="0" type="stmt"/>
        <line num="1432" count="0" type="cond" truecount="0" falsecount="2"/>
        <line num="1433" count="0" type="stmt"/>
        <line num="1441" count="0" type="cond" truecount="0" falsecount="2"/>
        <line num="1443" count="0" type="stmt"/>
        <line num="1448" count="0" type="stmt"/>
        <line num="1454" count="0" type="cond" truecount="0" falsecount="2"/>
        <line num="1455" count="0" type="cond" truecount="0" falsecount="2"/>
        <line num="1456" count="0" type="cond" truecount="0" falsecount="4"/>
        <line num="1458" count="0" type="stmt"/>
        <line num="1459" count="0" type="stmt"/>
        <line num="1463" count="4" type="stmt"/>
        <line num="1464" count="0" type="stmt"/>
        <line num="1465" count="0" type="stmt"/>
        <line num="1466" count="0" type="cond" truecount="0" falsecount="2"/>
        <line num="1468" count="0" type="stmt"/>
        <line num="1469" count="0" type="cond" truecount="0" falsecount="2"/>
        <line num="1470" count="0" type="stmt"/>
        <line num="1474" count="0" type="cond" truecount="0" falsecount="2"/>
        <line num="1477" count="0" type="cond" truecount="0" falsecount="4"/>
        <line num="1479" count="0" type="stmt"/>
        <line num="1483" count="0" type="cond" truecount="0" falsecount="4"/>
        <line num="1485" count="0" type="stmt"/>
        <line num="1492" count="0" type="stmt"/>
        <line num="1493" count="0" type="cond" truecount="0" falsecount="4"/>
        <line num="1494" count="0" type="stmt"/>
        <line num="1495" count="0" type="cond" truecount="0" falsecount="4"/>
        <line num="1496" count="0" type="cond" truecount="0" falsecount="4"/>
        <line num="1497" count="0" type="stmt"/>
        <line num="1498" count="0" type="stmt"/>
        <line num="1502" count="0" type="stmt"/>
        <line num="1507" count="0" type="stmt"/>
        <line num="1513" count="0" type="stmt"/>
        <line num="1520" count="0" type="stmt"/>
        <line num="1524" count="4" type="stmt"/>
        <line num="1525" count="0" type="stmt"/>
        <line num="1526" count="0" type="stmt"/>
        <line num="1527" count="0" type="cond" truecount="0" falsecount="2"/>
        <line num="1529" count="0" type="stmt"/>
        <line num="1530" count="0" type="cond" truecount="0" falsecount="2"/>
        <line num="1532" count="0" type="stmt"/>
        <line num="1540" count="0" type="cond" truecount="0" falsecount="2"/>
        <line num="1543" count="0" type="cond" truecount="0" falsecount="4"/>
        <line num="1544" count="0" type="stmt"/>
        <line num="1548" count="0" type="stmt"/>
        <line num="1549" count="0" type="stmt"/>
        <line num="1552" count="0" type="cond" truecount="0" falsecount="2"/>
        <line num="1553" count="0" type="stmt"/>
        <line num="1560" count="0" type="stmt"/>
        <line num="1565" count="0" type="stmt"/>
        <line num="1571" count="0" type="stmt"/>
        <line num="1577" count="0" type="stmt"/>
        <line num="1581" count="4" type="stmt"/>
        <line num="1582" count="0" type="stmt"/>
        <line num="1583" count="0" type="stmt"/>
        <line num="1584" count="0" type="cond" truecount="0" falsecount="4"/>
        <line num="1586" count="0" type="stmt"/>
        <line num="1587" count="0" type="cond" truecount="0" falsecount="2"/>
        <line num="1589" count="0" type="stmt"/>
        <line num="1597" count="0" type="cond" truecount="0" falsecount="2"/>
        <line num="1600" count="0" type="cond" truecount="0" falsecount="2"/>
        <line num="1601" count="0" type="stmt"/>
        <line num="1605" count="0" type="stmt"/>
        <line num="1606" count="0" type="stmt"/>
        <line num="1607" count="0" type="stmt"/>
        <line num="1608" count="0" type="stmt"/>
        <line num="1611" count="0" type="cond" truecount="0" falsecount="4"/>
        <line num="1612" count="0" type="stmt"/>
        <line num="1619" count="0" type="stmt"/>
        <line num="1627" count="0" type="stmt"/>
        <line num="1633" count="0" type="stmt"/>
        <line num="1639" count="0" type="stmt"/>
        <line num="1643" count="4" type="stmt"/>
        <line num="1644" count="0" type="stmt"/>
        <line num="1645" count="0" type="stmt"/>
        <line num="1646" count="0" type="cond" truecount="0" falsecount="2"/>
        <line num="1647" count="0" type="cond" truecount="0" falsecount="5"/>
        <line num="1648" count="0" type="stmt"/>
        <line num="1651" count="0" type="stmt"/>
        <line num="1653" count="0" type="stmt"/>
        <line num="1654" count="0" type="cond" truecount="0" falsecount="2"/>
        <line num="1655" count="0" type="cond" truecount="0" falsecount="2"/>
        <line num="1657" count="0" type="stmt"/>
        <line num="1668" count="0" type="stmt"/>
        <line num="1677" count="0" type="stmt"/>
        <line num="1681" count="4" type="stmt"/>
        <line num="1682" count="0" type="stmt"/>
        <line num="1683" count="0" type="stmt"/>
        <line num="1684" count="0" type="cond" truecount="0" falsecount="2"/>
        <line num="1685" count="0" type="cond" truecount="0" falsecount="2"/>
        <line num="1686" count="0" type="cond" truecount="0" falsecount="5"/>
        <line num="1687" count="0" type="stmt"/>
        <line num="1690" count="0" type="stmt"/>
        <line num="1691" count="0" type="cond" truecount="0" falsecount="2"/>
        <line num="1692" count="0" type="cond" truecount="0" falsecount="2"/>
        <line num="1695" count="0" type="stmt"/>
        <line num="1696" count="0" type="cond" truecount="0" falsecount="2"/>
        <line num="1700" count="0" type="stmt"/>
        <line num="1701" count="0" type="cond" truecount="0" falsecount="2"/>
        <line num="1704" count="0" type="stmt"/>
        <line num="1716" count="0" type="stmt"/>
        <line num="1729" count="0" type="stmt"/>
        <line num="1730" count="0" type="stmt"/>
        <line num="1732" count="0" type="stmt"/>
        <line num="1741" count="0" type="stmt"/>
        <line num="1745" count="4" type="stmt"/>
        <line num="1752" count="0" type="cond" truecount="0" falsecount="5"/>
        <line num="1756" count="0" type="cond" truecount="0" falsecount="5"/>
        <line num="1760" count="0" type="stmt"/>
        <line num="1761" count="0" type="cond" truecount="0" falsecount="2"/>
        <line num="1762" count="0" type="stmt"/>
        <line num="1765" count="0" type="cond" truecount="0" falsecount="2"/>
        <line num="1766" count="0" type="stmt"/>
        <line num="1768" count="0" type="cond" truecount="0" falsecount="4"/>
        <line num="1769" count="0" type="stmt"/>
        <line num="1772" count="0" type="stmt"/>
        <line num="1774" count="0" type="stmt"/>
        <line num="1775" count="0" type="cond" truecount="0" falsecount="2"/>
        <line num="1776" count="0" type="cond" truecount="0" falsecount="2"/>
        <line num="1777" count="0" type="cond" truecount="0" falsecount="2"/>
        <line num="1778" count="0" type="stmt"/>
        <line num="1779" count="0" type="stmt"/>
        <line num="1781" count="0" type="cond" truecount="0" falsecount="4"/>
        <line num="1782" count="0" type="cond" truecount="0" falsecount="2"/>
        <line num="1785" count="0" type="stmt"/>
        <line num="1786" count="0" type="stmt"/>
        <line num="1795" count="0" type="stmt"/>
        <line num="1796" count="0" type="stmt"/>
        <line num="1800" count="0" type="stmt"/>
        <line num="1806" count="0" type="cond" truecount="0" falsecount="2"/>
        <line num="1807" count="0" type="cond" truecount="0" falsecount="2"/>
        <line num="1808" count="0" type="cond" truecount="0" falsecount="2"/>
        <line num="1809" count="0" type="stmt"/>
        <line num="1812" count="0" type="stmt"/>
        <line num="1813" count="0" type="stmt"/>
        <line num="1817" count="4" type="stmt"/>
        <line num="1824" count="0" type="cond" truecount="0" falsecount="5"/>
        <line num="1828" count="0" type="cond" truecount="0" falsecount="5"/>
        <line num="1832" count="0" type="stmt"/>
        <line num="1833" count="0" type="stmt"/>
        <line num="1834" count="0" type="cond" truecount="0" falsecount="2"/>
        <line num="1838" count="0" type="stmt"/>
        <line num="1839" count="0" type="cond" truecount="0" falsecount="2"/>
        <line num="1841" count="0" type="cond" truecount="0" falsecount="2"/>
        <line num="1842" count="0" type="stmt"/>
        <line num="1844" count="0" type="cond" truecount="0" falsecount="2"/>
        <line num="1845" count="0" type="stmt"/>
        <line num="1847" count="0" type="cond" truecount="0" falsecount="4"/>
        <line num="1848" count="0" type="stmt"/>
        <line num="1851" count="0" type="stmt"/>
        <line num="1853" count="0" type="stmt"/>
        <line num="1854" count="0" type="cond" truecount="0" falsecount="2"/>
        <line num="1855" count="0" type="cond" truecount="0" falsecount="2"/>
        <line num="1856" count="0" type="cond" truecount="0" falsecount="2"/>
        <line num="1857" count="0" type="stmt"/>
        <line num="1858" count="0" type="stmt"/>
        <line num="1860" count="0" type="cond" truecount="0" falsecount="4"/>
        <line num="1861" count="0" type="cond" truecount="0" falsecount="2"/>
        <line num="1864" count="0" type="stmt"/>
        <line num="1865" count="0" type="stmt"/>
        <line num="1874" count="0" type="stmt"/>
        <line num="1875" count="0" type="stmt"/>
        <line num="1879" count="0" type="stmt"/>
        <line num="1885" count="0" type="cond" truecount="0" falsecount="2"/>
        <line num="1886" count="0" type="cond" truecount="0" falsecount="2"/>
        <line num="1887" count="0" type="cond" truecount="0" falsecount="4"/>
        <line num="1888" count="0" type="cond" truecount="0" falsecount="2"/>
        <line num="1889" count="0" type="stmt"/>
        <line num="1892" count="0" type="stmt"/>
        <line num="1893" count="0" type="stmt"/>
        <line num="1898" count="4" type="stmt"/>
        <line num="1899" count="0" type="stmt"/>
        <line num="1900" count="0" type="stmt"/>
        <line num="1901" count="0" type="cond" truecount="0" falsecount="2"/>
        <line num="1903" count="0" type="stmt"/>
        <line num="1904" count="0" type="cond" truecount="0" falsecount="2"/>
        <line num="1905" count="0" type="stmt"/>
        <line num="1909" count="0" type="cond" truecount="0" falsecount="2"/>
        <line num="1910" count="0" type="cond" truecount="0" falsecount="2"/>
        <line num="1913" count="0" type="cond" truecount="0" falsecount="4"/>
        <line num="1914" count="0" type="stmt"/>
        <line num="1918" count="0" type="cond" truecount="0" falsecount="2"/>
        <line num="1919" count="0" type="cond" truecount="0" falsecount="4"/>
        <line num="1920" count="0" type="stmt"/>
        <line num="1922" count="0" type="cond" truecount="0" falsecount="2"/>
        <line num="1923" count="0" type="stmt"/>
        <line num="1926" count="0" type="stmt"/>
        <line num="1930" count="0" type="cond" truecount="0" falsecount="2"/>
        <line num="1932" count="0" type="cond" truecount="0" falsecount="2"/>
        <line num="1934" count="0" type="stmt"/>
        <line num="1939" count="0" type="stmt"/>
        <line num="1942" count="0" type="stmt"/>
        <line num="1947" count="0" type="stmt"/>
        <line num="1949" count="0" type="stmt"/>
        <line num="1959" count="0" type="cond" truecount="0" falsecount="2"/>
        <line num="1960" count="0" type="stmt"/>
        <line num="1961" count="0" type="stmt"/>
        <line num="1962" count="0" type="cond" truecount="0" falsecount="2"/>
        <line num="1963" count="0" type="stmt"/>
        <line num="1964" count="0" type="stmt"/>
        <line num="1965" count="0" type="stmt"/>
        <line num="1966" count="0" type="stmt"/>
        <line num="1969" count="0" type="stmt"/>
        <line num="1970" count="0" type="stmt"/>
        <line num="1978" count="4" type="stmt"/>
        <line num="1979" count="2" type="stmt"/>
        <line num="1982" count="2" type="stmt"/>
        <line num="1986" count="4" type="stmt"/>
        <line num="1987" count="4" type="stmt"/>
        <line num="1988" count="4" type="stmt"/>
        <line num="1991" count="4" type="stmt"/>
        <line num="1992" count="4" type="stmt"/>
        <line num="1995" count="4" type="cond" truecount="3" falsecount="1"/>
        <line num="1996" count="0" type="stmt"/>
        <line num="1999" count="4" type="cond" truecount="1" falsecount="1"/>
        <line num="2000" count="4" type="cond" truecount="1" falsecount="1"/>
        <line num="2003" count="4" type="stmt"/>
        <line num="2004" count="4" type="cond" truecount="1" falsecount="1"/>
        <line num="2006" count="4" type="stmt"/>
        <line num="2007" count="4" type="stmt"/>
        <line num="2008" count="4" type="stmt"/>
        <line num="2009" count="4" type="cond" truecount="2" falsecount="0"/>
        <line num="2010" count="1" type="stmt"/>
        <line num="2013" count="0" type="stmt"/>
        <line num="2017" count="3" type="cond" truecount="2" falsecount="0"/>
        <line num="2018" count="3" type="stmt"/>
        <line num="2020" count="3" type="cond" truecount="2" falsecount="0"/>
        <line num="2022" count="1" type="stmt"/>
        <line num="2027" count="1" type="cond" truecount="1" falsecount="1"/>
        <line num="2028" count="0" type="stmt"/>
        <line num="2032" count="3" type="stmt"/>
        <line num="2041" count="1" type="stmt"/>
        <line num="2055" count="3" type="stmt"/>
        <line num="2061" count="3" type="stmt"/>
        <line num="2067" count="0" type="stmt"/>
        <line num="2071" count="4" type="stmt"/>
        <line num="2084" count="1" type="cond" truecount="2" falsecount="3"/>
        <line num="2088" count="1" type="cond" truecount="2" falsecount="3"/>
        <line num="2092" count="1" type="stmt"/>
        <line num="2093" count="1" type="stmt"/>
        <line num="2095" count="1" type="cond" truecount="2" falsecount="2"/>
        <line num="2097" count="1" type="stmt"/>
        <line num="2098" count="1" type="stmt"/>
        <line num="2101" count="1" type="cond" truecount="3" falsecount="1"/>
        <line num="2102" count="0" type="stmt"/>
        <line num="2104" count="1" type="cond" truecount="4" falsecount="1"/>
        <line num="2105" count="0" type="stmt"/>
        <line num="2108" count="1" type="stmt"/>
        <line num="2109" count="1" type="stmt"/>
        <line num="2111" count="1" type="stmt"/>
        <line num="2112" count="1" type="cond" truecount="1" falsecount="1"/>
        <line num="2113" count="1" type="cond" truecount="1" falsecount="1"/>
        <line num="2114" count="1" type="cond" truecount="1" falsecount="3"/>
        <line num="2115" count="1" type="cond" truecount="1" falsecount="3"/>
        <line num="2117" count="1" type="cond" truecount="2" falsecount="0"/>
        <line num="2119" count="1" type="cond" truecount="1" falsecount="1"/>
        <line num="2120" count="0" type="stmt"/>
        <line num="2121" count="1" type="cond" truecount="1" falsecount="1"/>
        <line num="2122" count="0" type="stmt"/>
        <line num="2126" count="1" type="cond" truecount="3" falsecount="1"/>
        <line num="2130" count="1" type="stmt"/>
        <line num="2142" count="1" type="cond" truecount="2" falsecount="4"/>
        <line num="2143" count="0" type="stmt"/>
        <line num="2144" count="0" type="stmt"/>
        <line num="2145" count="0" type="stmt"/>
        <line num="2147" count="0" type="stmt"/>
        <line num="2149" count="0" type="cond" truecount="0" falsecount="4"/>
        <line num="2150" count="0" type="stmt"/>
        <line num="2152" count="0" type="stmt"/>
        <line num="2157" count="1" type="cond" truecount="1" falsecount="1"/>
        <line num="2158" count="0" type="stmt"/>
        <line num="2159" count="0" type="stmt"/>
        <line num="2160" count="0" type="cond" truecount="0" falsecount="2"/>
        <line num="2161" count="0" type="stmt"/>
        <line num="2167" count="1" type="cond" truecount="1" falsecount="1"/>
        <line num="2168" count="0" type="stmt"/>
        <line num="2169" count="0" type="cond" truecount="0" falsecount="2"/>
        <line num="2170" count="0" type="stmt"/>
        <line num="2173" count="1" type="cond" truecount="1" falsecount="1"/>
        <line num="2174" count="0" type="stmt"/>
        <line num="2175" count="0" type="cond" truecount="0" falsecount="2"/>
        <line num="2176" count="0" type="stmt"/>
        <line num="2181" count="1" type="cond" truecount="2" falsecount="2"/>
        <line num="2182" count="0" type="stmt"/>
        <line num="2183" count="0" type="stmt"/>
        <line num="2184" count="0" type="cond" truecount="0" falsecount="2"/>
        <line num="2185" count="0" type="stmt"/>
        <line num="2190" count="1" type="cond" truecount="3" falsecount="1"/>
        <line num="2191" count="1" type="cond" truecount="1" falsecount="1"/>
        <line num="2194" count="1" type="stmt"/>
        <line num="2195" count="1" type="stmt"/>
        <line num="2197" count="1" type="stmt"/>
        <line num="2198" count="1" type="stmt"/>
        <line num="2203" count="1" type="cond" truecount="1" falsecount="1"/>
        <line num="2204" count="1" type="stmt"/>
        <line num="2205" count="1" type="stmt"/>
        <line num="2206" count="1" type="stmt"/>
        <line num="2210" count="1" type="cond" truecount="3" falsecount="1"/>
        <line num="2213" count="1" type="stmt"/>
        <line num="2215" count="1" type="cond" truecount="2" falsecount="2"/>
        <line num="2216" count="0" type="stmt"/>
        <line num="2218" count="1" type="stmt"/>
        <line num="2220" count="0" type="cond" truecount="0" falsecount="4"/>
        <line num="2221" count="0" type="stmt"/>
        <line num="2224" count="0" type="stmt"/>
        <line num="2228" count="1" type="cond" truecount="3" falsecount="1"/>
        <line num="2229" count="1" type="stmt"/>
        <line num="2230" count="1" type="cond" truecount="3" falsecount="1"/>
        <line num="2231" count="0" type="stmt"/>
        <line num="2233" count="0" type="cond" truecount="0" falsecount="4"/>
        <line num="2234" count="0" type="cond" truecount="0" falsecount="2"/>
        <line num="2237" count="1" type="stmt"/>
        <line num="2240" count="0" type="stmt"/>
        <line num="2242" count="1" type="stmt"/>
        <line num="2245" count="1" type="stmt"/>
        <line num="2246" count="0" type="stmt"/>
        <line num="2250" count="4" type="stmt"/>
        <line num="2251" count="0" type="stmt"/>
        <line num="2252" count="0" type="stmt"/>
        <line num="2253" count="0" type="cond" truecount="0" falsecount="2"/>
        <line num="2254" count="0" type="stmt"/>
        <line num="2262" count="0" type="cond" truecount="0" falsecount="2"/>
        <line num="2265" count="0" type="stmt"/>
        <line num="2266" count="0" type="stmt"/>
        <line num="2267" count="0" type="cond" truecount="0" falsecount="2"/>
        <line num="2268" count="0" type="stmt"/>
        <line num="2271" count="0" type="cond" truecount="0" falsecount="2"/>
        <line num="2272" count="0" type="cond" truecount="0" falsecount="2"/>
        <line num="2274" count="0" type="cond" truecount="0" falsecount="2"/>
        <line num="2275" count="0" type="cond" truecount="0" falsecount="2"/>
        <line num="2276" count="0" type="cond" truecount="0" falsecount="4"/>
        <line num="2279" count="0" type="stmt"/>
        <line num="2281" count="0" type="stmt"/>
        <line num="2287" count="0" type="cond" truecount="0" falsecount="4"/>
        <line num="2288" count="0" type="stmt"/>
        <line num="2289" count="0" type="stmt"/>
        <line num="2290" count="0" type="stmt"/>
        <line num="2291" count="0" type="stmt"/>
        <line num="2292" count="0" type="stmt"/>
        <line num="2294" count="0" type="stmt"/>
        <line num="2296" count="0" type="cond" truecount="0" falsecount="4"/>
        <line num="2297" count="0" type="stmt"/>
        <line num="2298" count="0" type="stmt"/>
        <line num="2299" count="0" type="cond" truecount="0" falsecount="4"/>
        <line num="2300" count="0" type="stmt"/>
        <line num="2303" count="0" type="stmt"/>
        <line num="2307" count="0" type="stmt"/>
        <line num="2308" count="0" type="stmt"/>
        <line num="2312" count="4" type="stmt"/>
        <line num="2313" count="1" type="stmt"/>
        <line num="2314" count="1" type="stmt"/>
        <line num="2315" count="1" type="cond" truecount="1" falsecount="1"/>
        <line num="2318" count="1" type="stmt"/>
        <line num="2322" count="1" type="cond" truecount="1" falsecount="1"/>
        <line num="2325" count="1" type="stmt"/>
        <line num="2326" count="1" type="cond" truecount="1" falsecount="1"/>
        <line num="2328" count="1" type="stmt"/>
        <line num="2331" count="1" type="stmt"/>
        <line num="2332" count="1" type="stmt"/>
        <line num="2333" count="1" type="cond" truecount="2" falsecount="2"/>
        <line num="2334" count="0" type="stmt"/>
        <line num="2337" count="1" type="cond" truecount="2" falsecount="4"/>
        <line num="2338" count="0" type="stmt"/>
        <line num="2343" count="1" type="cond" truecount="3" falsecount="3"/>
        <line num="2344" count="0" type="cond" truecount="0" falsecount="2"/>
        <line num="2345" count="0" type="stmt"/>
        <line num="2346" count="0" type="stmt"/>
        <line num="2347" count="0" type="cond" truecount="0" falsecount="4"/>
        <line num="2348" count="0" type="stmt"/>
        <line num="2349" count="0" type="cond" truecount="0" falsecount="2"/>
        <line num="2350" count="0" type="stmt"/>
        <line num="2353" count="0" type="cond" truecount="0" falsecount="2"/>
        <line num="2355" count="0" type="cond" truecount="0" falsecount="4"/>
        <line num="2356" count="0" type="stmt"/>
        <line num="2357" count="0" type="cond" truecount="0" falsecount="2"/>
        <line num="2358" count="0" type="stmt"/>
        <line num="2364" count="1" type="stmt"/>
        <line num="2365" count="1" type="cond" truecount="1" falsecount="1"/>
        <line num="2367" count="0" type="cond" truecount="0" falsecount="2"/>
        <line num="2368" count="0" type="stmt"/>
        <line num="2370" count="0" type="stmt"/>
        <line num="2374" count="1" type="cond" truecount="3" falsecount="1"/>
        <line num="2375" count="0" type="cond" truecount="0" falsecount="2"/>
        <line num="2376" count="0" type="cond" truecount="0" falsecount="2"/>
        <line num="2378" count="0" type="cond" truecount="0" falsecount="2"/>
        <line num="2379" count="0" type="cond" truecount="0" falsecount="4"/>
        <line num="2383" count="1" type="stmt"/>
        <line num="2385" count="1" type="cond" truecount="1" falsecount="1"/>
        <line num="2386" count="0" type="stmt"/>
        <line num="2387" count="0" type="stmt"/>
        <line num="2388" count="0" type="cond" truecount="0" falsecount="2"/>
        <line num="2389" count="0" type="stmt"/>
        <line num="2395" count="1" type="cond" truecount="2" falsecount="2"/>
        <line num="2396" count="0" type="stmt"/>
        <line num="2400" count="1" type="cond" truecount="2" falsecount="2"/>
        <line num="2401" count="0" type="cond" truecount="0" falsecount="2"/>
        <line num="2402" count="0" type="stmt"/>
        <line num="2407" count="1" type="cond" truecount="1" falsecount="1"/>
        <line num="2408" count="0" type="stmt"/>
        <line num="2409" count="0" type="stmt"/>
        <line num="2410" count="0" type="cond" truecount="0" falsecount="2"/>
        <line num="2411" count="0" type="stmt"/>
        <line num="2413" count="0" type="stmt"/>
        <line num="2414" count="0" type="stmt"/>
        <line num="2415" count="0" type="stmt"/>
        <line num="2419" count="1" type="cond" truecount="3" falsecount="1"/>
        <line num="2420" count="0" type="stmt"/>
        <line num="2424" count="1" type="cond" truecount="2" falsecount="2"/>
        <line num="2426" count="0" type="stmt"/>
        <line num="2427" count="0" type="cond" truecount="0" falsecount="2"/>
        <line num="2428" count="0" type="stmt"/>
        <line num="2433" count="0" type="cond" truecount="0" falsecount="2"/>
        <line num="2434" count="0" type="stmt"/>
        <line num="2439" count="0" type="stmt"/>
        <line num="2443" count="0" type="stmt"/>
        <line num="2444" count="0" type="stmt"/>
        <line num="2447" count="0" type="stmt"/>
        <line num="2448" count="0" type="stmt"/>
        <line num="2451" count="0" type="cond" truecount="0" falsecount="4"/>
        <line num="2453" count="0" type="cond" truecount="0" falsecount="2"/>
        <line num="2454" count="0" type="stmt"/>
        <line num="2463" count="0" type="cond" truecount="0" falsecount="2"/>
        <line num="2465" count="0" type="stmt"/>
        <line num="2466" count="0" type="stmt"/>
        <line num="2467" count="0" type="stmt"/>
        <line num="2473" count="0" type="cond" truecount="0" falsecount="2"/>
        <line num="2474" count="0" type="stmt"/>
        <line num="2483" count="1" type="stmt"/>
        <line num="2484" count="1" type="cond" truecount="1" falsecount="1"/>
        <line num="2485" count="1" type="cond" truecount="1" falsecount="1"/>
        <line num="2486" count="1" type="cond" truecount="1" falsecount="1"/>
        <line num="2487" count="1" type="cond" truecount="1" falsecount="1"/>
        <line num="2488" count="1" type="cond" truecount="1" falsecount="1"/>
        <line num="2489" count="1" type="cond" truecount="1" falsecount="1"/>
        <line num="2490" count="1" type="cond" truecount="1" falsecount="1"/>
        <line num="2491" count="1" type="cond" truecount="1" falsecount="1"/>
        <line num="2492" count="1" type="cond" truecount="1" falsecount="1"/>
        <line num="2494" count="1" type="stmt"/>
        <line num="2509" count="1" type="stmt"/>
        <line num="2516" count="1" type="stmt"/>
        <line num="2517" count="1" type="cond" truecount="1" falsecount="1"/>
        <line num="2518" count="1" type="cond" truecount="1" falsecount="1"/>
        <line num="2519" count="1" type="cond" truecount="1" falsecount="1"/>
        <line num="2520" count="1" type="cond" truecount="1" falsecount="1"/>
        <line num="2521" count="1" type="cond" truecount="1" falsecount="1"/>
        <line num="2522" count="1" type="cond" truecount="1" falsecount="1"/>
        <line num="2523" count="0" type="stmt"/>
        <line num="2524" count="0" type="stmt"/>
        <line num="2526" count="1" type="cond" truecount="1" falsecount="1"/>
        <line num="2527" count="0" type="stmt"/>
        <line num="2534" count="1" type="stmt"/>
        <line num="2535" count="0" type="stmt"/>
        <line num="2539" count="4" type="stmt"/>
        <line num="2540" count="0" type="stmt"/>
        <line num="2541" count="0" type="stmt"/>
        <line num="2542" count="0" type="cond" truecount="0" falsecount="2"/>
        <line num="2543" count="0" type="stmt"/>
        <line num="2545" count="0" type="cond" truecount="0" falsecount="2"/>
        <line num="2548" count="0" type="cond" truecount="0" falsecount="2"/>
        <line num="2549" count="0" type="stmt"/>
        <line num="2553" count="0" type="stmt"/>
        <line num="2554" count="0" type="cond" truecount="0" falsecount="2"/>
        <line num="2556" count="0" type="stmt"/>
        <line num="2557" count="0" type="stmt"/>
        <line num="2558" count="0" type="cond" truecount="0" falsecount="2"/>
        <line num="2560" count="0" type="stmt"/>
        <line num="2561" count="0" type="stmt"/>
        <line num="2562" count="0" type="stmt"/>
        <line num="2566" count="4" type="stmt"/>
        <line num="2567" count="0" type="stmt"/>
        <line num="2569" count="0" type="stmt"/>
        <line num="2570" count="0" type="cond" truecount="0" falsecount="2"/>
        <line num="2573" count="0" type="stmt"/>
        <line num="2583" count="0" type="cond" truecount="0" falsecount="2"/>
        <line num="2586" count="0" type="cond" truecount="0" falsecount="2"/>
        <line num="2589" count="0" type="stmt"/>
        <line num="2590" count="0" type="cond" truecount="0" falsecount="2"/>
        <line num="2592" count="0" type="stmt"/>
        <line num="2593" count="0" type="stmt"/>
        <line num="2594" count="0" type="cond" truecount="0" falsecount="2"/>
        <line num="2595" count="0" type="stmt"/>
        <line num="2599" count="0" type="cond" truecount="0" falsecount="5"/>
        <line num="2602" count="0" type="cond" truecount="0" falsecount="2"/>
        <line num="2603" count="0" type="stmt"/>
        <line num="2607" count="0" type="stmt"/>
        <line num="2611" count="0" type="cond" truecount="0" falsecount="2"/>
        <line num="2614" count="0" type="cond" truecount="0" falsecount="2"/>
        <line num="2615" count="0" type="stmt"/>
        <line num="2618" count="0" type="stmt"/>
        <line num="2621" count="0" type="cond" truecount="0" falsecount="2"/>
        <line num="2624" count="0" type="stmt"/>
        <line num="2629" count="0" type="stmt"/>
        <line num="2642" count="0" type="stmt"/>
        <line num="2651" count="0" type="stmt"/>
        <line num="2658" count="0" type="cond" truecount="0" falsecount="2"/>
        <line num="2659" count="0" type="stmt"/>
        <line num="2661" count="0" type="stmt"/>
        <line num="2666" count="4" type="stmt"/>
        <line num="2667" count="0" type="stmt"/>
        <line num="2668" count="0" type="stmt"/>
        <line num="2669" count="0" type="cond" truecount="0" falsecount="2"/>
        <line num="2670" count="0" type="stmt"/>
        <line num="2671" count="0" type="cond" truecount="0" falsecount="2"/>
        <line num="2673" count="0" type="stmt"/>
        <line num="2676" count="0" type="cond" truecount="0" falsecount="2"/>
        <line num="2678" count="0" type="stmt"/>
        <line num="2681" count="0" type="stmt"/>
        <line num="2682" count="0" type="stmt"/>
        <line num="2686" count="4" type="stmt"/>
        <line num="2687" count="0" type="stmt"/>
        <line num="2688" count="0" type="stmt"/>
        <line num="2689" count="0" type="cond" truecount="0" falsecount="2"/>
        <line num="2692" count="0" type="stmt"/>
        <line num="2696" count="0" type="cond" truecount="0" falsecount="2"/>
        <line num="2699" count="0" type="cond" truecount="0" falsecount="2"/>
        <line num="2700" count="0" type="stmt"/>
        <line num="2704" count="0" type="cond" truecount="0" falsecount="4"/>
        <line num="2705" count="0" type="stmt"/>
        <line num="2709" count="0" type="stmt"/>
        <line num="2710" count="0" type="cond" truecount="0" falsecount="2"/>
        <line num="2712" count="0" type="stmt"/>
        <line num="2713" count="0" type="stmt"/>
        <line num="2714" count="0" type="stmt"/>
        <line num="2715" count="0" type="cond" truecount="0" falsecount="4"/>
        <line num="2716" count="0" type="stmt"/>
        <line num="2720" count="0" type="cond" truecount="0" falsecount="2"/>
        <line num="2721" count="0" type="cond" truecount="0" falsecount="4"/>
        <line num="2722" count="0" type="stmt"/>
        <line num="2724" count="0" type="cond" truecount="0" falsecount="4"/>
        <line num="2725" count="0" type="stmt"/>
        <line num="2729" count="0" type="cond" truecount="0" falsecount="2"/>
        <line num="2735" count="0" type="cond" truecount="0" falsecount="2"/>
        <line num="2736" count="0" type="stmt"/>
        <line num="2739" count="0" type="stmt"/>
        <line num="2740" count="0" type="cond" truecount="0" falsecount="2"/>
        <line num="2743" count="0" type="stmt"/>
        <line num="2746" count="0" type="cond" truecount="0" falsecount="2"/>
        <line num="2748" count="0" type="stmt"/>
        <line num="2750" count="0" type="stmt"/>
        <line num="2758" count="0" type="cond" truecount="0" falsecount="2"/>
        <line num="2759" count="0" type="stmt"/>
        <line num="2761" count="0" type="stmt"/>
        <line num="2767" count="4" type="stmt"/>
        <line num="2768" count="0" type="stmt"/>
        <line num="2769" count="0" type="stmt"/>
        <line num="2770" count="0" type="cond" truecount="0" falsecount="2"/>
        <line num="2773" count="0" type="stmt"/>
        <line num="2774" count="0" type="cond" truecount="0" falsecount="2"/>
        <line num="2777" count="0" type="stmt"/>
        <line num="2778" count="0" type="cond" truecount="0" falsecount="2"/>
        <line num="2780" count="0" type="stmt"/>
        <line num="2783" count="0" type="stmt"/>
        <line num="2786" count="0" type="cond" truecount="0" falsecount="2"/>
        <line num="2789" count="0" type="cond" truecount="0" falsecount="2"/>
        <line num="2791" count="0" type="stmt"/>
        <line num="2794" count="0" type="stmt"/>
        <line num="2795" count="0" type="stmt"/>
        <line num="2799" count="4" type="stmt"/>
        <line num="2800" count="0" type="stmt"/>
        <line num="2801" count="0" type="stmt"/>
        <line num="2802" count="0" type="stmt"/>
        <line num="2803" count="0" type="cond" truecount="0" falsecount="2"/>
        <line num="2804" count="0" type="cond" truecount="0" falsecount="2"/>
        <line num="2807" count="0" type="stmt"/>
        <line num="2808" count="0" type="cond" truecount="0" falsecount="2"/>
        <line num="2811" count="0" type="stmt"/>
        <line num="2812" count="0" type="cond" truecount="0" falsecount="2"/>
        <line num="2814" count="0" type="stmt"/>
        <line num="2815" count="0" type="stmt"/>
        <line num="2816" count="0" type="cond" truecount="0" falsecount="2"/>
        <line num="2817" count="0" type="stmt"/>
        <line num="2820" count="0" type="stmt"/>
        <line num="2823" count="0" type="cond" truecount="0" falsecount="2"/>
        <line num="2825" count="0" type="stmt"/>
        <line num="2828" count="0" type="stmt"/>
        <line num="2829" count="0" type="stmt"/>
        <line num="2833" count="4" type="stmt"/>
        <line num="2834" count="1" type="stmt"/>
        <line num="2835" count="1" type="stmt"/>
        <line num="2836" count="1" type="cond" truecount="1" falsecount="1"/>
        <line num="2838" count="1" type="stmt"/>
        <line num="2842" count="1" type="cond" truecount="1" falsecount="1"/>
        <line num="2845" count="1" type="cond" truecount="1" falsecount="1"/>
        <line num="2846" count="0" type="stmt"/>
        <line num="2850" count="1" type="cond" truecount="2" falsecount="2"/>
        <line num="2851" count="0" type="stmt"/>
        <line num="2858" count="1" type="stmt"/>
        <line num="2861" count="1" type="cond" truecount="1" falsecount="1"/>
        <line num="2863" count="1" type="stmt"/>
        <line num="2864" count="1" type="cond" truecount="1" falsecount="1"/>
        <line num="2866" count="1" type="stmt"/>
        <line num="2868" count="1" type="stmt"/>
        <line num="2870" count="1" type="stmt"/>
        <line num="2877" count="0" type="stmt"/>
        <line num="2881" count="4" type="stmt"/>
        <line num="2882" count="0" type="stmt"/>
        <line num="2883" count="0" type="stmt"/>
        <line num="2884" count="0" type="cond" truecount="0" falsecount="2"/>
        <line num="2887" count="0" type="cond" truecount="0" falsecount="2"/>
        <line num="2888" count="0" type="cond" truecount="0" falsecount="2"/>
        <line num="2889" count="0" type="cond" truecount="0" falsecount="4"/>
        <line num="2892" count="0" type="stmt"/>
        <line num="2896" count="0" type="cond" truecount="0" falsecount="2"/>
        <line num="2899" count="0" type="stmt"/>
        <line num="2900" count="0" type="cond" truecount="0" falsecount="2"/>
        <line num="2902" count="0" type="stmt"/>
        <line num="2903" count="0" type="stmt"/>
        <line num="2904" count="0" type="stmt"/>
        <line num="2905" count="0" type="cond" truecount="0" falsecount="4"/>
        <line num="2906" count="0" type="stmt"/>
        <line num="2909" count="0" type="stmt"/>
        <line num="2912" count="0" type="cond" truecount="0" falsecount="4"/>
        <line num="2913" count="0" type="stmt"/>
        <line num="2914" count="0" type="cond" truecount="0" falsecount="2"/>
        <line num="2915" count="0" type="stmt"/>
        <line num="2918" count="0" type="stmt"/>
        <line num="2919" count="0" type="stmt"/>
        <line num="2920" count="0" type="stmt"/>
        <line num="2932" count="0" type="stmt"/>
        <line num="2937" count="0" type="stmt"/>
        <line num="2948" count="0" type="stmt"/>
        <line num="2953" count="0" type="stmt"/>
        <line num="2957" count="0" type="cond" truecount="0" falsecount="5"/>
        <line num="2958" count="0" type="stmt"/>
        <line num="2961" count="0" type="stmt"/>
        <line num="2962" count="0" type="cond" truecount="0" falsecount="2"/>
        <line num="2965" count="0" type="stmt"/>
        <line num="2966" count="0" type="cond" truecount="0" falsecount="2"/>
        <line num="2968" count="0" type="cond" truecount="0" falsecount="2"/>
        <line num="2969" count="0" type="stmt"/>
        <line num="2972" count="0" type="stmt"/>
        <line num="2984" count="0" type="stmt"/>
        <line num="2989" count="0" type="stmt"/>
        <line num="2994" count="0" type="stmt"/>
        <line num="3003" count="0" type="stmt"/>
        <line num="3011" count="4" type="stmt"/>
        <line num="3012" count="0" type="stmt"/>
        <line num="3014" count="0" type="stmt"/>
        <line num="3015" count="0" type="cond" truecount="0" falsecount="2"/>
        <line num="3018" count="0" type="stmt"/>
        <line num="3019" count="0" type="stmt"/>
        <line num="3021" count="0" type="stmt"/>
        <line num="3024" count="0" type="stmt"/>
        <line num="3025" count="0" type="cond" truecount="0" falsecount="2"/>
        <line num="3026" count="0" type="stmt"/>
        <line num="3031" count="0" type="stmt"/>
        <line num="3032" count="0" type="cond" truecount="0" falsecount="2"/>
        <line num="3034" count="0" type="cond" truecount="0" falsecount="2"/>
        <line num="3035" count="0" type="stmt"/>
        <line num="3037" count="0" type="stmt"/>
        <line num="3040" count="0" type="stmt"/>
        <line num="3042" count="0" type="stmt"/>
        <line num="3043" count="0" type="stmt"/>
        <line num="3046" count="0" type="cond" truecount="0" falsecount="2"/>
        <line num="3048" count="0" type="stmt"/>
        <line num="3058" count="0" type="stmt"/>
        <line num="3069" count="0" type="stmt"/>
        <line num="3073" count="4" type="stmt"/>
        <line num="3079" count="0" type="cond" truecount="0" falsecount="5"/>
        <line num="3083" count="0" type="cond" truecount="0" falsecount="5"/>
        <line num="3087" count="0" type="stmt"/>
        <line num="3088" count="0" type="cond" truecount="0" falsecount="2"/>
        <line num="3090" count="0" type="cond" truecount="0" falsecount="4"/>
        <line num="3092" count="0" type="stmt"/>
        <line num="3094" count="0" type="cond" truecount="0" falsecount="2"/>
        <line num="3095" count="0" type="stmt"/>
        <line num="3097" count="0" type="cond" truecount="0" falsecount="4"/>
        <line num="3098" count="0" type="stmt"/>
        <line num="3101" count="0" type="stmt"/>
        <line num="3102" count="0" type="stmt"/>
        <line num="3104" count="0" type="stmt"/>
        <line num="3105" count="0" type="cond" truecount="0" falsecount="2"/>
        <line num="3106" count="0" type="cond" truecount="0" falsecount="2"/>
        <line num="3108" count="0" type="cond" truecount="0" falsecount="2"/>
        <line num="3111" count="0" type="cond" truecount="0" falsecount="2"/>
        <line num="3113" count="0" type="cond" truecount="0" falsecount="4"/>
        <line num="3114" count="0" type="cond" truecount="0" falsecount="2"/>
        <line num="3116" count="0" type="cond" truecount="0" falsecount="4"/>
        <line num="3117" count="0" type="cond" truecount="0" falsecount="2"/>
        <line num="3121" count="0" type="stmt"/>
        <line num="3122" count="0" type="stmt"/>
        <line num="3125" count="0" type="stmt"/>
        <line num="3126" count="0" type="stmt"/>
        <line num="3138" count="0" type="cond" truecount="0" falsecount="4"/>
        <line num="3139" count="0" type="stmt"/>
        <line num="3140" count="0" type="cond" truecount="0" falsecount="2"/>
        <line num="3141" count="0" type="stmt"/>
        <line num="3142" count="0" type="cond" truecount="0" falsecount="2"/>
        <line num="3146" count="0" type="stmt"/>
        <line num="3147" count="0" type="stmt"/>
        <line num="3156" count="0" type="cond" truecount="0" falsecount="2"/>
        <line num="3157" count="0" type="stmt"/>
        <line num="3162" count="0" type="cond" truecount="0" falsecount="2"/>
        <line num="3164" count="0" type="stmt"/>
        <line num="3165" count="0" type="stmt"/>
        <line num="3169" count="4" type="stmt"/>
        <line num="3170" count="0" type="stmt"/>
        <line num="3171" count="0" type="stmt"/>
        <line num="3172" count="0" type="cond" truecount="0" falsecount="4"/>
        <line num="3173" count="0" type="stmt"/>
        <line num="3176" count="0" type="stmt"/>
        <line num="3178" count="0" type="cond" truecount="0" falsecount="2"/>
        <line num="3180" count="0" type="cond" truecount="0" falsecount="2"/>
        <line num="3181" count="0" type="stmt"/>
        <line num="3183" count="0" type="cond" truecount="0" falsecount="2"/>
        <line num="3186" count="0" type="cond" truecount="0" falsecount="4"/>
        <line num="3187" count="0" type="stmt"/>
        <line num="3190" count="0" type="stmt"/>
        <line num="3201" count="0" type="cond" truecount="0" falsecount="2"/>
        <line num="3203" count="0" type="stmt"/>
        <line num="3204" count="0" type="stmt"/>
        <line num="3208" count="4" type="stmt"/>
        <line num="3209" count="0" type="stmt"/>
        <line num="3210" count="0" type="stmt"/>
        <line num="3212" count="0" type="cond" truecount="0" falsecount="4"/>
        <line num="3213" count="0" type="stmt"/>
        <line num="3216" count="0" type="stmt"/>
        <line num="3217" count="0" type="cond" truecount="0" falsecount="2"/>
        <line num="3221" count="0" type="stmt"/>
        <line num="3222" count="0" type="cond" truecount="0" falsecount="2"/>
        <line num="3224" count="0" type="cond" truecount="0" falsecount="2"/>
        <line num="3225" count="0" type="stmt"/>
        <line num="3227" count="0" type="stmt"/>
        <line num="3230" count="0" type="stmt"/>
        <line num="3233" count="0" type="cond" truecount="0" falsecount="4"/>
        <line num="3234" count="0" type="cond" truecount="0" falsecount="2"/>
        <line num="3235" count="0" type="cond" truecount="0" falsecount="2"/>
        <line num="3237" count="0" type="cond" truecount="0" falsecount="2"/>
        <line num="3238" count="0" type="cond" truecount="0" falsecount="4"/>
        <line num="3239" count="0" type="cond" truecount="0" falsecount="4"/>
        <line num="3242" count="0" type="cond" truecount="0" falsecount="2"/>
        <line num="3243" count="0" type="stmt"/>
        <line num="3244" count="0" type="stmt"/>
        <line num="3245" count="0" type="cond" truecount="0" falsecount="4"/>
        <line num="3246" count="0" type="stmt"/>
        <line num="3252" count="0" type="cond" truecount="0" falsecount="5"/>
        <line num="3253" count="0" type="stmt"/>
        <line num="3256" count="0" type="stmt"/>
        <line num="3257" count="0" type="cond" truecount="0" falsecount="2"/>
        <line num="3258" count="0" type="cond" truecount="0" falsecount="2"/>
        <line num="3259" count="0" type="cond" truecount="0" falsecount="2"/>
        <line num="3260" count="0" type="cond" truecount="0" falsecount="2"/>
        <line num="3261" count="0" type="cond" truecount="0" falsecount="2"/>
        <line num="3262" count="0" type="cond" truecount="0" falsecount="4"/>
        <line num="3263" count="0" type="cond" truecount="0" falsecount="4"/>
        <line num="3264" count="0" type="cond" truecount="0" falsecount="4"/>
        <line num="3266" count="0" type="stmt"/>
        <line num="3272" count="0" type="stmt"/>
        <line num="3279" count="0" type="cond" truecount="0" falsecount="4"/>
        <line num="3280" count="0" type="stmt"/>
        <line num="3284" count="0" type="cond" truecount="0" falsecount="4"/>
        <line num="3285" count="0" type="stmt"/>
        <line num="3288" count="0" type="stmt"/>
        <line num="3289" count="0" type="stmt"/>
        <line num="3293" count="4" type="stmt"/>
        <line num="3294" count="0" type="stmt"/>
        <line num="3295" count="0" type="stmt"/>
        <line num="3296" count="0" type="cond" truecount="0" falsecount="4"/>
        <line num="3297" count="0" type="stmt"/>
        <line num="3299" count="0" type="stmt"/>
        <line num="3301" count="0" type="cond" truecount="0" falsecount="2"/>
        <line num="3304" count="0" type="stmt"/>
        <line num="3305" count="0" type="cond" truecount="0" falsecount="2"/>
        <line num="3306" count="0" type="stmt"/>
        <line num="3309" count="0" type="stmt"/>
        <line num="3310" count="0" type="stmt"/>
        <line num="3311" count="0" type="stmt"/>
        <line num="3318" count="4" type="stmt"/>
        <line num="3321" count="4" type="stmt"/>
        <line num="3324" count="4" type="stmt"/>
        <line num="3327" count="4" type="stmt"/>
        <line num="3330" count="4" type="stmt"/>
        <line num="3333" count="4" type="stmt"/>
        <line num="3336" count="4" type="stmt"/>
        <line num="3339" count="4" type="stmt"/>
        <line num="3345" count="4" type="stmt"/>
        <line num="3346" count="0" type="stmt"/>
        <line num="3348" count="0" type="cond" truecount="0" falsecount="2"/>
        <line num="3349" count="0" type="stmt"/>
        <line num="3352" count="0" type="cond" truecount="0" falsecount="2"/>
        <line num="3353" count="0" type="stmt"/>
        <line num="3356" count="0" type="stmt"/>
        <line num="3359" count="4" type="stmt"/>
        <line num="3360" count="0" type="stmt"/>
        <line num="3368" count="4" type="stmt"/>
        <line num="3370" count="4" type="cond" truecount="1" falsecount="1"/>
        <line num="3371" count="0" type="stmt"/>
        <line num="3372" count="0" type="stmt"/>
        <line num="3373" count="0" type="cond" truecount="0" falsecount="2"/>
        <line num="3374" count="0" type="stmt"/>
        <line num="3375" count="0" type="stmt"/>
        <line num="3377" count="0" type="stmt"/>
        <line num="3378" count="0" type="cond" truecount="0" falsecount="2"/>
        <line num="3379" count="0" type="stmt"/>
        <line num="3380" count="0" type="stmt"/>
        <line num="3382" count="0" type="stmt"/>
        <line num="3385" count="0" type="stmt"/>
        <line num="3386" count="0" type="stmt"/>
        <line num="3389" count="0" type="stmt"/>
        <line num="3390" count="0" type="stmt"/>
        <line num="3391" count="0" type="stmt"/>
      </file>
    </package>
    <package name="backend.routes">
      <metrics statements="154" coveredstatements="11" conditionals="64" coveredconditionals="0" methods="34" coveredmethods="0"/>
      <file name="analytics.js" path="E:\UTSC\309\309-final-project\backend\routes\analytics.js">
        <metrics statements="154" coveredstatements="11" conditionals="64" coveredconditionals="0" methods="34" coveredmethods="0"/>
        <line num="2" count="4" type="stmt"/>
        <line num="3" count="4" type="stmt"/>
        <line num="6" count="4" type="stmt"/>
        <line num="7" count="0" type="stmt"/>
        <line num="8" count="0" type="stmt"/>
        <line num="9" count="0" type="stmt"/>
        <line num="10" count="0" type="stmt"/>
        <line num="11" count="0" type="stmt"/>
        <line num="12" count="0" type="stmt"/>
        <line num="13" count="0" type="stmt"/>
        <line num="14" count="0" type="stmt"/>
        <line num="16" count="0" type="stmt"/>
        <line num="20" count="4" type="stmt"/>
        <line num="21" count="0" type="stmt"/>
        <line num="22" count="0" type="stmt"/>
        <line num="23" count="0" type="stmt"/>
        <line num="26" count="0" type="stmt"/>
        <line num="43" count="0" type="stmt"/>
        <line num="68" count="0" type="stmt"/>
        <line num="82" count="0" type="cond" truecount="0" falsecount="2"/>
        <line num="83" count="0" type="stmt"/>
        <line num="87" count="0" type="stmt"/>
        <line num="88" count="0" type="cond" truecount="0" falsecount="2"/>
        <line num="89" count="0" type="stmt"/>
        <line num="90" count="0" type="stmt"/>
        <line num="91" count="0" type="cond" truecount="0" falsecount="2"/>
        <line num="92" count="0" type="stmt"/>
        <line num="93" count="0" type="stmt"/>
        <line num="94" count="0" type="cond" truecount="0" falsecount="2"/>
        <line num="95" count="0" type="stmt"/>
        <line num="98" count="0" type="stmt"/>
        <line num="103" count="0" type="stmt"/>
        <line num="106" count="0" type="cond" truecount="0" falsecount="2"/>
        <line num="111" count="0" type="stmt"/>
        <line num="112" count="0" type="stmt"/>
        <line num="113" count="0" type="stmt"/>
        <line num="117" count="0" type="stmt"/>
        <line num="118" count="0" type="stmt"/>
        <line num="119" count="0" type="stmt"/>
        <line num="120" count="0" type="stmt"/>
        <line num="121" count="0" type="stmt"/>
        <line num="122" count="0" type="stmt"/>
        <line num="124" count="0" type="stmt"/>
        <line num="125" count="0" type="stmt"/>
        <line num="126" count="0" type="cond" truecount="0" falsecount="2"/>
        <line num="129" count="0" type="stmt"/>
        <line num="136" count="0" type="stmt"/>
        <line num="137" count="0" type="stmt"/>
        <line num="142" count="0" type="stmt"/>
        <line num="150" count="0" type="stmt"/>
        <line num="152" count="0" type="stmt"/>
        <line num="156" count="0" type="stmt"/>
        <line num="165" count="0" type="stmt"/>
        <line num="194" count="0" type="stmt"/>
        <line num="199" count="4" type="stmt"/>
        <line num="200" count="0" type="stmt"/>
        <line num="201" count="0" type="stmt"/>
        <line num="204" count="0" type="stmt"/>
        <line num="209" count="0" type="stmt"/>
        <line num="226" count="0" type="stmt"/>
        <line num="244" count="0" type="stmt"/>
        <line num="251" count="0" type="stmt"/>
        <line num="258" count="0" type="stmt"/>
        <line num="259" count="0" type="stmt"/>
        <line num="260" count="0" type="stmt"/>
        <line num="261" count="0" type="stmt"/>
        <line num="262" count="0" type="stmt"/>
        <line num="263" count="0" type="stmt"/>
        <line num="265" count="0" type="stmt"/>
        <line num="271" count="0" type="stmt"/>
        <line num="278" count="0" type="stmt"/>
        <line num="285" count="0" type="stmt"/>
        <line num="313" count="0" type="stmt"/>
        <line num="318" count="4" type="stmt"/>
        <line num="319" count="0" type="stmt"/>
        <line num="320" count="0" type="stmt"/>
        <line num="322" count="0" type="stmt"/>
        <line num="332" count="0" type="stmt"/>
        <line num="345" count="0" type="stmt"/>
        <line num="352" count="0" type="stmt"/>
        <line num="354" count="0" type="stmt"/>
        <line num="358" count="0" type="stmt"/>
        <line num="368" count="0" type="stmt"/>
        <line num="383" count="0" type="stmt"/>
        <line num="388" count="4" type="stmt"/>
        <line num="389" count="0" type="stmt"/>
        <line num="390" count="0" type="stmt"/>
        <line num="393" count="0" type="stmt"/>
        <line num="400" count="0" type="stmt"/>
        <line num="409" count="0" type="stmt"/>
        <line num="414" count="0" type="stmt"/>
        <line num="419" count="0" type="stmt"/>
        <line num="420" count="0" type="stmt"/>
        <line num="421" count="0" type="stmt"/>
        <line num="422" count="0" type="stmt"/>
        <line num="423" count="0" type="stmt"/>
        <line num="424" count="0" type="stmt"/>
        <line num="426" count="0" type="stmt"/>
        <line num="432" count="0" type="stmt"/>
        <line num="439" count="0" type="stmt"/>
        <line num="440" count="0" type="stmt"/>
        <line num="441" count="0" type="stmt"/>
        <line num="442" count="0" type="stmt"/>
        <line num="443" count="0" type="stmt"/>
        <line num="444" count="0" type="stmt"/>
        <line num="446" count="0" type="stmt"/>
        <line num="463" count="0" type="stmt"/>
        <line num="471" count="0" type="stmt"/>
        <line num="475" count="0" type="stmt"/>
        <line num="489" count="0" type="stmt"/>
        <line num="494" count="4" type="stmt"/>
        <line num="495" count="0" type="stmt"/>
        <line num="496" count="0" type="stmt"/>
        <line num="499" count="0" type="stmt"/>
        <line num="506" count="0" type="stmt"/>
        <line num="511" count="0" type="stmt"/>
        <line num="517" count="0" type="stmt"/>
        <line num="526" count="0" type="stmt"/>
        <line num="527" count="0" type="stmt"/>
        <line num="529" count="0" type="stmt"/>
        <line num="537" count="0" type="stmt"/>
        <line num="540" count="0" type="stmt"/>
        <line num="542" count="0" type="stmt"/>
        <line num="553" count="0" type="stmt"/>
        <line num="558" count="4" type="stmt"/>
        <line num="559" count="0" type="stmt"/>
        <line num="560" count="0" type="stmt"/>
        <line num="563" count="0" type="stmt"/>
        <line num="571" count="0" type="stmt"/>
        <line num="580" count="0" type="stmt"/>
        <line num="588" count="0" type="stmt"/>
        <line num="589" count="0" type="stmt"/>
        <line num="593" count="0" type="stmt"/>
        <line num="594" count="0" type="stmt"/>
        <line num="595" count="0" type="stmt"/>
        <line num="600" count="0" type="stmt"/>
        <line num="606" count="0" type="stmt"/>
        <line num="608" count="0" type="cond" truecount="0" falsecount="2"/>
        <line num="609" count="0" type="stmt"/>
        <line num="611" count="0" type="stmt"/>
        <line num="614" count="0" type="stmt"/>
        <line num="623" count="0" type="stmt"/>
        <line num="628" count="4" type="stmt"/>
        <line num="629" count="0" type="stmt"/>
        <line num="630" count="0" type="stmt"/>
        <line num="633" count="0" type="stmt"/>
        <line num="655" count="0" type="cond" truecount="0" falsecount="2"/>
        <line num="656" count="0" type="cond" truecount="0" falsecount="2"/>
        <line num="660" count="0" type="cond" truecount="0" falsecount="2"/>
        <line num="661" count="0" type="stmt"/>
        <line num="662" count="0" type="cond" truecount="0" falsecount="2"/>
        <line num="664" count="0" type="stmt"/>
        <line num="674" count="0" type="stmt"/>
        <line num="678" count="4" type="stmt"/>
      </file>
    </package>
    <package name="backend.tests">
      <metrics statements="21" coveredstatements="20" conditionals="6" coveredconditionals="5" methods="2" coveredmethods="2"/>
      <file name="helpers.js" path="E:\UTSC\309\309-final-project\backend\tests\helpers.js">
        <metrics statements="21" coveredstatements="20" conditionals="6" coveredconditionals="5" methods="2" coveredmethods="2"/>
        <line num="1" count="4" type="stmt"/>
        <line num="2" count="4" type="stmt"/>
        <line num="3" count="4" type="stmt"/>
        <line num="5" count="4" type="cond" truecount="2" falsecount="0"/>
        <line num="6" count="21" type="stmt"/>
        <line num="7" count="21" type="cond" truecount="2" falsecount="0"/>
        <line num="8" count="21" type="stmt"/>
        <line num="9" count="21" type="stmt"/>
        <line num="10" count="21" type="stmt"/>
        <line num="12" count="21" type="stmt"/>
        <line num="23" count="21" type="stmt"/>
        <line num="29" count="21" type="stmt"/>
        <line num="32" count="4" type="stmt"/>
        <line num="33" count="13" type="stmt"/>
        <line num="34" count="13" type="stmt"/>
        <line num="36" count="13" type="stmt"/>
        <line num="40" count="13" type="stmt"/>
        <line num="41" count="104" type="stmt"/>
        <line num="44" count="13" type="stmt"/>
        <line num="46" count="0" type="stmt"/>
        <line num="50" count="4" type="stmt"/>
      </file>
    </package>
  </project>
</coverage>
