{"C:\\Users\\yatin\\Downloads\\309-final-project\\backend\\index.js": {"path":"C:\\Users\\yatin\\Downloads\\309-final-project\\backend\\index.js","statementMap":{"0":{"start":{"line":5,"column":0},"end":{"line":5,"column":48}},"1":{"start":{"line":5,"column":6},"end":{"line":5,"column":33}},"2":{"start":{"line":7,"column":16},"end":{"line":7,"column":34}},"3":{"start":{"line":8,"column":13},"end":{"line":8,"column":28}},"4":{"start":{"line":9,"column":21},"end":{"line":9,"column":45}},"5":{"start":{"line":10,"column":13},"end":{"line":10,"column":28}},"6":{"start":{"line":11,"column":25},"end":{"line":11,"column":50}},"7":{"start":{"line":13,"column":15},"end":{"line":13,"column":33}},"8":{"start":{"line":14,"column":12},"end":{"line":14,"column":21}},"9":{"start":{"line":17,"column":19},"end":{"line":17,"column":41}},"10":{"start":{"line":18,"column":0},"end":{"line":21,"column":1}},"11":{"start":{"line":19,"column":4},"end":{"line":19,"column":72}},"12":{"start":{"line":20,"column":4},"end":{"line":20,"column":20}},"13":{"start":{"line":24,"column":23},"end":{"line":27,"column":17}},"14":{"start":{"line":29,"column":0},"end":{"line":39,"column":4}},"15":{"start":{"line":31,"column":8},"end":{"line":31,"column":49}},"16":{"start":{"line":31,"column":21},"end":{"line":31,"column":49}},"17":{"start":{"line":32,"column":8},"end":{"line":36,"column":9}},"18":{"start":{"line":33,"column":12},"end":{"line":33,"column":33}},"19":{"start":{"line":35,"column":12},"end":{"line":35,"column":55}},"20":{"start":{"line":40,"column":0},"end":{"line":40,"column":24}},"21":{"start":{"line":41,"column":0},"end":{"line":41,"column":24}},"22":{"start":{"line":42,"column":0},"end":{"line":42,"column":48}},"23":{"start":{"line":43,"column":0},"end":{"line":43,"column":69}},"24":{"start":{"line":50,"column":19},"end":{"line":50,"column":43}},"25":{"start":{"line":51,"column":19},"end":{"line":51,"column":44}},"26":{"start":{"line":52,"column":26},"end":{"line":52,"column":58}},"27":{"start":{"line":53,"column":20},"end":{"line":53,"column":46}},"28":{"start":{"line":54,"column":24},"end":{"line":54,"column":54}},"29":{"start":{"line":55,"column":24},"end":{"line":55,"column":53}},"30":{"start":{"line":56,"column":27},"end":{"line":56,"column":59}},"31":{"start":{"line":60,"column":0},"end":{"line":60,"column":29}},"32":{"start":{"line":61,"column":0},"end":{"line":61,"column":30}},"33":{"start":{"line":62,"column":0},"end":{"line":62,"column":44}},"34":{"start":{"line":63,"column":0},"end":{"line":63,"column":32}},"35":{"start":{"line":64,"column":0},"end":{"line":64,"column":40}},"36":{"start":{"line":67,"column":24},"end":{"line":67,"column":47}},"37":{"start":{"line":68,"column":0},"end":{"line":68,"column":93}},"38":{"start":{"line":69,"column":0},"end":{"line":69,"column":84}},"39":{"start":{"line":70,"column":0},"end":{"line":70,"column":86}},"40":{"start":{"line":71,"column":0},"end":{"line":71,"column":100}},"41":{"start":{"line":72,"column":0},"end":{"line":72,"column":88}},"42":{"start":{"line":73,"column":0},"end":{"line":73,"column":96}},"43":{"start":{"line":74,"column":0},"end":{"line":74,"column":95}},"44":{"start":{"line":77,"column":0},"end":{"line":77,"column":86}},"45":{"start":{"line":78,"column":0},"end":{"line":78,"column":89}},"46":{"start":{"line":79,"column":0},"end":{"line":79,"column":95}},"47":{"start":{"line":85,"column":0},"end":{"line":97,"column":3}},"48":{"start":{"line":86,"column":4},"end":{"line":86,"column":33}},"49":{"start":{"line":88,"column":4},"end":{"line":90,"column":5}},"50":{"start":{"line":89,"column":8},"end":{"line":89,"column":63}},"51":{"start":{"line":92,"column":4},"end":{"line":94,"column":5}},"52":{"start":{"line":93,"column":8},"end":{"line":93,"column":67}},"53":{"start":{"line":96,"column":4},"end":{"line":96,"column":61}},"54":{"start":{"line":99,"column":0},"end":{"line":101,"column":3}},"55":{"start":{"line":100,"column":4},"end":{"line":100,"column":49}},"56":{"start":{"line":108,"column":0},"end":{"line":108,"column":33}},"57":{"start":{"line":110,"column":0},"end":{"line":133,"column":1}},"58":{"start":{"line":111,"column":17},"end":{"line":123,"column":8}},"59":{"start":{"line":112,"column":21},"end":{"line":112,"column":33}},"60":{"start":{"line":113,"column":8},"end":{"line":116,"column":9}},"61":{"start":{"line":114,"column":12},"end":{"line":114,"column":55}},"62":{"start":{"line":115,"column":12},"end":{"line":115,"column":28}},"63":{"start":{"line":117,"column":20},"end":{"line":117,"column":41}},"64":{"start":{"line":118,"column":8},"end":{"line":121,"column":9}},"65":{"start":{"line":119,"column":12},"end":{"line":119,"column":65}},"66":{"start":{"line":120,"column":12},"end":{"line":120,"column":28}},"67":{"start":{"line":122,"column":8},"end":{"line":122,"column":19}},"68":{"start":{"line":125,"column":19},"end":{"line":127,"column":6}},"69":{"start":{"line":126,"column":8},"end":{"line":126,"column":54}},"70":{"start":{"line":129,"column":4},"end":{"line":132,"column":7}},"71":{"start":{"line":130,"column":8},"end":{"line":130,"column":61}},"72":{"start":{"line":131,"column":8},"end":{"line":131,"column":24}}},"fnMap":{"0":{"name":"(anonymous_0)","decl":{"start":{"line":30,"column":12},"end":{"line":30,"column":13}},"loc":{"start":{"line":30,"column":39},"end":{"line":37,"column":5}},"line":30},"1":{"name":"(anonymous_1)","decl":{"start":{"line":85,"column":8},"end":{"line":85,"column":9}},"loc":{"start":{"line":85,"column":33},"end":{"line":97,"column":1}},"line":85},"2":{"name":"(anonymous_2)","decl":{"start":{"line":99,"column":8},"end":{"line":99,"column":9}},"loc":{"start":{"line":99,"column":22},"end":{"line":101,"column":1}},"line":99},"3":{"name":"(anonymous_3)","decl":{"start":{"line":111,"column":18},"end":{"line":111,"column":19}},"loc":{"start":{"line":111,"column":24},"end":{"line":123,"column":5}},"line":111},"4":{"name":"(anonymous_4)","decl":{"start":{"line":125,"column":36},"end":{"line":125,"column":37}},"loc":{"start":{"line":125,"column":42},"end":{"line":127,"column":5}},"line":125},"5":{"name":"(anonymous_5)","decl":{"start":{"line":129,"column":23},"end":{"line":129,"column":24}},"loc":{"start":{"line":129,"column":32},"end":{"line":132,"column":5}},"line":129}},"branchMap":{"0":{"loc":{"start":{"line":18,"column":0},"end":{"line":21,"column":1}},"type":"if","locations":[{"start":{"line":18,"column":0},"end":{"line":21,"column":1}},{"start":{},"end":{}}],"line":18},"1":{"loc":{"start":{"line":31,"column":8},"end":{"line":31,"column":49}},"type":"if","locations":[{"start":{"line":31,"column":8},"end":{"line":31,"column":49}},{"start":{},"end":{}}],"line":31},"2":{"loc":{"start":{"line":32,"column":8},"end":{"line":36,"column":9}},"type":"if","locations":[{"start":{"line":32,"column":8},"end":{"line":36,"column":9}},{"start":{"line":34,"column":15},"end":{"line":36,"column":9}}],"line":32},"3":{"loc":{"start":{"line":32,"column":12},"end":{"line":32,"column":88}},"type":"binary-expr","locations":[{"start":{"line":32,"column":12},"end":{"line":32,"column":49}},{"start":{"line":32,"column":53},"end":{"line":32,"column":88}}],"line":32},"4":{"loc":{"start":{"line":88,"column":4},"end":{"line":90,"column":5}},"type":"if","locations":[{"start":{"line":88,"column":4},"end":{"line":90,"column":5}},{"start":{},"end":{}}],"line":88},"5":{"loc":{"start":{"line":92,"column":4},"end":{"line":94,"column":5}},"type":"if","locations":[{"start":{"line":92,"column":4},"end":{"line":94,"column":5}},{"start":{},"end":{}}],"line":92},"6":{"loc":{"start":{"line":110,"column":0},"end":{"line":133,"column":1}},"type":"if","locations":[{"start":{"line":110,"column":0},"end":{"line":133,"column":1}},{"start":{},"end":{}}],"line":110},"7":{"loc":{"start":{"line":113,"column":8},"end":{"line":116,"column":9}},"type":"if","locations":[{"start":{"line":113,"column":8},"end":{"line":116,"column":9}},{"start":{},"end":{}}],"line":113},"8":{"loc":{"start":{"line":118,"column":8},"end":{"line":121,"column":9}},"type":"if","locations":[{"start":{"line":118,"column":8},"end":{"line":121,"column":9}},{"start":{},"end":{}}],"line":118}},"s":{"0":6,"1":6,"2":6,"3":6,"4":6,"5":6,"6":6,"7":6,"8":6,"9":6,"10":6,"11":0,"12":0,"13":6,"14":6,"15":62,"16":62,"17":0,"18":0,"19":0,"20":6,"21":6,"22":6,"23":6,"24":6,"25":6,"26":6,"27":6,"28":6,"29":6,"30":6,"31":6,"32":6,"33":6,"34":6,"35":6,"36":6,"37":6,"38":6,"39":6,"40":6,"41":6,"42":6,"43":6,"44":6,"45":6,"46":6,"47":6,"48":0,"49":0,"50":0,"51":0,"52":0,"53":0,"54":6,"55":0,"56":6,"57":6,"58":0,"59":0,"60":0,"61":0,"62":0,"63":0,"64":0,"65":0,"66":0,"67":0,"68":0,"69":0,"70":0,"71":0,"72":0},"f":{"0":62,"1":0,"2":0,"3":0,"4":0,"5":0},"b":{"0":[0,6],"1":[62,0],"2":[0,0],"3":[0,0],"4":[0,0],"5":[0,0],"6":[0,6],"7":[0,0],"8":[0,0]},"_coverageSchema":"1a1c01bbd47fc00a2c39e90264f33305004495a9","hash":"d71fa23b2addf8b7e143b96ccf4ce2df0dd41b07"}
,"C:\\Users\\yatin\\Downloads\\309-final-project\\backend\\middleware\\index.js": {"path":"C:\\Users\\yatin\\Downloads\\309-final-project\\backend\\middleware\\index.js","statementMap":{"0":{"start":{"line":1,"column":25},"end":{"line":1,"column":50}},"1":{"start":{"line":2,"column":12},"end":{"line":2,"column":35}},"2":{"start":{"line":3,"column":14},"end":{"line":3,"column":28}},"3":{"start":{"line":4,"column":15},"end":{"line":4,"column":32}},"4":{"start":{"line":5,"column":13},"end":{"line":5,"column":28}},"5":{"start":{"line":6,"column":11},"end":{"line":6,"column":24}},"6":{"start":{"line":8,"column":15},"end":{"line":8,"column":33}},"7":{"start":{"line":11,"column":19},"end":{"line":11,"column":41}},"8":{"start":{"line":12,"column":0},"end":{"line":15,"column":1}},"9":{"start":{"line":13,"column":4},"end":{"line":13,"column":72}},"10":{"start":{"line":14,"column":4},"end":{"line":14,"column":20}},"11":{"start":{"line":18,"column":17},"end":{"line":39,"column":1}},"12":{"start":{"line":20,"column":24},"end":{"line":20,"column":77}},"13":{"start":{"line":21,"column":22},"end":{"line":21,"column":73}},"14":{"start":{"line":22,"column":26},"end":{"line":22,"column":36}},"15":{"start":{"line":23,"column":8},"end":{"line":23,"column":54}},"16":{"start":{"line":24,"column":8},"end":{"line":24,"column":61}},"17":{"start":{"line":27,"column":8},"end":{"line":31,"column":9}},"18":{"start":{"line":28,"column":12},"end":{"line":28,"column":49}},"19":{"start":{"line":30,"column":12},"end":{"line":30,"column":56}},"20":{"start":{"line":34,"column":8},"end":{"line":34,"column":37}},"21":{"start":{"line":34,"column":25},"end":{"line":34,"column":37}},"22":{"start":{"line":35,"column":22},"end":{"line":35,"column":43}},"23":{"start":{"line":36,"column":8},"end":{"line":36,"column":69}},"24":{"start":{"line":36,"column":57},"end":{"line":36,"column":69}},"25":{"start":{"line":37,"column":8},"end":{"line":37,"column":24}},"26":{"start":{"line":42,"column":26},"end":{"line":44,"column":1}},"27":{"start":{"line":43,"column":4},"end":{"line":43,"column":150}},"28":{"start":{"line":46,"column":33},"end":{"line":48,"column":1}},"29":{"start":{"line":47,"column":4},"end":{"line":47,"column":158}},"30":{"start":{"line":50,"column":16},"end":{"line":50,"column":42}},"31":{"start":{"line":52,"column":19},"end":{"line":129,"column":1}},"32":{"start":{"line":54,"column":28},"end":{"line":54,"column":79}},"33":{"start":{"line":55,"column":26},"end":{"line":55,"column":71}},"34":{"start":{"line":57,"column":8},"end":{"line":65,"column":9}},"35":{"start":{"line":58,"column":12},"end":{"line":58,"column":70}},"36":{"start":{"line":59,"column":12},"end":{"line":59,"column":66}},"37":{"start":{"line":60,"column":12},"end":{"line":60,"column":68}},"38":{"start":{"line":61,"column":12},"end":{"line":61,"column":64}},"39":{"start":{"line":62,"column":12},"end":{"line":62,"column":52}},"40":{"start":{"line":63,"column":12},"end":{"line":63,"column":70}},"41":{"start":{"line":64,"column":12},"end":{"line":64,"column":59}},"42":{"start":{"line":67,"column":8},"end":{"line":88,"column":9}},"43":{"start":{"line":68,"column":35},"end":{"line":71,"column":13}},"44":{"start":{"line":73,"column":29},"end":{"line":81,"column":13}},"45":{"start":{"line":83,"column":12},"end":{"line":83,"column":81}},"46":{"start":{"line":84,"column":12},"end":{"line":84,"column":59}},"47":{"start":{"line":86,"column":12},"end":{"line":86,"column":84}},"48":{"start":{"line":87,"column":12},"end":{"line":87,"column":24}},"49":{"start":{"line":91,"column":28},"end":{"line":91,"column":79}},"50":{"start":{"line":92,"column":26},"end":{"line":92,"column":71}},"51":{"start":{"line":94,"column":8},"end":{"line":103,"column":9}},"52":{"start":{"line":95,"column":12},"end":{"line":95,"column":70}},"53":{"start":{"line":96,"column":12},"end":{"line":96,"column":60}},"54":{"start":{"line":97,"column":12},"end":{"line":97,"column":68}},"55":{"start":{"line":98,"column":12},"end":{"line":98,"column":64}},"56":{"start":{"line":99,"column":12},"end":{"line":99,"column":45}},"57":{"start":{"line":100,"column":12},"end":{"line":100,"column":52}},"58":{"start":{"line":101,"column":12},"end":{"line":101,"column":70}},"59":{"start":{"line":102,"column":12},"end":{"line":102,"column":59}},"60":{"start":{"line":105,"column":8},"end":{"line":127,"column":9}},"61":{"start":{"line":106,"column":35},"end":{"line":110,"column":13}},"62":{"start":{"line":112,"column":29},"end":{"line":120,"column":13}},"63":{"start":{"line":122,"column":12},"end":{"line":122,"column":74}},"64":{"start":{"line":123,"column":12},"end":{"line":123,"column":59}},"65":{"start":{"line":125,"column":12},"end":{"line":125,"column":77}},"66":{"start":{"line":126,"column":12},"end":{"line":126,"column":24}},"67":{"start":{"line":132,"column":22},"end":{"line":132,"column":106}},"68":{"start":{"line":133,"column":20},"end":{"line":133,"column":40}},"69":{"start":{"line":134,"column":23},"end":{"line":134,"column":57}},"70":{"start":{"line":135,"column":18},"end":{"line":135,"column":39}},"71":{"start":{"line":138,"column":16},"end":{"line":435,"column":1}},"72":{"start":{"line":159,"column":16},"end":{"line":159,"column":72}},"73":{"start":{"line":159,"column":55},"end":{"line":159,"column":72}},"74":{"start":{"line":160,"column":16},"end":{"line":163,"column":17}},"75":{"start":{"line":161,"column":32},"end":{"line":161,"column":43}},"76":{"start":{"line":162,"column":20},"end":{"line":162,"column":60}},"77":{"start":{"line":164,"column":16},"end":{"line":164,"column":27}},"78":{"start":{"line":170,"column":16},"end":{"line":170,"column":72}},"79":{"start":{"line":170,"column":55},"end":{"line":170,"column":72}},"80":{"start":{"line":171,"column":16},"end":{"line":174,"column":17}},"81":{"start":{"line":172,"column":32},"end":{"line":172,"column":43}},"82":{"start":{"line":173,"column":20},"end":{"line":173,"column":60}},"83":{"start":{"line":175,"column":16},"end":{"line":175,"column":27}},"84":{"start":{"line":181,"column":16},"end":{"line":181,"column":72}},"85":{"start":{"line":181,"column":55},"end":{"line":181,"column":72}},"86":{"start":{"line":182,"column":16},"end":{"line":190,"column":17}},"87":{"start":{"line":183,"column":36},"end":{"line":183,"column":46}},"88":{"start":{"line":184,"column":20},"end":{"line":184,"column":57}},"89":{"start":{"line":184,"column":40},"end":{"line":184,"column":57}},"90":{"start":{"line":185,"column":32},"end":{"line":185,"column":47}},"91":{"start":{"line":186,"column":20},"end":{"line":188,"column":21}},"92":{"start":{"line":187,"column":24},"end":{"line":187,"column":35}},"93":{"start":{"line":189,"column":20},"end":{"line":189,"column":31}},"94":{"start":{"line":191,"column":16},"end":{"line":196,"column":17}},"95":{"start":{"line":192,"column":20},"end":{"line":194,"column":21}},"96":{"start":{"line":193,"column":24},"end":{"line":193,"column":35}},"97":{"start":{"line":195,"column":20},"end":{"line":195,"column":43}},"98":{"start":{"line":197,"column":16},"end":{"line":197,"column":27}},"99":{"start":{"line":203,"column":16},"end":{"line":203,"column":72}},"100":{"start":{"line":203,"column":55},"end":{"line":203,"column":72}},"101":{"start":{"line":204,"column":16},"end":{"line":204,"column":51}},"102":{"start":{"line":204,"column":40},"end":{"line":204,"column":51}},"103":{"start":{"line":205,"column":16},"end":{"line":205,"column":27}},"104":{"start":{"line":221,"column":16},"end":{"line":221,"column":72}},"105":{"start":{"line":221,"column":55},"end":{"line":221,"column":72}},"106":{"start":{"line":222,"column":16},"end":{"line":233,"column":17}},"107":{"start":{"line":223,"column":20},"end":{"line":232,"column":23}},"108":{"start":{"line":224,"column":24},"end":{"line":227,"column":25}},"109":{"start":{"line":225,"column":40},"end":{"line":225,"column":49}},"110":{"start":{"line":226,"column":28},"end":{"line":226,"column":91}},"111":{"start":{"line":228,"column":24},"end":{"line":230,"column":25}},"112":{"start":{"line":229,"column":28},"end":{"line":229,"column":85}},"113":{"start":{"line":231,"column":24},"end":{"line":231,"column":33}},"114":{"start":{"line":234,"column":16},"end":{"line":234,"column":27}},"115":{"start":{"line":241,"column":21},"end":{"line":241,"column":51}},"116":{"start":{"line":245,"column":21},"end":{"line":245,"column":51}},"117":{"start":{"line":249,"column":21},"end":{"line":249,"column":51}},"118":{"start":{"line":253,"column":21},"end":{"line":253,"column":51}},"119":{"start":{"line":257,"column":21},"end":{"line":257,"column":51}},"120":{"start":{"line":261,"column":21},"end":{"line":261,"column":51}},"121":{"start":{"line":266,"column":16},"end":{"line":266,"column":72}},"122":{"start":{"line":266,"column":55},"end":{"line":266,"column":72}},"123":{"start":{"line":267,"column":16},"end":{"line":275,"column":17}},"124":{"start":{"line":268,"column":36},"end":{"line":268,"column":46}},"125":{"start":{"line":269,"column":32},"end":{"line":269,"column":47}},"126":{"start":{"line":270,"column":20},"end":{"line":273,"column":21}},"127":{"start":{"line":271,"column":39},"end":{"line":271,"column":54}},"128":{"start":{"line":272,"column":24},"end":{"line":272,"column":58}},"129":{"start":{"line":272,"column":44},"end":{"line":272,"column":58}},"130":{"start":{"line":274,"column":20},"end":{"line":274,"column":31}},"131":{"start":{"line":276,"column":16},"end":{"line":282,"column":17}},"132":{"start":{"line":277,"column":20},"end":{"line":280,"column":21}},"133":{"start":{"line":278,"column":39},"end":{"line":278,"column":54}},"134":{"start":{"line":279,"column":24},"end":{"line":279,"column":58}},"135":{"start":{"line":279,"column":44},"end":{"line":279,"column":58}},"136":{"start":{"line":281,"column":20},"end":{"line":281,"column":31}},"137":{"start":{"line":283,"column":16},"end":{"line":283,"column":27}},"138":{"start":{"line":288,"column":21},"end":{"line":288,"column":51}},"139":{"start":{"line":293,"column":16},"end":{"line":293,"column":72}},"140":{"start":{"line":293,"column":55},"end":{"line":293,"column":72}},"141":{"start":{"line":294,"column":16},"end":{"line":305,"column":17}},"142":{"start":{"line":295,"column":20},"end":{"line":304,"column":23}},"143":{"start":{"line":296,"column":24},"end":{"line":299,"column":25}},"144":{"start":{"line":297,"column":40},"end":{"line":297,"column":49}},"145":{"start":{"line":298,"column":28},"end":{"line":298,"column":91}},"146":{"start":{"line":300,"column":24},"end":{"line":302,"column":25}},"147":{"start":{"line":301,"column":28},"end":{"line":301,"column":85}},"148":{"start":{"line":303,"column":24},"end":{"line":303,"column":33}},"149":{"start":{"line":306,"column":16},"end":{"line":306,"column":27}},"150":{"start":{"line":316,"column":16},"end":{"line":319,"column":17}},"151":{"start":{"line":317,"column":20},"end":{"line":317,"column":82}},"152":{"start":{"line":317,"column":65},"end":{"line":317,"column":82}},"153":{"start":{"line":318,"column":20},"end":{"line":318,"column":64}},"154":{"start":{"line":318,"column":45},"end":{"line":318,"column":64}},"155":{"start":{"line":320,"column":16},"end":{"line":320,"column":27}},"156":{"start":{"line":328,"column":16},"end":{"line":328,"column":72}},"157":{"start":{"line":328,"column":55},"end":{"line":328,"column":72}},"158":{"start":{"line":329,"column":16},"end":{"line":332,"column":17}},"159":{"start":{"line":330,"column":32},"end":{"line":330,"column":43}},"160":{"start":{"line":331,"column":20},"end":{"line":331,"column":60}},"161":{"start":{"line":333,"column":16},"end":{"line":333,"column":27}},"162":{"start":{"line":339,"column":16},"end":{"line":339,"column":72}},"163":{"start":{"line":339,"column":55},"end":{"line":339,"column":72}},"164":{"start":{"line":340,"column":16},"end":{"line":344,"column":17}},"165":{"start":{"line":341,"column":32},"end":{"line":341,"column":43}},"166":{"start":{"line":342,"column":20},"end":{"line":342,"column":52}},"167":{"start":{"line":342,"column":35},"end":{"line":342,"column":52}},"168":{"start":{"line":343,"column":20},"end":{"line":343,"column":60}},"169":{"start":{"line":345,"column":16},"end":{"line":345,"column":48}},"170":{"start":{"line":345,"column":31},"end":{"line":345,"column":48}},"171":{"start":{"line":346,"column":16},"end":{"line":346,"column":27}},"172":{"start":{"line":352,"column":16},"end":{"line":352,"column":72}},"173":{"start":{"line":352,"column":55},"end":{"line":352,"column":72}},"174":{"start":{"line":353,"column":16},"end":{"line":361,"column":17}},"175":{"start":{"line":354,"column":36},"end":{"line":354,"column":46}},"176":{"start":{"line":355,"column":32},"end":{"line":355,"column":47}},"177":{"start":{"line":356,"column":20},"end":{"line":359,"column":21}},"178":{"start":{"line":357,"column":39},"end":{"line":357,"column":54}},"179":{"start":{"line":358,"column":24},"end":{"line":358,"column":58}},"180":{"start":{"line":358,"column":44},"end":{"line":358,"column":58}},"181":{"start":{"line":360,"column":20},"end":{"line":360,"column":31}},"182":{"start":{"line":362,"column":16},"end":{"line":368,"column":17}},"183":{"start":{"line":363,"column":20},"end":{"line":366,"column":21}},"184":{"start":{"line":364,"column":39},"end":{"line":364,"column":54}},"185":{"start":{"line":365,"column":24},"end":{"line":365,"column":58}},"186":{"start":{"line":365,"column":44},"end":{"line":365,"column":58}},"187":{"start":{"line":367,"column":20},"end":{"line":367,"column":31}},"188":{"start":{"line":369,"column":16},"end":{"line":369,"column":27}},"189":{"start":{"line":376,"column":21},"end":{"line":376,"column":72}},"190":{"start":{"line":380,"column":21},"end":{"line":380,"column":72}},"191":{"start":{"line":385,"column":16},"end":{"line":385,"column":72}},"192":{"start":{"line":385,"column":55},"end":{"line":385,"column":72}},"193":{"start":{"line":386,"column":16},"end":{"line":389,"column":17}},"194":{"start":{"line":387,"column":20},"end":{"line":387,"column":82}},"195":{"start":{"line":387,"column":65},"end":{"line":387,"column":82}},"196":{"start":{"line":388,"column":20},"end":{"line":388,"column":64}},"197":{"start":{"line":388,"column":45},"end":{"line":388,"column":64}},"198":{"start":{"line":390,"column":16},"end":{"line":390,"column":27}},"199":{"start":{"line":395,"column":21},"end":{"line":395,"column":72}},"200":{"start":{"line":399,"column":21},"end":{"line":399,"column":72}},"201":{"start":{"line":403,"column":21},"end":{"line":403,"column":72}},"202":{"start":{"line":408,"column":16},"end":{"line":408,"column":56}},"203":{"start":{"line":408,"column":39},"end":{"line":408,"column":56}},"204":{"start":{"line":409,"column":16},"end":{"line":409,"column":60}},"205":{"start":{"line":409,"column":48},"end":{"line":409,"column":60}},"206":{"start":{"line":410,"column":16},"end":{"line":410,"column":58}},"207":{"start":{"line":410,"column":46},"end":{"line":410,"column":58}},"208":{"start":{"line":411,"column":16},"end":{"line":415,"column":17}},"209":{"start":{"line":412,"column":32},"end":{"line":412,"column":43}},"210":{"start":{"line":413,"column":20},"end":{"line":413,"column":47}},"211":{"start":{"line":413,"column":35},"end":{"line":413,"column":47}},"212":{"start":{"line":414,"column":20},"end":{"line":414,"column":60}},"213":{"start":{"line":416,"column":16},"end":{"line":416,"column":27}},"214":{"start":{"line":422,"column":16},"end":{"line":422,"column":56}},"215":{"start":{"line":422,"column":39},"end":{"line":422,"column":56}},"216":{"start":{"line":423,"column":16},"end":{"line":423,"column":60}},"217":{"start":{"line":423,"column":48},"end":{"line":423,"column":60}},"218":{"start":{"line":424,"column":16},"end":{"line":424,"column":58}},"219":{"start":{"line":424,"column":46},"end":{"line":424,"column":58}},"220":{"start":{"line":425,"column":16},"end":{"line":429,"column":17}},"221":{"start":{"line":426,"column":32},"end":{"line":426,"column":43}},"222":{"start":{"line":427,"column":20},"end":{"line":427,"column":47}},"223":{"start":{"line":427,"column":35},"end":{"line":427,"column":47}},"224":{"start":{"line":428,"column":20},"end":{"line":428,"column":60}},"225":{"start":{"line":430,"column":16},"end":{"line":430,"column":27}},"226":{"start":{"line":438,"column":16},"end":{"line":448,"column":2}},"227":{"start":{"line":440,"column":26},"end":{"line":440,"column":68}},"228":{"start":{"line":441,"column":8},"end":{"line":441,"column":84}},"229":{"start":{"line":441,"column":39},"end":{"line":441,"column":84}},"230":{"start":{"line":442,"column":8},"end":{"line":442,"column":28}},"231":{"start":{"line":445,"column":20},"end":{"line":445,"column":51}},"232":{"start":{"line":446,"column":8},"end":{"line":446,"column":45}},"233":{"start":{"line":449,"column":15},"end":{"line":458,"column":2}},"234":{"start":{"line":453,"column":29},"end":{"line":453,"column":47}},"235":{"start":{"line":454,"column":24},"end":{"line":454,"column":88}},"236":{"start":{"line":455,"column":25},"end":{"line":455,"column":57}},"237":{"start":{"line":456,"column":8},"end":{"line":456,"column":100}},"238":{"start":{"line":461,"column":21},"end":{"line":470,"column":1}},"239":{"start":{"line":462,"column":16},"end":{"line":462,"column":34}},"240":{"start":{"line":463,"column":4},"end":{"line":463,"column":71}},"241":{"start":{"line":463,"column":16},"end":{"line":463,"column":71}},"242":{"start":{"line":464,"column":4},"end":{"line":469,"column":5}},"243":{"start":{"line":465,"column":8},"end":{"line":465,"column":47}},"244":{"start":{"line":466,"column":8},"end":{"line":466,"column":15}},"245":{"start":{"line":468,"column":8},"end":{"line":468,"column":56}},"246":{"start":{"line":472,"column":20},"end":{"line":489,"column":1}},"247":{"start":{"line":473,"column":26},"end":{"line":473,"column":78}},"248":{"start":{"line":474,"column":21},"end":{"line":474,"column":43}},"249":{"start":{"line":475,"column":4},"end":{"line":488,"column":6}},"250":{"start":{"line":476,"column":20},"end":{"line":476,"column":38}},"251":{"start":{"line":477,"column":8},"end":{"line":477,"column":75}},"252":{"start":{"line":477,"column":20},"end":{"line":477,"column":75}},"253":{"start":{"line":479,"column":8},"end":{"line":487,"column":9}},"254":{"start":{"line":480,"column":12},"end":{"line":480,"column":51}},"255":{"start":{"line":481,"column":12},"end":{"line":483,"column":13}},"256":{"start":{"line":482,"column":16},"end":{"line":482,"column":68}},"257":{"start":{"line":484,"column":12},"end":{"line":484,"column":19}},"258":{"start":{"line":486,"column":12},"end":{"line":486,"column":60}},"259":{"start":{"line":491,"column":21},"end":{"line":500,"column":1}},"260":{"start":{"line":492,"column":16},"end":{"line":492,"column":34}},"261":{"start":{"line":493,"column":4},"end":{"line":498,"column":5}},"262":{"start":{"line":494,"column":8},"end":{"line":495,"column":42}},"263":{"start":{"line":494,"column":14},"end":{"line":494,"column":53}},"264":{"start":{"line":495,"column":24},"end":{"line":495,"column":40}},"265":{"start":{"line":497,"column":8},"end":{"line":497,"column":24}},"266":{"start":{"line":499,"column":4},"end":{"line":499,"column":11}},"267":{"start":{"line":502,"column":17},"end":{"line":513,"column":1}},"268":{"start":{"line":502,"column":29},"end":{"line":513,"column":1}},"269":{"start":{"line":503,"column":4},"end":{"line":512,"column":5}},"270":{"start":{"line":504,"column":21},"end":{"line":504,"column":77}},"271":{"start":{"line":505,"column":8},"end":{"line":505,"column":47}},"272":{"start":{"line":506,"column":8},"end":{"line":506,"column":15}},"273":{"start":{"line":508,"column":8},"end":{"line":510,"column":9}},"274":{"start":{"line":509,"column":12},"end":{"line":509,"column":76}},"275":{"start":{"line":511,"column":8},"end":{"line":511,"column":20}},"276":{"start":{"line":515,"column":22},"end":{"line":520,"column":1}},"277":{"start":{"line":516,"column":4},"end":{"line":516,"column":45}},"278":{"start":{"line":516,"column":34},"end":{"line":516,"column":45}},"279":{"start":{"line":517,"column":4},"end":{"line":517,"column":64}},"280":{"start":{"line":517,"column":52},"end":{"line":517,"column":64}},"281":{"start":{"line":518,"column":4},"end":{"line":518,"column":66}},"282":{"start":{"line":518,"column":53},"end":{"line":518,"column":66}},"283":{"start":{"line":519,"column":4},"end":{"line":519,"column":16}},"284":{"start":{"line":522,"column":22},"end":{"line":532,"column":1}},"285":{"start":{"line":522,"column":34},"end":{"line":532,"column":1}},"286":{"start":{"line":523,"column":4},"end":{"line":531,"column":5}},"287":{"start":{"line":524,"column":8},"end":{"line":524,"column":53}},"288":{"start":{"line":525,"column":8},"end":{"line":525,"column":15}},"289":{"start":{"line":527,"column":8},"end":{"line":529,"column":9}},"290":{"start":{"line":528,"column":12},"end":{"line":528,"column":76}},"291":{"start":{"line":530,"column":8},"end":{"line":530,"column":20}},"292":{"start":{"line":535,"column":27},"end":{"line":537,"column":1}},"293":{"start":{"line":536,"column":4},"end":{"line":536,"column":55}},"294":{"start":{"line":540,"column":32},"end":{"line":583,"column":1}},"295":{"start":{"line":541,"column":21},"end":{"line":541,"column":33}},"296":{"start":{"line":542,"column":22},"end":{"line":542,"column":32}},"297":{"start":{"line":544,"column":4},"end":{"line":580,"column":5}},"298":{"start":{"line":545,"column":27},"end":{"line":549,"column":10}},"299":{"start":{"line":551,"column":8},"end":{"line":555,"column":9}},"300":{"start":{"line":552,"column":29},"end":{"line":552,"column":54}},"301":{"start":{"line":552,"column":49},"end":{"line":552,"column":53}},"302":{"start":{"line":553,"column":31},"end":{"line":553,"column":80}},"303":{"start":{"line":553,"column":57},"end":{"line":553,"column":79}},"304":{"start":{"line":554,"column":12},"end":{"line":554,"column":70}},"305":{"start":{"line":557,"column":8},"end":{"line":579,"column":9}},"306":{"start":{"line":558,"column":24},"end":{"line":558,"column":34}},"307":{"start":{"line":560,"column":12},"end":{"line":562,"column":13}},"308":{"start":{"line":561,"column":16},"end":{"line":561,"column":68}},"309":{"start":{"line":564,"column":12},"end":{"line":571,"column":13}},"310":{"start":{"line":565,"column":34},"end":{"line":567,"column":18}},"311":{"start":{"line":568,"column":16},"end":{"line":570,"column":17}},"312":{"start":{"line":569,"column":20},"end":{"line":569,"column":74}},"313":{"start":{"line":573,"column":12},"end":{"line":575,"column":13}},"314":{"start":{"line":574,"column":16},"end":{"line":574,"column":107}},"315":{"start":{"line":577,"column":12},"end":{"line":577,"column":68}},"316":{"start":{"line":577,"column":28},"end":{"line":577,"column":68}},"317":{"start":{"line":578,"column":12},"end":{"line":578,"column":58}},"318":{"start":{"line":578,"column":30},"end":{"line":578,"column":58}},"319":{"start":{"line":582,"column":4},"end":{"line":582,"column":23}},"320":{"start":{"line":586,"column":20},"end":{"line":591,"column":1}},"321":{"start":{"line":587,"column":22},"end":{"line":589,"column":6}},"322":{"start":{"line":590,"column":4},"end":{"line":590,"column":23}},"323":{"start":{"line":593,"column":0},"end":{"line":612,"column":2}}},"fnMap":{"0":{"name":"(anonymous_0)","decl":{"start":{"line":19,"column":4},"end":{"line":19,"column":5}},"loc":{"start":{"line":19,"column":24},"end":{"line":25,"column":5}},"line":19},"1":{"name":"(anonymous_1)","decl":{"start":{"line":26,"column":4},"end":{"line":26,"column":5}},"loc":{"start":{"line":26,"column":23},"end":{"line":32,"column":5}},"line":26},"2":{"name":"(anonymous_2)","decl":{"start":{"line":33,"column":4},"end":{"line":33,"column":5}},"loc":{"start":{"line":33,"column":29},"end":{"line":38,"column":5}},"line":33},"3":{"name":"(anonymous_3)","decl":{"start":{"line":42,"column":26},"end":{"line":42,"column":27}},"loc":{"start":{"line":42,"column":32},"end":{"line":44,"column":1}},"line":42},"4":{"name":"(anonymous_4)","decl":{"start":{"line":46,"column":33},"end":{"line":46,"column":34}},"loc":{"start":{"line":46,"column":39},"end":{"line":48,"column":1}},"line":46},"5":{"name":"(anonymous_5)","decl":{"start":{"line":53,"column":4},"end":{"line":53,"column":5}},"loc":{"start":{"line":53,"column":56},"end":{"line":89,"column":5}},"line":53},"6":{"name":"(anonymous_6)","decl":{"start":{"line":90,"column":4},"end":{"line":90,"column":5}},"loc":{"start":{"line":90,"column":60},"end":{"line":128,"column":5}},"line":90},"7":{"name":"(anonymous_7)","decl":{"start":{"line":158,"column":12},"end":{"line":158,"column":13}},"loc":{"start":{"line":158,"column":21},"end":{"line":165,"column":13}},"line":158},"8":{"name":"(anonymous_8)","decl":{"start":{"line":169,"column":12},"end":{"line":169,"column":13}},"loc":{"start":{"line":169,"column":21},"end":{"line":176,"column":13}},"line":169},"9":{"name":"(anonymous_9)","decl":{"start":{"line":180,"column":12},"end":{"line":180,"column":13}},"loc":{"start":{"line":180,"column":21},"end":{"line":198,"column":13}},"line":180},"10":{"name":"(anonymous_10)","decl":{"start":{"line":202,"column":12},"end":{"line":202,"column":13}},"loc":{"start":{"line":202,"column":21},"end":{"line":206,"column":13}},"line":202},"11":{"name":"(anonymous_11)","decl":{"start":{"line":220,"column":12},"end":{"line":220,"column":13}},"loc":{"start":{"line":220,"column":21},"end":{"line":235,"column":13}},"line":220},"12":{"name":"(anonymous_12)","decl":{"start":{"line":223,"column":35},"end":{"line":223,"column":36}},"loc":{"start":{"line":223,"column":40},"end":{"line":232,"column":21}},"line":223},"13":{"name":"(anonymous_13)","decl":{"start":{"line":241,"column":12},"end":{"line":241,"column":13}},"loc":{"start":{"line":241,"column":21},"end":{"line":241,"column":51}},"line":241},"14":{"name":"(anonymous_14)","decl":{"start":{"line":245,"column":12},"end":{"line":245,"column":13}},"loc":{"start":{"line":245,"column":21},"end":{"line":245,"column":51}},"line":245},"15":{"name":"(anonymous_15)","decl":{"start":{"line":249,"column":12},"end":{"line":249,"column":13}},"loc":{"start":{"line":249,"column":21},"end":{"line":249,"column":51}},"line":249},"16":{"name":"(anonymous_16)","decl":{"start":{"line":253,"column":12},"end":{"line":253,"column":13}},"loc":{"start":{"line":253,"column":21},"end":{"line":253,"column":51}},"line":253},"17":{"name":"(anonymous_17)","decl":{"start":{"line":257,"column":12},"end":{"line":257,"column":13}},"loc":{"start":{"line":257,"column":21},"end":{"line":257,"column":51}},"line":257},"18":{"name":"(anonymous_18)","decl":{"start":{"line":261,"column":12},"end":{"line":261,"column":13}},"loc":{"start":{"line":261,"column":21},"end":{"line":261,"column":51}},"line":261},"19":{"name":"(anonymous_19)","decl":{"start":{"line":265,"column":12},"end":{"line":265,"column":13}},"loc":{"start":{"line":265,"column":21},"end":{"line":284,"column":13}},"line":265},"20":{"name":"(anonymous_20)","decl":{"start":{"line":288,"column":12},"end":{"line":288,"column":13}},"loc":{"start":{"line":288,"column":21},"end":{"line":288,"column":51}},"line":288},"21":{"name":"(anonymous_21)","decl":{"start":{"line":292,"column":12},"end":{"line":292,"column":13}},"loc":{"start":{"line":292,"column":21},"end":{"line":307,"column":13}},"line":292},"22":{"name":"(anonymous_22)","decl":{"start":{"line":295,"column":35},"end":{"line":295,"column":36}},"loc":{"start":{"line":295,"column":40},"end":{"line":304,"column":21}},"line":295},"23":{"name":"(anonymous_23)","decl":{"start":{"line":315,"column":12},"end":{"line":315,"column":13}},"loc":{"start":{"line":315,"column":21},"end":{"line":321,"column":13}},"line":315},"24":{"name":"(anonymous_24)","decl":{"start":{"line":327,"column":12},"end":{"line":327,"column":13}},"loc":{"start":{"line":327,"column":21},"end":{"line":334,"column":13}},"line":327},"25":{"name":"(anonymous_25)","decl":{"start":{"line":338,"column":12},"end":{"line":338,"column":13}},"loc":{"start":{"line":338,"column":21},"end":{"line":347,"column":13}},"line":338},"26":{"name":"(anonymous_26)","decl":{"start":{"line":351,"column":12},"end":{"line":351,"column":13}},"loc":{"start":{"line":351,"column":21},"end":{"line":370,"column":13}},"line":351},"27":{"name":"(anonymous_27)","decl":{"start":{"line":376,"column":12},"end":{"line":376,"column":13}},"loc":{"start":{"line":376,"column":21},"end":{"line":376,"column":72}},"line":376},"28":{"name":"(anonymous_28)","decl":{"start":{"line":380,"column":12},"end":{"line":380,"column":13}},"loc":{"start":{"line":380,"column":21},"end":{"line":380,"column":72}},"line":380},"29":{"name":"(anonymous_29)","decl":{"start":{"line":384,"column":12},"end":{"line":384,"column":13}},"loc":{"start":{"line":384,"column":21},"end":{"line":391,"column":13}},"line":384},"30":{"name":"(anonymous_30)","decl":{"start":{"line":395,"column":12},"end":{"line":395,"column":13}},"loc":{"start":{"line":395,"column":21},"end":{"line":395,"column":72}},"line":395},"31":{"name":"(anonymous_31)","decl":{"start":{"line":399,"column":12},"end":{"line":399,"column":13}},"loc":{"start":{"line":399,"column":21},"end":{"line":399,"column":72}},"line":399},"32":{"name":"(anonymous_32)","decl":{"start":{"line":403,"column":12},"end":{"line":403,"column":13}},"loc":{"start":{"line":403,"column":21},"end":{"line":403,"column":72}},"line":403},"33":{"name":"(anonymous_33)","decl":{"start":{"line":407,"column":12},"end":{"line":407,"column":13}},"loc":{"start":{"line":407,"column":21},"end":{"line":417,"column":13}},"line":407},"34":{"name":"(anonymous_34)","decl":{"start":{"line":421,"column":12},"end":{"line":421,"column":13}},"loc":{"start":{"line":421,"column":21},"end":{"line":431,"column":13}},"line":421},"35":{"name":"(anonymous_35)","decl":{"start":{"line":439,"column":17},"end":{"line":439,"column":18}},"loc":{"start":{"line":439,"column":36},"end":{"line":443,"column":5}},"line":439},"36":{"name":"(anonymous_36)","decl":{"start":{"line":444,"column":14},"end":{"line":444,"column":15}},"loc":{"start":{"line":444,"column":33},"end":{"line":447,"column":5}},"line":444},"37":{"name":"(anonymous_37)","decl":{"start":{"line":452,"column":16},"end":{"line":452,"column":17}},"loc":{"start":{"line":452,"column":35},"end":{"line":457,"column":5}},"line":452},"38":{"name":"(anonymous_38)","decl":{"start":{"line":461,"column":21},"end":{"line":461,"column":22}},"loc":{"start":{"line":461,"column":41},"end":{"line":470,"column":1}},"line":461},"39":{"name":"(anonymous_39)","decl":{"start":{"line":472,"column":20},"end":{"line":472,"column":21}},"loc":{"start":{"line":472,"column":33},"end":{"line":489,"column":1}},"line":472},"40":{"name":"(anonymous_40)","decl":{"start":{"line":475,"column":11},"end":{"line":475,"column":12}},"loc":{"start":{"line":475,"column":31},"end":{"line":488,"column":5}},"line":475},"41":{"name":"(anonymous_41)","decl":{"start":{"line":491,"column":21},"end":{"line":491,"column":22}},"loc":{"start":{"line":491,"column":41},"end":{"line":500,"column":1}},"line":491},"42":{"name":"(anonymous_42)","decl":{"start":{"line":502,"column":17},"end":{"line":502,"column":18}},"loc":{"start":{"line":502,"column":29},"end":{"line":513,"column":1}},"line":502},"43":{"name":"(anonymous_43)","decl":{"start":{"line":502,"column":29},"end":{"line":502,"column":30}},"loc":{"start":{"line":502,"column":49},"end":{"line":513,"column":1}},"line":502},"44":{"name":"(anonymous_44)","decl":{"start":{"line":515,"column":22},"end":{"line":515,"column":23}},"loc":{"start":{"line":515,"column":31},"end":{"line":520,"column":1}},"line":515},"45":{"name":"(anonymous_45)","decl":{"start":{"line":522,"column":22},"end":{"line":522,"column":23}},"loc":{"start":{"line":522,"column":34},"end":{"line":532,"column":1}},"line":522},"46":{"name":"(anonymous_46)","decl":{"start":{"line":522,"column":34},"end":{"line":522,"column":35}},"loc":{"start":{"line":522,"column":54},"end":{"line":532,"column":1}},"line":522},"47":{"name":"(anonymous_47)","decl":{"start":{"line":535,"column":27},"end":{"line":535,"column":28}},"loc":{"start":{"line":535,"column":42},"end":{"line":537,"column":1}},"line":535},"48":{"name":"(anonymous_48)","decl":{"start":{"line":540,"column":32},"end":{"line":540,"column":33}},"loc":{"start":{"line":540,"column":76},"end":{"line":583,"column":1}},"line":540},"49":{"name":"(anonymous_49)","decl":{"start":{"line":552,"column":44},"end":{"line":552,"column":45}},"loc":{"start":{"line":552,"column":49},"end":{"line":552,"column":53}},"line":552},"50":{"name":"(anonymous_50)","decl":{"start":{"line":553,"column":51},"end":{"line":553,"column":52}},"loc":{"start":{"line":553,"column":57},"end":{"line":553,"column":79}},"line":553},"51":{"name":"(anonymous_51)","decl":{"start":{"line":586,"column":20},"end":{"line":586,"column":21}},"loc":{"start":{"line":586,"column":47},"end":{"line":591,"column":1}},"line":586}},"branchMap":{"0":{"loc":{"start":{"line":12,"column":0},"end":{"line":15,"column":1}},"type":"if","locations":[{"start":{"line":12,"column":0},"end":{"line":15,"column":1}},{"start":{},"end":{}}],"line":12},"1":{"loc":{"start":{"line":34,"column":8},"end":{"line":34,"column":37}},"type":"if","locations":[{"start":{"line":34,"column":8},"end":{"line":34,"column":37}},{"start":{},"end":{}}],"line":34},"2":{"loc":{"start":{"line":36,"column":8},"end":{"line":36,"column":69}},"type":"if","locations":[{"start":{"line":36,"column":8},"end":{"line":36,"column":69}},{"start":{},"end":{}}],"line":36},"3":{"loc":{"start":{"line":36,"column":12},"end":{"line":36,"column":55}},"type":"binary-expr","locations":[{"start":{"line":36,"column":12},"end":{"line":36,"column":30}},{"start":{"line":36,"column":34},"end":{"line":36,"column":55}}],"line":36},"4":{"loc":{"start":{"line":43,"column":14},"end":{"line":43,"column":148}},"type":"binary-expr","locations":[{"start":{"line":43,"column":14},"end":{"line":43,"column":44}},{"start":{"line":43,"column":48},"end":{"line":43,"column":79}},{"start":{"line":43,"column":83},"end":{"line":43,"column":113}},{"start":{"line":43,"column":117},"end":{"line":43,"column":148}}],"line":43},"5":{"loc":{"start":{"line":47,"column":14},"end":{"line":47,"column":156}},"type":"binary-expr","locations":[{"start":{"line":47,"column":14},"end":{"line":47,"column":44}},{"start":{"line":47,"column":48},"end":{"line":47,"column":87}},{"start":{"line":47,"column":91},"end":{"line":47,"column":121}},{"start":{"line":47,"column":125},"end":{"line":47,"column":156}}],"line":47},"6":{"loc":{"start":{"line":54,"column":28},"end":{"line":54,"column":79}},"type":"binary-expr","locations":[{"start":{"line":54,"column":28},"end":{"line":54,"column":52}},{"start":{"line":54,"column":56},"end":{"line":54,"column":79}}],"line":54},"7":{"loc":{"start":{"line":57,"column":8},"end":{"line":65,"column":9}},"type":"if","locations":[{"start":{"line":57,"column":8},"end":{"line":65,"column":9}},{"start":{},"end":{}}],"line":57},"8":{"loc":{"start":{"line":91,"column":28},"end":{"line":91,"column":79}},"type":"binary-expr","locations":[{"start":{"line":91,"column":28},"end":{"line":91,"column":52}},{"start":{"line":91,"column":56},"end":{"line":91,"column":79}}],"line":91},"9":{"loc":{"start":{"line":94,"column":8},"end":{"line":103,"column":9}},"type":"if","locations":[{"start":{"line":94,"column":8},"end":{"line":103,"column":9}},{"start":{},"end":{}}],"line":94},"10":{"loc":{"start":{"line":159,"column":16},"end":{"line":159,"column":72}},"type":"if","locations":[{"start":{"line":159,"column":16},"end":{"line":159,"column":72}},{"start":{},"end":{}}],"line":159},"11":{"loc":{"start":{"line":159,"column":20},"end":{"line":159,"column":53}},"type":"binary-expr","locations":[{"start":{"line":159,"column":20},"end":{"line":159,"column":37}},{"start":{"line":159,"column":41},"end":{"line":159,"column":53}}],"line":159},"12":{"loc":{"start":{"line":160,"column":16},"end":{"line":163,"column":17}},"type":"if","locations":[{"start":{"line":160,"column":16},"end":{"line":163,"column":17}},{"start":{},"end":{}}],"line":160},"13":{"loc":{"start":{"line":162,"column":27},"end":{"line":162,"column":59}},"type":"cond-expr","locations":[{"start":{"line":162,"column":50},"end":{"line":162,"column":53}},{"start":{"line":162,"column":56},"end":{"line":162,"column":59}}],"line":162},"14":{"loc":{"start":{"line":170,"column":16},"end":{"line":170,"column":72}},"type":"if","locations":[{"start":{"line":170,"column":16},"end":{"line":170,"column":72}},{"start":{},"end":{}}],"line":170},"15":{"loc":{"start":{"line":170,"column":20},"end":{"line":170,"column":53}},"type":"binary-expr","locations":[{"start":{"line":170,"column":20},"end":{"line":170,"column":37}},{"start":{"line":170,"column":41},"end":{"line":170,"column":53}}],"line":170},"16":{"loc":{"start":{"line":171,"column":16},"end":{"line":174,"column":17}},"type":"if","locations":[{"start":{"line":171,"column":16},"end":{"line":174,"column":17}},{"start":{},"end":{}}],"line":171},"17":{"loc":{"start":{"line":173,"column":27},"end":{"line":173,"column":59}},"type":"cond-expr","locations":[{"start":{"line":173,"column":50},"end":{"line":173,"column":53}},{"start":{"line":173,"column":56},"end":{"line":173,"column":59}}],"line":173},"18":{"loc":{"start":{"line":181,"column":16},"end":{"line":181,"column":72}},"type":"if","locations":[{"start":{"line":181,"column":16},"end":{"line":181,"column":72}},{"start":{},"end":{}}],"line":181},"19":{"loc":{"start":{"line":181,"column":20},"end":{"line":181,"column":53}},"type":"binary-expr","locations":[{"start":{"line":181,"column":20},"end":{"line":181,"column":37}},{"start":{"line":181,"column":41},"end":{"line":181,"column":53}}],"line":181},"20":{"loc":{"start":{"line":182,"column":16},"end":{"line":190,"column":17}},"type":"if","locations":[{"start":{"line":182,"column":16},"end":{"line":190,"column":17}},{"start":{},"end":{}}],"line":182},"21":{"loc":{"start":{"line":184,"column":20},"end":{"line":184,"column":57}},"type":"if","locations":[{"start":{"line":184,"column":20},"end":{"line":184,"column":57}},{"start":{},"end":{}}],"line":184},"22":{"loc":{"start":{"line":186,"column":20},"end":{"line":188,"column":21}},"type":"if","locations":[{"start":{"line":186,"column":20},"end":{"line":188,"column":21}},{"start":{},"end":{}}],"line":186},"23":{"loc":{"start":{"line":186,"column":24},"end":{"line":186,"column":69}},"type":"binary-expr","locations":[{"start":{"line":186,"column":24},"end":{"line":186,"column":44}},{"start":{"line":186,"column":48},"end":{"line":186,"column":69}}],"line":186},"24":{"loc":{"start":{"line":191,"column":16},"end":{"line":196,"column":17}},"type":"if","locations":[{"start":{"line":191,"column":16},"end":{"line":196,"column":17}},{"start":{},"end":{}}],"line":191},"25":{"loc":{"start":{"line":192,"column":20},"end":{"line":194,"column":21}},"type":"if","locations":[{"start":{"line":192,"column":20},"end":{"line":194,"column":21}},{"start":{},"end":{}}],"line":192},"26":{"loc":{"start":{"line":192,"column":24},"end":{"line":192,"column":69}},"type":"binary-expr","locations":[{"start":{"line":192,"column":24},"end":{"line":192,"column":44}},{"start":{"line":192,"column":48},"end":{"line":192,"column":69}}],"line":192},"27":{"loc":{"start":{"line":203,"column":16},"end":{"line":203,"column":72}},"type":"if","locations":[{"start":{"line":203,"column":16},"end":{"line":203,"column":72}},{"start":{},"end":{}}],"line":203},"28":{"loc":{"start":{"line":203,"column":20},"end":{"line":203,"column":53}},"type":"binary-expr","locations":[{"start":{"line":203,"column":20},"end":{"line":203,"column":32}},{"start":{"line":203,"column":36},"end":{"line":203,"column":53}}],"line":203},"29":{"loc":{"start":{"line":204,"column":16},"end":{"line":204,"column":51}},"type":"if","locations":[{"start":{"line":204,"column":16},"end":{"line":204,"column":51}},{"start":{},"end":{}}],"line":204},"30":{"loc":{"start":{"line":221,"column":16},"end":{"line":221,"column":72}},"type":"if","locations":[{"start":{"line":221,"column":16},"end":{"line":221,"column":72}},{"start":{},"end":{}}],"line":221},"31":{"loc":{"start":{"line":221,"column":20},"end":{"line":221,"column":53}},"type":"binary-expr","locations":[{"start":{"line":221,"column":20},"end":{"line":221,"column":37}},{"start":{"line":221,"column":41},"end":{"line":221,"column":53}}],"line":221},"32":{"loc":{"start":{"line":222,"column":16},"end":{"line":233,"column":17}},"type":"if","locations":[{"start":{"line":222,"column":16},"end":{"line":233,"column":17}},{"start":{},"end":{}}],"line":222},"33":{"loc":{"start":{"line":224,"column":24},"end":{"line":227,"column":25}},"type":"if","locations":[{"start":{"line":224,"column":24},"end":{"line":227,"column":25}},{"start":{},"end":{}}],"line":224},"34":{"loc":{"start":{"line":226,"column":35},"end":{"line":226,"column":90}},"type":"cond-expr","locations":[{"start":{"line":226,"column":83},"end":{"line":226,"column":86}},{"start":{"line":226,"column":89},"end":{"line":226,"column":90}}],"line":226},"35":{"loc":{"start":{"line":226,"column":35},"end":{"line":226,"column":80}},"type":"binary-expr","locations":[{"start":{"line":226,"column":35},"end":{"line":226,"column":55}},{"start":{"line":226,"column":59},"end":{"line":226,"column":80}}],"line":226},"36":{"loc":{"start":{"line":228,"column":24},"end":{"line":230,"column":25}},"type":"if","locations":[{"start":{"line":228,"column":24},"end":{"line":230,"column":25}},{"start":{},"end":{}}],"line":228},"37":{"loc":{"start":{"line":229,"column":35},"end":{"line":229,"column":84}},"type":"cond-expr","locations":[{"start":{"line":229,"column":79},"end":{"line":229,"column":80}},{"start":{"line":229,"column":83},"end":{"line":229,"column":84}}],"line":229},"38":{"loc":{"start":{"line":229,"column":35},"end":{"line":229,"column":76}},"type":"binary-expr","locations":[{"start":{"line":229,"column":35},"end":{"line":229,"column":53}},{"start":{"line":229,"column":57},"end":{"line":229,"column":76}}],"line":229},"39":{"loc":{"start":{"line":241,"column":21},"end":{"line":241,"column":51}},"type":"cond-expr","locations":[{"start":{"line":241,"column":36},"end":{"line":241,"column":45}},{"start":{"line":241,"column":48},"end":{"line":241,"column":51}}],"line":241},"40":{"loc":{"start":{"line":245,"column":21},"end":{"line":245,"column":51}},"type":"cond-expr","locations":[{"start":{"line":245,"column":36},"end":{"line":245,"column":45}},{"start":{"line":245,"column":48},"end":{"line":245,"column":51}}],"line":245},"41":{"loc":{"start":{"line":249,"column":21},"end":{"line":249,"column":51}},"type":"cond-expr","locations":[{"start":{"line":249,"column":36},"end":{"line":249,"column":45}},{"start":{"line":249,"column":48},"end":{"line":249,"column":51}}],"line":249},"42":{"loc":{"start":{"line":253,"column":21},"end":{"line":253,"column":51}},"type":"cond-expr","locations":[{"start":{"line":253,"column":36},"end":{"line":253,"column":45}},{"start":{"line":253,"column":48},"end":{"line":253,"column":51}}],"line":253},"43":{"loc":{"start":{"line":257,"column":21},"end":{"line":257,"column":51}},"type":"cond-expr","locations":[{"start":{"line":257,"column":36},"end":{"line":257,"column":45}},{"start":{"line":257,"column":48},"end":{"line":257,"column":51}}],"line":257},"44":{"loc":{"start":{"line":261,"column":21},"end":{"line":261,"column":51}},"type":"cond-expr","locations":[{"start":{"line":261,"column":36},"end":{"line":261,"column":45}},{"start":{"line":261,"column":48},"end":{"line":261,"column":51}}],"line":261},"45":{"loc":{"start":{"line":266,"column":16},"end":{"line":266,"column":72}},"type":"if","locations":[{"start":{"line":266,"column":16},"end":{"line":266,"column":72}},{"start":{},"end":{}}],"line":266},"46":{"loc":{"start":{"line":266,"column":20},"end":{"line":266,"column":53}},"type":"binary-expr","locations":[{"start":{"line":266,"column":20},"end":{"line":266,"column":37}},{"start":{"line":266,"column":41},"end":{"line":266,"column":53}}],"line":266},"47":{"loc":{"start":{"line":267,"column":16},"end":{"line":275,"column":17}},"type":"if","locations":[{"start":{"line":267,"column":16},"end":{"line":275,"column":17}},{"start":{},"end":{}}],"line":267},"48":{"loc":{"start":{"line":270,"column":20},"end":{"line":273,"column":21}},"type":"if","locations":[{"start":{"line":270,"column":20},"end":{"line":273,"column":21}},{"start":{},"end":{}}],"line":270},"49":{"loc":{"start":{"line":270,"column":24},"end":{"line":270,"column":55}},"type":"binary-expr","locations":[{"start":{"line":270,"column":24},"end":{"line":270,"column":44}},{"start":{"line":270,"column":48},"end":{"line":270,"column":55}}],"line":270},"50":{"loc":{"start":{"line":272,"column":24},"end":{"line":272,"column":58}},"type":"if","locations":[{"start":{"line":272,"column":24},"end":{"line":272,"column":58}},{"start":{},"end":{}}],"line":272},"51":{"loc":{"start":{"line":276,"column":16},"end":{"line":282,"column":17}},"type":"if","locations":[{"start":{"line":276,"column":16},"end":{"line":282,"column":17}},{"start":{},"end":{}}],"line":276},"52":{"loc":{"start":{"line":277,"column":20},"end":{"line":280,"column":21}},"type":"if","locations":[{"start":{"line":277,"column":20},"end":{"line":280,"column":21}},{"start":{},"end":{}}],"line":277},"53":{"loc":{"start":{"line":277,"column":24},"end":{"line":277,"column":55}},"type":"binary-expr","locations":[{"start":{"line":277,"column":24},"end":{"line":277,"column":44}},{"start":{"line":277,"column":48},"end":{"line":277,"column":55}}],"line":277},"54":{"loc":{"start":{"line":279,"column":24},"end":{"line":279,"column":58}},"type":"if","locations":[{"start":{"line":279,"column":24},"end":{"line":279,"column":58}},{"start":{},"end":{}}],"line":279},"55":{"loc":{"start":{"line":288,"column":21},"end":{"line":288,"column":51}},"type":"cond-expr","locations":[{"start":{"line":288,"column":36},"end":{"line":288,"column":45}},{"start":{"line":288,"column":48},"end":{"line":288,"column":51}}],"line":288},"56":{"loc":{"start":{"line":293,"column":16},"end":{"line":293,"column":72}},"type":"if","locations":[{"start":{"line":293,"column":16},"end":{"line":293,"column":72}},{"start":{},"end":{}}],"line":293},"57":{"loc":{"start":{"line":293,"column":20},"end":{"line":293,"column":53}},"type":"binary-expr","locations":[{"start":{"line":293,"column":20},"end":{"line":293,"column":37}},{"start":{"line":293,"column":41},"end":{"line":293,"column":53}}],"line":293},"58":{"loc":{"start":{"line":294,"column":16},"end":{"line":305,"column":17}},"type":"if","locations":[{"start":{"line":294,"column":16},"end":{"line":305,"column":17}},{"start":{},"end":{}}],"line":294},"59":{"loc":{"start":{"line":296,"column":24},"end":{"line":299,"column":25}},"type":"if","locations":[{"start":{"line":296,"column":24},"end":{"line":299,"column":25}},{"start":{},"end":{}}],"line":296},"60":{"loc":{"start":{"line":298,"column":35},"end":{"line":298,"column":90}},"type":"cond-expr","locations":[{"start":{"line":298,"column":83},"end":{"line":298,"column":86}},{"start":{"line":298,"column":89},"end":{"line":298,"column":90}}],"line":298},"61":{"loc":{"start":{"line":298,"column":35},"end":{"line":298,"column":80}},"type":"binary-expr","locations":[{"start":{"line":298,"column":35},"end":{"line":298,"column":55}},{"start":{"line":298,"column":59},"end":{"line":298,"column":80}}],"line":298},"62":{"loc":{"start":{"line":300,"column":24},"end":{"line":302,"column":25}},"type":"if","locations":[{"start":{"line":300,"column":24},"end":{"line":302,"column":25}},{"start":{},"end":{}}],"line":300},"63":{"loc":{"start":{"line":301,"column":35},"end":{"line":301,"column":84}},"type":"cond-expr","locations":[{"start":{"line":301,"column":79},"end":{"line":301,"column":80}},{"start":{"line":301,"column":83},"end":{"line":301,"column":84}}],"line":301},"64":{"loc":{"start":{"line":301,"column":35},"end":{"line":301,"column":76}},"type":"binary-expr","locations":[{"start":{"line":301,"column":35},"end":{"line":301,"column":53}},{"start":{"line":301,"column":57},"end":{"line":301,"column":76}}],"line":301},"65":{"loc":{"start":{"line":316,"column":16},"end":{"line":319,"column":17}},"type":"if","locations":[{"start":{"line":316,"column":16},"end":{"line":319,"column":17}},{"start":{},"end":{}}],"line":316},"66":{"loc":{"start":{"line":317,"column":20},"end":{"line":317,"column":82}},"type":"if","locations":[{"start":{"line":317,"column":20},"end":{"line":317,"column":82}},{"start":{},"end":{}}],"line":317},"67":{"loc":{"start":{"line":317,"column":24},"end":{"line":317,"column":63}},"type":"binary-expr","locations":[{"start":{"line":317,"column":24},"end":{"line":317,"column":42}},{"start":{"line":317,"column":46},"end":{"line":317,"column":63}}],"line":317},"68":{"loc":{"start":{"line":318,"column":20},"end":{"line":318,"column":64}},"type":"if","locations":[{"start":{"line":318,"column":20},"end":{"line":318,"column":64}},{"start":{},"end":{}}],"line":318},"69":{"loc":{"start":{"line":328,"column":16},"end":{"line":328,"column":72}},"type":"if","locations":[{"start":{"line":328,"column":16},"end":{"line":328,"column":72}},{"start":{},"end":{}}],"line":328},"70":{"loc":{"start":{"line":328,"column":20},"end":{"line":328,"column":53}},"type":"binary-expr","locations":[{"start":{"line":328,"column":20},"end":{"line":328,"column":37}},{"start":{"line":328,"column":41},"end":{"line":328,"column":53}}],"line":328},"71":{"loc":{"start":{"line":329,"column":16},"end":{"line":332,"column":17}},"type":"if","locations":[{"start":{"line":329,"column":16},"end":{"line":332,"column":17}},{"start":{},"end":{}}],"line":329},"72":{"loc":{"start":{"line":331,"column":27},"end":{"line":331,"column":59}},"type":"cond-expr","locations":[{"start":{"line":331,"column":50},"end":{"line":331,"column":53}},{"start":{"line":331,"column":56},"end":{"line":331,"column":59}}],"line":331},"73":{"loc":{"start":{"line":339,"column":16},"end":{"line":339,"column":72}},"type":"if","locations":[{"start":{"line":339,"column":16},"end":{"line":339,"column":72}},{"start":{},"end":{}}],"line":339},"74":{"loc":{"start":{"line":339,"column":20},"end":{"line":339,"column":53}},"type":"binary-expr","locations":[{"start":{"line":339,"column":20},"end":{"line":339,"column":37}},{"start":{"line":339,"column":41},"end":{"line":339,"column":53}}],"line":339},"75":{"loc":{"start":{"line":340,"column":16},"end":{"line":344,"column":17}},"type":"if","locations":[{"start":{"line":340,"column":16},"end":{"line":344,"column":17}},{"start":{},"end":{}}],"line":340},"76":{"loc":{"start":{"line":342,"column":20},"end":{"line":342,"column":52}},"type":"if","locations":[{"start":{"line":342,"column":20},"end":{"line":342,"column":52}},{"start":{},"end":{}}],"line":342},"77":{"loc":{"start":{"line":343,"column":27},"end":{"line":343,"column":59}},"type":"cond-expr","locations":[{"start":{"line":343,"column":50},"end":{"line":343,"column":53}},{"start":{"line":343,"column":56},"end":{"line":343,"column":59}}],"line":343},"78":{"loc":{"start":{"line":345,"column":16},"end":{"line":345,"column":48}},"type":"if","locations":[{"start":{"line":345,"column":16},"end":{"line":345,"column":48}},{"start":{},"end":{}}],"line":345},"79":{"loc":{"start":{"line":352,"column":16},"end":{"line":352,"column":72}},"type":"if","locations":[{"start":{"line":352,"column":16},"end":{"line":352,"column":72}},{"start":{},"end":{}}],"line":352},"80":{"loc":{"start":{"line":352,"column":20},"end":{"line":352,"column":53}},"type":"binary-expr","locations":[{"start":{"line":352,"column":20},"end":{"line":352,"column":37}},{"start":{"line":352,"column":41},"end":{"line":352,"column":53}}],"line":352},"81":{"loc":{"start":{"line":353,"column":16},"end":{"line":361,"column":17}},"type":"if","locations":[{"start":{"line":353,"column":16},"end":{"line":361,"column":17}},{"start":{},"end":{}}],"line":353},"82":{"loc":{"start":{"line":356,"column":20},"end":{"line":359,"column":21}},"type":"if","locations":[{"start":{"line":356,"column":20},"end":{"line":359,"column":21}},{"start":{},"end":{}}],"line":356},"83":{"loc":{"start":{"line":356,"column":24},"end":{"line":356,"column":56}},"type":"binary-expr","locations":[{"start":{"line":356,"column":24},"end":{"line":356,"column":44}},{"start":{"line":356,"column":48},"end":{"line":356,"column":56}}],"line":356},"84":{"loc":{"start":{"line":358,"column":24},"end":{"line":358,"column":58}},"type":"if","locations":[{"start":{"line":358,"column":24},"end":{"line":358,"column":58}},{"start":{},"end":{}}],"line":358},"85":{"loc":{"start":{"line":362,"column":16},"end":{"line":368,"column":17}},"type":"if","locations":[{"start":{"line":362,"column":16},"end":{"line":368,"column":17}},{"start":{},"end":{}}],"line":362},"86":{"loc":{"start":{"line":363,"column":20},"end":{"line":366,"column":21}},"type":"if","locations":[{"start":{"line":363,"column":20},"end":{"line":366,"column":21}},{"start":{},"end":{}}],"line":363},"87":{"loc":{"start":{"line":363,"column":24},"end":{"line":363,"column":56}},"type":"binary-expr","locations":[{"start":{"line":363,"column":24},"end":{"line":363,"column":44}},{"start":{"line":363,"column":48},"end":{"line":363,"column":56}}],"line":363},"88":{"loc":{"start":{"line":365,"column":24},"end":{"line":365,"column":58}},"type":"if","locations":[{"start":{"line":365,"column":24},"end":{"line":365,"column":58}},{"start":{},"end":{}}],"line":365},"89":{"loc":{"start":{"line":376,"column":21},"end":{"line":376,"column":72}},"type":"cond-expr","locations":[{"start":{"line":376,"column":57},"end":{"line":376,"column":66}},{"start":{"line":376,"column":69},"end":{"line":376,"column":72}}],"line":376},"90":{"loc":{"start":{"line":376,"column":21},"end":{"line":376,"column":54}},"type":"binary-expr","locations":[{"start":{"line":376,"column":21},"end":{"line":376,"column":33}},{"start":{"line":376,"column":37},"end":{"line":376,"column":54}}],"line":376},"91":{"loc":{"start":{"line":380,"column":21},"end":{"line":380,"column":72}},"type":"cond-expr","locations":[{"start":{"line":380,"column":57},"end":{"line":380,"column":66}},{"start":{"line":380,"column":69},"end":{"line":380,"column":72}}],"line":380},"92":{"loc":{"start":{"line":380,"column":21},"end":{"line":380,"column":54}},"type":"binary-expr","locations":[{"start":{"line":380,"column":21},"end":{"line":380,"column":33}},{"start":{"line":380,"column":37},"end":{"line":380,"column":54}}],"line":380},"93":{"loc":{"start":{"line":385,"column":16},"end":{"line":385,"column":72}},"type":"if","locations":[{"start":{"line":385,"column":16},"end":{"line":385,"column":72}},{"start":{},"end":{}}],"line":385},"94":{"loc":{"start":{"line":385,"column":20},"end":{"line":385,"column":53}},"type":"binary-expr","locations":[{"start":{"line":385,"column":20},"end":{"line":385,"column":32}},{"start":{"line":385,"column":36},"end":{"line":385,"column":53}}],"line":385},"95":{"loc":{"start":{"line":386,"column":16},"end":{"line":389,"column":17}},"type":"if","locations":[{"start":{"line":386,"column":16},"end":{"line":389,"column":17}},{"start":{},"end":{}}],"line":386},"96":{"loc":{"start":{"line":387,"column":20},"end":{"line":387,"column":82}},"type":"if","locations":[{"start":{"line":387,"column":20},"end":{"line":387,"column":82}},{"start":{},"end":{}}],"line":387},"97":{"loc":{"start":{"line":387,"column":24},"end":{"line":387,"column":63}},"type":"binary-expr","locations":[{"start":{"line":387,"column":24},"end":{"line":387,"column":42}},{"start":{"line":387,"column":46},"end":{"line":387,"column":63}}],"line":387},"98":{"loc":{"start":{"line":388,"column":20},"end":{"line":388,"column":64}},"type":"if","locations":[{"start":{"line":388,"column":20},"end":{"line":388,"column":64}},{"start":{},"end":{}}],"line":388},"99":{"loc":{"start":{"line":395,"column":21},"end":{"line":395,"column":72}},"type":"cond-expr","locations":[{"start":{"line":395,"column":57},"end":{"line":395,"column":66}},{"start":{"line":395,"column":69},"end":{"line":395,"column":72}}],"line":395},"100":{"loc":{"start":{"line":395,"column":21},"end":{"line":395,"column":54}},"type":"binary-expr","locations":[{"start":{"line":395,"column":21},"end":{"line":395,"column":33}},{"start":{"line":395,"column":37},"end":{"line":395,"column":54}}],"line":395},"101":{"loc":{"start":{"line":399,"column":21},"end":{"line":399,"column":72}},"type":"cond-expr","locations":[{"start":{"line":399,"column":57},"end":{"line":399,"column":66}},{"start":{"line":399,"column":69},"end":{"line":399,"column":72}}],"line":399},"102":{"loc":{"start":{"line":399,"column":21},"end":{"line":399,"column":54}},"type":"binary-expr","locations":[{"start":{"line":399,"column":21},"end":{"line":399,"column":33}},{"start":{"line":399,"column":37},"end":{"line":399,"column":54}}],"line":399},"103":{"loc":{"start":{"line":403,"column":21},"end":{"line":403,"column":72}},"type":"cond-expr","locations":[{"start":{"line":403,"column":57},"end":{"line":403,"column":66}},{"start":{"line":403,"column":69},"end":{"line":403,"column":72}}],"line":403},"104":{"loc":{"start":{"line":403,"column":21},"end":{"line":403,"column":54}},"type":"binary-expr","locations":[{"start":{"line":403,"column":21},"end":{"line":403,"column":33}},{"start":{"line":403,"column":37},"end":{"line":403,"column":54}}],"line":403},"105":{"loc":{"start":{"line":408,"column":16},"end":{"line":408,"column":56}},"type":"if","locations":[{"start":{"line":408,"column":16},"end":{"line":408,"column":56}},{"start":{},"end":{}}],"line":408},"106":{"loc":{"start":{"line":409,"column":16},"end":{"line":409,"column":60}},"type":"if","locations":[{"start":{"line":409,"column":16},"end":{"line":409,"column":60}},{"start":{},"end":{}}],"line":409},"107":{"loc":{"start":{"line":409,"column":20},"end":{"line":409,"column":46}},"type":"binary-expr","locations":[{"start":{"line":409,"column":20},"end":{"line":409,"column":32}},{"start":{"line":409,"column":36},"end":{"line":409,"column":46}}],"line":409},"108":{"loc":{"start":{"line":410,"column":16},"end":{"line":410,"column":58}},"type":"if","locations":[{"start":{"line":410,"column":16},"end":{"line":410,"column":58}},{"start":{},"end":{}}],"line":410},"109":{"loc":{"start":{"line":410,"column":20},"end":{"line":410,"column":44}},"type":"binary-expr","locations":[{"start":{"line":410,"column":20},"end":{"line":410,"column":29}},{"start":{"line":410,"column":33},"end":{"line":410,"column":44}}],"line":410},"110":{"loc":{"start":{"line":411,"column":16},"end":{"line":415,"column":17}},"type":"if","locations":[{"start":{"line":411,"column":16},"end":{"line":415,"column":17}},{"start":{},"end":{}}],"line":411},"111":{"loc":{"start":{"line":413,"column":20},"end":{"line":413,"column":47}},"type":"if","locations":[{"start":{"line":413,"column":20},"end":{"line":413,"column":47}},{"start":{},"end":{}}],"line":413},"112":{"loc":{"start":{"line":414,"column":27},"end":{"line":414,"column":59}},"type":"cond-expr","locations":[{"start":{"line":414,"column":50},"end":{"line":414,"column":53}},{"start":{"line":414,"column":56},"end":{"line":414,"column":59}}],"line":414},"113":{"loc":{"start":{"line":422,"column":16},"end":{"line":422,"column":56}},"type":"if","locations":[{"start":{"line":422,"column":16},"end":{"line":422,"column":56}},{"start":{},"end":{}}],"line":422},"114":{"loc":{"start":{"line":423,"column":16},"end":{"line":423,"column":60}},"type":"if","locations":[{"start":{"line":423,"column":16},"end":{"line":423,"column":60}},{"start":{},"end":{}}],"line":423},"115":{"loc":{"start":{"line":423,"column":20},"end":{"line":423,"column":46}},"type":"binary-expr","locations":[{"start":{"line":423,"column":20},"end":{"line":423,"column":32}},{"start":{"line":423,"column":36},"end":{"line":423,"column":46}}],"line":423},"116":{"loc":{"start":{"line":424,"column":16},"end":{"line":424,"column":58}},"type":"if","locations":[{"start":{"line":424,"column":16},"end":{"line":424,"column":58}},{"start":{},"end":{}}],"line":424},"117":{"loc":{"start":{"line":424,"column":20},"end":{"line":424,"column":44}},"type":"binary-expr","locations":[{"start":{"line":424,"column":20},"end":{"line":424,"column":29}},{"start":{"line":424,"column":33},"end":{"line":424,"column":44}}],"line":424},"118":{"loc":{"start":{"line":425,"column":16},"end":{"line":429,"column":17}},"type":"if","locations":[{"start":{"line":425,"column":16},"end":{"line":429,"column":17}},{"start":{},"end":{}}],"line":425},"119":{"loc":{"start":{"line":427,"column":20},"end":{"line":427,"column":47}},"type":"if","locations":[{"start":{"line":427,"column":20},"end":{"line":427,"column":47}},{"start":{},"end":{}}],"line":427},"120":{"loc":{"start":{"line":428,"column":27},"end":{"line":428,"column":59}},"type":"cond-expr","locations":[{"start":{"line":428,"column":50},"end":{"line":428,"column":53}},{"start":{"line":428,"column":56},"end":{"line":428,"column":59}}],"line":428},"121":{"loc":{"start":{"line":441,"column":8},"end":{"line":441,"column":84}},"type":"if","locations":[{"start":{"line":441,"column":8},"end":{"line":441,"column":84}},{"start":{},"end":{}}],"line":441},"122":{"loc":{"start":{"line":456,"column":11},"end":{"line":456,"column":77}},"type":"cond-expr","locations":[{"start":{"line":456,"column":33},"end":{"line":456,"column":37}},{"start":{"line":456,"column":40},"end":{"line":456,"column":77}}],"line":456},"123":{"loc":{"start":{"line":456,"column":11},"end":{"line":456,"column":30}},"type":"binary-expr","locations":[{"start":{"line":456,"column":11},"end":{"line":456,"column":18}},{"start":{"line":456,"column":22},"end":{"line":456,"column":30}}],"line":456},"124":{"loc":{"start":{"line":456,"column":79},"end":{"line":456,"column":98}},"type":"binary-expr","locations":[{"start":{"line":456,"column":79},"end":{"line":456,"column":86}},{"start":{"line":456,"column":90},"end":{"line":456,"column":98}}],"line":456},"125":{"loc":{"start":{"line":463,"column":4},"end":{"line":463,"column":71}},"type":"if","locations":[{"start":{"line":463,"column":4},"end":{"line":463,"column":71}},{"start":{},"end":{}}],"line":463},"126":{"loc":{"start":{"line":477,"column":8},"end":{"line":477,"column":75}},"type":"if","locations":[{"start":{"line":477,"column":8},"end":{"line":477,"column":75}},{"start":{},"end":{}}],"line":477},"127":{"loc":{"start":{"line":481,"column":12},"end":{"line":483,"column":13}},"type":"if","locations":[{"start":{"line":481,"column":12},"end":{"line":483,"column":13}},{"start":{},"end":{}}],"line":481},"128":{"loc":{"start":{"line":493,"column":4},"end":{"line":498,"column":5}},"type":"if","locations":[{"start":{"line":493,"column":4},"end":{"line":498,"column":5}},{"start":{"line":496,"column":11},"end":{"line":498,"column":5}}],"line":493},"129":{"loc":{"start":{"line":504,"column":21},"end":{"line":504,"column":77}},"type":"cond-expr","locations":[{"start":{"line":504,"column":64},"end":{"line":504,"column":72}},{"start":{"line":504,"column":75},"end":{"line":504,"column":77}}],"line":504},"130":{"loc":{"start":{"line":504,"column":21},"end":{"line":504,"column":61}},"type":"binary-expr","locations":[{"start":{"line":504,"column":21},"end":{"line":504,"column":29}},{"start":{"line":504,"column":33},"end":{"line":504,"column":61}}],"line":504},"131":{"loc":{"start":{"line":508,"column":8},"end":{"line":510,"column":9}},"type":"if","locations":[{"start":{"line":508,"column":8},"end":{"line":510,"column":9}},{"start":{},"end":{}}],"line":508},"132":{"loc":{"start":{"line":516,"column":4},"end":{"line":516,"column":45}},"type":"if","locations":[{"start":{"line":516,"column":4},"end":{"line":516,"column":45}},{"start":{},"end":{}}],"line":516},"133":{"loc":{"start":{"line":517,"column":4},"end":{"line":517,"column":64}},"type":"if","locations":[{"start":{"line":517,"column":4},"end":{"line":517,"column":64}},{"start":{},"end":{}}],"line":517},"134":{"loc":{"start":{"line":517,"column":8},"end":{"line":517,"column":50}},"type":"binary-expr","locations":[{"start":{"line":517,"column":8},"end":{"line":517,"column":22}},{"start":{"line":517,"column":26},"end":{"line":517,"column":37}},{"start":{"line":517,"column":41},"end":{"line":517,"column":50}}],"line":517},"135":{"loc":{"start":{"line":518,"column":4},"end":{"line":518,"column":66}},"type":"if","locations":[{"start":{"line":518,"column":4},"end":{"line":518,"column":66}},{"start":{},"end":{}}],"line":518},"136":{"loc":{"start":{"line":518,"column":8},"end":{"line":518,"column":51}},"type":"binary-expr","locations":[{"start":{"line":518,"column":8},"end":{"line":518,"column":23}},{"start":{"line":518,"column":27},"end":{"line":518,"column":38}},{"start":{"line":518,"column":42},"end":{"line":518,"column":51}}],"line":518},"137":{"loc":{"start":{"line":527,"column":8},"end":{"line":529,"column":9}},"type":"if","locations":[{"start":{"line":527,"column":8},"end":{"line":529,"column":9}},{"start":{},"end":{}}],"line":527},"138":{"loc":{"start":{"line":536,"column":11},"end":{"line":536,"column":54}},"type":"binary-expr","locations":[{"start":{"line":536,"column":11},"end":{"line":536,"column":20}},{"start":{"line":536,"column":24},"end":{"line":536,"column":54}}],"line":536},"139":{"loc":{"start":{"line":540,"column":46},"end":{"line":540,"column":63}},"type":"default-arg","locations":[{"start":{"line":540,"column":61},"end":{"line":540,"column":63}}],"line":540},"140":{"loc":{"start":{"line":544,"column":4},"end":{"line":580,"column":5}},"type":"if","locations":[{"start":{"line":544,"column":4},"end":{"line":580,"column":5}},{"start":{},"end":{}}],"line":544},"141":{"loc":{"start":{"line":551,"column":8},"end":{"line":555,"column":9}},"type":"if","locations":[{"start":{"line":551,"column":8},"end":{"line":555,"column":9}},{"start":{},"end":{}}],"line":551},"142":{"loc":{"start":{"line":560,"column":12},"end":{"line":562,"column":13}},"type":"if","locations":[{"start":{"line":560,"column":12},"end":{"line":562,"column":13}},{"start":{},"end":{}}],"line":560},"143":{"loc":{"start":{"line":560,"column":16},"end":{"line":560,"column":60}},"type":"binary-expr","locations":[{"start":{"line":560,"column":16},"end":{"line":560,"column":37}},{"start":{"line":560,"column":41},"end":{"line":560,"column":60}}],"line":560},"144":{"loc":{"start":{"line":564,"column":12},"end":{"line":571,"column":13}},"type":"if","locations":[{"start":{"line":564,"column":12},"end":{"line":571,"column":13}},{"start":{},"end":{}}],"line":564},"145":{"loc":{"start":{"line":564,"column":16},"end":{"line":564,"column":69}},"type":"binary-expr","locations":[{"start":{"line":564,"column":16},"end":{"line":564,"column":40}},{"start":{"line":564,"column":44},"end":{"line":564,"column":69}}],"line":564},"146":{"loc":{"start":{"line":568,"column":16},"end":{"line":570,"column":17}},"type":"if","locations":[{"start":{"line":568,"column":16},"end":{"line":570,"column":17}},{"start":{},"end":{}}],"line":568},"147":{"loc":{"start":{"line":568,"column":20},"end":{"line":568,"column":47}},"type":"binary-expr","locations":[{"start":{"line":568,"column":20},"end":{"line":568,"column":29}},{"start":{"line":568,"column":33},"end":{"line":568,"column":47}}],"line":568},"148":{"loc":{"start":{"line":573,"column":12},"end":{"line":575,"column":13}},"type":"if","locations":[{"start":{"line":573,"column":12},"end":{"line":575,"column":13}},{"start":{},"end":{}}],"line":573},"149":{"loc":{"start":{"line":573,"column":16},"end":{"line":573,"column":62}},"type":"binary-expr","locations":[{"start":{"line":573,"column":16},"end":{"line":573,"column":33}},{"start":{"line":573,"column":37},"end":{"line":573,"column":62}}],"line":573},"150":{"loc":{"start":{"line":577,"column":12},"end":{"line":577,"column":68}},"type":"if","locations":[{"start":{"line":577,"column":12},"end":{"line":577,"column":68}},{"start":{},"end":{}}],"line":577},"151":{"loc":{"start":{"line":578,"column":12},"end":{"line":578,"column":58}},"type":"if","locations":[{"start":{"line":578,"column":12},"end":{"line":578,"column":58}},{"start":{},"end":{}}],"line":578}},"s":{"0":6,"1":6,"2":6,"3":6,"4":6,"5":6,"6":6,"7":6,"8":6,"9":0,"10":0,"11":6,"12":1,"13":1,"14":1,"15":1,"16":1,"17":58,"18":58,"19":0,"20":0,"21":0,"22":0,"23":0,"24":0,"25":0,"26":6,"27":1,"28":6,"29":1,"30":6,"31":6,"32":1,"33":1,"34":1,"35":0,"36":0,"37":0,"38":0,"39":0,"40":0,"41":0,"42":1,"43":1,"44":1,"45":1,"46":1,"47":0,"48":0,"49":1,"50":1,"51":1,"52":0,"53":0,"54":0,"55":0,"56":0,"57":0,"58":0,"59":0,"60":1,"61":1,"62":1,"63":1,"64":1,"65":0,"66":0,"67":6,"68":6,"69":6,"70":6,"71":6,"72":4,"73":1,"74":3,"75":0,"76":0,"77":3,"78":4,"79":3,"80":1,"81":0,"82":0,"83":1,"84":4,"85":3,"86":1,"87":0,"88":0,"89":0,"90":0,"91":0,"92":0,"93":0,"94":1,"95":1,"96":1,"97":0,"98":0,"99":4,"100":1,"101":3,"102":3,"103":0,"104":6,"105":5,"106":1,"107":1,"108":1,"109":0,"110":0,"111":1,"112":1,"113":0,"114":0,"115":3,"116":3,"117":3,"118":3,"119":3,"120":3,"121":3,"122":3,"123":0,"124":0,"125":0,"126":0,"127":0,"128":0,"129":0,"130":0,"131":0,"132":0,"133":0,"134":0,"135":0,"136":0,"137":0,"138":3,"139":3,"140":3,"141":0,"142":0,"143":0,"144":0,"145":0,"146":0,"147":0,"148":0,"149":0,"150":6,"151":6,"152":0,"153":6,"154":6,"155":0,"156":6,"157":6,"158":0,"159":0,"160":0,"161":0,"162":6,"163":0,"164":6,"165":0,"166":0,"167":0,"168":0,"169":6,"170":0,"171":6,"172":6,"173":6,"174":0,"175":0,"176":0,"177":0,"178":0,"179":0,"180":0,"181":0,"182":0,"183":0,"184":0,"185":0,"186":0,"187":0,"188":0,"189":1,"190":1,"191":1,"192":1,"193":0,"194":0,"195":0,"196":0,"197":0,"198":0,"199":1,"200":1,"201":1,"202":1,"203":1,"204":0,"205":0,"206":0,"207":0,"208":0,"209":0,"210":0,"211":0,"212":0,"213":0,"214":1,"215":1,"216":0,"217":0,"218":0,"219":0,"220":0,"221":0,"222":0,"223":0,"224":0,"225":0,"226":6,"227":0,"228":0,"229":0,"230":0,"231":0,"232":0,"233":6,"234":0,"235":0,"236":0,"237":0,"238":6,"239":0,"240":0,"241":0,"242":0,"243":0,"244":0,"245":0,"246":6,"247":210,"248":210,"249":210,"250":49,"251":49,"252":0,"253":49,"254":49,"255":49,"256":2,"257":47,"258":0,"259":6,"260":4,"261":4,"262":4,"263":4,"264":0,"265":0,"266":4,"267":6,"268":42,"269":14,"270":14,"271":14,"272":14,"273":0,"274":0,"275":0,"276":6,"277":6,"278":6,"279":0,"280":0,"281":0,"282":0,"283":0,"284":6,"285":42,"286":9,"287":9,"288":9,"289":0,"290":0,"291":0,"292":6,"293":8,"294":6,"295":3,"296":3,"297":3,"298":3,"299":3,"300":1,"301":0,"302":1,"303":1,"304":1,"305":2,"306":2,"307":2,"308":0,"309":2,"310":0,"311":0,"312":0,"313":2,"314":1,"315":1,"316":1,"317":1,"318":0,"319":1,"320":6,"321":4,"322":4,"323":6},"f":{"0":1,"1":58,"2":0,"3":1,"4":1,"5":1,"6":1,"7":4,"8":4,"9":4,"10":4,"11":6,"12":1,"13":3,"14":3,"15":3,"16":3,"17":3,"18":3,"19":3,"20":3,"21":3,"22":0,"23":6,"24":6,"25":6,"26":6,"27":1,"28":1,"29":1,"30":1,"31":1,"32":1,"33":1,"34":1,"35":0,"36":0,"37":0,"38":0,"39":210,"40":49,"41":4,"42":42,"43":14,"44":6,"45":42,"46":9,"47":8,"48":3,"49":0,"50":1,"51":4},"b":{"0":[0,6],"1":[0,0],"2":[0,0],"3":[0,0],"4":[1,1,1,1],"5":[1,1,1,1],"6":[1,1],"7":[0,1],"8":[1,1],"9":[0,1],"10":[1,3],"11":[4,3],"12":[0,3],"13":[0,0],"14":[3,1],"15":[4,1],"16":[0,1],"17":[0,0],"18":[3,1],"19":[4,1],"20":[0,1],"21":[0,0],"22":[0,0],"23":[0,0],"24":[1,0],"25":[1,0],"26":[1,
[...]
"column":8},"end":{"line":510,"column":92}},{"start":{},"end":{}}],"line":510},"102":{"loc":{"start":{"line":511,"column":8},"end":{"line":511,"column":98}},"type":"if","locations":[{"start":{"line":511,"column":8},"end":{"line":511,"column":98}},{"start":{},"end":{}}],"line":511},"103":{"loc":{"start":{"line":515,"column":28},"end":{"line":517,"column":36}},"type":"cond-expr","locations":[{"start":{"line":516,"column":14},"end":{"line":516,"column":46}},{"start":{"line":517,"column":14},"end":{"line":517,"column":36}}],"line":515},"104":{"loc":{"start":{"line":520,"column":8},"end":{"line":520,"column":86}},"type":"if","locations":[{"start":{"line":520,"column":8},"end":{"line":520,"column":86}},{"start":{},"end":{}}],"line":520},"105":{"loc":{"start":{"line":523,"column":8},"end":{"line":525,"column":9}},"type":"if","locations":[{"start":{"line":523,"column":8},"end":{"line":525,"column":9}},{"start":{},"end":{}}],"line":523},"106":{"loc":{"start":{"line":534,"column":24},"end":{"line":534,"column":36}},"type":"binary-expr","locations":[{"start":{"line":534,"column":24},"end":{"line":534,"column":30}},{"start":{"line":534,"column":34},"end":{"line":534,"column":36}}],"line":534},"107":{"loc":{"start":{"line":546,"column":24},"end":{"line":546,"column":36}},"type":"binary-expr","locations":[{"start":{"line":546,"column":24},"end":{"line":546,"column":30}},{"start":{"line":546,"column":34},"end":{"line":546,"column":36}}],"line":546},"108":{"loc":{"start":{"line":577,"column":17},"end":{"line":577,"column":78}},"type":"cond-expr","locations":[{"start":{"line":577,"column":69},"end":{"line":577,"column":72}},{"start":{"line":577,"column":75},"end":{"line":577,"column":78}}],"line":577},"109":{"loc":{"start":{"line":577,"column":18},"end":{"line":577,"column":65}},"type":"binary-expr","locations":[{"start":{"line":577,"column":18},"end":{"line":577,"column":35}},{"start":{"line":577,"column":39},"end":{"line":577,"column":51}},{"start":{"line":577,"column":55},"end":{"line":577,"column":65}}],"line":577},"110":{"loc":{"start":{"line":581,"column":17},"end":{"line":581,"column":79}},"type":"cond-expr","locations":[{"start":{"line":581,"column":69},"end":{"line":581,"column":73}},{"start":{"line":581,"column":76},"end":{"line":581,"column":79}}],"line":581},"111":{"loc":{"start":{"line":581,"column":18},"end":{"line":581,"column":65}},"type":"binary-expr","locations":[{"start":{"line":581,"column":18},"end":{"line":581,"column":35}},{"start":{"line":581,"column":39},"end":{"line":581,"column":51}},{"start":{"line":581,"column":55},"end":{"line":581,"column":65}}],"line":581},"112":{"loc":{"start":{"line":588,"column":75},"end":{"line":588,"column":85}},"type":"default-arg","locations":[{"start":{"line":588,"column":82},"end":{"line":588,"column":85}}],"line":588},"113":{"loc":{"start":{"line":588,"column":87},"end":{"line":588,"column":99}},"type":"default-arg","locations":[{"start":{"line":588,"column":95},"end":{"line":588,"column":99}}],"line":588},"114":{"loc":{"start":{"line":592,"column":8},"end":{"line":594,"column":9}},"type":"if","locations":[{"start":{"line":592,"column":8},"end":{"line":594,"column":9}},{"start":{},"end":{}}],"line":592},"115":{"loc":{"start":{"line":595,"column":8},"end":{"line":597,"column":9}},"type":"if","locations":[{"start":{"line":595,"column":8},"end":{"line":597,"column":9}},{"start":{},"end":{}}],"line":595},"116":{"loc":{"start":{"line":595,"column":12},"end":{"line":595,"column":42}},"type":"binary-expr","locations":[{"start":{"line":595,"column":12},"end":{"line":595,"column":24}},{"start":{"line":595,"column":28},"end":{"line":595,"column":42}}],"line":595},"117":{"loc":{"start":{"line":602,"column":8},"end":{"line":602,"column":36}},"type":"if","locations":[{"start":{"line":602,"column":8},"end":{"line":602,"column":36}},{"start":{},"end":{}}],"line":602},"118":{"loc":{"start":{"line":603,"column":8},"end":{"line":603,"column":61}},"type":"if","locations":[{"start":{"line":603,"column":8},"end":{"line":603,"column":61}},{"start":{},"end":{}}],"line":603},"119":{"loc":{"start":{"line":604,"column":8},"end":{"line":607,"column":9}},"type":"if","locations":[{"start":{"line":604,"column":8},"end":{"line":607,"column":9}},{"start":{},"end":{}}],"line":604},"120":{"loc":{"start":{"line":608,"column":8},"end":{"line":610,"column":9}},"type":"if","locations":[{"start":{"line":608,"column":8},"end":{"line":610,"column":9}},{"start":{},"end":{}}],"line":608},"121":{"loc":{"start":{"line":608,"column":12},"end":{"line":608,"column":30}},"type":"binary-expr","locations":[{"start":{"line":608,"column":12},"end":{"line":608,"column":18}},{"start":{"line":608,"column":22},"end":{"line":608,"column":30}}],"line":608},"122":{"loc":{"start":{"line":609,"column":27},"end":{"line":609,"column":101}},"type":"cond-expr","locations":[{"start":{"line":609,"column":48},"end":{"line":609,"column":73}},{"start":{"line":609,"column":76},"end":{"line":609,"column":101}}],"line":609},"123":{"loc":{"start":{"line":611,"column":8},"end":{"line":613,"column":9}},"type":"if","locations":[{"start":{"line":611,"column":8},"end":{"line":613,"column":9}},{"start":{},"end":{}}],"line":611},"124":{"loc":{"start":{"line":611,"column":12},"end":{"line":611,"column":55}},"type":"binary-expr","locations":[{"start":{"line":611,"column":12},"end":{"line":611,"column":35}},{"start":{"line":611,"column":39},"end":{"line":611,"column":55}}],"line":611},"125":{"loc":{"start":{"line":616,"column":8},"end":{"line":620,"column":9}},"type":"if","locations":[{"start":{"line":616,"column":8},"end":{"line":620,"column":9}},{"start":{"line":618,"column":15},"end":{"line":620,"column":9}}],"line":616},"126":{"loc":{"start":{"line":617,"column":30},"end":{"line":617,"column":44}},"type":"binary-expr","locations":[{"start":{"line":617,"column":30},"end":{"line":617,"column":35}},{"start":{"line":617,"column":39},"end":{"line":617,"column":44}}],"line":617},"127":{"loc":{"start":{"line":643,"column":12},"end":{"line":643,"column":50}},"type":"if","locations":[{"start":{"line":643,"column":12},"end":{"line":643,"column":50}},{"start":{},"end":{}}],"line":643},"128":{"loc":{"start":{"line":644,"column":12},"end":{"line":644,"column":62}},"type":"if","locations":[{"start":{"line":644,"column":12},"end":{"line":644,"column":62}},{"start":{},"end":{}}],"line":644},"129":{"loc":{"start":{"line":645,"column":12},"end":{"line":645,"column":80}},"type":"if","locations":[{"start":{"line":645,"column":12},"end":{"line":645,"column":80}},{"start":{},"end":{}}],"line":645},"130":{"loc":{"start":{"line":661,"column":17},"end":{"line":661,"column":78}},"type":"cond-expr","locations":[{"start":{"line":661,"column":69},"end":{"line":661,"column":72}},{"start":{"line":661,"column":75},"end":{"line":661,"column":78}}],"line":661},"131":{"loc":{"start":{"line":661,"column":18},"end":{"line":661,"column":65}},"type":"binary-expr","locations":[{"start":{"line":661,"column":18},"end":{"line":661,"column":35}},{"start":{"line":661,"column":39},"end":{"line":661,"column":51}},{"start":{"line":661,"column":55},"end":{"line":661,"column":65}}],"line":661},"132":{"loc":{"start":{"line":665,"column":17},"end":{"line":665,"column":79}},"type":"cond-expr","locations":[{"start":{"line":665,"column":69},"end":{"line":665,"column":73}},{"start":{"line":665,"column":76},"end":{"line":665,"column":79}}],"line":665},"133":{"loc":{"start":{"line":665,"column":18},"end":{"line":665,"column":65}},"type":"binary-expr","locations":[{"start":{"line":665,"column":18},"end":{"line":665,"column":35}},{"start":{"line":665,"column":39},"end":{"line":665,"column":51}},{"start":{"line":665,"column":55},"end":{"line":665,"column":65}}],"line":665},"134":{"loc":{"start":{"line":673,"column":28},"end":{"line":675,"column":36}},"type":"cond-expr","locations":[{"start":{"line":674,"column":14},"end":{"line":674,"column":46}},{"start":{"line":675,"column":14},"end":{"line":675,"column":36}}],"line":673},"135":{"loc":{"start":{"line":678,"column":8},"end":{"line":678,"column":82}},"type":"if","locations":[{"start":{"line":678,"column":8},"end":{"line":678,"column":82}},{"start":{},"end":{}}],"line":678},"136":{"loc":{"start":{"line":680,"column":64},"end":{"line":680,"column":74}},"type":"default-arg","locations":[{"start":{"line":680,"column":71},"end":{"line":680,"column":74}}],"line":680},"137":{"loc":{"start":{"line":680,"column":76},"end":{"line":680,"column":88}},"type":"default-arg","locations":[{"start":{"line":680,"column":84},"end":{"line":680,"column":88}}],"line":680},"138":{"loc":{"start":{"line":683,"column":8},"end":{"line":685,"column":9}},"type":"if","locations":[{"start":{"line":683,"column":8},"end":{"line":685,"column":9}},{"start":{},"end":{}}],"line":683},"139":{"loc":{"start":{"line":686,"column":8},"end":{"line":688,"column":9}},"type":"if","locations":[{"start":{"line":686,"column":8},"end":{"line":688,"column":9}},{"start":{},"end":{}}],"line":686},"140":{"loc":{"start":{"line":686,"column":12},"end":{"line":686,"column":42}},"type":"binary-expr","locations":[{"start":{"line":686,"column":12},"end":{"line":686,"column":24}},{"start":{"line":686,"column":28},"end":{"line":686,"column":42}}],"line":686},"141":{"loc":{"start":{"line":693,"column":8},"end":{"line":693,"column":36}},"type":"if","locations":[{"start":{"line":693,"column":8},"end":{"line":693,"column":36}},{"start":{},"end":{}}],"line":693},"142":{"loc":{"start":{"line":694,"column":8},"end":{"line":694,"column":61}},"type":"if","locations":[{"start":{"line":694,"column":8},"end":{"line":694,"column":61}},{"start":{},"end":{}}],"line":694},"143":{"loc":{"start":{"line":695,"column":8},"end":{"line":698,"column":9}},"type":"if","locations":[{"start":{"line":695,"column":8},"end":{"line":698,"column":9}},{"start":{},"end":{}}],"line":695},"144":{"loc":{"start":{"line":699,"column":8},"end":{"line":701,"column":9}},"type":"if","locations":[{"start":{"line":699,"column":8},"end":{"line":701,"column":9}},{"start":{},"end":{}}],"line":699},"145":{"loc":{"start":{"line":699,"column":12},"end":{"line":699,"column":30}},"type":"binary-expr","locations":[{"start":{"line":699,"column":12},"end":{"line":699,"column":18}},{"start":{"line":699,"column":22},"end":{"line":699,"column":30}}],"line":699},"146":{"loc":{"start":{"line":700,"column":27},"end":{"line":700,"column":101}},"type":"cond-expr","locations":[{"start":{"line":700,"column":48},"end":{"line":700,"column":73}},{"start":{"line":700,"column":76},"end":{"line":700,"column":101}}],"line":700},"147":{"loc":{"start":{"line":704,"column":8},"end":{"line":708,"column":9}},"type":"if","locations":[{"start":{"line":704,"column":8},"end":{"line":708,"column":9}},{"start":{"line":706,"column":15},"end":{"line":708,"column":9}}],"line":704},"148":{"loc":{"start":{"line":705,"column":30},"end":{"line":705,"column":44}},"type":"binary-expr","locations":[{"start":{"line":705,"column":30},"end":{"line":705,"column":35}},{"start":{"line":705,"column":39},"end":{"line":705,"column":44}}],"line":705},"149":{"loc":{"start":{"line":731,"column":12},"end":{"line":731,"column":50}},"type":"if","locations":[{"start":{"line":731,"column":12},"end":{"line":731,"column":50}},{"start":{},"end":{}}],"line":731},"150":{"loc":{"start":{"line":732,"column":12},"end":{"line":732,"column":62}},"type":"if","locations":[{"start":{"line":732,"column":12},"end":{"line":732,"column":62}},{"start":{},"end":{}}],"line":732},"151":{"loc":{"start":{"line":733,"column":12},"end":{"line":733,"column":102}},"type":"if","locations":[{"start":{"line":733,"column":12},"end":{"line":733,"column":102}},{"start":{},"end":{}}],"line":733},"152":{"loc":{"start":{"line":733,"column":16},"end":{"line":733,"column":66}},"type":"binary-expr","locations":[{"start":{"line":733,"column":16},"end":{"line":733,"column":38}},{"start":{"line":733,"column":42},"end":{"line":733,"column":66}}],"line":733},"153":{"loc":{"start":{"line":734,"column":12},"end":{"line":734,"column":80}},"type":"if","locations":[{"start":{"line":734,"column":12},"end":{"line":734,"column":80}},{"start":{},"end":{}}],"line":734}},"s":{"0":6,"1":6,"2":6,"3":6,"4":6,"5":6,"6":6,"7":1,"8":1,"9":1,"10":1,"11":0,"12":1,"13":1,"14":1,"15":1,"16":1,"17":1,"18":1,"19":1,"20":0,"21":1,"22":0,"23":6,"24":3,"25":2,"26":1,"27":1,"28":0,"29":0,"30":0,"31":3,"32":3,"33":0,"34":0,"35":0,"36":0,"37":0,"38":3,"39":3,"40":3,"41":3,"42":3,"43":3,"44":3,"45":0,"46":3,"47":0,"48":3,"49":3,"50":3,"51":0,"52":3,"53":1,"54":3,"55":1,"56":3,"57":0,"58":3,"59":3,"60":0,"61":3,"62":3,"63":3,"64":3,"65":6,"66":3,"67":0,"68":6,"69":1,"70":1,"71":1,"72":0,"73":1,"74":0,"75":1,"76":0,"77":6,"78":1,"79":1,"80":1,"81":1,"82":1,"83":0,"84":1,"85":1,"86":1,"87":1,"88":0,"89":1,"90":1,"91":1,"92":1,"93":0,"94":1,"95":3,"96":1,"97":1,"98":0,"99":1,"100":1,"101":1,"102":0,"103":0,"104":1,"105":0,"106":1,"107":1,"108":0,"109":0,"110":0,"111":6,"112":0,"113":0,"114":0,"115":0,"116":0,"117":0,"118":0,"119":0,"120":0,"121":6,"122":1,"123":1,"124":1,"125":1,"126":1,"127":0,"128":1,"129":0,"130":1,"131":1,"132":0,"133":0,"134":6,"135":1,"136":1,"137":1,"138":1,"139":1,"140":0,"141":1,"142":1,"143":1,"144":0,"145":0,"146":0,"147":0,"148":0,"149":1,"150":0,"151":0,"152":0,"153":0,"154":0,"155":1,"156":0,"157":0,"158":0,"159":0,"160":0,"161":1,"162":1,"163":1,"164":1,"165":0,"166":1,"167":0,"168":1,"169":1,"170":1,"171":1,"172":0,"173":1,"174":1,"175":1,"176":1,"177":1,"178":1,"179":0,"180":1,"181":1,"182":0,"183":1,"184":0,"185":1,"186":1,"187":1,"188":0,"189":1,"190":1,"191":1,"192":1,"193":1,"194":0,"195":1,"196":0,"197":1,"198":1,"199":1,"200":1,"201":1,"202":1,"203":1,"204":0,"205":0,"206":0,"207":6,"208":1,"209":1,"210":1,"211":0,"212":1,"213":0,"214":1,"215":1,"216":1,"217":0,"218":1,"219":0,"220":1,"221":1,"222":0,"223":6,"224":1,"225":1,"226":1,"227":0,"228":1,"229":0,"230":1,"231":0,"232":1,"233":1,"234":0,"235":1,"236":0,"237":1,"238":1,"239":1,"240":1,"241":0,"242":1,"243":0,"244":1,"245":1,"246":1,"247":1,"248":1,"249":0,"250":6,"251":0,"252":0,"253":0,"254":0,"255":0,"256":0,"257":0,"258":0,"259":0,"260":0,"261":0,"262":0,"263":0,"264":0,"265":0,"266":0,"267":0,"268":0,"269":0,"270":0,"271":0,"272":0,"273":0,"274":0,"275":0,"276":0,"277":0,"278":0,"279":0,"280":0,"281":0,"282":0,"283":0,"284":0,"285":0,"286":0,"287":0,"288":0,"289":0,"290":0,"291":0,"292":0,"293":6,"294":0,"295":0,"296":0,"297":0,"298":0,"299":0,"300":0,"301":0,"302":0,"303":0,"304":0,"305":0,"306":0,"307":0,"308":0,"309":0,"310":0,"311":0,"312":0,"313":0,"314":0,"315":0,"316":0,"317":0,"318":0,"319":0,"320":0,"321":0,"322":0,"323":0,"324":0,"325":0,"326":0,"327":0,"328":0,"329":0,"330":0,"331":0,"332":0,"333":0,"334":0,"335":0,"336":0,"337":0,"338":0,"339":0,"340":0,"341":6},"f":{"0":1,"1":3,"2":3,"3":3,"4":3,"5":3,"6":6,"7":1,"8":0,"9":1,"10":3,"11":0,"12":1,"13":0,"14":1,"15":1,"16":1,"17":0,"18":0,"19":0,"20":0,"21":0,"22":0,"23":0,"24":0,"25":0,"26":0,"27":0,"28":0},"b":{"0":[0,1],"1":[2,1],"2":[3,1,1],"3":[1,0],"4":[1,0,0],"5":[0,0],"6":[0,0,0],"7":[3,0],"8":[3,0,0],"9":[0,0],"10":[0,0,0],"11":[0,0],"12":[0,0,0],"13":[3,0],"14":[3,0,0],"15":[3,0],"16":[3,0,0],"17":[0,3],"18":[0,3],"19":[3,3],"20":[0,3],"21":[1,2],"22":[1,2],"23":[0,3],"24":[0,0],"25":[0,3],"26":[0,0],"27":[0,1],"28":[1,0],"29":[1,1],"30":[0,1],"31":[1,1,1],"32":[1,0],"33":[1,1],"34":[0,1],"35":[1,1],"36":[1,0],"37":[1,1],"38":[0,1],"39":[1,1],"40":[0,1],"41":[1,1,1],"42":[0,1],"43":[0,1],"44":[0,0],"45":[0,0],"46":[0,0],"47":[1,0],"48":[0,1],"49":[1,0],"50":[1,0],"51":[0,1],"52":[0,1],"53":[1,0],"54":[0,0],"55":[0,0,0],"56":[0,0],"57":[0,1],"58":[1,0],"59":[0,0],"60":[0,0],"61":[0,0],"62":[0,1],"63":[1,0],"64":[0,0],"65":[0,0],"66":[0,0],"67":[1,0],"68":[1,1],"69":[0,1],"70":[0,1],"71":[1,0],"72":[1,1],"73":[0,1],"74":[1,0],"75":[1,0],"76":[1,1],"77":[0,1],"78":[1,0],"79":[0,1],"80":[0,1],"81":[1,1],"82":[1,0],"83":[0,1],"84":[1,0],"85":[0,1],"86":[0,1],"87":[1,0],"88":[1,0],"89":[1,0],"90":[0,0],"91":[0,1],"92":[0,1],"93":[1,1,1],"94":[0,1],"95":[0,1],"96":[1,0],"97":[0,1],"98":[0,1],"99":[0,1],"100":[1,1,1],"101":[0,1],"102":[0,1],"103":[0,1],"104":[0,1],"105":[0,1],"106":[1,0],"107":[1,0],"108":[0,0],"109":[0,0,0],"110":[0,0],"111":[0,0,0],"112":[0],"113":[0],"114":[0,0],"115":[0,0],"116":[0,0],"117":[0,0],"118":[0,0],"119":[0,0],"120":[0,0],"121":[0,0],"122":[0,0],"123":[0,0],"124":[0,0],"125":[0,0],"126":[0,0],"127":[0,0],"128":[0,0],"129":[0,0],"130":[0,0],"131":[0,0,0],"132":[0,0],"133":[0,0,0],"134":[0,0],"135":[0,0],"136":[0],"137":[0],"138":[0,0],"139":[0,0],"140":[0,0],"141":[0,0],"142":[0,0],"143":[0,0],"144":[0,0],"145":[0,0],"146":[0,0],"147":[0,0],"148":[0,0],"149":[0,0],"150":[0,0],"151":[0,0],"152":[0,0],"153":[0,0]},"_coverageSchema":"1a1c01bbd47fc00a2c39e90264f33305004495a9","hash":"f1f0327935d3314dc6a1cec9e9683558fed24ea0"}
,"C:\\Users\\yatin\\Downloads\\309-final-project\\backend\\tests\\helpers.js": {"path":"C:\\Users\\yatin\\Downloads\\309-final-project\\backend\\tests\\helpers.js","statementMap":{"0":{"start":{"line":1,"column":12},"end":{"line":1,"column":35}},"1":{"start":{"line":2,"column":15},"end":{"line":2,"column":32}},"2":{"start":{"line":3,"column":19},"end":{"line":3,"column":38}},"3":{"start":{"line":5,"column":23},"end":{"line":30,"column":1}},"4":{"start":{"line":6,"column":25},"end":{"line":6,"column":81}},"5":{"start":{"line":7,"column":25},"end":{"line":7,"column":88}},"6":{"start":{"line":8,"column":18},"end":{"line":8,"column":52}},"7":{"start":{"line":9,"column":21},"end":{"line":9,"column":35}},"8":{"start":{"line":10,"column":27},"end":{"line":10,"column":58}},"9":{"start":{"line":12,"column":17},"end":{"line":21,"column":6}},"10":{"start":{"line":23,"column":18},"end":{"line":27,"column":5}},"11":{"start":{"line":29,"column":4},"end":{"line":29,"column":37}},"12":{"start":{"line":32,"column":22},"end":{"line":48,"column":1}},"13":{"start":{"line":33,"column":4},"end":{"line":47,"column":5}},"14":{"start":{"line":34,"column":8},"end":{"line":34,"column":69}},"15":{"start":{"line":36,"column":27},"end":{"line":38,"column":9}},"16":{"start":{"line":40,"column":8},"end":{"line":42,"column":9}},"17":{"start":{"line":41,"column":12},"end":{"line":41,"column":69}},"18":{"start":{"line":44,"column":8},"end":{"line":44,"column":68}},"19":{"start":{"line":46,"column":8},"end":{"line":46,"column":57}},"20":{"start":{"line":50,"column":0},"end":{"line":53,"column":2}}},"fnMap":{"0":{"name":"(anonymous_0)","decl":{"start":{"line":5,"column":23},"end":{"line":5,"column":24}},"loc":{"start":{"line":5,"column":66},"end":{"line":30,"column":1}},"line":5},"1":{"name":"(anonymous_1)","decl":{"start":{"line":32,"column":22},"end":{"line":32,"column":23}},"loc":{"start":{"line":32,"column":34},"end":{"line":48,"column":1}},"line":32}},"branchMap":{"0":{"loc":{"start":{"line":5,"column":30},"end":{"line":5,"column":46}},"type":"default-arg","locations":[{"start":{"line":5,"column":37},"end":{"line":5,"column":46}}],"line":5},"1":{"loc":{"start":{"line":5,"column":48},"end":{"line":5,"column":61}},"type":"default-arg","locations":[{"start":{"line":5,"column":57},"end":{"line":5,"column":61}}],"line":5},"2":{"loc":{"start":{"line":7,"column":25},"end":{"line":7,"column":88}},"type":"binary-expr","locations":[{"start":{"line":7,"column":25},"end":{"line":7,"column":31}},{"start":{"line":7,"column":35},"end":{"line":7,"column":88}}],"line":7},"3":{"loc":{"start":{"line":25,"column":8},"end":{"line":25,"column":47}},"type":"binary-expr","locations":[{"start":{"line":25,"column":8},"end":{"line":25,"column":30}},{"start":{"line":25,"column":34},"end":{"line":25,"column":47}}],"line":25}},"s":{"0":6,"1":6,"2":6,"3":6,"4":80,"5":80,"6":80,"7":80,"8":80,"9":80,"10":80,"11":80,"12":6,"13":44,"14":44,"15":44,"16":44,"17":396,"18":44,"19":0,"20":6},"f":{"0":80,"1":44},"b":{"0":[1],"1":[80],"2":[80,80],"3":[80,0]},"_coverageSchema":"1a1c01bbd47fc00a2c39e90264f33305004495a9","hash":"b554b910a869db698a4ab40b9f36f74f8b9adadf"}
}
