{"E:\\UTSC\\309\\309-final-project\\backend\\index.js": {"path":"E:\\UTSC\\309\\309-final-project\\backend\\index.js","statementMap":{"0":{"start":{"line":8,"column":0},"end":{"line":8,"column":48}},"1":{"start":{"line":8,"column":6},"end":{"line":8,"column":33}},"2":{"start":{"line":10,"column":16},"end":{"line":10,"column":34}},"3":{"start":{"line":11,"column":13},"end":{"line":11,"column":28}},"4":{"start":{"line":12,"column":13},"end":{"line":12,"column":28}},"5":{"start":{"line":13,"column":25},"end":{"line":13,"column":50}},"6":{"start":{"line":14,"column":15},"end":{"line":14,"column":32}},"7":{"start":{"line":15,"column":12},"end":{"line":15,"column":35}},"8":{"start":{"line":16,"column":23},"end":{"line":16,"column":38}},"9":{"start":{"line":17,"column":15},"end":{"line":17,"column":32}},"10":{"start":{"line":18,"column":14},"end":{"line":18,"column":28}},"11":{"start":{"line":19,"column":11},"end":{"line":19,"column":24}},"12":{"start":{"line":20,"column":16},"end":{"line":20,"column":42}},"13":{"start":{"line":22,"column":15},"end":{"line":22,"column":33}},"14":{"start":{"line":23,"column":12},"end":{"line":23,"column":21}},"15":{"start":{"line":26,"column":19},"end":{"line":26,"column":41}},"16":{"start":{"line":27,"column":0},"end":{"line":30,"column":1}},"17":{"start":{"line":28,"column":4},"end":{"line":28,"column":72}},"18":{"start":{"line":29,"column":4},"end":{"line":29,"column":20}},"19":{"start":{"line":33,"column":0},"end":{"line":33,"column":16}},"20":{"start":{"line":34,"column":0},"end":{"line":34,"column":24}},"21":{"start":{"line":35,"column":0},"end":{"line":35,"column":48}},"22":{"start":{"line":36,"column":0},"end":{"line":36,"column":69}},"23":{"start":{"line":43,"column":17},"end":{"line":64,"column":1}},"24":{"start":{"line":45,"column":24},"end":{"line":45,"column":77}},"25":{"start":{"line":46,"column":22},"end":{"line":46,"column":73}},"26":{"start":{"line":47,"column":26},"end":{"line":47,"column":36}},"27":{"start":{"line":48,"column":8},"end":{"line":48,"column":54}},"28":{"start":{"line":49,"column":8},"end":{"line":49,"column":61}},"29":{"start":{"line":52,"column":8},"end":{"line":56,"column":9}},"30":{"start":{"line":53,"column":12},"end":{"line":53,"column":49}},"31":{"start":{"line":55,"column":12},"end":{"line":55,"column":56}},"32":{"start":{"line":59,"column":8},"end":{"line":59,"column":37}},"33":{"start":{"line":59,"column":25},"end":{"line":59,"column":37}},"34":{"start":{"line":60,"column":22},"end":{"line":60,"column":43}},"35":{"start":{"line":61,"column":8},"end":{"line":61,"column":69}},"36":{"start":{"line":61,"column":57},"end":{"line":61,"column":69}},"37":{"start":{"line":62,"column":8},"end":{"line":62,"column":24}},"38":{"start":{"line":67,"column":26},"end":{"line":69,"column":1}},"39":{"start":{"line":68,"column":4},"end":{"line":68,"column":150}},"40":{"start":{"line":71,"column":33},"end":{"line":73,"column":1}},"41":{"start":{"line":72,"column":4},"end":{"line":72,"column":158}},"42":{"start":{"line":75,"column":19},"end":{"line":156,"column":1}},"43":{"start":{"line":77,"column":28},"end":{"line":77,"column":79}},"44":{"start":{"line":78,"column":26},"end":{"line":78,"column":71}},"45":{"start":{"line":81,"column":8},"end":{"line":89,"column":9}},"46":{"start":{"line":82,"column":12},"end":{"line":82,"column":70}},"47":{"start":{"line":83,"column":12},"end":{"line":83,"column":66}},"48":{"start":{"line":84,"column":12},"end":{"line":84,"column":68}},"49":{"start":{"line":85,"column":12},"end":{"line":85,"column":64}},"50":{"start":{"line":86,"column":12},"end":{"line":86,"column":52}},"51":{"start":{"line":87,"column":12},"end":{"line":87,"column":70}},"52":{"start":{"line":88,"column":12},"end":{"line":88,"column":59}},"53":{"start":{"line":92,"column":8},"end":{"line":113,"column":9}},"54":{"start":{"line":93,"column":35},"end":{"line":96,"column":13}},"55":{"start":{"line":98,"column":29},"end":{"line":106,"column":13}},"56":{"start":{"line":108,"column":12},"end":{"line":108,"column":81}},"57":{"start":{"line":109,"column":12},"end":{"line":109,"column":59}},"58":{"start":{"line":111,"column":12},"end":{"line":111,"column":84}},"59":{"start":{"line":112,"column":12},"end":{"line":112,"column":24}},"60":{"start":{"line":116,"column":28},"end":{"line":116,"column":79}},"61":{"start":{"line":117,"column":26},"end":{"line":117,"column":71}},"62":{"start":{"line":120,"column":8},"end":{"line":129,"column":9}},"63":{"start":{"line":121,"column":12},"end":{"line":121,"column":70}},"64":{"start":{"line":122,"column":12},"end":{"line":122,"column":60}},"65":{"start":{"line":123,"column":12},"end":{"line":123,"column":68}},"66":{"start":{"line":124,"column":12},"end":{"line":124,"column":64}},"67":{"start":{"line":125,"column":12},"end":{"line":125,"column":45}},"68":{"start":{"line":126,"column":12},"end":{"line":126,"column":52}},"69":{"start":{"line":127,"column":12},"end":{"line":127,"column":70}},"70":{"start":{"line":128,"column":12},"end":{"line":128,"column":59}},"71":{"start":{"line":132,"column":8},"end":{"line":154,"column":9}},"72":{"start":{"line":133,"column":35},"end":{"line":137,"column":13}},"73":{"start":{"line":139,"column":29},"end":{"line":147,"column":13}},"74":{"start":{"line":149,"column":12},"end":{"line":149,"column":74}},"75":{"start":{"line":150,"column":12},"end":{"line":150,"column":59}},"76":{"start":{"line":152,"column":12},"end":{"line":152,"column":77}},"77":{"start":{"line":153,"column":12},"end":{"line":153,"column":24}},"78":{"start":{"line":159,"column":22},"end":{"line":159,"column":106}},"79":{"start":{"line":160,"column":20},"end":{"line":160,"column":40}},"80":{"start":{"line":161,"column":23},"end":{"line":161,"column":57}},"81":{"start":{"line":162,"column":18},"end":{"line":162,"column":39}},"82":{"start":{"line":165,"column":16},"end":{"line":441,"column":1}},"83":{"start":{"line":186,"column":16},"end":{"line":186,"column":72}},"84":{"start":{"line":186,"column":55},"end":{"line":186,"column":72}},"85":{"start":{"line":187,"column":16},"end":{"line":190,"column":17}},"86":{"start":{"line":188,"column":32},"end":{"line":188,"column":43}},"87":{"start":{"line":189,"column":20},"end":{"line":189,"column":60}},"88":{"start":{"line":191,"column":16},"end":{"line":191,"column":27}},"89":{"start":{"line":197,"column":16},"end":{"line":197,"column":72}},"90":{"start":{"line":197,"column":55},"end":{"line":197,"column":72}},"91":{"start":{"line":198,"column":16},"end":{"line":201,"column":17}},"92":{"start":{"line":199,"column":32},"end":{"line":199,"column":43}},"93":{"start":{"line":200,"column":20},"end":{"line":200,"column":60}},"94":{"start":{"line":202,"column":16},"end":{"line":202,"column":27}},"95":{"start":{"line":208,"column":16},"end":{"line":208,"column":72}},"96":{"start":{"line":208,"column":55},"end":{"line":208,"column":72}},"97":{"start":{"line":209,"column":16},"end":{"line":217,"column":17}},"98":{"start":{"line":210,"column":36},"end":{"line":210,"column":46}},"99":{"start":{"line":211,"column":20},"end":{"line":211,"column":57}},"100":{"start":{"line":211,"column":40},"end":{"line":211,"column":57}},"101":{"start":{"line":212,"column":32},"end":{"line":212,"column":47}},"102":{"start":{"line":213,"column":20},"end":{"line":215,"column":21}},"103":{"start":{"line":214,"column":24},"end":{"line":214,"column":35}},"104":{"start":{"line":216,"column":20},"end":{"line":216,"column":31}},"105":{"start":{"line":218,"column":16},"end":{"line":223,"column":17}},"106":{"start":{"line":219,"column":20},"end":{"line":221,"column":21}},"107":{"start":{"line":220,"column":24},"end":{"line":220,"column":35}},"108":{"start":{"line":222,"column":20},"end":{"line":222,"column":43}},"109":{"start":{"line":224,"column":16},"end":{"line":224,"column":27}},"110":{"start":{"line":230,"column":16},"end":{"line":230,"column":72}},"111":{"start":{"line":230,"column":55},"end":{"line":230,"column":72}},"112":{"start":{"line":231,"column":16},"end":{"line":231,"column":51}},"113":{"start":{"line":231,"column":40},"end":{"line":231,"column":51}},"114":{"start":{"line":232,"column":16},"end":{"line":232,"column":27}},"115":{"start":{"line":248,"column":16},"end":{"line":248,"column":72}},"116":{"start":{"line":248,"column":55},"end":{"line":248,"column":72}},"117":{"start":{"line":249,"column":16},"end":{"line":260,"column":17}},"118":{"start":{"line":250,"column":20},"end":{"line":259,"column":23}},"119":{"start":{"line":251,"column":24},"end":{"line":254,"column":25}},"120":{"start":{"line":252,"column":40},"end":{"line":252,"column":49}},"121":{"start":{"line":253,"column":28},"end":{"line":253,"column":91}},"122":{"start":{"line":255,"column":24},"end":{"line":257,"column":25}},"123":{"start":{"line":256,"column":28},"end":{"line":256,"column":85}},"124":{"start":{"line":258,"column":24},"end":{"line":258,"column":33}},"125":{"start":{"line":261,"column":16},"end":{"line":261,"column":27}},"126":{"start":{"line":268,"column":21},"end":{"line":268,"column":51}},"127":{"start":{"line":272,"column":21},"end":{"line":272,"column":51}},"128":{"start":{"line":276,"column":21},"end":{"line":276,"column":51}},"129":{"start":{"line":280,"column":21},"end":{"line":280,"column":51}},"130":{"start":{"line":284,"column":21},"end":{"line":284,"column":51}},"131":{"start":{"line":288,"column":21},"end":{"line":288,"column":51}},"132":{"start":{"line":293,"column":16},"end":{"line":293,"column":72}},"133":{"start":{"line":293,"column":55},"end":{"line":293,"column":72}},"134":{"start":{"line":294,"column":16},"end":{"line":302,"column":17}},"135":{"start":{"line":295,"column":36},"end":{"line":295,"column":46}},"136":{"start":{"line":296,"column":32},"end":{"line":296,"column":47}},"137":{"start":{"line":297,"column":20},"end":{"line":300,"column":21}},"138":{"start":{"line":298,"column":39},"end":{"line":298,"column":54}},"139":{"start":{"line":299,"column":24},"end":{"line":299,"column":58}},"140":{"start":{"line":299,"column":44},"end":{"line":299,"column":58}},"141":{"start":{"line":301,"column":20},"end":{"line":301,"column":31}},"142":{"start":{"line":303,"column":16},"end":{"line":309,"column":17}},"143":{"start":{"line":304,"column":20},"end":{"line":307,"column":21}},"144":{"start":{"line":305,"column":39},"end":{"line":305,"column":54}},"145":{"start":{"line":306,"column":24},"end":{"line":306,"column":58}},"146":{"start":{"line":306,"column":44},"end":{"line":306,"column":58}},"147":{"start":{"line":308,"column":20},"end":{"line":308,"column":31}},"148":{"start":{"line":310,"column":16},"end":{"line":310,"column":27}},"149":{"start":{"line":315,"column":21},"end":{"line":315,"column":51}},"150":{"start":{"line":320,"column":16},"end":{"line":320,"column":72}},"151":{"start":{"line":320,"column":55},"end":{"line":320,"column":72}},"152":{"start":{"line":321,"column":16},"end":{"line":332,"column":17}},"153":{"start":{"line":322,"column":20},"end":{"line":331,"column":23}},"154":{"start":{"line":323,"column":24},"end":{"line":326,"column":25}},"155":{"start":{"line":324,"column":40},"end":{"line":324,"column":49}},"156":{"start":{"line":325,"column":28},"end":{"line":325,"column":91}},"157":{"start":{"line":327,"column":24},"end":{"line":329,"column":25}},"158":{"start":{"line":328,"column":28},"end":{"line":328,"column":85}},"159":{"start":{"line":330,"column":24},"end":{"line":330,"column":33}},"160":{"start":{"line":333,"column":16},"end":{"line":333,"column":27}},"161":{"start":{"line":343,"column":16},"end":{"line":346,"column":17}},"162":{"start":{"line":344,"column":20},"end":{"line":344,"column":82}},"163":{"start":{"line":344,"column":65},"end":{"line":344,"column":82}},"164":{"start":{"line":345,"column":20},"end":{"line":345,"column":64}},"165":{"start":{"line":345,"column":45},"end":{"line":345,"column":64}},"166":{"start":{"line":347,"column":16},"end":{"line":347,"column":27}},"167":{"start":{"line":355,"column":16},"end":{"line":355,"column":72}},"168":{"start":{"line":355,"column":55},"end":{"line":355,"column":72}},"169":{"start":{"line":356,"column":16},"end":{"line":359,"column":17}},"170":{"start":{"line":357,"column":32},"end":{"line":357,"column":43}},"171":{"start":{"line":358,"column":20},"end":{"line":358,"column":60}},"172":{"start":{"line":360,"column":16},"end":{"line":360,"column":27}},"173":{"start":{"line":366,"column":16},"end":{"line":366,"column":72}},"174":{"start":{"line":366,"column":55},"end":{"line":366,"column":72}},"175":{"start":{"line":367,"column":16},"end":{"line":370,"column":17}},"176":{"start":{"line":368,"column":32},"end":{"line":368,"column":43}},"177":{"start":{"line":369,"column":20},"end":{"line":369,"column":60}},"178":{"start":{"line":371,"column":16},"end":{"line":371,"column":27}},"179":{"start":{"line":377,"column":16},"end":{"line":377,"column":72}},"180":{"start":{"line":377,"column":55},"end":{"line":377,"column":72}},"181":{"start":{"line":378,"column":16},"end":{"line":387,"column":17}},"182":{"start":{"line":379,"column":36},"end":{"line":379,"column":46}},"183":{"start":{"line":380,"column":32},"end":{"line":380,"column":47}},"184":{"start":{"line":382,"column":20},"end":{"line":385,"column":21}},"185":{"start":{"line":383,"column":39},"end":{"line":383,"column":54}},"186":{"start":{"line":384,"column":24},"end":{"line":384,"column":58}},"187":{"start":{"line":384,"column":44},"end":{"line":384,"column":58}},"188":{"start":{"line":386,"column":20},"end":{"line":386,"column":31}},"189":{"start":{"line":388,"column":16},"end":{"line":394,"column":17}},"190":{"start":{"line":389,"column":20},"end":{"line":392,"column":21}},"191":{"start":{"line":390,"column":39},"end":{"line":390,"column":54}},"192":{"start":{"line":391,"column":24},"end":{"line":391,"column":58}},"193":{"start":{"line":391,"column":44},"end":{"line":391,"column":58}},"194":{"start":{"line":393,"column":20},"end":{"line":393,"column":31}},"195":{"start":{"line":395,"column":16},"end":{"line":395,"column":27}},"196":{"start":{"line":402,"column":21},"end":{"line":402,"column":72}},"197":{"start":{"line":406,"column":21},"end":{"line":406,"column":72}},"198":{"start":{"line":411,"column":16},"end":{"line":411,"column":72}},"199":{"start":{"line":411,"column":55},"end":{"line":411,"column":72}},"200":{"start":{"line":412,"column":16},"end":{"line":415,"column":17}},"201":{"start":{"line":413,"column":20},"end":{"line":413,"column":82}},"202":{"start":{"line":413,"column":65},"end":{"line":413,"column":82}},"203":{"start":{"line":414,"column":20},"end":{"line":414,"column":64}},"204":{"start":{"line":414,"column":45},"end":{"line":414,"column":64}},"205":{"start":{"line":416,"column":16},"end":{"line":416,"column":27}},"206":{"start":{"line":421,"column":21},"end":{"line":421,"column":72}},"207":{"start":{"line":425,"column":21},"end":{"line":425,"column":72}},"208":{"start":{"line":429,"column":21},"end":{"line":429,"column":72}},"209":{"start":{"line":433,"column":21},"end":{"line":433,"column":72}},"210":{"start":{"line":437,"column":21},"end":{"line":437,"column":72}},"211":{"start":{"line":444,"column":16},"end":{"line":454,"column":2}},"212":{"start":{"line":446,"column":26},"end":{"line":446,"column":65}},"213":{"start":{"line":447,"column":8},"end":{"line":447,"column":84}},"214":{"start":{"line":447,"column":39},"end":{"line":447,"column":84}},"215":{"start":{"line":448,"column":8},"end":{"line":448,"column":28}},"216":{"start":{"line":451,"column":20},"end":{"line":451,"column":51}},"217":{"start":{"line":452,"column":8},"end":{"line":452,"column":45}},"218":{"start":{"line":455,"column":15},"end":{"line":464,"column":2}},"219":{"start":{"line":459,"column":29},"end":{"line":459,"column":47}},"220":{"start":{"line":460,"column":24},"end":{"line":460,"column":88}},"221":{"start":{"line":461,"column":25},"end":{"line":461,"column":57}},"222":{"start":{"line":462,"column":8},"end":{"line":462,"column":100}},"223":{"start":{"line":467,"column":19},"end":{"line":467,"column":28}},"224":{"start":{"line":468,"column":25},"end":{"line":482,"column":1}},"225":{"start":{"line":469,"column":15},"end":{"line":469,"column":53}},"226":{"start":{"line":470,"column":16},"end":{"line":470,"column":26}},"227":{"start":{"line":471,"column":4},"end":{"line":476,"column":5}},"228":{"start":{"line":472,"column":32},"end":{"line":472,"column":50}},"229":{"start":{"line":473,"column":8},"end":{"line":475,"column":9}},"230":{"start":{"line":474,"column":12},"end":{"line":474,"column":72}},"231":{"start":{"line":477,"column":4},"end":{"line":477,"column":28}},"232":{"start":{"line":478,"column":4},"end":{"line":480,"column":5}},"233":{"start":{"line":479,"column":8},"end":{"line":479,"column":64}},"234":{"start":{"line":479,"column":37},"end":{"line":479,"column":64}},"235":{"start":{"line":481,"column":4},"end":{"line":481,"column":11}},"236":{"start":{"line":488,"column":21},"end":{"line":497,"column":1}},"237":{"start":{"line":489,"column":18},"end":{"line":489,"column":66}},"238":{"start":{"line":490,"column":4},"end":{"line":490,"column":71}},"239":{"start":{"line":490,"column":16},"end":{"line":490,"column":71}},"240":{"start":{"line":491,"column":4},"end":{"line":496,"column":5}},"241":{"start":{"line":492,"column":8},"end":{"line":492,"column":47}},"242":{"start":{"line":493,"column":8},"end":{"line":493,"column":15}},"243":{"start":{"line":495,"column":8},"end":{"line":495,"column":56}},"244":{"start":{"line":499,"column":20},"end":{"line":516,"column":1}},"245":{"start":{"line":500,"column":26},"end":{"line":500,"column":78}},"246":{"start":{"line":501,"column":21},"end":{"line":501,"column":43}},"247":{"start":{"line":502,"column":4},"end":{"line":515,"column":6}},"248":{"start":{"line":503,"column":22},"end":{"line":503,"column":70}},"249":{"start":{"line":504,"column":8},"end":{"line":504,"column":75}},"250":{"start":{"line":504,"column":20},"end":{"line":504,"column":75}},"251":{"start":{"line":506,"column":8},"end":{"line":514,"column":9}},"252":{"start":{"line":507,"column":12},"end":{"line":507,"column":51}},"253":{"start":{"line":508,"column":12},"end":{"line":510,"column":13}},"254":{"start":{"line":509,"column":16},"end":{"line":509,"column":68}},"255":{"start":{"line":511,"column":12},"end":{"line":511,"column":19}},"256":{"start":{"line":513,"column":12},"end":{"line":513,"column":60}},"257":{"start":{"line":518,"column":21},"end":{"line":527,"column":1}},"258":{"start":{"line":519,"column":18},"end":{"line":519,"column":66}},"259":{"start":{"line":520,"column":4},"end":{"line":525,"column":5}},"260":{"start":{"line":521,"column":8},"end":{"line":522,"column":42}},"261":{"start":{"line":521,"column":14},"end":{"line":521,"column":53}},"262":{"start":{"line":522,"column":24},"end":{"line":522,"column":40}},"263":{"start":{"line":524,"column":8},"end":{"line":524,"column":24}},"264":{"start":{"line":526,"column":4},"end":{"line":526,"column":11}},"265":{"start":{"line":529,"column":17},"end":{"line":540,"column":1}},"266":{"start":{"line":529,"column":29},"end":{"line":540,"column":1}},"267":{"start":{"line":530,"column":4},"end":{"line":539,"column":5}},"268":{"start":{"line":531,"column":21},"end":{"line":531,"column":77}},"269":{"start":{"line":532,"column":8},"end":{"line":532,"column":47}},"270":{"start":{"line":533,"column":8},"end":{"line":533,"column":15}},"271":{"start":{"line":535,"column":8},"end":{"line":537,"column":9}},"272":{"start":{"line":536,"column":12},"end":{"line":536,"column":76}},"273":{"start":{"line":538,"column":8},"end":{"line":538,"column":20}},"274":{"start":{"line":543,"column":22},"end":{"line":548,"column":1}},"275":{"start":{"line":544,"column":4},"end":{"line":544,"column":45}},"276":{"start":{"line":544,"column":34},"end":{"line":544,"column":45}},"277":{"start":{"line":545,"column":4},"end":{"line":545,"column":64}},"278":{"start":{"line":545,"column":52},"end":{"line":545,"column":64}},"279":{"start":{"line":546,"column":4},"end":{"line":546,"column":66}},"280":{"start":{"line":546,"column":53},"end":{"line":546,"column":66}},"281":{"start":{"line":547,"column":4},"end":{"line":547,"column":16}},"282":{"start":{"line":550,"column":22},"end":{"line":560,"column":1}},"283":{"start":{"line":550,"column":34},"end":{"line":560,"column":1}},"284":{"start":{"line":551,"column":4},"end":{"line":559,"column":5}},"285":{"start":{"line":552,"column":8},"end":{"line":552,"column":53}},"286":{"start":{"line":553,"column":8},"end":{"line":553,"column":15}},"287":{"start":{"line":555,"column":8},"end":{"line":557,"column":9}},"288":{"start":{"line":556,"column":12},"end":{"line":556,"column":76}},"289":{"start":{"line":558,"column":8},"end":{"line":558,"column":20}},"290":{"start":{"line":567,"column":0},"end":{"line":578,"column":3}},"291":{"start":{"line":568,"column":4},"end":{"line":577,"column":36}},"292":{"start":{"line":569,"column":37},"end":{"line":569,"column":54}},"293":{"start":{"line":570,"column":21},"end":{"line":570,"column":72}},"294":{"start":{"line":571,"column":8},"end":{"line":573,"column":9}},"295":{"start":{"line":572,"column":12},"end":{"line":572,"column":74}},"296":{"start":{"line":574,"column":37},"end":{"line":574,"column":65}},"297":{"start":{"line":575,"column":8},"end":{"line":575,"column":94}},"298":{"start":{"line":576,"column":8},"end":{"line":576,"column":39}},"299":{"start":{"line":577,"column":22},"end":{"line":577,"column":34}},"300":{"start":{"line":581,"column":0},"end":{"line":607,"column":3}},"301":{"start":{"line":582,"column":4},"end":{"line":606,"column":36}},"302":{"start":{"line":583,"column":31},"end":{"line":583,"column":41}},"303":{"start":{"line":584,"column":37},"end":{"line":584,"column":54}},"304":{"start":{"line":587,"column":30},"end":{"line":587,"column":85}},"305":{"start":{"line":588,"column":8},"end":{"line":588,"column":90}},"306":{"start":{"line":588,"column":28},"end":{"line":588,"column":90}},"307":{"start":{"line":591,"column":8},"end":{"line":593,"column":9}},"308":{"start":{"line":592,"column":12},"end":{"line":592,"column":74}},"309":{"start":{"line":596,"column":8},"end":{"line":598,"column":9}},"310":{"start":{"line":597,"column":12},"end":{"line":597,"column":70}},"311":{"start":{"line":600,"column":31},"end":{"line":600,"column":62}},"312":{"start":{"line":601,"column":8},"end":{"line":604,"column":11}},"313":{"start":{"line":605,"column":8},"end":{"line":605,"column":71}},"314":{"start":{"line":606,"column":22},"end":{"line":606,"column":34}},"315":{"start":{"line":610,"column":0},"end":{"line":637,"column":3}},"316":{"start":{"line":611,"column":4},"end":{"line":636,"column":36}},"317":{"start":{"line":612,"column":27},"end":{"line":612,"column":44}},"318":{"start":{"line":613,"column":21},"end":{"line":613,"column":72}},"319":{"start":{"line":614,"column":8},"end":{"line":617,"column":9}},"320":{"start":{"line":616,"column":12},"end":{"line":616,"column":114}},"321":{"start":{"line":618,"column":27},"end":{"line":618,"column":35}},"322":{"start":{"line":619,"column":26},"end":{"line":619,"column":56}},"323":{"start":{"line":621,"column":8},"end":{"line":624,"column":11}},"324":{"start":{"line":627,"column":8},"end":{"line":632,"column":9}},"325":{"start":{"line":628,"column":12},"end":{"line":628,"column":76}},"326":{"start":{"line":630,"column":12},"end":{"line":630,"column":78}},"327":{"start":{"line":635,"column":8},"end":{"line":635,"column":103}},"328":{"start":{"line":636,"column":22},"end":{"line":636,"column":34}},"329":{"start":{"line":644,"column":0},"end":{"line":685,"column":3}},"330":{"start":{"line":645,"column":4},"end":{"line":684,"column":36}},"331":{"start":{"line":646,"column":40},"end":{"line":646,"column":57}},"332":{"start":{"line":647,"column":25},"end":{"line":647,"column":96}},"333":{"start":{"line":648,"column":8},"end":{"line":648,"column":84}},"334":{"start":{"line":648,"column":22},"end":{"line":648,"column":84}},"335":{"start":{"line":650,"column":29},"end":{"line":650,"column":37}},"336":{"start":{"line":651,"column":31},"end":{"line":651,"column":66}},"337":{"start":{"line":652,"column":27},"end":{"line":652,"column":35}},"338":{"start":{"line":653,"column":26},"end":{"line":653,"column":36}},"339":{"start":{"line":654,"column":8},"end":{"line":654,"column":51}},"340":{"start":{"line":656,"column":21},"end":{"line":665,"column":10}},"341":{"start":{"line":668,"column":8},"end":{"line":673,"column":9}},"342":{"start":{"line":669,"column":12},"end":{"line":669,"column":71}},"343":{"start":{"line":671,"column":12},"end":{"line":671,"column":71}},"344":{"start":{"line":675,"column":8},"end":{"line":683,"column":11}},"345":{"start":{"line":684,"column":22},"end":{"line":684,"column":34}},"346":{"start":{"line":688,"column":0},"end":{"line":777,"column":3}},"347":{"start":{"line":693,"column":12},"end":{"line":693,"column":82}},"348":{"start":{"line":693,"column":65},"end":{"line":693,"column":82}},"349":{"start":{"line":694,"column":12},"end":{"line":694,"column":75}},"350":{"start":{"line":694,"column":63},"end":{"line":694,"column":75}},"351":{"start":{"line":695,"column":12},"end":{"line":695,"column":78}},"352":{"start":{"line":695,"column":65},"end":{"line":695,"column":78}},"353":{"start":{"line":696,"column":12},"end":{"line":696,"column":29}},"354":{"start":{"line":702,"column":12},"end":{"line":702,"column":82}},"355":{"start":{"line":702,"column":65},"end":{"line":702,"column":82}},"356":{"start":{"line":703,"column":12},"end":{"line":703,"column":75}},"357":{"start":{"line":703,"column":63},"end":{"line":703,"column":75}},"358":{"start":{"line":704,"column":12},"end":{"line":704,"column":78}},"359":{"start":{"line":704,"column":65},"end":{"line":704,"column":78}},"360":{"start":{"line":705,"column":12},"end":{"line":705,"column":29}},"361":{"start":{"line":710,"column":17},"end":{"line":710,"column":78}},"362":{"start":{"line":714,"column":17},"end":{"line":714,"column":79}},"363":{"start":{"line":718,"column":4},"end":{"line":776,"column":5}},"364":{"start":{"line":719,"column":65},"end":{"line":719,"column":83}},"365":{"start":{"line":720,"column":24},"end":{"line":720,"column":38}},"366":{"start":{"line":721,"column":25},"end":{"line":721,"column":40}},"367":{"start":{"line":723,"column":8},"end":{"line":725,"column":9}},"368":{"start":{"line":724,"column":12},"end":{"line":724,"column":78}},"369":{"start":{"line":726,"column":8},"end":{"line":728,"column":9}},"370":{"start":{"line":727,"column":12},"end":{"line":727,"column":86}},"371":{"start":{"line":729,"column":21},"end":{"line":729,"column":45}},"372":{"start":{"line":731,"column":22},"end":{"line":731,"column":24}},"373":{"start":{"line":733,"column":8},"end":{"line":738,"column":9}},"374":{"start":{"line":734,"column":12},"end":{"line":737,"column":14}},"375":{"start":{"line":740,"column":8},"end":{"line":742,"column":9}},"376":{"start":{"line":741,"column":12},"end":{"line":741,"column":30}},"377":{"start":{"line":744,"column":8},"end":{"line":746,"column":9}},"378":{"start":{"line":745,"column":12},"end":{"line":745,"column":38}},"379":{"start":{"line":748,"column":8},"end":{"line":750,"column":9}},"380":{"start":{"line":749,"column":12},"end":{"line":749,"column":63}},"381":{"start":{"line":752,"column":22},"end":{"line":752,"column":56}},"382":{"start":{"line":753,"column":22},"end":{"line":771,"column":10}},"383":{"start":{"line":773,"column":8},"end":{"line":773,"column":44}},"384":{"start":{"line":775,"column":8},"end":{"line":775,"column":20}},"385":{"start":{"line":780,"column":0},"end":{"line":803,"column":3}},"386":{"start":{"line":781,"column":4},"end":{"line":802,"column":36}},"387":{"start":{"line":782,"column":21},"end":{"line":793,"column":10}},"388":{"start":{"line":794,"column":8},"end":{"line":794,"column":76}},"389":{"start":{"line":794,"column":19},"end":{"line":794,"column":76}},"390":{"start":{"line":795,"column":27},"end":{"line":795,"column":70}},"391":{"start":{"line":795,"column":57},"end":{"line":795,"column":69}},"392":{"start":{"line":796,"column":8},"end":{"line":801,"column":11}},"393":{"start":{"line":802,"column":22},"end":{"line":802,"column":34}},"394":{"start":{"line":806,"column":0},"end":{"line":866,"column":3}},"395":{"start":{"line":807,"column":4},"end":{"line":865,"column":5}},"396":{"start":{"line":808,"column":24},"end":{"line":808,"column":26}},"397":{"start":{"line":809,"column":25},"end":{"line":809,"column":30}},"398":{"start":{"line":811,"column":8},"end":{"line":817,"column":9}},"399":{"start":{"line":812,"column":12},"end":{"line":814,"column":13}},"400":{"start":{"line":813,"column":16},"end":{"line":813,"column":87}},"401":{"start":{"line":815,"column":12},"end":{"line":815,"column":41}},"402":{"start":{"line":816,"column":12},"end":{"line":816,"column":30}},"403":{"start":{"line":819,"column":8},"end":{"line":825,"column":9}},"404":{"start":{"line":820,"column":12},"end":{"line":822,"column":13}},"405":{"start":{"line":821,"column":16},"end":{"line":821,"column":72}},"406":{"start":{"line":823,"column":12},"end":{"line":823,"column":43}},"407":{"start":{"line":824,"column":12},"end":{"line":824,"column":30}},"408":{"start":{"line":827,"column":8},"end":{"line":842,"column":9}},"409":{"start":{"line":828,"column":12},"end":{"line":830,"column":13}},"410":{"start":{"line":829,"column":16},"end":{"line":829,"column":96}},"411":{"start":{"line":833,"column":39},"end":{"line":833,"column":97}},"412":{"start":{"line":833,"column":79},"end":{"line":833,"column":96}},"413":{"start":{"line":834,"column":25},"end":{"line":834,"column":55}},"414":{"start":{"line":836,"column":12},"end":{"line":838,"column":13}},"415":{"start":{"line":837,"column":16},"end":{"line":837,"column":71}},"416":{"start":{"line":840,"column":12},"end":{"line":840,"column":49}},"417":{"start":{"line":841,"column":12},"end":{"line":841,"column":30}},"418":{"start":{"line":844,"column":8},"end":{"line":847,"column":9}},"419":{"start":{"line":845,"column":12},"end":{"line":845,"column":72}},"420":{"start":{"line":846,"column":12},"end":{"line":846,"column":30}},"421":{"start":{"line":849,"column":8},"end":{"line":851,"column":9}},"422":{"start":{"line":850,"column":12},"end":{"line":850,"column":90}},"423":{"start":{"line":853,"column":21},"end":{"line":860,"column":10}},"424":{"start":{"line":861,"column":8},"end":{"line":861,"column":23}},"425":{"start":{"line":863,"column":8},"end":{"line":863,"column":99}},"426":{"start":{"line":863,"column":36},"end":{"line":863,"column":99}},"427":{"start":{"line":864,"column":8},"end":{"line":864,"column":20}},"428":{"start":{"line":869,"column":0},"end":{"line":880,"column":3}},"429":{"start":{"line":870,"column":4},"end":{"line":879,"column":36}},"430":{"start":{"line":871,"column":55},"end":{"line":871,"column":72}},"431":{"start":{"line":872,"column":21},"end":{"line":872,"column":81}},"432":{"start":{"line":873,"column":8},"end":{"line":875,"column":9}},"433":{"start":{"line":874,"column":12},"end":{"line":874,"column":84}},"434":{"start":{"line":876,"column":31},"end":{"line":876,"column":65}},"435":{"start":{"line":877,"column":8},"end":{"line":877,"column":101}},"436":{"start":{"line":878,"column":8},"end":{"line":878,"column":63}},"437":{"start":{"line":879,"column":22},"end":{"line":879,"column":34}},"438":{"start":{"line":883,"column":0},"end":{"line":917,"column":3}},"439":{"start":{"line":884,"column":4},"end":{"line":916,"column":36}},"440":{"start":{"line":885,"column":27},"end":{"line":885,"column":44}},"441":{"start":{"line":886,"column":28},"end":{"line":888,"column":36}},"442":{"start":{"line":890,"column":21},"end":{"line":901,"column":10}},"443":{"start":{"line":902,"column":8},"end":{"line":902,"column":76}},"444":{"start":{"line":902,"column":19},"end":{"line":902,"column":76}},"445":{"start":{"line":904,"column":27},"end":{"line":904,"column":70}},"446":{"start":{"line":904,"column":57},"end":{"line":904,"column":69}},"447":{"start":{"line":906,"column":8},"end":{"line":908,"column":9}},"448":{"start":{"line":907,"column":12},"end":{"line":907,"column":141}},"449":{"start":{"line":910,"column":8},"end":{"line":915,"column":11}},"450":{"start":{"line":916,"column":22},"end":{"line":916,"column":34}},"451":{"start":{"line":920,"column":0},"end":{"line":1064,"column":3}},"452":{"start":{"line":921,"column":4},"end":{"line":1063,"column":5}},"453":{"start":{"line":922,"column":27},"end":{"line":922,"column":44}},"454":{"start":{"line":923,"column":28},"end":{"line":925,"column":36}},"455":{"start":{"line":927,"column":21},"end":{"line":927,"column":73}},"456":{"start":{"line":928,"column":8},"end":{"line":928,"column":76}},"457":{"start":{"line":928,"column":19},"end":{"line":928,"column":76}},"458":{"start":{"line":931,"column":31},"end":{"line":931,"column":40}},"459":{"start":{"line":932,"column":24},"end":{"line":932,"column":26}},"460":{"start":{"line":934,"column":8},"end":{"line":942,"column":9}},"461":{"start":{"line":935,"column":12},"end":{"line":935,"column":39}},"462":{"start":{"line":936,"column":12},"end":{"line":938,"column":13}},"463":{"start":{"line":937,"column":16},"end":{"line":937,"column":87}},"464":{"start":{"line":939,"column":12},"end":{"line":941,"column":13}},"465":{"start":{"line":940,"column":16},"end":{"line":940,"column":45}},"466":{"start":{"line":944,"column":8},"end":{"line":952,"column":9}},"467":{"start":{"line":945,"column":12},"end":{"line":945,"column":40}},"468":{"start":{"line":946,"column":12},"end":{"line":948,"column":13}},"469":{"start":{"line":947,"column":16},"end":{"line":947,"column":72}},"470":{"start":{"line":949,"column":12},"end":{"line":951,"column":13}},"471":{"start":{"line":950,"column":16},"end":{"line":950,"column":47}},"472":{"start":{"line":954,"column":8},"end":{"line":962,"column":9}},"473":{"start":{"line":955,"column":12},"end":{"line":955,"column":43}},"474":{"start":{"line":956,"column":12},"end":{"line":958,"column":13}},"475":{"start":{"line":957,"column":16},"end":{"line":957,"column":82}},"476":{"start":{"line":959,"column":12},"end":{"line":961,"column":13}},"477":{"start":{"line":960,"column":16},"end":{"line":960,"column":53}},"478":{"start":{"line":964,"column":8},"end":{"line":973,"column":9}},"479":{"start":{"line":965,"column":12},"end":{"line":965,"column":43}},"480":{"start":{"line":966,"column":32},"end":{"line":966,"column":64}},"481":{"start":{"line":967,"column":12},"end":{"line":969,"column":13}},"482":{"start":{"line":968,"column":16},"end":{"line":968,"column":81}},"483":{"start":{"line":970,"column":12},"end":{"line":972,"column":13}},"484":{"start":{"line":971,"column":16},"end":{"line":971,"column":47}},"485":{"start":{"line":975,"column":8},"end":{"line":984,"column":9}},"486":{"start":{"line":976,"column":12},"end":{"line":976,"column":45}},"487":{"start":{"line":977,"column":34},"end":{"line":977,"column":68}},"488":{"start":{"line":978,"column":12},"end":{"line":980,"column":13}},"489":{"start":{"line":979,"column":16},"end":{"line":979,"column":83}},"490":{"start":{"line":981,"column":12},"end":{"line":983,"column":13}},"491":{"start":{"line":982,"column":16},"end":{"line":982,"column":51}},"492":{"start":{"line":986,"column":8},"end":{"line":1006,"column":9}},"493":{"start":{"line":987,"column":12},"end":{"line":987,"column":39}},"494":{"start":{"line":988,"column":31},"end":{"line":988,"column":77}},"495":{"start":{"line":989,"column":12},"end":{"line":991,"column":13}},"496":{"start":{"line":990,"column":16},"end":{"line":990,"column":71}},"497":{"start":{"line":993,"column":12},"end":{"line":997,"column":13}},"498":{"start":{"line":994,"column":16},"end":{"line":996,"column":17}},"499":{"start":{"line":995,"column":20},"end":{"line":995,"column":111}},"500":{"start":{"line":999,"column":12},"end":{"line":1001,"column":13}},"501":{"start":{"line":1000,"column":16},"end":{"line":1000,"column":100}},"502":{"start":{"line":1003,"column":12},"end":{"line":1005,"column":13}},"503":{"start":{"line":1004,"column":16},"end":{"line":1004,"column":45}},"504":{"start":{"line":1009,"column":8},"end":{"line":1011,"column":9}},"505":{"start":{"line":1010,"column":12},"end":{"line":1010,"column":90}},"506":{"start":{"line":1014,"column":8},"end":{"line":1019,"column":9}},"507":{"start":{"line":1015,"column":12},"end":{"line":1018,"column":15}},"508":{"start":{"line":1022,"column":28},"end":{"line":1034,"column":10}},"509":{"start":{"line":1037,"column":25},"end":{"line":1041,"column":9}},"510":{"start":{"line":1043,"column":8},"end":{"line":1045,"column":9}},"511":{"start":{"line":1044,"column":12},"end":{"line":1044,"column":47}},"512":{"start":{"line":1046,"column":8},"end":{"line":1048,"column":9}},"513":{"start":{"line":1047,"column":12},"end":{"line":1047,"column":53}},"514":{"start":{"line":1049,"column":8},"end":{"line":1051,"column":9}},"515":{"start":{"line":1050,"column":12},"end":{"line":1050,"column":53}},"516":{"start":{"line":1052,"column":8},"end":{"line":1054,"column":9}},"517":{"start":{"line":1053,"column":12},"end":{"line":1053,"column":57}},"518":{"start":{"line":1055,"column":8},"end":{"line":1057,"column":9}},"519":{"start":{"line":1056,"column":12},"end":{"line":1056,"column":45}},"520":{"start":{"line":1059,"column":8},"end":{"line":1059,"column":27}},"521":{"start":{"line":1061,"column":8},"end":{"line":1061,"column":99}},"522":{"start":{"line":1061,"column":36},"end":{"line":1061,"column":99}},"523":{"start":{"line":1062,"column":8},"end":{"line":1062,"column":20}},"524":{"start":{"line":1071,"column":32},"end":{"line":1121,"column":1}},"525":{"start":{"line":1072,"column":21},"end":{"line":1072,"column":33}},"526":{"start":{"line":1073,"column":22},"end":{"line":1073,"column":32}},"527":{"start":{"line":1075,"column":4},"end":{"line":1118,"column":5}},"528":{"start":{"line":1077,"column":27},"end":{"line":1081,"column":10}},"529":{"start":{"line":1084,"column":8},"end":{"line":1088,"column":9}},"530":{"start":{"line":1085,"column":29},"end":{"line":1085,"column":54}},"531":{"start":{"line":1085,"column":49},"end":{"line":1085,"column":53}},"532":{"start":{"line":1086,"column":31},"end":{"line":1086,"column":80}},"533":{"start":{"line":1086,"column":57},"end":{"line":1086,"column":79}},"534":{"start":{"line":1087,"column":12},"end":{"line":1087,"column":70}},"535":{"start":{"line":1091,"column":8},"end":{"line":1117,"column":9}},"536":{"start":{"line":1092,"column":24},"end":{"line":1092,"column":34}},"537":{"start":{"line":1095,"column":12},"end":{"line":1097,"column":13}},"538":{"start":{"line":1096,"column":16},"end":{"line":1096,"column":68}},"539":{"start":{"line":1100,"column":12},"end":{"line":1107,"column":13}},"540":{"start":{"line":1101,"column":34},"end":{"line":1103,"column":18}},"541":{"start":{"line":1104,"column":16},"end":{"line":1106,"column":17}},"542":{"start":{"line":1105,"column":20},"end":{"line":1105,"column":74}},"543":{"start":{"line":1110,"column":12},"end":{"line":1112,"column":13}},"544":{"start":{"line":1111,"column":16},"end":{"line":1111,"column":107}},"545":{"start":{"line":1115,"column":12},"end":{"line":1115,"column":68}},"546":{"start":{"line":1115,"column":28},"end":{"line":1115,"column":68}},"547":{"start":{"line":1116,"column":12},"end":{"line":1116,"column":58}},"548":{"start":{"line":1116,"column":30},"end":{"line":1116,"column":58}},"549":{"start":{"line":1120,"column":4},"end":{"line":1120,"column":23}},"550":{"start":{"line":1124,"column":0},"end":{"line":1275,"column":3}},"551":{"start":{"line":1125,"column":4},"end":{"line":1274,"column":5}},"552":{"start":{"line":1126,"column":86},"end":{"line":1126,"column":103}},"553":{"start":{"line":1128,"column":27},"end":{"line":1128,"column":78}},"554":{"start":{"line":1129,"column":8},"end":{"line":1129,"column":82}},"555":{"start":{"line":1129,"column":25},"end":{"line":1129,"column":82}},"556":{"start":{"line":1133,"column":8},"end":{"line":1265,"column":9}},"557":{"start":{"line":1134,"column":12},"end":{"line":1134,"column":101}},"558":{"start":{"line":1134,"column":38},"end":{"line":1134,"column":101}},"559":{"start":{"line":1136,"column":12},"end":{"line":1136,"column":93}},"560":{"start":{"line":1138,"column":28},"end":{"line":1138,"column":88}},"561":{"start":{"line":1139,"column":12},"end":{"line":1139,"column":86}},"562":{"start":{"line":1139,"column":26},"end":{"line":1139,"column":86}},"563":{"start":{"line":1142,"column":31},"end":{"line":1142,"column":88}},"564":{"start":{"line":1144,"column":30},"end":{"line":1144,"column":41}},"565":{"start":{"line":1146,"column":12},"end":{"line":1157,"column":15}},"566":{"start":{"line":1160,"column":12},"end":{"line":1176,"column":13}},"567":{"start":{"line":1161,"column":16},"end":{"line":1163,"column":19}},"568":{"start":{"line":1162,"column":51},"end":{"line":1162,"column":102}},"569":{"start":{"line":1166,"column":16},"end":{"line":1175,"column":17}},"570":{"start":{"line":1167,"column":34},"end":{"line":1167,"column":91}},"571":{"start":{"line":1168,"column":20},"end":{"line":1174,"column":21}},"572":{"start":{"line":1169,"column":24},"end":{"line":1173,"column":27}},"573":{"start":{"line":1180,"column":12},"end":{"line":1185,"column":13}},"574":{"start":{"line":1181,"column":16},"end":{"line":1184,"column":19}},"575":{"start":{"line":1187,"column":32},"end":{"line":1187,"column":92}},"576":{"start":{"line":1188,"column":12},"end":{"line":1197,"column":15}},"577":{"start":{"line":1199,"column":15},"end":{"line":1265,"column":9}},"578":{"start":{"line":1200,"column":12},"end":{"line":1202,"column":13}},"579":{"start":{"line":1201,"column":16},"end":{"line":1201,"column":68}},"580":{"start":{"line":1204,"column":12},"end":{"line":1206,"column":13}},"581":{"start":{"line":1205,"column":16},"end":{"line":1205,"column":82}},"582":{"start":{"line":1207,"column":12},"end":{"line":1209,"column":13}},"583":{"start":{"line":1208,"column":16},"end":{"line":1208,"column":82}},"584":{"start":{"line":1213,"column":12},"end":{"line":1222,"column":13}},"585":{"start":{"line":1214,"column":16},"end":{"line":1214,"column":41}},"586":{"start":{"line":1215,"column":19},"end":{"line":1222,"column":13}},"587":{"start":{"line":1216,"column":16},"end":{"line":1216,"column":55}},"588":{"start":{"line":1217,"column":16},"end":{"line":1219,"column":17}},"589":{"start":{"line":1218,"column":20},"end":{"line":1218,"column":86}},"590":{"start":{"line":1221,"column":16},"end":{"line":1221,"column":82}},"591":{"start":{"line":1225,"column":39},"end":{"line":1225,"column":107}},"592":{"start":{"line":1226,"column":12},"end":{"line":1226,"column":109}},"593":{"start":{"line":1226,"column":37},"end":{"line":1226,"column":109}},"594":{"start":{"line":1228,"column":12},"end":{"line":1237,"column":15}},"595":{"start":{"line":1240,"column":12},"end":{"line":1244,"column":13}},"596":{"start":{"line":1241,"column":16},"end":{"line":1243,"column":19}},"597":{"start":{"line":1242,"column":51},"end":{"line":1242,"column":102}},"598":{"start":{"line":1247,"column":12},"end":{"line":1250,"column":15}},"599":{"start":{"line":1252,"column":32},"end":{"line":1252,"column":92}},"600":{"start":{"line":1253,"column":12},"end":{"line":1262,"column":15}},"601":{"start":{"line":1264,"column":12},"end":{"line":1264,"column":79}},"602":{"start":{"line":1267,"column":8},"end":{"line":1269,"column":9}},"603":{"start":{"line":1268,"column":12},"end":{"line":1268,"column":66}},"604":{"start":{"line":1270,"column":8},"end":{"line":1272,"column":9}},"605":{"start":{"line":1271,"column":12},"end":{"line":1271,"column":66}},"606":{"start":{"line":1273,"column":8},"end":{"line":1273,"column":20}},"607":{"start":{"line":1278,"column":0},"end":{"line":1364,"column":3}},"608":{"start":{"line":1288,"column":17},"end":{"line":1288,"column":78}},"609":{"start":{"line":1292,"column":17},"end":{"line":1292,"column":79}},"610":{"start":{"line":1296,"column":4},"end":{"line":1363,"column":36}},"611":{"start":{"line":1297,"column":122},"end":{"line":1297,"column":140}},"612":{"start":{"line":1298,"column":24},"end":{"line":1298,"column":38}},"613":{"start":{"line":1298,"column":51},"end":{"line":1298,"column":66}},"614":{"start":{"line":1301,"column":8},"end":{"line":1303,"column":9}},"615":{"start":{"line":1302,"column":12},"end":{"line":1302,"column":78}},"616":{"start":{"line":1304,"column":8},"end":{"line":1306,"column":9}},"617":{"start":{"line":1305,"column":12},"end":{"line":1305,"column":86}},"618":{"start":{"line":1308,"column":21},"end":{"line":1308,"column":45}},"619":{"start":{"line":1310,"column":22},"end":{"line":1310,"column":24}},"620":{"start":{"line":1311,"column":8},"end":{"line":1316,"column":9}},"621":{"start":{"line":1312,"column":26},"end":{"line":1314,"column":14}},"622":{"start":{"line":1315,"column":12},"end":{"line":1315,"column":56}},"623":{"start":{"line":1315,"column":48},"end":{"line":1315,"column":52}},"624":{"start":{"line":1317,"column":8},"end":{"line":1320,"column":9}},"625":{"start":{"line":1318,"column":28},"end":{"line":1318,"column":89}},"626":{"start":{"line":1319,"column":12},"end":{"line":1319,"column":54}},"627":{"start":{"line":1319,"column":25},"end":{"line":1319,"column":54}},"628":{"start":{"line":1321,"column":8},"end":{"line":1321,"column":65}},"629":{"start":{"line":1321,"column":24},"end":{"line":1321,"column":65}},"630":{"start":{"line":1322,"column":8},"end":{"line":1325,"column":9}},"631":{"start":{"line":1323,"column":29},"end":{"line":1323,"column":122}},"632":{"start":{"line":1324,"column":12},"end":{"line":1324,"column":68}},"633":{"start":{"line":1324,"column":48},"end":{"line":1324,"column":64}},"634":{"start":{"line":1326,"column":8},"end":{"line":1326,"column":36}},"635":{"start":{"line":1326,"column":18},"end":{"line":1326,"column":36}},"636":{"start":{"line":1327,"column":8},"end":{"line":1327,"column":61}},"637":{"start":{"line":1327,"column":23},"end":{"line":1327,"column":61}},"638":{"start":{"line":1328,"column":8},"end":{"line":1330,"column":9}},"639":{"start":{"line":1329,"column":12},"end":{"line":1329,"column":102}},"640":{"start":{"line":1332,"column":22},"end":{"line":1332,"column":63}},"641":{"start":{"line":1333,"column":29},"end":{"line":1341,"column":10}},"642":{"start":{"line":1343,"column":24},"end":{"line":1360,"column":10}},"643":{"start":{"line":1344,"column":27},"end":{"line":1354,"column":13}},"644":{"start":{"line":1349,"column":65},"end":{"line":1349,"column":79}},"645":{"start":{"line":1355,"column":12},"end":{"line":1355,"column":50}},"646":{"start":{"line":1355,"column":26},"end":{"line":1355,"column":50}},"647":{"start":{"line":1356,"column":12},"end":{"line":1356,"column":62}},"648":{"start":{"line":1356,"column":30},"end":{"line":1356,"column":62}},"649":{"start":{"line":1357,"column":12},"end":{"line":1357,"column":102}},"650":{"start":{"line":1357,"column":68},"end":{"line":1357,"column":102}},"651":{"start":{"line":1358,"column":12},"end":{"line":1358,"column":80}},"652":{"start":{"line":1358,"column":42},"end":{"line":1358,"column":80}},"653":{"start":{"line":1359,"column":12},"end":{"line":1359,"column":26}},"654":{"start":{"line":1362,"column":8},"end":{"line":1362,"column":37}},"655":{"start":{"line":1363,"column":22},"end":{"line":1363,"column":34}},"656":{"start":{"line":1367,"column":0},"end":{"line":1426,"column":3}},"657":{"start":{"line":1369,"column":17},"end":{"line":1369,"column":78}},"658":{"start":{"line":1373,"column":17},"end":{"line":1373,"column":79}},"659":{"start":{"line":1378,"column":4},"end":{"line":1425,"column":36}},"660":{"start":{"line":1379,"column":56},"end":{"line":1379,"column":74}},"661":{"start":{"line":1380,"column":24},"end":{"line":1380,"column":38}},"662":{"start":{"line":1380,"column":51},"end":{"line":1380,"column":66}},"663":{"start":{"line":1382,"column":8},"end":{"line":1384,"column":9}},"664":{"start":{"line":1383,"column":12},"end":{"line":1383,"column":78}},"665":{"start":{"line":1385,"column":8},"end":{"line":1387,"column":9}},"666":{"start":{"line":1386,"column":12},"end":{"line":1386,"column":86}},"667":{"start":{"line":1389,"column":21},"end":{"line":1389,"column":45}},"668":{"start":{"line":1391,"column":22},"end":{"line":1391,"column":44}},"669":{"start":{"line":1392,"column":8},"end":{"line":1394,"column":9}},"670":{"start":{"line":1393,"column":12},"end":{"line":1393,"column":51}},"671":{"start":{"line":1396,"column":22},"end":{"line":1396,"column":63}},"672":{"start":{"line":1397,"column":29},"end":{"line":1405,"column":10}},"673":{"start":{"line":1407,"column":24},"end":{"line":1422,"column":10}},"674":{"start":{"line":1408,"column":27},"end":{"line":1419,"column":13}},"675":{"start":{"line":1420,"column":12},"end":{"line":1420,"column":71}},"676":{"start":{"line":1420,"column":30},"end":{"line":1420,"column":71}},"677":{"start":{"line":1421,"column":12},"end":{"line":1421,"column":26}},"678":{"start":{"line":1424,"column":8},"end":{"line":1424,"column":37}},"679":{"start":{"line":1425,"column":22},"end":{"line":1425,"column":34}},"680":{"start":{"line":1429,"column":0},"end":{"line":1460,"column":3}},"681":{"start":{"line":1430,"column":4},"end":{"line":1459,"column":36}},"682":{"start":{"line":1431,"column":30},"end":{"line":1431,"column":64}},"683":{"start":{"line":1432,"column":8},"end":{"line":1432,"column":99}},"684":{"start":{"line":1432,"column":34},"end":{"line":1432,"column":99}},"685":{"start":{"line":1433,"column":19},"end":{"line":1440,"column":10}},"686":{"start":{"line":1441,"column":8},"end":{"line":1441,"column":81}},"687":{"start":{"line":1441,"column":17},"end":{"line":1441,"column":81}},"688":{"start":{"line":1443,"column":23},"end":{"line":1453,"column":9}},"689":{"start":{"line":1448,"column":61},"end":{"line":1448,"column":75}},"690":{"start":{"line":1454,"column":8},"end":{"line":1454,"column":46}},"691":{"start":{"line":1454,"column":22},"end":{"line":1454,"column":46}},"692":{"start":{"line":1455,"column":8},"end":{"line":1455,"column":58}},"693":{"start":{"line":1455,"column":26},"end":{"line":1455,"column":58}},"694":{"start":{"line":1456,"column":8},"end":{"line":1456,"column":98}},"695":{"start":{"line":1456,"column":64},"end":{"line":1456,"column":98}},"696":{"start":{"line":1458,"column":8},"end":{"line":1458,"column":25}},"697":{"start":{"line":1459,"column":22},"end":{"line":1459,"column":34}},"698":{"start":{"line":1463,"column":0},"end":{"line":1521,"column":3}},"699":{"start":{"line":1464,"column":4},"end":{"line":1520,"column":36}},"700":{"start":{"line":1465,"column":27},"end":{"line":1465,"column":61}},"701":{"start":{"line":1466,"column":8},"end":{"line":1466,"column":100}},"702":{"start":{"line":1466,"column":45},"end":{"line":1466,"column":100}},"703":{"start":{"line":1468,"column":30},"end":{"line":1468,"column":64}},"704":{"start":{"line":1469,"column":8},"end":{"line":1469,"column":99}},"705":{"start":{"line":1469,"column":34},"end":{"line":1469,"column":99}},"706":{"start":{"line":1470,"column":19},"end":{"line":1473,"column":10}},"707":{"start":{"line":1474,"column":8},"end":{"line":1474,"column":81}},"708":{"start":{"line":1474,"column":17},"end":{"line":1474,"column":81}},"709":{"start":{"line":1477,"column":8},"end":{"line":1489,"column":9}},"710":{"start":{"line":1479,"column":12},"end":{"line":1482,"column":15}},"711":{"start":{"line":1483,"column":15},"end":{"line":1489,"column":9}},"712":{"start":{"line":1485,"column":12},"end":{"line":1488,"column":15}},"713":{"start":{"line":1492,"column":27},"end":{"line":1492,"column":41}},"714":{"start":{"line":1493,"column":8},"end":{"line":1500,"column":9}},"715":{"start":{"line":1494,"column":12},"end":{"line":1494,"column":41}},"716":{"start":{"line":1495,"column":15},"end":{"line":1500,"column":9}},"717":{"start":{"line":1496,"column":12},"end":{"line":1499,"column":13}},"718":{"start":{"line":1497,"column":16},"end":{"line":1497,"column":44}},"719":{"start":{"line":1498,"column":16},"end":{"line":1498,"column":53}},"720":{"start":{"line":1502,"column":24},"end":{"line":1505,"column":10}},"721":{"start":{"line":1507,"column":8},"end":{"line":1519,"column":11}},"722":{"start":{"line":1513,"column":61},"end":{"line":1513,"column":75}},"723":{"start":{"line":1520,"column":22},"end":{"line":1520,"column":34}},"724":{"start":{"line":1524,"column":0},"end":{"line":1578,"column":3}},"725":{"start":{"line":1525,"column":4},"end":{"line":1577,"column":36}},"726":{"start":{"line":1526,"column":23},"end":{"line":1526,"column":50}},"727":{"start":{"line":1527,"column":8},"end":{"line":1527,"column":84}},"728":{"start":{"line":1527,"column":27},"end":{"line":1527,"column":84}},"729":{"start":{"line":1529,"column":30},"end":{"line":1529,"column":64}},"730":{"start":{"line":1530,"column":8},"end":{"line":1530,"column":99}},"731":{"start":{"line":1530,"column":34},"end":{"line":1530,"column":99}},"732":{"start":{"line":1532,"column":19},"end":{"line":1539,"column":10}},"733":{"start":{"line":1540,"column":8},"end":{"line":1540,"column":81}},"734":{"start":{"line":1540,"column":17},"end":{"line":1540,"column":81}},"735":{"start":{"line":1543,"column":8},"end":{"line":1545,"column":9}},"736":{"start":{"line":1544,"column":12},"end":{"line":1544,"column":101}},"737":{"start":{"line":1548,"column":26},"end":{"line":1548,"column":35}},"738":{"start":{"line":1549,"column":27},"end":{"line":1549,"column":45}},"739":{"start":{"line":1552,"column":8},"end":{"line":1557,"column":9}},"740":{"start":{"line":1553,"column":12},"end":{"line":1556,"column":15}},"741":{"start":{"line":1560,"column":24},"end":{"line":1563,"column":10}},"742":{"start":{"line":1565,"column":8},"end":{"line":1576,"column":11}},"743":{"start":{"line":1571,"column":61},"end":{"line":1571,"column":75}},"744":{"start":{"line":1577,"column":22},"end":{"line":1577,"column":34}},"745":{"start":{"line":1581,"column":0},"end":{"line":1640,"column":3}},"746":{"start":{"line":1582,"column":4},"end":{"line":1639,"column":36}},"747":{"start":{"line":1583,"column":22},"end":{"line":1583,"column":48}},"748":{"start":{"line":1584,"column":8},"end":{"line":1584,"column":103}},"749":{"start":{"line":1584,"column":40},"end":{"line":1584,"column":103}},"750":{"start":{"line":1586,"column":30},"end":{"line":1586,"column":64}},"751":{"start":{"line":1587,"column":8},"end":{"line":1587,"column":99}},"752":{"start":{"line":1587,"column":34},"end":{"line":1587,"column":99}},"753":{"start":{"line":1589,"column":19},"end":{"line":1596,"column":10}},"754":{"start":{"line":1597,"column":8},"end":{"line":1597,"column":81}},"755":{"start":{"line":1597,"column":17},"end":{"line":1597,"column":81}},"756":{"start":{"line":1600,"column":8},"end":{"line":1602,"column":9}},"757":{"start":{"line":1601,"column":12},"end":{"line":1601,"column":100}},"758":{"start":{"line":1605,"column":29},"end":{"line":1605,"column":79}},"759":{"start":{"line":1605,"column":64},"end":{"line":1605,"column":78}},"760":{"start":{"line":1606,"column":26},"end":{"line":1606,"column":87}},"761":{"start":{"line":1607,"column":26},"end":{"line":1607,"column":35}},"762":{"start":{"line":1608,"column":33},"end":{"line":1608,"column":54}},"763":{"start":{"line":1611,"column":8},"end":{"line":1616,"column":9}},"764":{"start":{"line":1612,"column":12},"end":{"line":1615,"column":15}},"765":{"start":{"line":1619,"column":24},"end":{"line":1625,"column":10}},"766":{"start":{"line":1627,"column":8},"end":{"line":1638,"column":11}},"767":{"start":{"line":1633,"column":61},"end":{"line":1633,"column":75}},"768":{"start":{"line":1639,"column":22},"end":{"line":1639,"column":34}},"769":{"start":{"line":1643,"column":0},"end":{"line":1678,"column":3}},"770":{"start":{"line":1644,"column":4},"end":{"line":1677,"column":36}},"771":{"start":{"line":1645,"column":41},"end":{"line":1645,"column":49}},"772":{"start":{"line":1646,"column":8},"end":{"line":1646,"column":90}},"773":{"start":{"line":1646,"column":35},"end":{"line":1646,"column":90}},"774":{"start":{"line":1647,"column":8},"end":{"line":1649,"column":9}},"775":{"start":{"line":1648,"column":12},"end":{"line":1648,"column":69}},"776":{"start":{"line":1651,"column":26},"end":{"line":1651,"column":44}},"777":{"start":{"line":1653,"column":21},"end":{"line":1653,"column":81}},"778":{"start":{"line":1654,"column":8},"end":{"line":1654,"column":88}},"779":{"start":{"line":1654,"column":28},"end":{"line":1654,"column":88}},"780":{"start":{"line":1655,"column":8},"end":{"line":1655,"column":99}},"781":{"start":{"line":1655,"column":37},"end":{"line":1655,"column":99}},"782":{"start":{"line":1657,"column":28},"end":{"line":1666,"column":10}},"783":{"start":{"line":1668,"column":8},"end":{"line":1676,"column":11}},"784":{"start":{"line":1677,"column":22},"end":{"line":1677,"column":34}},"785":{"start":{"line":1681,"column":0},"end":{"line":1742,"column":3}},"786":{"start":{"line":1682,"column":4},"end":{"line":1741,"column":36}},"787":{"start":{"line":1683,"column":41},"end":{"line":1683,"column":49}},"788":{"start":{"line":1684,"column":8},"end":{"line":1684,"column":78}},"789":{"start":{"line":1684,"column":19},"end":{"line":1684,"column":78}},"790":{"start":{"line":1685,"column":8},"end":{"line":1685,"column":88}},"791":{"start":{"line":1685,"column":33},"end":{"line":1685,"column":88}},"792":{"start":{"line":1686,"column":8},"end":{"line":1688,"column":9}},"793":{"start":{"line":1687,"column":12},"end":{"line":1687,"column":69}},"794":{"start":{"line":1690,"column":23},"end":{"line":1690,"column":83}},"795":{"start":{"line":1691,"column":8},"end":{"line":1691,"column":92}},"796":{"start":{"line":1691,"column":30},"end":{"line":1691,"column":92}},"797":{"start":{"line":1692,"column":8},"end":{"line":1692,"column":98}},"798":{"start":{"line":1692,"column":36},"end":{"line":1692,"column":98}},"799":{"start":{"line":1695,"column":27},"end":{"line":1695,"column":44}},"800":{"start":{"line":1696,"column":28},"end":{"line":1698,"column":36}},"801":{"start":{"line":1700,"column":26},"end":{"line":1700,"column":78}},"802":{"start":{"line":1701,"column":8},"end":{"line":1701,"column":86}},"803":{"start":{"line":1701,"column":24},"end":{"line":1701,"column":86}},"804":{"start":{"line":1704,"column":25},"end":{"line":1714,"column":10}},"805":{"start":{"line":1716,"column":8},"end":{"line":1726,"column":11}},"806":{"start":{"line":1729,"column":8},"end":{"line":1729,"column":104}},"807":{"start":{"line":1730,"column":8},"end":{"line":1730,"column":107}},"808":{"start":{"line":1732,"column":8},"end":{"line":1740,"column":11}},"809":{"start":{"line":1741,"column":22},"end":{"line":1741,"column":34}},"810":{"start":{"line":1745,"column":0},"end":{"line":1814,"column":3}},"811":{"start":{"line":1752,"column":17},"end":{"line":1752,"column":78}},"812":{"start":{"line":1756,"column":17},"end":{"line":1756,"column":79}},"813":{"start":{"line":1760,"column":4},"end":{"line":1813,"column":36}},"814":{"start":{"line":1761,"column":93},"end":{"line":1761,"column":111}},"815":{"start":{"line":1762,"column":24},"end":{"line":1762,"column":38}},"816":{"start":{"line":1762,"column":51},"end":{"line":1762,"column":66}},"817":{"start":{"line":1765,"column":8},"end":{"line":1767,"column":9}},"818":{"start":{"line":1766,"column":12},"end":{"line":1766,"column":78}},"819":{"start":{"line":1768,"column":8},"end":{"line":1770,"column":9}},"820":{"start":{"line":1769,"column":12},"end":{"line":1769,"column":86}},"821":{"start":{"line":1772,"column":21},"end":{"line":1772,"column":45}},"822":{"start":{"line":1774,"column":22},"end":{"line":1774,"column":45}},"823":{"start":{"line":1775,"column":8},"end":{"line":1775,"column":36}},"824":{"start":{"line":1775,"column":18},"end":{"line":1775,"column":36}},"825":{"start":{"line":1776,"column":8},"end":{"line":1776,"column":61}},"826":{"start":{"line":1776,"column":23},"end":{"line":1776,"column":61}},"827":{"start":{"line":1777,"column":8},"end":{"line":1780,"column":9}},"828":{"start":{"line":1778,"column":29},"end":{"line":1778,"column":122}},"829":{"start":{"line":1779,"column":12},"end":{"line":1779,"column":68}},"830":{"start":{"line":1779,"column":48},"end":{"line":1779,"column":64}},"831":{"start":{"line":1781,"column":8},"end":{"line":1783,"column":9}},"832":{"start":{"line":1782,"column":12},"end":{"line":1782,"column":102}},"833":{"start":{"line":1785,"column":22},"end":{"line":1785,"column":63}},"834":{"start":{"line":1786,"column":29},"end":{"line":1793,"column":10}},"835":{"start":{"line":1795,"column":24},"end":{"line":1810,"column":10}},"836":{"start":{"line":1796,"column":27},"end":{"line":1805,"column":13}},"837":{"start":{"line":1800,"column":65},"end":{"line":1800,"column":79}},"838":{"start":{"line":1806,"column":12},"end":{"line":1806,"column":50}},"839":{"start":{"line":1806,"column":26},"end":{"line":1806,"column":50}},"840":{"start":{"line":1807,"column":12},"end":{"line":1807,"column":62}},"841":{"start":{"line":1807,"column":30},"end":{"line":1807,"column":62}},"842":{"start":{"line":1808,"column":12},"end":{"line":1808,"column":80}},"843":{"start":{"line":1808,"column":42},"end":{"line":1808,"column":80}},"844":{"start":{"line":1809,"column":12},"end":{"line":1809,"column":26}},"845":{"start":{"line":1812,"column":8},"end":{"line":1812,"column":37}},"846":{"start":{"line":1813,"column":22},"end":{"line":1813,"column":34}},"847":{"start":{"line":1817,"column":0},"end":{"line":1894,"column":3}},"848":{"start":{"line":1824,"column":17},"end":{"line":1824,"column":78}},"849":{"start":{"line":1828,"column":17},"end":{"line":1828,"column":79}},"850":{"start":{"line":1832,"column":4},"end":{"line":1893,"column":36}},"851":{"start":{"line":1833,"column":27},"end":{"line":1833,"column":44}},"852":{"start":{"line":1834,"column":28},"end":{"line":1836,"column":36}},"853":{"start":{"line":1838,"column":27},"end":{"line":1838,"column":79}},"854":{"start":{"line":1839,"column":8},"end":{"line":1839,"column":82}},"855":{"start":{"line":1839,"column":25},"end":{"line":1839,"column":82}},"856":{"start":{"line":1841,"column":93},"end":{"line":1841,"column":111}},"857":{"start":{"line":1842,"column":24},"end":{"line":1842,"column":38}},"858":{"start":{"line":1842,"column":51},"end":{"line":1842,"column":66}},"859":{"start":{"line":1844,"column":8},"end":{"line":1846,"column":9}},"860":{"start":{"line":1845,"column":12},"end":{"line":1845,"column":78}},"861":{"start":{"line":1847,"column":8},"end":{"line":1849,"column":9}},"862":{"start":{"line":1848,"column":12},"end":{"line":1848,"column":86}},"863":{"start":{"line":1851,"column":21},"end":{"line":1851,"column":45}},"864":{"start":{"line":1853,"column":22},"end":{"line":1853,"column":47}},"865":{"start":{"line":1854,"column":8},"end":{"line":1854,"column":36}},"866":{"start":{"line":1854,"column":18},"end":{"line":1854,"column":36}},"867":{"start":{"line":1855,"column":8},"end":{"line":1855,"column":61}},"868":{"start":{"line":1855,"column":23},"end":{"line":1855,"column":61}},"869":{"start":{"line":1856,"column":8},"end":{"line":1859,"column":9}},"870":{"start":{"line":1857,"column":29},"end":{"line":1857,"column":122}},"871":{"start":{"line":1858,"column":12},"end":{"line":1858,"column":68}},"872":{"start":{"line":1858,"column":48},"end":{"line":1858,"column":64}},"873":{"start":{"line":1860,"column":8},"end":{"line":1862,"column":9}},"874":{"start":{"line":1861,"column":12},"end":{"line":1861,"column":102}},"875":{"start":{"line":1864,"column":22},"end":{"line":1864,"column":63}},"876":{"start":{"line":1865,"column":29},"end":{"line":1872,"column":10}},"877":{"start":{"line":1874,"column":24},"end":{"line":1890,"column":10}},"878":{"start":{"line":1875,"column":27},"end":{"line":1884,"column":13}},"879":{"start":{"line":1879,"column":65},"end":{"line":1879,"column":79}},"880":{"start":{"line":1885,"column":12},"end":{"line":1885,"column":50}},"881":{"start":{"line":1885,"column":26},"end":{"line":1885,"column":50}},"882":{"start":{"line":1886,"column":12},"end":{"line":1886,"column":62}},"883":{"start":{"line":1886,"column":30},"end":{"line":1886,"column":62}},"884":{"start":{"line":1887,"column":12},"end":{"line":1887,"column":102}},"885":{"start":{"line":1887,"column":68},"end":{"line":1887,"column":102}},"886":{"start":{"line":1888,"column":12},"end":{"line":1888,"column":80}},"887":{"start":{"line":1888,"column":42},"end":{"line":1888,"column":80}},"888":{"start":{"line":1889,"column":12},"end":{"line":1889,"column":26}},"889":{"start":{"line":1892,"column":8},"end":{"line":1892,"column":37}},"890":{"start":{"line":1893,"column":22},"end":{"line":1893,"column":34}},"891":{"start":{"line":1898,"column":0},"end":{"line":1971,"column":3}},"892":{"start":{"line":1899,"column":4},"end":{"line":1970,"column":36}},"893":{"start":{"line":1900,"column":26},"end":{"line":1900,"column":59}},"894":{"start":{"line":1901,"column":8},"end":{"line":1901,"column":87}},"895":{"start":{"line":1901,"column":32},"end":{"line":1901,"column":87}},"896":{"start":{"line":1903,"column":30},"end":{"line":1903,"column":64}},"897":{"start":{"line":1904,"column":8},"end":{"line":1904,"column":99}},"898":{"start":{"line":1904,"column":34},"end":{"line":1904,"column":99}},"899":{"start":{"line":1905,"column":19},"end":{"line":1908,"column":10}},"900":{"start":{"line":1909,"column":8},"end":{"line":1909,"column":81}},"901":{"start":{"line":1909,"column":17},"end":{"line":1909,"column":81}},"902":{"start":{"line":1910,"column":8},"end":{"line":1910,"column":86}},"903":{"start":{"line":1910,"column":26},"end":{"line":1910,"column":86}},"904":{"start":{"line":1913,"column":8},"end":{"line":1915,"column":9}},"905":{"start":{"line":1914,"column":12},"end":{"line":1914,"column":92}},"906":{"start":{"line":1918,"column":8},"end":{"line":1940,"column":9}},"907":{"start":{"line":1919,"column":12},"end":{"line":1921,"column":13}},"908":{"start":{"line":1920,"column":16},"end":{"line":1920,"column":106}},"909":{"start":{"line":1922,"column":12},"end":{"line":1924,"column":13}},"910":{"start":{"line":1923,"column":16},"end":{"line":1923,"column":97}},"911":{"start":{"line":1926,"column":12},"end":{"line":1929,"column":15}},"912":{"start":{"line":1930,"column":15},"end":{"line":1940,"column":9}},"913":{"start":{"line":1932,"column":12},"end":{"line":1932,"column":116}},"914":{"start":{"line":1932,"column":54},"end":{"line":1932,"column":116}},"915":{"start":{"line":1934,"column":12},"end":{"line":1937,"column":15}},"916":{"start":{"line":1939,"column":12},"end":{"line":1939,"column":91}},"917":{"start":{"line":1942,"column":24},"end":{"line":1945,"column":10}},"918":{"start":{"line":1947,"column":26},"end":{"line":1947,"column":86}},"919":{"start":{"line":1949,"column":23},"end":{"line":1957,"column":9}},"920":{"start":{"line":1959,"column":8},"end":{"line":1967,"column":9}},"921":{"start":{"line":1960,"column":12},"end":{"line":1960,"column":55}},"922":{"start":{"line":1961,"column":12},"end":{"line":1961,"column":46}},"923":{"start":{"line":1962,"column":15},"end":{"line":1967,"column":9}},"924":{"start":{"line":1963,"column":12},"end":{"line":1963,"column":41}},"925":{"start":{"line":1964,"column":12},"end":{"line":1964,"column":43}},"926":{"start":{"line":1965,"column":12},"end":{"line":1965,"column":85}},"927":{"start":{"line":1965,"column":69},"end":{"line":1965,"column":83}},"928":{"start":{"line":1966,"column":12},"end":{"line":1966,"column":49}},"929":{"start":{"line":1969,"column":8},"end":{"line":1969,"column":25}},"930":{"start":{"line":1970,"column":22},"end":{"line":1970,"column":34}},"931":{"start":{"line":1978,"column":20},"end":{"line":1983,"column":1}},"932":{"start":{"line":1979,"column":22},"end":{"line":1981,"column":6}},"933":{"start":{"line":1982,"column":4},"end":{"line":1982,"column":23}},"934":{"start":{"line":1986,"column":0},"end":{"line":2068,"column":3}},"935":{"start":{"line":1987,"column":4},"end":{"line":2067,"column":36}},"936":{"start":{"line":1988,"column":86},"end":{"line":1988,"column":94}},"937":{"start":{"line":1991,"column":22},"end":{"line":1991,"column":41}},"938":{"start":{"line":1992,"column":20},"end":{"line":1992,"column":37}},"939":{"start":{"line":1995,"column":8},"end":{"line":1997,"column":9}},"940":{"start":{"line":1996,"column":12},"end":{"line":1996,"column":74}},"941":{"start":{"line":1999,"column":8},"end":{"line":1999,"column":102}},"942":{"start":{"line":1999,"column":26},"end":{"line":1999,"column":102}},"943":{"start":{"line":2000,"column":8},"end":{"line":2000,"column":107}},"944":{"start":{"line":2000,"column":32},"end":{"line":2000,"column":107}},"945":{"start":{"line":2003,"column":22},"end":{"line":2003,"column":70}},"946":{"start":{"line":2004,"column":8},"end":{"line":2004,"column":75}},"947":{"start":{"line":2004,"column":20},"end":{"line":2004,"column":75}},"948":{"start":{"line":2006,"column":8},"end":{"line":2014,"column":9}},"949":{"start":{"line":2007,"column":12},"end":{"line":2007,"column":51}},"950":{"start":{"line":2008,"column":34},"end":{"line":2008,"column":86}},"951":{"start":{"line":2009,"column":12},"end":{"line":2011,"column":13}},"952":{"start":{"line":2010,"column":16},"end":{"line":2010,"column":68}},"953":{"start":{"line":2013,"column":12},"end":{"line":2013,"column":67}},"954":{"start":{"line":2017,"column":29},"end":{"line":2017,"column":56}},"955":{"start":{"line":2018,"column":25},"end":{"line":2018,"column":27}},"956":{"start":{"line":2020,"column":8},"end":{"line":2030,"column":9}},"957":{"start":{"line":2022,"column":26},"end":{"line":2025,"column":14}},"958":{"start":{"line":2027,"column":12},"end":{"line":2029,"column":13}},"959":{"start":{"line":2028,"column":16},"end":{"line":2028,"column":101}},"960":{"start":{"line":2032,"column":22},"end":{"line":2053,"column":10}},"961":{"start":{"line":2041,"column":56},"end":{"line":2041,"column":66}},"962":{"start":{"line":2055,"column":8},"end":{"line":2059,"column":12}},"963":{"start":{"line":2055,"column":48},"end":{"line":2059,"column":9}},"964":{"start":{"line":2061,"column":8},"end":{"line":2066,"column":11}},"965":{"start":{"line":2067,"column":22},"end":{"line":2067,"column":34}},"966":{"start":{"line":2071,"column":0},"end":{"line":2247,"column":3}},"967":{"start":{"line":2084,"column":17},"end":{"line":2084,"column":78}},"968":{"start":{"line":2088,"column":17},"end":{"line":2088,"column":79}},"969":{"start":{"line":2092,"column":4},"end":{"line":2246,"column":36}},"970":{"start":{"line":2093,"column":173},"end":{"line":2093,"column":191}},"971":{"start":{"line":2095,"column":8},"end":{"line":2095,"column":110}},"972":{"start":{"line":2095,"column":30},"end":{"line":2095,"column":110}},"973":{"start":{"line":2097,"column":24},"end":{"line":2097,"column":38}},"974":{"start":{"line":2098,"column":25},"end":{"line":2098,"column":40}},"975":{"start":{"line":2101,"column":8},"end":{"line":2103,"column":9}},"976":{"start":{"line":2102,"column":12},"end":{"line":2102,"column":78}},"977":{"start":{"line":2104,"column":8},"end":{"line":2106,"column":9}},"978":{"start":{"line":2105,"column":12},"end":{"line":2105,"column":86}},"979":{"start":{"line":2108,"column":21},"end":{"line":2108,"column":45}},"980":{"start":{"line":2109,"column":20},"end":{"line":2109,"column":30}},"981":{"start":{"line":2111,"column":22},"end":{"line":2111,"column":24}},"982":{"start":{"line":2112,"column":8},"end":{"line":2112,"column":50}},"983":{"start":{"line":2112,"column":18},"end":{"line":2112,"column":50}},"984":{"start":{"line":2113,"column":8},"end":{"line":2113,"column":62}},"985":{"start":{"line":2113,"column":22},"end":{"line":2113,"column":62}},"986":{"start":{"line":2114,"column":8},"end":{"line":2114,"column":87}},"987":{"start":{"line":2114,"column":21},"end":{"line":2114,"column":87}},"988":{"start":{"line":2115,"column":8},"end":{"line":2115,"column":81}},"989":{"start":{"line":2115,"column":19},"end":{"line":2115,"column":81}},"990":{"start":{"line":2117,"column":33},"end":{"line":2117,"column":93}},"991":{"start":{"line":2119,"column":8},"end":{"line":2123,"column":9}},"992":{"start":{"line":2120,"column":12},"end":{"line":2120,"column":35}},"993":{"start":{"line":2121,"column":15},"end":{"line":2123,"column":9}},"994":{"start":{"line":2122,"column":12},"end":{"line":2122,"column":51}},"995":{"start":{"line":2126,"column":30},"end":{"line":2126,"column":147}},"996":{"start":{"line":2130,"column":21},"end":{"line":2138,"column":10}},"997":{"start":{"line":2142,"column":8},"end":{"line":2154,"column":9}},"998":{"start":{"line":2143,"column":39},"end":{"line":2143,"column":60}},"999":{"start":{"line":2144,"column":27},"end":{"line":2144,"column":46}},"1000":{"start":{"line":2145,"column":12},"end":{"line":2153,"column":15}},"1001":{"start":{"line":2147,"column":41},"end":{"line":2151,"column":18}},"1002":{"start":{"line":2149,"column":40},"end":{"line":2149,"column":97}},"1003":{"start":{"line":2150,"column":20},"end":{"line":2150,"column":58}},"1004":{"start":{"line":2152,"column":16},"end":{"line":2152,"column":63}},"1005":{"start":{"line":2157,"column":8},"end":{"line":2164,"column":9}},"1006":{"start":{"line":2158,"column":12},"end":{"line":2163,"column":15}},"1007":{"start":{"line":2159,"column":16},"end":{"line":2162,"column":19}},"1008":{"start":{"line":2160,"column":37},"end":{"line":2160,"column":55}},"1009":{"start":{"line":2161,"column":20},"end":{"line":2161,"column":93}},"1010":{"start":{"line":2167,"column":8},"end":{"line":2172,"column":9}},"1011":{"start":{"line":2168,"column":29},"end":{"line":2168,"column":61}},"1012":{"start":{"line":2169,"column":12},"end":{"line":2171,"column":13}},"1013":{"start":{"line":2170,"column":16},"end":{"line":2170,"column":73}},"1014":{"start":{"line":2170,"column":44},"end":{"line":2170,"column":71}},"1015":{"start":{"line":2173,"column":8},"end":{"line":2178,"column":9}},"1016":{"start":{"line":2174,"column":29},"end":{"line":2174,"column":61}},"1017":{"start":{"line":2175,"column":12},"end":{"line":2177,"column":13}},"1018":{"start":{"line":2176,"column":16},"end":{"line":2176,"column":73}},"1019":{"start":{"line":2176,"column":44},"end":{"line":2176,"column":71}},"1020":{"start":{"line":2181,"column":8},"end":{"line":2187,"column":9}},"1021":{"start":{"line":2182,"column":31},"end":{"line":2182,"column":48}},"1022":{"start":{"line":2183,"column":12},"end":{"line":2186,"column":15}},"1023":{"start":{"line":2184,"column":36},"end":{"line":2184,"column":79}},"1024":{"start":{"line":2185,"column":16},"end":{"line":2185,"column":50}},"1025":{"start":{"line":2190,"column":8},"end":{"line":2192,"column":9}},"1026":{"start":{"line":2191,"column":12},"end":{"line":2191,"column":85}},"1027":{"start":{"line":2191,"column":40},"end":{"line":2191,"column":83}},"1028":{"start":{"line":2194,"column":22},"end":{"line":2194,"column":35}},"1029":{"start":{"line":2195,"column":8},"end":{"line":2195,"column":53}},"1030":{"start":{"line":2197,"column":24},"end":{"line":2243,"column":10}},"1031":{"start":{"line":2198,"column":27},"end":{"line":2202,"column":13}},"1032":{"start":{"line":2203,"column":12},"end":{"line":2207,"column":13}},"1033":{"start":{"line":2204,"column":16},"end":{"line":2204,"column":53}},"1034":{"start":{"line":2205,"column":16},"end":{"line":2205,"column":74}},"1035":{"start":{"line":2206,"column":16},"end":{"line":2206,"column":47}},"1036":{"start":{"line":2210,"column":12},"end":{"line":2225,"column":13}},"1037":{"start":{"line":2213,"column":31},"end":{"line":2213,"column":50}},"1038":{"start":{"line":2215,"column":16},"end":{"line":2217,"column":17}},"1039":{"start":{"line":2216,"column":20},"end":{"line":2216,"column":94}},"1040":{"start":{"line":2218,"column":16},"end":{"line":2222,"column":19}},"1041":{"start":{"line":2220,"column":40},"end":{"line":2220,"column":97}},"1042":{"start":{"line":2221,"column":20},"end":{"line":2221,"column":58}},"1043":{"start":{"line":2224,"column":16},"end":{"line":2224,"column":44}},"1044":{"start":{"line":2228,"column":12},"end":{"line":2241,"column":13}},"1045":{"start":{"line":2229,"column":31},"end":{"line":2229,"column":50}},"1046":{"start":{"line":2230,"column":16},"end":{"line":2238,"column":17}},"1047":{"start":{"line":2231,"column":20},"end":{"line":2235,"column":23}},"1048":{"start":{"line":2233,"column":48},"end":{"line":2233,"column":92}},"1049":{"start":{"line":2234,"column":24},"end":{"line":2234,"column":99}},"1050":{"start":{"line":2237,"column":20},"end":{"line":2237,"column":47}},"1051":{"start":{"line":2240,"column":16},"end":{"line":2240,"column":43}},"1052":{"start":{"line":2242,"column":12},"end":{"line":2242,"column":26}},"1053":{"start":{"line":2245,"column":8},"end":{"line":2245,"column":37}},"1054":{"start":{"line":2246,"column":22},"end":{"line":2246,"column":34}},"1055":{"start":{"line":2250,"column":0},"end":{"line":2309,"column":3}},"1056":{"start":{"line":2251,"column":4},"end":{"line":2308,"column":36}},"1057":{"start":{"line":2252,"column":24},"end":{"line":2252,"column":52}},"1058":{"start":{"line":2253,"column":8},"end":{"line":2253,"column":86}},"1059":{"start":{"line":2253,"column":28},"end":{"line":2253,"column":86}},"1060":{"start":{"line":2254,"column":22},"end":{"line":2260,"column":10}},"1061":{"start":{"line":2262,"column":8},"end":{"line":2262,"column":78}},"1062":{"start":{"line":2262,"column":20},"end":{"line":2262,"column":78}},"1063":{"start":{"line":2265,"column":23},"end":{"line":2265,"column":27}},"1064":{"start":{"line":2266,"column":22},"end":{"line":2266,"column":70}},"1065":{"start":{"line":2267,"column":8},"end":{"line":2269,"column":9}},"1066":{"start":{"line":2268,"column":12},"end":{"line":2268,"column":129}},"1067":{"start":{"line":2268,"column":18},"end":{"line":2268,"column":57}},"1068":{"start":{"line":2268,"column":72},"end":{"line":2268,"column":127}},"1069":{"start":{"line":2271,"column":33},"end":{"line":2271,"column":93}},"1070":{"start":{"line":2272,"column":33},"end":{"line":2272,"column":91}},"1071":{"start":{"line":2274,"column":8},"end":{"line":2277,"column":9}},"1072":{"start":{"line":2275,"column":12},"end":{"line":2275,"column":82}},"1073":{"start":{"line":2275,"column":27},"end":{"line":2275,"column":82}},"1074":{"start":{"line":2276,"column":12},"end":{"line":2276,"column":108}},"1075":{"start":{"line":2276,"column":56},"end":{"line":2276,"column":108}},"1076":{"start":{"line":2279,"column":27},"end":{"line":2279,"column":115}},"1077":{"start":{"line":2279,"column":54},"end":{"line":2279,"column":113}},"1078":{"start":{"line":2281,"column":25},"end":{"line":2285,"column":9}},"1079":{"start":{"line":2287,"column":8},"end":{"line":2305,"column":9}},"1080":{"start":{"line":2288,"column":12},"end":{"line":2288,"column":61}},"1081":{"start":{"line":2289,"column":12},"end":{"line":2289,"column":55}},"1082":{"start":{"line":2290,"column":12},"end":{"line":2290,"column":80}},"1083":{"start":{"line":2291,"column":12},"end":{"line":2291,"column":49}},"1084":{"start":{"line":2292,"column":12},"end":{"line":2292,"column":115}},"1085":{"start":{"line":2292,"column":53},"end":{"line":2292,"column":112}},"1086":{"start":{"line":2294,"column":12},"end":{"line":2294,"column":53}},"1087":{"start":{"line":2296,"column":12},"end":{"line":2304,"column":13}},"1088":{"start":{"line":2297,"column":31},"end":{"line":2297,"column":50}},"1089":{"start":{"line":2298,"column":16},"end":{"line":2301,"column":19}},"1090":{"start":{"line":2299,"column":40},"end":{"line":2299,"column":97}},"1091":{"start":{"line":2300,"column":20},"end":{"line":2300,"column":58}},"1092":{"start":{"line":2303,"column":16},"end":{"line":2303,"column":46}},"1093":{"start":{"line":2307,"column":8},"end":{"line":2307,"column":27}},"1094":{"start":{"line":2308,"column":22},"end":{"line":2308,"column":34}},"1095":{"start":{"line":2312,"column":0},"end":{"line":2536,"column":3}},"1096":{"start":{"line":2313,"column":4},"end":{"line":2535,"column":36}},"1097":{"start":{"line":2314,"column":24},"end":{"line":2314,"column":52}},"1098":{"start":{"line":2315,"column":8},"end":{"line":2315,"column":87}},"1099":{"start":{"line":2315,"column":28}
[...]
ine":660,"column":85}},"157":{"start":{"line":660,"column":60},"end":{"line":660,"column":81}},"158":{"start":{"line":661,"column":28},"end":{"line":661,"column":90}},"159":{"start":{"line":661,"column":61},"end":{"line":661,"column":86}},"160":{"start":{"line":662,"column":32},"end":{"line":662,"column":90}},"161":{"start":{"line":664,"column":8},"end":{"line":672,"column":11}},"162":{"start":{"line":674,"column":8},"end":{"line":674,"column":20}},"163":{"start":{"line":678,"column":0},"end":{"line":686,"column":2}}},"fnMap":{"0":{"name":"(anonymous_0)","decl":{"start":{"line":6,"column":22},"end":{"line":6,"column":23}},"loc":{"start":{"line":6,"column":28},"end":{"line":17,"column":1}},"line":6},"1":{"name":"(anonymous_1)","decl":{"start":{"line":20,"column":24},"end":{"line":20,"column":25}},"loc":{"start":{"line":20,"column":50},"end":{"line":196,"column":1}},"line":20},"2":{"name":"(anonymous_2)","decl":{"start":{"line":83,"column":37},"end":{"line":83,"column":38}},"loc":{"start":{"line":83,"column":50},"end":{"line":83,"column":75}},"line":83},"3":{"name":"(anonymous_3)","decl":{"start":{"line":88,"column":20},"end":{"line":88,"column":21}},"loc":{"start":{"line":88,"column":26},"end":{"line":88,"column":104}},"line":88},"4":{"name":"(anonymous_4)","decl":{"start":{"line":89,"column":20},"end":{"line":89,"column":21}},"loc":{"start":{"line":89,"column":33},"end":{"line":89,"column":58}},"line":89},"5":{"name":"(anonymous_5)","decl":{"start":{"line":91,"column":20},"end":{"line":91,"column":21}},"loc":{"start":{"line":91,"column":26},"end":{"line":91,"column":106}},"line":91},"6":{"name":"(anonymous_6)","decl":{"start":{"line":92,"column":20},"end":{"line":92,"column":21}},"loc":{"start":{"line":92,"column":33},"end":{"line":92,"column":58}},"line":92},"7":{"name":"(anonymous_7)","decl":{"start":{"line":94,"column":20},"end":{"line":94,"column":21}},"loc":{"start":{"line":94,"column":26},"end":{"line":94,"column":107}},"line":94},"8":{"name":"(anonymous_8)","decl":{"start":{"line":95,"column":20},"end":{"line":95,"column":21}},"loc":{"start":{"line":95,"column":33},"end":{"line":95,"column":58}},"line":95},"9":{"name":"(anonymous_9)","decl":{"start":{"line":112,"column":45},"end":{"line":112,"column":46}},"loc":{"start":{"line":112,"column":51},"end":{"line":112,"column":73}},"line":112},"10":{"name":"(anonymous_10)","decl":{"start":{"line":113,"column":47},"end":{"line":113,"column":48}},"loc":{"start":{"line":113,"column":53},"end":{"line":113,"column":77}},"line":113},"11":{"name":"(anonymous_11)","decl":{"start":{"line":124,"column":49},"end":{"line":124,"column":50}},"loc":{"start":{"line":124,"column":55},"end":{"line":127,"column":13}},"line":124},"12":{"name":"(anonymous_12)","decl":{"start":{"line":137,"column":32},"end":{"line":137,"column":33}},"loc":{"start":{"line":137,"column":38},"end":{"line":140,"column":9}},"line":137},"13":{"name":"(anonymous_13)","decl":{"start":{"line":151,"column":25},"end":{"line":151,"column":26}},"loc":{"start":{"line":151,"column":41},"end":{"line":162,"column":13}},"line":151},"14":{"name":"(anonymous_14)","decl":{"start":{"line":199,"column":20},"end":{"line":199,"column":21}},"loc":{"start":{"line":199,"column":46},"end":{"line":315,"column":1}},"line":199},"15":{"name":"(anonymous_15)","decl":{"start":{"line":318,"column":25},"end":{"line":318,"column":26}},"loc":{"start":{"line":318,"column":51},"end":{"line":385,"column":1}},"line":318},"16":{"name":"(anonymous_16)","decl":{"start":{"line":353,"column":34},"end":{"line":353,"column":35}},"loc":{"start":{"line":353,"column":50},"end":{"line":365,"column":13}},"line":353},"17":{"name":"(anonymous_17)","decl":{"start":{"line":388,"column":32},"end":{"line":388,"column":33}},"loc":{"start":{"line":388,"column":58},"end":{"line":491,"column":1}},"line":388},"18":{"name":"(anonymous_18)","decl":{"start":{"line":494,"column":26},"end":{"line":494,"column":27}},"loc":{"start":{"line":494,"column":52},"end":{"line":555,"column":1}},"line":494},"19":{"name":"(anonymous_19)","decl":{"start":{"line":517,"column":42},"end":{"line":517,"column":43}},"loc":{"start":{"line":517,"column":52},"end":{"line":523,"column":9}},"line":517},"20":{"name":"(anonymous_20)","decl":{"start":{"line":527,"column":18},"end":{"line":527,"column":19}},"loc":{"start":{"line":527,"column":28},"end":{"line":527,"column":61}},"line":527},"21":{"name":"(anonymous_21)","decl":{"start":{"line":529,"column":17},"end":{"line":529,"column":18}},"loc":{"start":{"line":529,"column":27},"end":{"line":534,"column":13}},"line":529},"22":{"name":"(anonymous_22)","decl":{"start":{"line":537,"column":51},"end":{"line":537,"column":52}},"loc":{"start":{"line":537,"column":67},"end":{"line":537,"column":94}},"line":537},"23":{"name":"(anonymous_23)","decl":{"start":{"line":540,"column":51},"end":{"line":540,"column":52}},"loc":{"start":{"line":540,"column":67},"end":{"line":540,"column":91}},"line":540},"24":{"name":"(anonymous_24)","decl":{"start":{"line":558,"column":30},"end":{"line":558,"column":31}},"loc":{"start":{"line":558,"column":56},"end":{"line":625,"column":1}},"line":558},"25":{"name":"(anonymous_25)","decl":{"start":{"line":580,"column":46},"end":{"line":580,"column":47}},"loc":{"start":{"line":580,"column":56},"end":{"line":585,"column":9}},"line":580},"26":{"name":"(anonymous_26)","decl":{"start":{"line":589,"column":18},"end":{"line":589,"column":19}},"loc":{"start":{"line":589,"column":28},"end":{"line":589,"column":55}},"line":589},"27":{"name":"(anonymous_27)","decl":{"start":{"line":594,"column":41},"end":{"line":594,"column":42}},"loc":{"start":{"line":594,"column":46},"end":{"line":594,"column":68}},"line":594},"28":{"name":"(anonymous_28)","decl":{"start":{"line":595,"column":39},"end":{"line":595,"column":40}},"loc":{"start":{"line":595,"column":44},"end":{"line":595,"column":64}},"line":595},"29":{"name":"(anonymous_29)","decl":{"start":{"line":606,"column":69},"end":{"line":606,"column":70}},"loc":{"start":{"line":606,"column":82},"end":{"line":612,"column":9}},"line":606},"30":{"name":"(anonymous_30)","decl":{"start":{"line":628,"column":30},"end":{"line":628,"column":31}},"loc":{"start":{"line":628,"column":56},"end":{"line":676,"column":1}},"line":628},"31":{"name":"(anonymous_31)","decl":{"start":{"line":656,"column":34},"end":{"line":656,"column":35}},"loc":{"start":{"line":656,"column":47},"end":{"line":656,"column":68}},"line":656},"32":{"name":"(anonymous_32)","decl":{"start":{"line":660,"column":47},"end":{"line":660,"column":48}},"loc":{"start":{"line":660,"column":60},"end":{"line":660,"column":81}},"line":660},"33":{"name":"(anonymous_33)","decl":{"start":{"line":661,"column":48},"end":{"line":661,"column":49}},"loc":{"start":{"line":661,"column":61},"end":{"line":661,"column":86}},"line":661}},"branchMap":{"0":{"loc":{"start":{"line":82,"column":36},"end":{"line":84,"column":15}},"type":"cond-expr","locations":[{"start":{"line":83,"column":14},"end":{"line":83,"column":104}},{"start":{"line":84,"column":14},"end":{"line":84,"column":15}}],"line":82},"1":{"loc":{"start":{"line":88,"column":26},"end":{"line":88,"column":104}},"type":"binary-expr","locations":[{"start":{"line":88,"column":26},"end":{"line":88,"column":47}},{"start":{"line":88,"column":51},"end":{"line":88,"column":104}}],"line":88},"2":{"loc":{"start":{"line":91,"column":26},"end":{"line":91,"column":106}},"type":"binary-expr","locations":[{"start":{"line":91,"column":26},"end":{"line":91,"column":49}},{"start":{"line":91,"column":53},"end":{"line":91,"column":106}}],"line":91},"3":{"loc":{"start":{"line":94,"column":26},"end":{"line":94,"column":107}},"type":"binary-expr","locations":[{"start":{"line":94,"column":26},"end":{"line":94,"column":50}},{"start":{"line":94,"column":54},"end":{"line":94,"column":107}}],"line":94},"4":{"loc":{"start":{"line":106,"column":31},"end":{"line":108,"column":15}},"type":"cond-expr","locations":[{"start":{"line":107,"column":14},"end":{"line":107,"column":91}},{"start":{"line":108,"column":14},"end":{"line":108,"column":15}}],"line":106},"5":{"loc":{"start":{"line":126,"column":23},"end":{"line":126,"column":58}},"type":"binary-expr","locations":[{"start":{"line":126,"column":23},"end":{"line":126,"column":37}},{"start":{"line":126,"column":41},"end":{"line":126,"column":58}}],"line":126},"6":{"loc":{"start":{"line":158,"column":26},"end":{"line":158,"column":49}},"type":"binary-expr","locations":[{"start":{"line":158,"column":26},"end":{"line":158,"column":36}},{"start":{"line":158,"column":40},"end":{"line":158,"column":49}}],"line":158},"7":{"loc":{"start":{"line":159,"column":28},"end":{"line":159,"column":53}},"type":"binary-expr","locations":[{"start":{"line":159,"column":28},"end":{"line":159,"column":40}},{"start":{"line":159,"column":44},"end":{"line":159,"column":53}}],"line":159},"8":{"loc":{"start":{"line":286,"column":38},"end":{"line":286,"column":66}},"type":"binary-expr","locations":[{"start":{"line":286,"column":38},"end":{"line":286,"column":61}},{"start":{"line":286,"column":65},"end":{"line":286,"column":66}}],"line":286},"9":{"loc":{"start":{"line":289,"column":37},"end":{"line":289,"column":70}},"type":"binary-expr","locations":[{"start":{"line":289,"column":37},"end":{"line":289,"column":65}},{"start":{"line":289,"column":69},"end":{"line":289,"column":70}}],"line":289},"10":{"loc":{"start":{"line":290,"column":36},"end":{"line":290,"column":68}},"type":"binary-expr","locations":[{"start":{"line":290,"column":36},"end":{"line":290,"column":63}},{"start":{"line":290,"column":67},"end":{"line":290,"column":68}}],"line":290},"11":{"loc":{"start":{"line":291,"column":34},"end":{"line":291,"column":67}},"type":"binary-expr","locations":[{"start":{"line":291,"column":34},"end":{"line":291,"column":62}},{"start":{"line":291,"column":66},"end":{"line":291,"column":67}}],"line":291},"12":{"loc":{"start":{"line":291,"column":80},"end":{"line":291,"column":112}},"type":"binary-expr","locations":[{"start":{"line":291,"column":80},"end":{"line":291,"column":107}},{"start":{"line":291,"column":111},"end":{"line":291,"column":112}}],"line":291},"13":{"loc":{"start":{"line":294,"column":37},"end":{"line":294,"column":71}},"type":"binary-expr","locations":[{"start":{"line":294,"column":37},"end":{"line":294,"column":66}},{"start":{"line":294,"column":70},"end":{"line":294,"column":71}}],"line":294},"14":{"loc":{"start":{"line":295,"column":36},"end":{"line":295,"column":69}},"type":"binary-expr","locations":[{"start":{"line":295,"column":36},"end":{"line":295,"column":64}},{"start":{"line":295,"column":68},"end":{"line":295,"column":69}}],"line":295},"15":{"loc":{"start":{"line":296,"column":34},"end":{"line":296,"column":68}},"type":"binary-expr","locations":[{"start":{"line":296,"column":34},"end":{"line":296,"column":63}},{"start":{"line":296,"column":67},"end":{"line":296,"column":68}}],"line":296},"16":{"loc":{"start":{"line":296,"column":81},"end":{"line":296,"column":114}},"type":"binary-expr","locations":[{"start":{"line":296,"column":81},"end":{"line":296,"column":109}},{"start":{"line":296,"column":113},"end":{"line":296,"column":114}}],"line":296},"17":{"loc":{"start":{"line":360,"column":26},"end":{"line":360,"column":49}},"type":"binary-expr","locations":[{"start":{"line":360,"column":26},"end":{"line":360,"column":36}},{"start":{"line":360,"column":40},"end":{"line":360,"column":49}}],"line":360},"18":{"loc":{"start":{"line":361,"column":28},"end":{"line":361,"column":53}},"type":"binary-expr","locations":[{"start":{"line":361,"column":28},"end":{"line":361,"column":40}},{"start":{"line":361,"column":44},"end":{"line":361,"column":53}}],"line":361},"19":{"loc":{"start":{"line":362,"column":28},"end":{"line":362,"column":45}},"type":"binary-expr","locations":[{"start":{"line":362,"column":28},"end":{"line":362,"column":40}},{"start":{"line":362,"column":44},"end":{"line":362,"column":45}}],"line":362},"20":{"loc":{"start":{"line":465,"column":33},"end":{"line":465,"column":56}},"type":"binary-expr","locations":[{"start":{"line":465,"column":33},"end":{"line":465,"column":51}},{"start":{"line":465,"column":55},"end":{"line":465,"column":56}}],"line":465},"21":{"loc":{"start":{"line":466,"column":32},"end":{"line":466,"column":54}},"type":"binary-expr","locations":[{"start":{"line":466,"column":32},"end":{"line":466,"column":49}},{"start":{"line":466,"column":53},"end":{"line":466,"column":54}}],"line":466},"22":{"loc":{"start":{"line":483,"column":57},"end":{"line":483,"column":83}},"type":"binary-expr","locations":[{"start":{"line":483,"column":57},"end":{"line":483,"column":78}},{"start":{"line":483,"column":82},"end":{"line":483,"column":83}}],"line":483},"23":{"loc":{"start":{"line":486,"column":40},"end":{"line":486,"column":74}},"type":"binary-expr","locations":[{"start":{"line":486,"column":40},"end":{"line":486,"column":69}},{"start":{"line":486,"column":73},"end":{"line":486,"column":74}}],"line":486},"24":{"loc":{"start":{"line":522,"column":28},"end":{"line":522,"column":107}},"type":"cond-expr","locations":[{"start":{"line":522,"column":45},"end":{"line":522,"column":100}},{"start":{"line":522,"column":103},"end":{"line":522,"column":107}}],"line":522},"25":{"loc":{"start":{"line":608,"column":12},"end":{"line":610,"column":13}},"type":"if","locations":[{"start":{"line":608,"column":12},"end":{"line":610,"column":13}},{"start":{},"end":{}}],"line":608},"26":{"loc":{"start":{"line":655,"column":28},"end":{"line":657,"column":15}},"type":"cond-expr","locations":[{"start":{"line":656,"column":14},"end":{"line":656,"column":94}},{"start":{"line":657,"column":14},"end":{"line":657,"column":15}}],"line":655},"27":{"loc":{"start":{"line":656,"column":54},"end":{"line":656,"column":67}},"type":"binary-expr","locations":[{"start":{"line":656,"column":54},"end":{"line":656,"column":62}},{"start":{"line":656,"column":66},"end":{"line":656,"column":67}}],"line":656},"28":{"loc":{"start":{"line":660,"column":67},"end":{"line":660,"column":80}},"type":"binary-expr","locations":[{"start":{"line":660,"column":67},"end":{"line":660,"column":75}},{"start":{"line":660,"column":79},"end":{"line":660,"column":80}}],"line":660},"29":{"loc":{"start":{"line":662,"column":32},"end":{"line":662,"column":90}},"type":"cond-expr","locations":[{"start":{"line":662,"column":49},"end":{"line":662,"column":86}},{"start":{"line":662,"column":89},"end":{"line":662,"column":90}}],"line":662},"30":{"loc":{"start":{"line":666,"column":22},"end":{"line":666,"column":52}},"type":"binary-expr","locations":[{"start":{"line":666,"column":22},"end":{"line":666,"column":47}},{"start":{"line":666,"column":51},"end":{"line":666,"column":52}}],"line":666},"31":{"loc":{"start":{"line":667,"column":23},"end":{"line":667,"column":54}},"type":"binary-expr","locations":[{"start":{"line":667,"column":23},"end":{"line":667,"column":49}},{"start":{"line":667,"column":53},"end":{"line":667,"column":54}}],"line":667}},"s":{"0":4,"1":4,"2":4,"3":0,"4":0,"5":0,"6":0,"7":0,"8":0,"9":0,"10":0,"11":0,"12":4,"13":0,"14":0,"15":0,"16":0,"17":0,"18":0,"19":0,"20":0,"21":0,"22":0,"23":0,"24":0,"25":0,"26":0,"27":0,"28":0,"29":0,"30":0,"31":0,"32":0,"33":0,"34":0,"35":0,"36":0,"37":0,"38":0,"39":0,"40":0,"41":0,"42":0,"43":0,"44":0,"45":0,"46":0,"47":0,"48":0,"49":0,"50":0,"51":0,"52":0,"53":0,"54":0,"55":4,"56":0,"57":0,"58":0,"59":0,"60":0,"61":0,"62":0,"63":0,"64":0,"65":0,"66":0,"67":0,"68":0,"69":0,"70":0,"71":0,"72":0,"73":0,"74":0,"75":4,"76":0,"77":0,"78":0,"79":0,"80":0,"81":0,"82":0,"83":0,"84":0,"85":0,"86":4,"87":0,"88":0,"89":0,"90":0,"91":0,"92":0,"93":0,"94":0,"95":0,"96":0,"97":0,"98":0,"99":0,"100":0,"101":0,"102":0,"103":0,"104":0,"105":0,"106":0,"107":0,"108":0,"109":0,"110":0,"111":0,"112":0,"113":0,"114":4,"115":0,"116":0,"117":0,"118":0,"119":0,"120":0,"121":0,"122":0,"123":0,"124":0,"125":0,"126":0,"127":0,"128":0,"129":0,"130":0,"131":4,"132":0,"133":0,"134":0,"135":0,"136":0,"137":0,"138":0,"139":0,"140":0,"141":0,"142":0,"143":0,"144":0,"145":0,"146":0,"147":0,"148":0,"149":0,"150":4,"151":0,"152":0,"153":0,"154":0,"155":0,"156":0,"157":0,"158":0,"159":0,"160":0,"161":0,"162":0,"163":4},"f":{"0":0,"1":0,"2":0,"3":0,"4":0,"5":0,"6":0,"7":0,"8":0,"9":0,"10":0,"11":0,"12":0,"13":0,"14":0,"15":0,"16":0,"17":0,"18":0,"19":0,"20":0,"21":0,"22":0,"23":0,"24":0,"25":0,"26":0,"27":0,"28":0,"29":0,"30":0,"31":0,"32":0,"33":0},"b":{"0":[0,0],"1":[0,0],"2":[0,0],"3":[0,0],"4":[0,0],"5":[0,0],"6":[0,0],"7":[0,0],"8":[0,0],"9":[0,0],"10":[0,0],"11":[0,0],"12":[0,0],"13":[0,0],"14":[0,0],"15":[0,0],"16":[0,0],"17":[0,0],"18":[0,0],"19":[0,0],"20":[0,0],"21":[0,0],"22":[0,0],"23":[0,0],"24":[0,0],"25":[0,0],"26":[0,0],"27":[0,0],"28":[0,0],"29":[0,0],"30":[0,0],"31":[0,0]},"_coverageSchema":"1a1c01bbd47fc00a2c39e90264f33305004495a9","hash":"b28d308724d3505b338a605b21679c626e706a21"}
,"E:\\UTSC\\309\\309-final-project\\backend\\tests\\helpers.js": {"path":"E:\\UTSC\\309\\309-final-project\\backend\\tests\\helpers.js","statementMap":{"0":{"start":{"line":1,"column":12},"end":{"line":1,"column":35}},"1":{"start":{"line":2,"column":15},"end":{"line":2,"column":32}},"2":{"start":{"line":3,"column":19},"end":{"line":3,"column":38}},"3":{"start":{"line":5,"column":23},"end":{"line":30,"column":1}},"4":{"start":{"line":6,"column":25},"end":{"line":6,"column":81}},"5":{"start":{"line":7,"column":25},"end":{"line":7,"column":88}},"6":{"start":{"line":8,"column":18},"end":{"line":8,"column":52}},"7":{"start":{"line":9,"column":21},"end":{"line":9,"column":35}},"8":{"start":{"line":10,"column":27},"end":{"line":10,"column":58}},"9":{"start":{"line":12,"column":17},"end":{"line":21,"column":6}},"10":{"start":{"line":23,"column":18},"end":{"line":27,"column":5}},"11":{"start":{"line":29,"column":4},"end":{"line":29,"column":37}},"12":{"start":{"line":32,"column":22},"end":{"line":48,"column":1}},"13":{"start":{"line":33,"column":4},"end":{"line":47,"column":5}},"14":{"start":{"line":34,"column":8},"end":{"line":34,"column":69}},"15":{"start":{"line":36,"column":27},"end":{"line":38,"column":9}},"16":{"start":{"line":40,"column":8},"end":{"line":42,"column":9}},"17":{"start":{"line":41,"column":12},"end":{"line":41,"column":69}},"18":{"start":{"line":44,"column":8},"end":{"line":44,"column":68}},"19":{"start":{"line":46,"column":8},"end":{"line":46,"column":57}},"20":{"start":{"line":50,"column":0},"end":{"line":53,"column":2}}},"fnMap":{"0":{"name":"(anonymous_0)","decl":{"start":{"line":5,"column":23},"end":{"line":5,"column":24}},"loc":{"start":{"line":5,"column":66},"end":{"line":30,"column":1}},"line":5},"1":{"name":"(anonymous_1)","decl":{"start":{"line":32,"column":22},"end":{"line":32,"column":23}},"loc":{"start":{"line":32,"column":34},"end":{"line":48,"column":1}},"line":32}},"branchMap":{"0":{"loc":{"start":{"line":5,"column":30},"end":{"line":5,"column":46}},"type":"default-arg","locations":[{"start":{"line":5,"column":37},"end":{"line":5,"column":46}}],"line":5},"1":{"loc":{"start":{"line":5,"column":48},"end":{"line":5,"column":61}},"type":"default-arg","locations":[{"start":{"line":5,"column":57},"end":{"line":5,"column":61}}],"line":5},"2":{"loc":{"start":{"line":7,"column":25},"end":{"line":7,"column":88}},"type":"binary-expr","locations":[{"start":{"line":7,"column":25},"end":{"line":7,"column":31}},{"start":{"line":7,"column":35},"end":{"line":7,"column":88}}],"line":7},"3":{"loc":{"start":{"line":25,"column":8},"end":{"line":25,"column":47}},"type":"binary-expr","locations":[{"start":{"line":25,"column":8},"end":{"line":25,"column":30}},{"start":{"line":25,"column":34},"end":{"line":25,"column":47}}],"line":25}},"s":{"0":4,"1":4,"2":4,"3":4,"4":21,"5":21,"6":21,"7":21,"8":21,"9":21,"10":21,"11":21,"12":4,"13":13,"14":13,"15":13,"16":13,"17":104,"18":13,"19":0,"20":4},"f":{"0":21,"1":13},"b":{"0":[1],"1":[21],"2":[21,21],"3":[21,0]},"_coverageSchema":"1a1c01bbd47fc00a2c39e90264f33305004495a9","hash":"e6fac63c96391c0e3bddde684cf89d5ad7ef4898"}
}
