TN:
SF:index.js
FN:30,(anonymous_0)
FN:85,(anonymous_1)
FN:99,(anonymous_2)
FN:111,(anonymous_3)
FN:125,(anonymous_4)
FN:129,(anonymous_5)
FNF:6
FNH:1
FNDA:62,(anonymous_0)
FNDA:0,(anonymous_1)
FNDA:0,(anonymous_2)
FNDA:0,(anonymous_3)
FNDA:0,(anonymous_4)
FNDA:0,(anonymous_5)
DA:5,6
DA:7,6
DA:8,6
DA:9,6
DA:10,6
DA:11,6
DA:13,6
DA:14,6
DA:17,6
DA:18,6
DA:19,0
DA:20,0
DA:24,6
DA:29,6
DA:31,62
DA:32,0
DA:33,0
DA:35,0
DA:40,6
DA:41,6
DA:42,6
DA:43,6
DA:50,6
DA:51,6
DA:52,6
DA:53,6
DA:54,6
DA:55,6
DA:56,6
DA:60,6
DA:61,6
DA:62,6
DA:63,6
DA:64,6
DA:67,6
DA:68,6
DA:69,6
DA:70,6
DA:71,6
DA:72,6
DA:73,6
DA:74,6
DA:77,6
DA:78,6
DA:79,6
DA:85,6
DA:86,0
DA:88,0
DA:89,0
DA:92,0
DA:93,0
DA:96,0
DA:99,6
DA:100,0
DA:108,6
DA:110,6
DA:111,0
DA:112,0
DA:113,0
DA:114,0
DA:115,0
DA:117,0
DA:118,0
DA:119,0
DA:120,0
DA:122,0
DA:125,0
DA:126,0
DA:129,0
DA:130,0
DA:131,0
LF:71
LH:44
BRDA:18,0,0,0
BRDA:18,0,1,6
BRDA:31,1,0,62
BRDA:31,1,1,0
BRDA:32,2,0,0
BRDA:32,2,1,0
BRDA:32,3,0,0
BRDA:32,3,1,0
BRDA:88,4,0,0
BRDA:88,4,1,0
BRDA:92,5,0,0
BRDA:92,5,1,0
BRDA:110,6,0,0
BRDA:110,6,1,6
BRDA:113,7,0,0
BRDA:113,7,1,0
BRDA:118,8,0,0
BRDA:118,8,1,0
BRF:18
BRH:3
end_of_record
TN:
SF:middleware\index.js
FN:19,(anonymous_0)
FN:26,(anonymous_1)
FN:33,(anonymous_2)
FN:42,(anonymous_3)
FN:46,(anonymous_4)
FN:53,(anonymous_5)
FN:90,(anonymous_6)
FN:158,(anonymous_7)
FN:169,(anonymous_8)
FN:180,(anonymous_9)
FN:202,(anonymous_10)
FN:220,(anonymous_11)
FN:223,(anonymous_12)
FN:241,(anonymous_13)
FN:245,(anonymous_14)
FN:249,(anonymous_15)
FN:253,(anonymous_16)
FN:257,(anonymous_17)
FN:261,(anonymous_18)
FN:265,(anonymous_19)
FN:288,(anonymous_20)
FN:292,(anonymous_21)
FN:295,(anonymous_22)
FN:315,(anonymous_23)
FN:327,(anonymous_24)
FN:338,(anonymous_25)
FN:351,(anonymous_26)
FN:376,(anonymous_27)
FN:380,(anonymous_28)
FN:384,(anonymous_29)
FN:395,(anonymous_30)
FN:399,(anonymous_31)
FN:403,(anonymous_32)
FN:407,(anonymous_33)
FN:421,(anonymous_34)
FN:439,(anonymous_35)
FN:444,(anonymous_36)
FN:452,(anonymous_37)
FN:461,(anonymous_38)
FN:472,(anonymous_39)
FN:475,(anonymous_40)
FN:491,(anonymous_41)
FN:502,(anonymous_42)
FN:502,(anonymous_43)
FN:515,(anonymous_44)
FN:522,(anonymous_45)
FN:522,(anonymous_46)
FN:535,(anonymous_47)
FN:540,(anonymous_48)
FN:552,(anonymous_49)
FN:553,(anonymous_50)
FN:586,(anonymous_51)
FNF:52
FNH:45
FNDA:1,(anonymous_0)
FNDA:58,(anonymous_1)
FNDA:0,(anonymous_2)
FNDA:1,(anonymous_3)
FNDA:1,(anonymous_4)
FNDA:1,(anonymous_5)
FNDA:1,(anonymous_6)
FNDA:4,(anonymous_7)
FNDA:4,(anonymous_8)
FNDA:4,(anonymous_9)
FNDA:4,(anonymous_10)
FNDA:6,(anonymous_11)
FNDA:1,(anonymous_12)
FNDA:3,(anonymous_13)
FNDA:3,(anonymous_14)
FNDA:3,(anonymous_15)
FNDA:3,(anonymous_16)
FNDA:3,(anonymous_17)
FNDA:3,(anonymous_18)
FNDA:3,(anonymous_19)
FNDA:3,(anonymous_20)
FNDA:3,(anonymous_21)
FNDA:0,(anonymous_22)
FNDA:6,(anonymous_23)
FNDA:6,(anonymous_24)
FNDA:6,(anonymous_25)
FNDA:6,(anonymous_26)
FNDA:1,(anonymous_27)
FNDA:1,(anonymous_28)
FNDA:1,(anonymous_29)
FNDA:1,(anonymous_30)
FNDA:1,(anonymous_31)
FNDA:1,(anonymous_32)
FNDA:1,(anonymous_33)
FNDA:1,(anonymous_34)
FNDA:0,(anonymous_35)
FNDA:0,(anonymous_36)
FNDA:0,(anonymous_37)
FNDA:0,(anonymous_38)
FNDA:210,(anonymous_39)
FNDA:49,(anonymous_40)
FNDA:4,(anonymous_41)
FNDA:42,(anonymous_42)
FNDA:14,(anonymous_43)
FNDA:6,(anonymous_44)
FNDA:42,(anonymous_45)
FNDA:9,(anonymous_46)
FNDA:8,(anonymous_47)
FNDA:3,(anonymous_48)
FNDA:0,(anonymous_49)
FNDA:1,(anonymous_50)
FNDA:4,(anonymous_51)
DA:1,6
DA:2,6
DA:3,6
DA:4,6
DA:5,6
DA:6,6
DA:8,6
DA:11,6
DA:12,6
DA:13,0
DA:14,0
DA:18,6
DA:20,1
DA:21,1
DA:22,1
DA:23,1
DA:24,1
DA:27,58
DA:28,58
DA:30,0
DA:34,0
DA:35,0
DA:36,0
DA:37,0
DA:42,6
DA:43,1
DA:46,6
DA:47,1
DA:50,6
DA:52,6
DA:54,1
DA:55,1
DA:57,1
DA:58,0
DA:59,0
DA:60,0
DA:61,0
DA:62,0
DA:63,0
DA:64,0
DA:67,1
DA:68,1
DA:73,1
DA:83,1
DA:84,1
DA:86,0
DA:87,0
DA:91,1
DA:92,1
DA:94,1
DA:95,0
DA:96,0
DA:97,0
DA:98,0
DA:99,0
DA:100,0
DA:101,0
DA:102,0
DA:105,1
DA:106,1
DA:112,1
DA:122,1
DA:123,1
DA:125,0
DA:126,0
DA:132,6
DA:133,6
DA:134,6
DA:135,6
DA:138,6
DA:159,4
DA:160,3
DA:161,0
DA:162,0
DA:164,3
DA:170,4
DA:171,1
DA:172,0
DA:173,0
DA:175,1
DA:181,4
DA:182,1
DA:183,0
DA:184,0
DA:185,0
DA:186,0
DA:187,0
DA:189,0
DA:191,1
DA:192,1
DA:193,1
DA:195,0
DA:197,0
DA:203,4
DA:204,3
DA:205,0
DA:221,6
DA:222,1
DA:223,1
DA:224,1
DA:225,0
DA:226,0
DA:228,1
DA:229,1
DA:231,0
DA:234,0
DA:241,3
DA:245,3
DA:249,3
DA:253,3
DA:257,3
DA:261,3
DA:266,3
DA:267,0
DA:268,0
DA:269,0
DA:270,0
DA:271,0
DA:272,0
DA:274,0
DA:276,0
DA:277,0
DA:278,0
DA:279,0
DA:281,0
DA:283,0
DA:288,3
DA:293,3
DA:294,0
DA:295,0
DA:296,0
DA:297,0
DA:298,0
DA:300,0
DA:301,0
DA:303,0
DA:306,0
DA:316,6
DA:317,6
DA:318,6
DA:320,0
DA:328,6
DA:329,0
DA:330,0
DA:331,0
DA:333,0
DA:339,6
DA:340,6
DA:341,0
DA:342,0
DA:343,0
DA:345,6
DA:346,6
DA:352,6
DA:353,0
DA:354,0
DA:355,0
DA:356,0
DA:357,0
DA:358,0
DA:360,0
DA:362,0
DA:363,0
DA:364,0
DA:365,0
DA:367,0
DA:369,0
DA:376,1
DA:380,1
DA:385,1
DA:386,0
DA:387,0
DA:388,0
DA:390,0
DA:395,1
DA:399,1
DA:403,1
DA:408,1
DA:409,0
DA:410,0
DA:411,0
DA:412,0
DA:413,0
DA:414,0
DA:416,0
DA:422,1
DA:423,0
DA:424,0
DA:425,0
DA:426,0
DA:427,0
DA:428,0
DA:430,0
DA:438,6
DA:440,0
DA:441,0
DA:442,0
DA:445,0
DA:446,0
DA:449,6
DA:453,0
DA:454,0
DA:455,0
DA:456,0
DA:461,6
DA:462,0
DA:463,0
DA:464,0
DA:465,0
DA:466,0
DA:468,0
DA:472,6
DA:473,210
DA:474,210
DA:475,210
DA:476,49
DA:477,49
DA:479,49
DA:480,49
DA:481,49
DA:482,2
DA:484,47
DA:486,0
DA:491,6
DA:492,4
DA:493,4
DA:494,4
DA:495,0
DA:497,0
DA:499,4
DA:502,42
DA:503,14
DA:504,14
DA:505,14
DA:506,14
DA:508,0
DA:509,0
DA:511,0
DA:515,6
DA:516,6
DA:517,0
DA:518,0
DA:519,0
DA:522,42
DA:523,9
DA:524,9
DA:525,9
DA:527,0
DA:528,0
DA:530,0
DA:535,6
DA:536,8
DA:540,6
DA:541,3
DA:542,3
DA:544,3
DA:545,3
DA:551,3
DA:552,1
DA:553,1
DA:554,1
DA:557,2
DA:558,2
DA:560,2
DA:561,0
DA:564,2
DA:565,0
DA:568,0
DA:569,0
DA:573,2
DA:574,1
DA:577,1
DA:578,1
DA:582,1
DA:586,6
DA:587,4
DA:590,4
DA:593,6
LF:278
LH:143
BRDA:12,0,0,0
BRDA:12,0,1,6
BRDA:34,1,0,0
BRDA:34,1,1,0
BRDA:36,2,0,0
BRDA:36,2,1,0
BRDA:36,3,0,0
BRDA:36,3,1,0
BRDA:43,4,0,1
BRDA:43,4,1,1
BRDA:43,4,2,1
BRDA:43,4,3,1
BRDA:47,5,0,1
BRDA:47,5,1,1
BRDA:47,5,2,1
BRDA:47,5,3,1
BRDA:54,6,0,1
BRDA:54,6,1,1
BRDA:57,7,0,0
BRDA:57,7,1,1
BRDA:91,8,0,1
BRDA:91,8,1,1
BRDA:94,9,0,0
BRDA:94,9,1,1
BRDA:159,10,0,1
BRDA:159,10,1,3
BRDA:159,11,0,4
BRDA:159,11,1,3
BRDA:160,12,0,0
BRDA:160,12,1,3
BRDA:162,13,0,0
BRDA:162,13,1,0
BRDA:170,14,0,3
BRDA:170,14,1,1
BRDA:170,15,0,4
BRDA:170,15,1,1
BRDA:171,16,0,0
BRDA:171,16,1,1
BRDA:173,17,0,0
BRDA:173,17,1,0
BRDA:181,18,0,3
BRDA:181,18,1,1
BRDA:181,19,0,4
BRDA:181,19,1,1
BRDA:182,20,0,0
BRDA:182,20,1,1
BRDA:184,21,0,0
BRDA:184,21,1,0
BRDA:186,22,0,0
BRDA:186,22,1,0
BRDA:186,23,0,0
BRDA:186,23,1,0
BRDA:191,24,0,1
BRDA:191,24,1,0
BRDA:192,25,0,1
BRDA:192,25,1,0
BRDA:192,26,0,1
BRDA:192,26,1,1
BRDA:203,27,0,1
BRDA:203,27,1,3
BRDA:203,28,0,4
BRDA:203,28,1,4
BRDA:204,29,0,3
BRDA:204,29,1,0
BRDA:221,30,0,5
BRDA:221,30,1,1
BRDA:221,31,0,6
BRDA:221,31,1,1
BRDA:222,32,0,1
BRDA:222,32,1,0
BRDA:224,33,0,0
BRDA:224,33,1,1
BRDA:226,34,0,0
BRDA:226,34,1,0
BRDA:226,35,0,0
BRDA:226,35,1,0
BRDA:228,36,0,1
BRDA:228,36,1,0
BRDA:229,37,0,1
BRDA:229,37,1,0
BRDA:229,38,0,1
BRDA:229,38,1,1
BRDA:241,39,0,0
BRDA:241,39,1,3
BRDA:245,40,0,0
BRDA:245,40,1,3
BRDA:249,41,0,0
BRDA:249,41,1,3
BRDA:253,42,0,0
BRDA:253,42,1,3
BRDA:257,43,0,0
BRDA:257,43,1,3
BRDA:261,44,0,0
BRDA:261,44,1,3
BRDA:266,45,0,3
BRDA:266,45,1,0
BRDA:266,46,0,3
BRDA:266,46,1,0
BRDA:267,47,0,0
BRDA:267,47,1,0
BRDA:270,48,0,0
BRDA:270,48,1,0
BRDA:270,49,0,0
BRDA:270,49,1,0
BRDA:272,50,0,0
BRDA:272,50,1,0
BRDA:276,51,0,0
BRDA:276,51,1,0
BRDA:277,52,0,0
BRDA:277,52,1,0
BRDA:277,53,0,0
BRDA:277,53,1,0
BRDA:279,54,0,0
BRDA:279,54,1,0
BRDA:288,55,0,0
BRDA:288,55,1,3
BRDA:293,56,0,3
BRDA:293,56,1,0
BRDA:293,57,0,3
BRDA:293,57,1,0
BRDA:294,58,0,0
BRDA:294,58,1,0
BRDA:296,59,0,0
BRDA:296,59,1,0
BRDA:298,60,0,0
BRDA:298,60,1,0
BRDA:298,61,0,0
BRDA:298,61,1,0
BRDA:300,62,0,0
BRDA:300,62,1,0
BRDA:301,63,0,0
BRDA:301,63,1,0
BRDA:301,64,0,0
BRDA:301,64,1,0
BRDA:316,65,0,6
BRDA:316,65,1,0
BRDA:317,66,0,0
BRDA:317,66,1,6
BRDA:317,67,0,6
BRDA:317,67,1,6
BRDA:318,68,0,6
BRDA:318,68,1,0
BRDA:328,69,0,6
BRDA:328,69,1,0
BRDA:328,70,0,6
BRDA:328,70,1,0
BRDA:329,71,0,0
BRDA:329,71,1,0
BRDA:331,72,0,0
BRDA:331,72,1,0
BRDA:339,73,0,0
BRDA:339,73,1,6
BRDA:339,74,0,6
BRDA:339,74,1,6
BRDA:340,75,0,0
BRDA:340,75,1,6
BRDA:342,76,0,0
BRDA:342,76,1,0
BRDA:343,77,0,0
BRDA:343,77,1,0
BRDA:345,78,0,0
BRDA:345,78,1,6
BRDA:352,79,0,6
BRDA:352,79,1,0
BRDA:352,80,0,6
BRDA:352,80,1,0
BRDA:353,81,0,0
BRDA:353,81,1,0
BRDA:356,82,0,0
BRDA:356,82,1,0
BRDA:356,83,0,0
BRDA:356,83,1,0
BRDA:358,84,0,0
BRDA:358,84,1,0
BRDA:362,85,0,0
BRDA:362,85,1,0
BRDA:363,86,0,0
BRDA:363,86,1,0
BRDA:363,87,0,0
BRDA:363,87,1,0
BRDA:365,88,0,0
BRDA:365,88,1,0
BRDA:376,89,0,0
BRDA:376,89,1,1
BRDA:376,90,0,1
BRDA:376,90,1,1
BRDA:380,91,0,1
BRDA:380,91,1,0
BRDA:380,92,0,1
BRDA:380,92,1,1
BRDA:385,93,0,1
BRDA:385,93,1,0
BRDA:385,94,0,1
BRDA:385,94,1,1
BRDA:386,95,0,0
BRDA:386,95,1,0
BRDA:387,96,0,0
BRDA:387,96,1,0
BRDA:387,97,0,0
BRDA:387,97,1,0
BRDA:388,98,0,0
BRDA:388,98,1,0
BRDA:395,99,0,1
BRDA:395,99,1,0
BRDA:395,100,0,1
BRDA:395,100,1,1
BRDA:399,101,0,1
BRDA:399,101,1,0
BRDA:399,102,0,1
BRDA:399,102,1,1
BRDA:403,103,0,1
BRDA:403,103,1,0
BRDA:403,104,0,1
BRDA:403,104,1,1
BRDA:408,105,0,1
BRDA:408,105,1,0
BRDA:409,106,0,0
BRDA:409,106,1,0
BRDA:409,107,0,0
BRDA:409,107,1,0
BRDA:410,108,0,0
BRDA:410,108,1,0
BRDA:410,109,0,0
BRDA:410,109,1,0
BRDA:411,110,0,0
BRDA:411,110,1,0
BRDA:413,111,0,0
BRDA:413,111,1,0
BRDA:414,112,0,0
BRDA:414,112,1,0
BRDA:422,113,0,1
BRDA:422,113,1,0
BRDA:423,114,0,0
BRDA:423,114,1,0
BRDA:423,115,0,0
BRDA:423,115,1,0
BRDA:424,116,0,0
BRDA:424,116,1,0
BRDA:424,117,0,0
BRDA:424,117,1,0
BRDA:425,118,0,0
BRDA:425,118,1,0
BRDA:427,119,0,0
BRDA:427,119,1,0
BRDA:428,120,0,0
BRDA:428,120,1,0
BRDA:441,121,0,0
BRDA:441,121,1,0
BRDA:456,122,0,0
BRDA:456,122,1,0
BRDA:456,123,0,0
BRDA:456,123,1,0
BRDA:456,124,0,0
BRDA:456,124,1,0
BRDA:463,125,0,0
BRDA:463,125,1,0
BRDA:477,126,0,0
BRDA:477,126,1,49
BRDA:481,127,0,2
BRDA:481,127,1,47
BRDA:493,128,0,4
BRDA:493,128,1,0
BRDA:504,129,0,14
BRDA:504,129,1,0
BRDA:504,130,0,14
BRDA:504,130,1,14
BRDA:508,131,0,0
BRDA:508,131,1,0
BRDA:516,132,0,6
BRDA:516,132,1,0
BRDA:517,133,0,0
BRDA:517,133,1,0
BRDA:517,134,0,0
BRDA:517,134,1,0
BRDA:517,134,2,0
BRDA:518,135,0,0
BRDA:518,135,1,0
BRDA:518,136,0,0
BRDA:518,136,1,0
BRDA:518,136,2,0
BRDA:527,137,0,0
BRDA:527,137,1,0
BRDA:536,138,0,8
BRDA:536,138,1,8
BRDA:540,139,0,0
BRDA:544,140,0,3
BRDA:544,140,1,0
BRDA:551,141,0,1
BRDA:551,141,1,2
BRDA:560,142,0,0
BRDA:560,142,1,2
BRDA:560,143,0,2
BRDA:560,143,1,2
BRDA:564,144,0,0
BRDA:564,144,1,2
BRDA:564,145,0,2
BRDA:564,145,1,2
BRDA:568,146,0,0
BRDA:568,146,1,0
BRDA:568,147,0,0
BRDA:568,147,1,0
BRDA:573,148,0,1
BRDA:573,148,1,1
BRDA:573,149,0,2
BRDA:573,149,1,1
BRDA:577,150,0,1
BRDA:577,150,1,0
BRDA:578,151,0,0
BRDA:578,151,1,1
BRF:309
BRH:119
end_of_record
TN:
SF:routes\analytics.js
FN:5,(anonymous_0)
FN:19,(anonymous_1)
FN:82,(anonymous_2)
FN:87,(anonymous_3)
FN:88,(anonymous_4)
FN:90,(anonymous_5)
FN:91,(anonymous_6)
FN:93,(anonymous_7)
FN:94,(anonymous_8)
FN:111,(anonymous_9)
FN:112,(anonymous_10)
FN:123,(anonymous_11)
FN:136,(anonymous_12)
FN:150,(anonymous_13)
FN:198,(anonymous_14)
FN:344,(anonymous_15)
FN:379,(anonymous_16)
FN:414,(anonymous_17)
FN:530,(anonymous_18)
FN:553,(anonymous_19)
FN:563,(anonymous_20)
FN:565,(anonymous_21)
FN:573,(anonymous_22)
FN:576,(anonymous_23)
FN:594,(anonymous_24)
FN:616,(anonymous_25)
FN:625,(anonymous_26)
FN:630,(anonymous_27)
FN:631,(anonymous_28)
FN:642,(anonymous_29)
FN:664,(anonymous_30)
FN:692,(anonymous_31)
FN:696,(anonymous_32)
FN:697,(anonymous_33)
FNF:34
FNH:30
FNDA:5,(anonymous_0)
FNDA:1,(anonymous_1)
FNDA:1,(anonymous_2)
FNDA:1,(anonymous_3)
FNDA:1,(anonymous_4)
FNDA:1,(anonymous_5)
FNDA:1,(anonymous_6)
FNDA:1,(anonymous_7)
FNDA:1,(anonymous_8)
FNDA:1,(anonymous_9)
FNDA:1,(anonymous_10)
FNDA:7,(anonymous_11)
FNDA:1,(anonymous_12)
FNDA:1,(anonymous_13)
FNDA:1,(anonymous_14)
FNDA:1,(anonymous_15)
FNDA:0,(anonymous_16)
FNDA:1,(anonymous_17)
FNDA:1,(anonymous_18)
FNDA:1,(anonymous_19)
FNDA:0,(anonymous_20)
FNDA:1,(anonymous_21)
FNDA:1,(anonymous_22)
FNDA:1,(anonymous_23)
FNDA:1,(anonymous_24)
FNDA:1,(anonymous_25)
FNDA:0,(anonymous_26)
FNDA:1,(anonymous_27)
FNDA:1,(anonymous_28)
FNDA:0,(anonymous_29)
FNDA:1,(anonymous_30)
FNDA:1,(anonymous_31)
FNDA:1,(anonymous_32)
FNDA:1,(anonymous_33)
DA:2,6
DA:5,6
DA:6,5
DA:7,5
DA:8,5
DA:9,5
DA:10,5
DA:11,5
DA:12,5
DA:13,5
DA:15,5
DA:19,6
DA:20,1
DA:21,1
DA:22,1
DA:25,1
DA:42,1
DA:67,1
DA:81,1
DA:82,1
DA:86,1
DA:87,1
DA:88,1
DA:89,1
DA:90,1
DA:91,1
DA:92,1
DA:93,1
DA:94,1
DA:97,1
DA:102,1
DA:105,1
DA:110,1
DA:111,1
DA:112,1
DA:116,1
DA:117,1
DA:118,7
DA:119,7
DA:120,7
DA:121,7
DA:123,7
DA:124,7
DA:125,7
DA:128,7
DA:135,1
DA:136,1
DA:141,1
DA:149,1
DA:151,1
DA:155,1
DA:164,1
DA:193,0
DA:198,6
DA:199,1
DA:200,1
DA:203,1
DA:208,1
DA:225,1
DA:258,1
DA:263,1
DA:270,1
DA:277,1
DA:284,1
DA:285,1
DA:286,14
DA:287,14
DA:288,14
DA:289,14
DA:291,14
DA:297,14
DA:304,1
DA:311,1
DA:339,0
DA:344,6
DA:345,1
DA:346,1
DA:348,1
DA:358,1
DA:371,1
DA:378,1
DA:380,0
DA:384,0
DA:394,1
DA:409,0
DA:414,6
DA:415,1
DA:416,1
DA:419,1
DA:426,1
DA:435,1
DA:440,1
DA:445,1
DA:446,1
DA:447,14
DA:448,14
DA:449,14
DA:450,14
DA:452,14
DA:458,14
DA:465,1
DA:466,1
DA:467,14
DA:468,14
DA:469,14
DA:470,14
DA:472,14
DA:497,14
DA:499,14
DA:507,1
DA:511,1
DA:525,0
DA:530,6
DA:531,1
DA:532,1
DA:535,1
DA:542,1
DA:547,1
DA:553,1
DA:562,1
DA:563,0
DA:565,1
DA:573,1
DA:576,1
DA:578,1
DA:589,0
DA:594,6
DA:595,1
DA:596,1
DA:599,1
DA:607,1
DA:616,1
DA:624,1
DA:625,0
DA:629,1
DA:630,1
DA:631,1
DA:636,1
DA:642,1
DA:644,0
DA:645,0
DA:647,0
DA:650,1
DA:659,0
DA:664,6
DA:665,1
DA:666,1
DA:669,1
DA:691,1
DA:692,1
DA:696,1
DA:697,1
DA:698,1
DA:700,1
DA:710,0
DA:714,6
LF:156
LH:142
BRDA:81,0,0,1
BRDA:81,0,1,0
BRDA:87,1,0,1
BRDA:87,1,1,1
BRDA:90,2,0,1
BRDA:90,2,1,1
BRDA:93,3,0,1
BRDA:93,3,1,1
BRDA:105,4,0,1
BRDA:105,4,1,0
BRDA:125,5,0,7
BRDA:125,5,1,7
BRDA:157,6,0,1
BRDA:157,6,1,0
BRDA:158,7,0,1
BRDA:158,7,1,0
BRDA:260,8,0,1
BRDA:260,8,1,0
BRDA:260,9,0,1
BRDA:260,9,1,1
BRDA:265,10,0,1
BRDA:265,10,1,0
BRDA:265,11,0,1
BRDA:265,11,1,1
BRDA:312,12,0,1
BRDA:312,12,1,1
BRDA:315,13,0,1
BRDA:315,13,1,0
BRDA:316,14,0,1
BRDA:316,14,1,0
BRDA:317,15,0,1
BRDA:317,15,1,0
BRDA:317,16,0,1
BRDA:317,16,1,0
BRDA:320,17,0,1
BRDA:320,17,1,0
BRDA:321,18,0,1
BRDA:321,18,1,0
BRDA:322,19,0,1
BRDA:322,19,1,0
BRDA:322,20,0,1
BRDA:322,20,1,0
BRDA:386,21,0,0
BRDA:386,21,1,0
BRDA:387,22,0,0
BRDA:387,22,1,0
BRDA:388,23,0,0
BRDA:388,23,1,0
BRDA:497,24,0,14
BRDA:497,24,1,13
BRDA:497,25,0,14
BRDA:497,25,1,14
BRDA:501,26,0,14
BRDA:501,26,1,13
BRDA:519,27,0,1
BRDA:519,27,1,0
BRDA:522,28,0,1
BRDA:522,28,1,0
BRDA:558,29,0,0
BRDA:558,29,1,1
BRDA:644,30,0,0
BRDA:644,30,1,0
BRDA:691,31,0,1
BRDA:691,31,1,0
BRDA:692,32,0,1
BRDA:692,32,1,0
BRDA:696,33,0,1
BRDA:696,33,1,0
BRDA:698,34,0,1
BRDA:698,34,1,0
BRDA:702,35,0,1
BRDA:702,35,1,0
BRDA:703,36,0,1
BRDA:703,36,1,0
BRF:74
BRH:43
end_of_record
TN:
SF:routes\auth.js
FN:8,(anonymous_0)
FN:31,(anonymous_1)
FN:37,(anonymous_2)
FN:66,(anonymous_3)
FNF:4
FNH:2
FNDA:2,(anonymous_0)
FNDA:0,(anonymous_1)
FNDA:0,(anonymous_2)
FNDA:1,(anonymous_3)
DA:1,6
DA:2,6
DA:3,6
DA:4,6
DA:5,6
DA:8,6
DA:9,2
DA:10,2
DA:11,2
DA:12,2
DA:13,1
DA:15,1
DA:16,1
DA:19,1
DA:26,1
DA:27,0
DA:31,6
DA:32,0
DA:33,0
DA:37,6
DA:38,0
DA:39,0
DA:40,0
DA:43,0
DA:44,0
DA:47,0
DA:48,0
DA:52,0
DA:53,0
DA:56,0
DA:57,0
DA:61,0
DA:62,0
DA:66,6
DA:67,1
DA:68,1
DA:69,1
DA:70,1
DA:72,0
DA:74,1
DA:75,1
DA:77,1
DA:83,1
DA:84,1
DA:86,0
DA:91,1
DA:92,0
DA:95,6
LF:48
LH:29
BRDA:12,0,0,1
BRDA:12,0,1,1
BRDA:12,1,0,2
BRDA:12,1,1,2
BRDA:44,2,0,0
BRDA:44,2,1,0
BRDA:47,3,0,0
BRDA:47,3,1,0
BRDA:47,4,0,0
BRDA:47,4,1,0
BRDA:52,5,0,0
BRDA:52,5,1,0
BRDA:70,6,0,0
BRDA:70,6,1,1
BRF:14
BRH:5
end_of_record
TN:
SF:routes\events.js
FN:16,(anonymous_0)
FN:57,(anonymous_1)
FN:71,(anonymous_2)
FN:100,(anonymous_3)
FN:104,(anonymous_4)
FN:107,(anonymous_5)
FN:161,(anonymous_6)
FN:163,(anonymous_7)
FN:174,(anonymous_8)
FN:175,(anonymous_9)
FN:186,(anonymous_10)
FN:192,(anonymous_11)
FN:199,(anonymous_12)
FN:207,(anonymous_13)
FN:213,(anonymous_14)
FN:234,(anonymous_15)
FN:247,(anonymous_16)
FN:266,(anonymous_17)
FN:291,(anonymous_18)
FN:304,(anonymous_19)
FN:310,(anonymous_20)
FN:324,(anonymous_21)
FN:394,(anonymous_22)
FN:480,(anonymous_23)
FN:484,(anonymous_24)
FN:485,(anonymous_25)
FN:564,(anonymous_26)
FN:576,(anonymous_27)
FN:603,(anonymous_28)
FN:651,(anonymous_29)
FN:688,(anonymous_30)
FN:703,(anonymous_31)
FN:723,(anonymous_32)
FN:804,(anonymous_33)
FN:836,(anonymous_34)
FN:870,(anonymous_35)
FN:918,(anonymous_36)
FN:1002,(anonymous_37)
FNF:38
FNH:16
FNDA:6,(anonymous_0)
FNDA:1,(anonymous_1)
FNDA:1,(anonymous_2)
FNDA:3,(anonymous_3)
FNDA:3,(anonymous_4)
FNDA:3,(anonymous_5)
FNDA:2,(anonymous_6)
FNDA:1,(anonymous_7)
FNDA:0,(anonymous_8)
FNDA:0,(anonymous_9)
FNDA:0,(anonymous_10)
FNDA:0,(anonymous_11)
FNDA:0,(anonymous_12)
FNDA:4,(anonymous_13)
FNDA:4,(anonymous_14)
FNDA:2,(anonymous_15)
FNDA:0,(anonymous_16)
FNDA:0,(anonymous_17)
FNDA:0,(anonymous_18)
FNDA:0,(anonymous_19)
FNDA:0,(anonymous_20)
FNDA:3,(anonymous_21)
FNDA:0,(anonymous_22)
FNDA:0,(anonymous_23)
FNDA:0,(anonymous_24)
FNDA:0,(anonymous_25)
FNDA:0,(anonymous_26)
FNDA:2,(anonymous_27)
FNDA:1,(anonymous_28)
FNDA:0,(anonymous_29)
FNDA:1,(anonymous_30)
FNDA:0,(anonymous_31)
FNDA:0,(anonymous_32)
FNDA:0,(anonymous_33)
FNDA:0,(anonymous_34)
FNDA:4,(anonymous_35)
FNDA:0,(anonymous_36)
FNDA:0,(anonymous_37)
DA:1,6
DA:2,6
DA:3,6
DA:13,6
DA:16,6
DA:17,6
DA:18,6
DA:21,6
DA:22,6
DA:25,6
DA:26,0
DA:29,6
DA:30,6
DA:33,6
DA:34,6
DA:36,6
DA:38,1
DA:43,1
DA:44,0
DA:48,6
DA:57,1
DA:71,6
DA:77,6
DA:83,0
DA:87,6
DA:100,3
DA:104,3
DA:108,3
DA:109,3
DA:111,3
DA:113,3
DA:114,3
DA:117,3
DA:118,0
DA:120,3
DA:121,0
DA:124,3
DA:125,3
DA:127,3
DA:128,3
DA:129,3
DA:130,3
DA:131,3
DA:133,3
DA:135,3
DA:136,3
DA:137,0
DA:138,0
DA:142,3
DA:146,3
DA:158,3
DA:159,1
DA:160,1
DA:161,1
DA:163,2
DA:165,1
DA:166,1
DA:168,2
DA:173,3
DA:174,0
DA:175,0
DA:176,0
DA:177,0
DA:183,3
DA:184,0
DA:185,0
DA:186,0
DA:189,3
DA:190,0
DA:191,0
DA:192,0
DA:197,3
DA:198,0
DA:199,0
DA:200,0
DA:201,0
DA:206,3
DA:207,4
DA:210,3
DA:211,3
DA:213,3
DA:214,4
DA:219,4
DA:220,0
DA:221,0
DA:222,0
DA:226,4
DA:229,4
DA:231,4
DA:232,0
DA:234,4
DA:236,2
DA:237,2
DA:240,0
DA:244,4
DA:245,4
DA:246,4
DA:247,0
DA:249,0
DA:250,0
DA:253,4
DA:256,0
DA:258,4
DA:261,3
DA:262,0
DA:266,6
DA:267,0
DA:268,0
DA:269,0
DA:270,0
DA:278,0
DA:281,0
DA:283,0
DA:284,0
DA:286,0
DA:287,0
DA:288,0
DA:291,0
DA:293,0
DA:299,0
DA:300,0
DA:301,0
DA:302,0
DA:303,0
DA:304,0
DA:306,0
DA:308,0
DA:309,0
DA:310,0
DA:311,0
DA:312,0
DA:315,0
DA:319,0
DA:320,0
DA:324,6
DA:325,3
DA:326,3
DA:327,3
DA:330,3
DA:334,3
DA:337,3
DA:338,3
DA:340,3
DA:341,3
DA:344,3
DA:345,3
DA:346,3
DA:347,0
DA:350,3
DA:351,0
DA:356,3
DA:357,0
DA:358,0
DA:359,0
DA:360,0
DA:361,0
DA:362,0
DA:363,0
DA:366,0
DA:368,0
DA:369,0
DA:370,0
DA:371,0
DA:377,3
DA:378,3
DA:380,0
DA:381,0
DA:383,0
DA:387,3
DA:388,3
DA:389,3
DA:392,3
DA:393,0
DA:394,0
DA:395,0
DA:398,0
DA:399,0
DA:403,0
DA:404,0
DA:405,0
DA:407,0
DA:408,0
DA:410,0
DA:411,0
DA:413,0
DA:414,0
DA:416,0
DA:420,3
DA:421,0
DA:422,0
DA:424,0
DA:426,0
DA:427,0
DA:432,3
DA:433,0
DA:437,3
DA:438,0
DA:439,0
DA:444,3
DA:445,0
DA:446,0
DA:447,0
DA:448,0
DA:450,0
DA:451,0
DA:452,0
DA:456,3
DA:457,0
DA:461,3
DA:463,0
DA:464,0
DA:465,0
DA:470,0
DA:471,0
DA:476,0
DA:480,0
DA:481,0
DA:484,0
DA:485,0
DA:488,0
DA:490,0
DA:491,0
DA:500,0
DA:502,0
DA:503,0
DA:504,0
DA:510,0
DA:511,0
DA:520,3
DA:521,3
DA:522,3
DA:523,3
DA:524,3
DA:525,3
DA:526,3
DA:527,3
DA:528,3
DA:529,3
DA:531,3
DA:546,3
DA:553,3
DA:554,3
DA:555,3
DA:556,3
DA:557,3
DA:558,3
DA:559,3
DA:560,0
DA:561,0
DA:563,3
DA:564,0
DA:571,3
DA:572,0
DA:576,6
DA:577,2
DA:578,2
DA:579,2
DA:580,2
DA:582,2
DA:585,2
DA:586,1
DA:590,1
DA:591,1
DA:593,1
DA:594,1
DA:595,1
DA:597,1
DA:598,1
DA:599,0
DA:603,6
DA:604,1
DA:606,1
DA:607,1
DA:610,1
DA:620,1
DA:623,1
DA:626,1
DA:627,1
DA:629,1
DA:630,1
DA:631,1
DA:632,0
DA:636,1
DA:639,1
DA:640,0
DA:644,1
DA:648,1
DA:651,1
DA:652,0
DA:655,1
DA:658,1
DA:661,1
DA:666,1
DA:679,1
DA:688,1
DA:695,0
DA:696,0
DA:698,0
DA:703,6
DA:704,0
DA:705,0
DA:706,0
DA:707,0
DA:708,0
DA:710,0
DA:713,0
DA:715,0
DA:718,0
DA:719,0
DA:723,6
DA:724,0
DA:725,0
DA:726,0
DA:729,0
DA:733,0
DA:736,0
DA:737,0
DA:741,0
DA:742,0
DA:746,0
DA:747,0
DA:749,0
DA:750,0
DA:751,0
DA:752,0
DA:753,0
DA:757,0
DA:758,0
DA:759,0
DA:761,0
DA:762,0
DA:766,0
DA:772,0
DA:773,0
DA:776,0
DA:777,0
DA:780,0
DA:783,0
DA:785,0
DA:787,0
DA:795,0
DA:796,0
DA:798,0
DA:804,6
DA:805,0
DA:806,0
DA:807,0
DA:810,0
DA:811,0
DA:814,0
DA:815,0
DA:817,0
DA:820,0
DA:823,0
DA:826,0
DA:828,0
DA:831,0
DA:832,0
DA:836,6
DA:837,0
DA:838,0
DA:839,0
DA:840,0
DA:841,0
DA:844,0
DA:845,0
DA:848,0
DA:849,0
DA:851,0
DA:852,0
DA:853,0
DA:854,0
DA:857,0
DA:860,0
DA:862,0
DA:865,0
DA:866,0
DA:870,6
DA:871,4
DA:872,4
DA:873,4
DA:875,4
DA:879,4
DA:882,4
DA:883,1
DA:887,3
DA:888,1
DA:895,2
DA:898,2
DA:900,1
DA:901,1
DA:903,1
DA:905,1
DA:907,1
DA:914,0
DA:918,6
DA:919,0
DA:920,0
DA:921,0
DA:924,0
DA:925,0
DA:926,0
DA:929,0
DA:933,0
DA:936,0
DA:937,0
DA:939,0
DA:940,0
DA:941,0
DA:942,0
DA:943,0
DA:946,0
DA:949,0
DA:950,0
DA:951,0
DA:952,0
DA:955,0
DA:956,0
DA:957,0
DA:969,0
DA:974,0
DA:985,0
DA:990,0
DA:994,0
DA:995,0
DA:998,0
DA:999,0
DA:1002,0
DA:1003,0
DA:1005,0
DA:1006,0
DA:1009,0
DA:1021,0
DA:1026,0
DA:1031,0
DA:1040,0
DA:1043,6
LF:437
LH:184
BRDA:25,0,0,0
BRDA:25,0,1,6
BRDA:25,1,0,6
BRDA:25,1,1,6
BRDA:29,2,0,0
BRDA:29,2,1,6
BRDA:30,3,0,0
BRDA:30,3,1,6
BRDA:33,4,0,6
BRDA:33,4,1,5
BRDA:36,5,0,1
BRDA:36,5,1,5
BRDA:43,6,0,0
BRDA:43,6,1,1
BRDA:52,7,0,6
BRDA:52,7,1,0
BRDA:56,8,0,1
BRDA:56,8,1,5
BRDA:100,9,0,3
BRDA:100,9,1,0
BRDA:100,10,0,3
BRDA:100,10,1,0
BRDA:100,10,2,0
BRDA:104,11,0,3
BRDA:104,11,1,0
BRDA:104,12,0,3
BRDA:104,12,1,0
BRDA:104,12,2,0
BRDA:111,13,0,0
BRDA:111,13,1,3
BRDA:111,14,0,3
BRDA:111,14,1,0
BRDA:117,15,0,0
BRDA:117,15,1,3
BRDA:117,16,0,3
BRDA:117,16,1,3
BRDA:120,17,0,0
BRDA:120,17,1,3
BRDA:120,18,0,3
BRDA:120,18,1,3
BRDA:120,18,2,3
BRDA:128,19,0,0
BRDA:128,19,1,3
BRDA:129,20,0,0
BRDA:129,20,1,3
BRDA:130,21,0,0
BRDA:130,21,1,3
BRDA:130,22,0,0
BRDA:130,22,1,0
BRDA:131,23,0,1
BRDA:131,23,1,2
BRDA:131,24,0,1
BRDA:131,24,1,0
BRDA:133,25,0,3
BRDA:133,25,1,3
BRDA:135,26,0,3
BRDA:135,26,1,0
BRDA:137,27,0,0
BRDA:137,27,1,0
BRDA:142,28,0,1
BRDA:142,28,1,2
BRDA:142,29,0,3
BRDA:142,29,1,3
BRDA:150,30,0,0
BRDA:150,30,1,3
BRDA:158,31,0,1
BRDA:158,31,1,2
BRDA:158,32,0,3
BRDA:158,32,1,1
BRDA:158,32,2,1
BRDA:158,32,3,1
BRDA:165,33,0,1
BRDA:165,33,1,0
BRDA:165,34,0,0
BRDA:165,34,1,0
BRDA:173,35,0,0
BRDA:173,35,1,3
BRDA:176,36,0,0
BRDA:176,36,1,0
BRDA:183,37,0,0
BRDA:183,37,1,3
BRDA:185,38,0,0
BRDA:185,38,1,0
BRDA:189,39,0,0
BRDA:189,39,1,3
BRDA:191,40,0,0
BRDA:191,40,1,0
BRDA:197,41,0,0
BRDA:197,41,1,3
BRDA:197,42,0,3
BRDA:197,42,1,0
BRDA:200,43,0,0
BRDA:200,43,1,0
BRDA:206,44,0,3
BRDA:206,44,1,0
BRDA:206,45,0,3
BRDA:206,45,1,3
BRDA:207,46,0,4
BRDA:207,46,1,0
BRDA:219,47,0,0
BRDA:219,47,1,4
BRDA:226,48,0,4
BRDA:226,48,1,0
BRDA:226,49,0,4
BRDA:226,49,1,4
BRDA:231,50,0,0
BRDA:231,50,1,4
BRDA:231,51,0,4
BRDA:231,51,1,2
BRDA:236,52,0,2
BRDA:236,52,1,0
BRDA:236,53,0,0
BRDA:236,53,1,0
BRDA:244,54,0,4
BRDA:244,54,1,0
BRDA:244,55,0,4
BRDA:244,55,1,4
BRDA:246,56,0,0
BRDA:246,56,1,4
BRDA:246,57,0,4
BRDA:246,57,1,4
BRDA:249,58,0,0
BRDA:249,58,1,0
BRDA:249,59,0,0
BRDA:249,59,1,0
BRDA:250,60,0,0
BRDA:250,60,1,0
BRDA:269,61,0,0
BRDA:269,61,1,0
BRDA:278,62,0,0
BRDA:278,62,1,0
BRDA:283,63,0,0
BRDA:283,63,1,0
BRDA:284,64,0,0
BRDA:284,64,1,0
BRDA:286,65,0,0
BRDA:286,65,1,0
BRDA:287,66,0,0
BRDA:287,66,1,0
BRDA:288,67,0,0
BRDA:288,67,1,0
BRDA:288,68,0,0
BRDA:288,68,1,0
BRDA:299,69,0,0
BRDA:299,69,1,0
BRDA:299,70,0,0
BRDA:299,70,1,0
BRDA:308,71,0,0
BRDA:308,71,1,0
BRDA:308,72,0,0
BRDA:308,72,1,0
BRDA:311,73,0,0
BRDA:311,73,1,0
BRDA:311,74,0,0
BRDA:311,74,1,0
BRDA:327,75,0,0
BRDA:327,75,1,3
BRDA:334,76,0,0
BRDA:334,76,1,3
BRDA:338,77,0,0
BRDA:338,77,1,3
BRDA:346,78,0,0
BRDA:346,78,1,3
BRDA:346,79,0,3
BRDA:346,79,1,0
BRDA:350,80,0,0
BRDA:350,80,1,3
BRDA:350,81,0,3
BRDA:350,81,1,0
BRDA:350,81,2,0
BRDA:350,81,3,0
BRDA:356,82,0,0
BRDA:356,82,1,3
BRDA:356,83,0,3
BRDA:356,83,1,3
BRDA:356,83,2,0
BRDA:356,83,3,0
BRDA:357,84,0,0
BRDA:357,84,1,0
BRDA:360,85,0,0
BRDA:360,85,1,0
BRDA:360,86,0,0
BRDA:360,86,1,0
BRDA:362,87,0,0
BRDA:362,87,1,0
BRDA:366,88,0,0
BRDA:366,88,1,0
BRDA:368,89,0,0
BRDA:368,89,1,0
BRDA:368,90,0,0
BRDA:368,90,1,0
BRDA:370,91,0,0
BRDA:370,91,1,0
BRDA:378,92,0,3
BRDA:378,92,1,0
BRDA:380,93,0,0
BRDA:380,93,1,0
BRDA:392,94,0,0
BRDA:392,94,1,3
BRDA:395,95,0,0
BRDA:395,95,1,0
BRDA:398,96,0,0
BRDA:398,96,1,0
BRDA:404,97,0,0
BRDA:404,97,1,0
BRDA:404,98,0,0
BRDA:404,98,1,0
BRDA:407,99,0,0
BRDA:407,99,1,0
BRDA:407,100,0,0
BRDA:407,100,1,0
BRDA:410,101,0,0
BRDA:410,101,1,0
BRDA:410,102,0,0
BRDA:410,102,1,0
BRDA:413,103,0,0
BRDA:413,103,1,0
BRDA:413,104,0,0
BRDA:413,104,1,0
BRDA:420,105,0,0
BRDA:420,105,1,3
BRDA:420,106,0,3
BRDA:420,106,1,3
BRDA:421,107,0,0
BRDA:421,107,1,0
BRDA:422,108,0,0
BRDA:422,108,1,0
BRDA:424,109,0,0
BRDA:424,109,1,0
BRDA:426,110,0,0
BRDA:426,110,1,0
BRDA:426,111,0,0
BRDA:426,111,1,0
BRDA:426,111,2,0
BRDA:432,112,0,0
BRDA:432,112,1,3
BRDA:432,113,0,3
BRDA:432,113,1,0
BRDA:437,114,0,0
BRDA:437,114,1,3
BRDA:437,115,0,3
BRDA:437,115,1,0
BRDA:438,116,0,0
BRDA:438,116,1,0
BRDA:444,117,0,0
BRDA:444,117,1,3
BRDA:447,118,0,0
BRDA:447,118,1,0
BRDA:456,119,0,0
BRDA:456,119,1,3
BRDA:456,120,0,3
BRDA:456,120,1,2
BRDA:461,121,0,0
BRDA:461,121,1,3
BRDA:461,122,0,3
BRDA:461,122,1,0
BRDA:464,123,0,0
BRDA:464,123,1,0
BRDA:470,124,0,0
BRDA:470,124,1,0
BRDA:488,125,0,0
BRDA:488,125,1,0
BRDA:488,126,0,0
BRDA:488,126,1,0
BRDA:490,127,0,0
BRDA:490,127,1,0
BRDA:500,128,0,0
BRDA:500,128,1,0
BRDA:510,129,0,0
BRDA:510,129,1,0
BRDA:521,130,0,1
BRDA:521,130,1,2
BRDA:522,131,0,0
BRDA:522,131,1,3
BRDA:523,132,0,0
BRDA:523,132,1,3
BRDA:524,133,0,0
BRDA:524,133,1,3
BRDA:525,134,0,0
BRDA:525,134,1,3
BRDA:526,135,0,0
BRDA:526,135,1,3
BRDA:527,136,0,0
BRDA:527,136,1,3
BRDA:528,137,0,0
BRDA:528,137,1,3
BRDA:529,138,0,2
BRDA:529,138,1,1
BRDA:554,139,0,0
BRDA:554,139,1,3
BRDA:555,140,0,0
BRDA:555,140,1,3
BRDA:556,141,0,0
BRDA:556,141,1,3
BRDA:557,142,0,0
BRDA:557,142,1,3
BRDA:558,143,0,2
BRDA:558,143,1,1
BRDA:559,144,0,0
BRDA:559,144,1,3
BRDA:563,145,0,0
BRDA:563,145,1,3
BRDA:579,146,0,0
BRDA:579,146,1,2
BRDA:582,147,0,0
BRDA:582,147,1,2
BRDA:585,148,0,1
BRDA:585,148,1,1
BRDA:591,149,0,0
BRDA:591,149,1,1
BRDA:595,150,0,0
BRDA:595,150,1,1
BRDA:607,151,0,0
BRDA:607,151,1,1
BRDA:620,152,0,0
BRDA:620,152,1,1
BRDA:623,153,0,0
BRDA:623,153,1,1
BRDA:627,154,0,0
BRDA:627,154,1,1
BRDA:631,155,0,0
BRDA:631,155,1,1
BRDA:636,156,0,1
BRDA:636,156,1,0
BRDA:636,157,0,1
BRDA:636,157,1,1
BRDA:636,157,2,1
BRDA:639,158,0,0
BRDA:639,158,1,1
BRDA:648,159,0,0
BRDA:648,159,1,1
BRDA:651,160,0,0
BRDA:651,160,1,1
BRDA:658,161,0,0
BRDA:658,161,1,1
BRDA:695,162,0,0
BRDA:695,162,1,0
BRDA:706,163,0,0
BRDA:706,163,1,0
BRDA:708,164,0,0
BRDA:708,164,1,0
BRDA:713,165,0,0
BRDA:713,165,1,0
BRDA:726,166,0,0
BRDA:726,166,1,0
BRDA:733,167,0,0
BRDA:733,167,1,0
BRDA:736,168,0,0
BRDA:736,168,1,0
BRDA:741,169,0,0
BRDA:741,169,1,0
BRDA:741,170,0,0
BRDA:741,170,1,0
BRDA:747,171,0,0
BRDA:747,171,1,0
BRDA:752,172,0,0
BRDA:752,172,1,0
BRDA:752,173,0,0
BRDA:752,173,1,0
BRDA:757,174,0,0
BRDA:757,174,1,0
BRDA:758,175,0,0
BRDA:758,175,1,0
BRDA:758,176,0,0
BRDA:758,176,1,0
BRDA:761,177,0,0
BRDA:761,177,1,0
BRDA:761,178,0,0
BRDA:761,178,1,0
BRDA:766,179,0,0
BRDA:766,179,1,0
BRDA:768,180,0,0
BRDA:768,180,1,0
BRDA:772,181,0,0
BRDA:772,181,1,0
BRDA:777,182,0,0
BRDA:777,182,1,0
BRDA:783,183,0,0
BRDA:783,183,1,0
BRDA:795,184,0,0
BRDA:795,184,1,0
BRDA:807,185,0,0
BRDA:807,185,1,0
BRDA:811,186,0,0
BRDA:811,186,1,0
BRDA:815,187,0,0
BRDA:815,187,1,0
BRDA:823,188,0,0
BRDA:823,188,1,0
BRDA:826,189,0,0
BRDA:826,189,1,0
BRDA:840,190,0,0
BRDA:840,190,1,0
BRDA:841,191,0,0
BRDA:841,191,1,0
BRDA:845,192,0,0
BRDA:845,192,1,0
BRDA:849,193,0,0
BRDA:849,193,1,0
BRDA:853,194,0,0
BRDA:853,194,1,0
BRDA:860,195,0,0
BRDA:860,195,1,0
BRDA:873,196,0,0
BRDA:873,196,1,4
BRDA:879,197,0,0
BRDA:879,197,1,4
BRDA:882,198,0,1
BRDA:882,198,1,3
BRDA:887,199,0,1
BRDA:887,199,1,2
BRDA:887,200,0,3
BRDA:887,200,1,1
BRDA:898,201,0,1
BRDA:898,201,1,1
BRDA:901,202,0,0
BRDA:901,202,1,1
BRDA:921,203,0,0
BRDA:921,203,1,0
BRDA:924,204,0,0
BRDA:924,204,1,0
BRDA:925,205,0,0
BRDA:925,205,1,0
BRDA:926,206,0,0
BRDA:926,206,1,0
BRDA:926,207,0,0
BRDA:926,207,1,0
BRDA:933,208,0,0
BRDA:933,208,1,0
BRDA:937,209,0,0
BRDA:937,209,1,0
BRDA:942,210,0,0
BRDA:942,210,1,0
BRDA:942,211,0,0
BRDA:942,211,1,0
BRDA:949,212,0,0
BRDA:949,212,1,0
BRDA:949,213,0,0
BRDA:949,213,1,0
BRDA:951,214,0,0
BRDA:951,214,1,0
BRDA:994,215,0,0
BRDA:994,215,1,0
BRDA:994,216,0,0
BRDA:994,216,1,0
BRDA:994,216,2,0
BRDA:999,217,0,0
BRDA:999,217,1,0
BRDA:1003,218,0,0
BRDA:1003,218,1,0
BRDA:1005,219,0,0
BRDA:1005,219,1,0
BRF:452
BRH:144
end_of_record
TN:
SF:routes\promotions.js
FN:15,(anonymous_0)
FN:68,(anonymous_1)
FN:72,(anonymous_2)
FN:75,(anonymous_3)
FN:146,(anonymous_4)
FN:148,(anonymous_5)
FN:157,(anonymous_6)
FN:176,(anonymous_7)
FN:215,(anonymous_8)
FN:243,(anonymous_9)
FN:312,(anonymous_10)
FNF:11
FNH:7
FNDA:6,(anonymous_0)
FNDA:1,(anonymous_1)
FNDA:1,(anonymous_2)
FNDA:1,(anonymous_3)
FNDA:0,(anonymous_4)
FNDA:0,(anonymous_5)
FNDA:1,(anonymous_6)
FNDA:0,(anonymous_7)
FNDA:1,(anonymous_8)
FNDA:0,(anonymous_9)
FNDA:2,(anonymous_10)
DA:1,6
DA:2,6
DA:3,6
DA:12,6
DA:15,6
DA:16,6
DA:19,6
DA:20,6
DA:22,0
DA:23,0
DA:25,0
DA:28,6
DA:30,6
DA:31,6
DA:34,6
DA:36,5
DA:46,5
DA:57,0
DA:61,6
DA:68,1
DA:72,1
DA:76,1
DA:77,1
DA:79,1
DA:81,1
DA:83,1
DA:84,0
DA:86,1
DA:87,0
DA:90,1
DA:91,1
DA:94,1
DA:95,1
DA:96,1
DA:99,1
DA:100,0
DA:101,0
DA:102,0
DA:104,0
DA:105,0
DA:108,1
DA:109,1
DA:110,1
DA:113,1
DA:115,1
DA:116,0
DA:117,0
DA:118,1
DA:120,1
DA:122,0
DA:123,0
DA:124,1
DA:125,0
DA:127,1
DA:128,0
DA:132,0
DA:133,0
DA:136,1
DA:145,1
DA:146,0
DA:147,0
DA:148,0
DA:149,0
DA:153,1
DA:155,1
DA:157,1
DA:158,1
DA:167,1
DA:168,1
DA:171,1
DA:172,0
DA:176,6
DA:177,0
DA:178,0
DA:179,0
DA:180,0
DA:183,0
DA:185,0
DA:187,0
DA:188,0
DA:190,0
DA:193,0
DA:194,0
DA:197,0
DA:208,0
DA:210,0
DA:211,0
DA:215,6
DA:216,1
DA:217,1
DA:219,1
DA:220,0
DA:223,1
DA:224,1
DA:228,1
DA:229,1
DA:231,0
DA:232,0
DA:234,0
DA:237,1
DA:238,1
DA:241,1
DA:242,0
DA:243,0
DA:244,0
DA:247,0
DA:248,0
DA:252,0
DA:253,0
DA:254,0
DA:255,0
DA:260,1
DA:261,0
DA:262,0
DA:264,0
DA:265,0
DA:266,0
DA:271,1
DA:272,0
DA:275,1
DA:276,1
DA:277,1
DA:278,1
DA:279,1
DA:280,1
DA:281,1
DA:282,1
DA:283,1
DA:285,1
DA:291,1
DA:298,1
DA:299,0
DA:303,1
DA:304,0
DA:307,1
DA:308,0
DA:312,6
DA:313,2
DA:314,2
DA:315,2
DA:316,0
DA:318,2
DA:320,2
DA:323,2
DA:324,2
DA:325,1
DA:328,1
DA:329,1
DA:330,0
DA:333,6
LF:150
LH:87
BRDA:20,0,0,6
BRDA:20,0,1,0
BRDA:22,1,0,0
BRDA:22,1,1,0
BRDA:34,2,0,1
BRDA:34,2,1,5
BRDA:40,3,0,5
BRDA:40,3,1,5
BRDA:41,4,0,5
BRDA:41,4,1,0
BRDA:42,5,0,5
BRDA:42,5,1,5
BRDA:68,6,0,1
BRDA:68,6,1,0
BRDA:68,7,0,1
BRDA:68,7,1,0
BRDA:68,7,2,0
BRDA:72,8,0,1
BRDA:72,8,1,0
BRDA:72,9,0,1
BRDA:72,9,1,0
BRDA:72,9,2,0
BRDA:77,10,0,0
BRDA:77,11,0,0
BRDA:79,12,0,0
BRDA:79,12,1,1
BRDA:79,13,0,1
BRDA:79,13,1,0
BRDA:83,14,0,0
BRDA:83,14,1,1
BRDA:86,15,0,0
BRDA:86,15,1,1
BRDA:86,16,0,1
BRDA:86,16,1,1
BRDA:96,17,0,1
BRDA:96,17,1,1
BRDA:99,18,0,0
BRDA:99,18,1,1
BRDA:101,19,0,0
BRDA:101,19,1,0
BRDA:109,20,0,0
BRDA:109,20,1,1
BRDA:110,21,0,0
BRDA:110,21,1,1
BRDA:113,22,0,1
BRDA:113,22,1,1
BRDA:115,23,0,0
BRDA:115,23,1,1
BRDA:118,24,0,1
BRDA:118,24,1,0
BRDA:120,25,0,0
BRDA:120,25,1,1
BRDA:124,26,0,0
BRDA:124,26,1,1
BRDA:127,27,0,0
BRDA:127,27,1,1
BRDA:127,28,0,1
BRDA:127,28,1,1
BRDA:128,29,0,0
BRDA:128,29,1,0
BRDA:138,30,0,1
BRDA:138,30,1,0
BRDA:145,31,0,0
BRDA:145,31,1,1
BRDA:145,32,0,1
BRDA:145,32,1,1
BRDA:145,32,2,1
BRDA:147,33,0,0
BRDA:147,33,1,0
BRDA:149,34,0,0
BRDA:149,34,1,0
BRDA:167,35,0,1
BRDA:167,35,1,0
BRDA:179,36,0,0
BRDA:179,36,1,0
BRDA:179,37,0,0
BRDA:179,37,1,0
BRDA:185,38,0,0
BRDA:185,38,1,0
BRDA:187,39,0,0
BRDA:187,39,1,0
BRDA:190,40,0,0
BRDA:190,40,1,0
BRDA:193,41,0,0
BRDA:193,41,1,0
BRDA:193,42,0,0
BRDA:193,42,1,0
BRDA:208,43,0,0
BRDA:208,43,1,0
BRDA:219,44,0,0
BRDA:219,44,1,1
BRDA:219,45,0,1
BRDA:219,45,1,1
BRDA:224,46,0,0
BRDA:224,46,1,1
BRDA:229,47,0,1
BRDA:229,47,1,0
BRDA:231,48,0,0
BRDA:231,48,1,0
BRDA:241,49,0,0
BRDA:241,49,1,1
BRDA:244,50,0,0
BRDA:244,50,1,0
BRDA:247,51,0,0
BRDA:247,51,1,0
BRDA:254,52,0,0
BRDA:254,52,1,0
BRDA:254,53,0,0
BRDA:254,53,1,0
BRDA:260,54,0,0
BRDA:260,54,1,1
BRDA:260,55,0,1
BRDA:260,55,1,1
BRDA:261,56,0,0
BRDA:261,56,1,0
BRDA:262,57,0,0
BRDA:262,57,1,0
BRDA:264,58,0,0
BRDA:264,58,1,0
BRDA:265,59,0,0
BRDA:265,59,1,0
BRDA:265,60,0,0
BRDA:265,60,1,0
BRDA:265,60,2,0
BRDA:271,61,0,0
BRDA:271,61,1,1
BRDA:271,62,0,1
BRDA:271,62,1,0
BRDA:271,62,2,0
BRDA:276,63,0,1
BRDA:276,63,1,0
BRDA:277,64,0,0
BRDA:277,64,1,1
BRDA:278,65,0,0
BRDA:278,65,1,1
BRDA:279,66,0,0
BRDA:279,66,1,1
BRDA:280,67,0,0
BRDA:280,67,1,1
BRDA:281,68,0,0
BRDA:281,68,1,1
BRDA:282,69,0,0
BRDA:282,69,1,1
BRDA:283,70,0,0
BRDA:283,70,1,1
BRDA:298,71,0,0
BRDA:298,71,1,1
BRDA:298,72,0,1
BRDA:298,72,1,0
BRDA:303,73,0,0
BRDA:303,73,1,1
BRDA:303,74,0,1
BRDA:303,74,1,0
BRDA:315,75,0,0
BRDA:315,75,1,2
BRDA:315,76,0,2
BRDA:315,76,1,2
BRDA:320,77,0,0
BRDA:320,77,1,2
BRDA:324,78,0,1
BRDA:324,78,1,1
BRF:161
BRH:67
end_of_record
TN:
SF:routes\savedFilters.js
FN:4,(anonymous_0)
FN:26,(anonymous_1)
FN:51,(anonymous_2)
FNF:3
FNH:0
FNDA:0,(anonymous_0)
FNDA:0,(anonymous_1)
FNDA:0,(anonymous_2)
DA:1,6
DA:4,6
DA:5,0
DA:6,0
DA:7,0
DA:9,0
DA:10,0
DA:11,0
DA:14,0
DA:19,0
DA:21,0
DA:26,6
DA:27,0
DA:28,0
DA:29,0
DA:31,0
DA:32,0
DA:35,0
DA:44,0
DA:46,0
DA:51,6
DA:52,0
DA:53,0
DA:54,0
DA:57,0
DA:61,0
DA:62,0
DA:65,0
DA:66,0
DA:69,0
DA:73,0
DA:75,0
DA:79,6
LF:33
LH:5
BRDA:10,0,0,0
BRDA:10,0,1,0
BRDA:31,1,0,0
BRDA:31,1,1,0
BRDA:31,2,0,0
BRDA:31,2,1,0
BRDA:31,2,2,0
BRDA:40,3,0,0
BRDA:40,3,1,0
BRDA:61,4,0,0
BRDA:61,4,1,0
BRDA:65,5,0,0
BRDA:65,5,1,0
BRF:13
BRH:0
end_of_record
TN:
SF:routes\transactions.js
FN:15,(anonymous_0)
FN:38,(anonymous_1)
FN:51,(anonymous_2)
FN:52,(anonymous_3)
FN:81,(anonymous_4)
FN:162,(anonymous_5)
FN:209,(anonymous_6)
FN:213,(anonymous_7)
FN:218,(anonymous_8)
FN:238,(anonymous_9)
FN:247,(anonymous_10)
FN:277,(anonymous_11)
FN:283,(anonymous_12)
FN:303,(anonymous_13)
FN:307,(anonymous_14)
FN:313,(anonymous_15)
FN:354,(anonymous_16)
FN:376,(anonymous_17)
FN:395,(anonymous_18)
FN:410,(anonymous_19)
FN:460,(anonymous_20)
FN:471,(anonymous_21)
FN:518,(anonymous_22)
FN:528,(anonymous_23)
FN:552,(anonymous_24)
FN:580,(anonymous_25)
FN:590,(anonymous_26)
FN:657,(anonymous_27)
FNF:28
FNH:12
FNDA:4,(anonymous_0)
FNDA:2,(anonymous_1)
FNDA:3,(anonymous_2)
FNDA:1,(anonymous_3)
FNDA:1,(anonymous_4)
FNDA:0,(anonymous_5)
FNDA:2,(anonymous_6)
FNDA:2,(anonymous_7)
FNDA:2,(anonymous_8)
FNDA:0,(anonymous_9)
FNDA:0,(anonymous_10)
FNDA:3,(anonymous_11)
FNDA:0,(anonymous_12)
FNDA:0,(anonymous_13)
FNDA:0,(anonymous_14)
FNDA:0,(anonymous_15)
FNDA:0,(anonymous_16)
FNDA:1,(anonymous_17)
FNDA:0,(anonymous_18)
FNDA:2,(anonymous_19)
FNDA:0,(anonymous_20)
FNDA:0,(anonymous_21)
FNDA:0,(anonymous_22)
FNDA:0,(anonymous_23)
FNDA:0,(anonymous_24)
FNDA:0,(anonymous_25)
FNDA:2,(anonymous_26)
FNDA:0,(anonymous_27)
DA:1,6
DA:2,6
DA:3,6
DA:12,6
DA:15,6
DA:16,4
DA:17,4
DA:19,4
DA:20,4
DA:24,4
DA:25,3
DA:28,3
DA:29,3
DA:38,3
DA:40,2
DA:43,2
DA:44,1
DA:46,1
DA:50,3
DA:51,3
DA:52,1
DA:55,3
DA:57,1
DA:58,1
DA:61,1
DA:63,1
DA:65,1
DA:79,1
DA:80,1
DA:81,1
DA:85,1
DA:86,1
DA:87,1
DA:88,0
DA:99,1
DA:100,1
DA:106,1
DA:107,1
DA:118,1
DA:119,1
DA:120,0
DA:123,1
DA:124,0
DA:126,1
DA:127,0
DA:132,1
DA:133,1
DA:134,0
DA:135,0
DA:136,0
DA:137,0
DA:140,0
DA:144,1
DA:145,1
DA:147,1
DA:160,1
DA:161,0
DA:162,0
DA:167,1
DA:172,1
DA:173,1
DA:185,0
DA:188,2
DA:189,2
DA:191,0
DA:192,0
DA:194,0
DA:199,6
DA:209,2
DA:213,2
DA:219,2
DA:220,2
DA:221,2
DA:224,2
DA:225,0
DA:227,2
DA:228,0
DA:231,2
DA:233,2
DA:234,2
DA:235,0
DA:238,0
DA:240,2
DA:241,0
DA:242,0
DA:244,2
DA:245,2
DA:246,0
DA:247,0
DA:249,2
DA:250,2
DA:251,2
DA:252,0
DA:255,2
DA:256,2
DA:257,0
DA:258,0
DA:260,0
DA:263,2
DA:266,2
DA:267,2
DA:277,2
DA:278,3
DA:283,0
DA:289,3
DA:290,3
DA:291,3
DA:292,3
DA:293,3
DA:296,2
DA:297,0
DA:301,6
DA:303,0
DA:307,0
DA:314,0
DA:315,0
DA:316,0
DA:318,0
DA:319,0
DA:321,0
DA:322,0
DA:325,0
DA:327,0
DA:328,0
DA:329,0
DA:332,0
DA:333,0
DA:334,0
DA:335,0
DA:337,0
DA:340,0
DA:343,0
DA:344,0
DA:354,0
DA:355,0
DA:367,0
DA:368,0
DA:371,0
DA:372,0
DA:376,6
DA:377,1
DA:378,1
DA:379,1
DA:380,1
DA:388,1
DA:390,1
DA:395,0
DA:401,1
DA:402,1
DA:403,1
DA:405,1
DA:406,0
DA:410,6
DA:411,2
DA:412,2
DA:413,2
DA:415,2
DA:416,2
DA:417,2
DA:421,2
DA:424,2
DA:426,1
DA:430,1
DA:432,1
DA:439,2
DA:440,2
DA:441,1
DA:442,1
DA:443,1
DA:444,1
DA:445,1
DA:449,2
DA:454,2
DA:460,0
DA:467,0
DA:471,6
DA:472,0
DA:473,0
DA:474,0
DA:476,0
DA:477,0
DA:479,0
DA:487,0
DA:490,0
DA:491,0
DA:495,0
DA:496,0
DA:499,0
DA:500,0
DA:507,0
DA:512,0
DA:518,0
DA:524,0
DA:528,6
DA:529,0
DA:530,0
DA:531,0
DA:533,0
DA:534,0
DA:536,0
DA:544,0
DA:547,0
DA:548,0
DA:552,0
DA:553,0
DA:554,0
DA:555,0
DA:558,0
DA:559,0
DA:566,0
DA:574,0
DA:580,0
DA:586,0
DA:590,6
DA:591,2
DA:592,2
DA:593,2
DA:595,2
DA:596,2
DA:597,2
DA:601,2
DA:602,2
DA:605,2
DA:606,0
DA:610,2
DA:611,1
DA:612,0
DA:614,1
DA:615,0
DA:618,1
DA:622,1
DA:624,1
DA:626,1
DA:631,0
DA:634,2
DA:639,2
DA:641,2
DA:651,2
DA:652,1
DA:653,1
DA:654,1
DA:655,1
DA:656,1
DA:657,1
DA:658,1
DA:661,2
DA:662,0
DA:665,6
LF:248
LH:147
BRDA:17,0,0,1
BRDA:20,1,0,0
BRDA:20,1,1,4
BRDA:24,2,0,3
BRDA:24,2,1,1
BRDA:25,3,0,0
BRDA:25,3,1,3
BRDA:25,4,0,3
BRDA:25,4,1,3
BRDA:43,5,0,1
BRDA:43,5,1,1
BRDA:43,6,0,2
BRDA:43,6,1,1
BRDA:58,7,0,0
BRDA:58,7,1,1
BRDA:61,8,0,1
BRDA:61,8,1,1
BRDA:73,9,0,1
BRDA:73,9,1,0
BRDA:79,10,0,1
BRDA:79,10,1,0
BRDA:79,11,0,1
BRDA:79,11,1,1
BRDA:87,12,0,0
BRDA:87,12,1,1
BRDA:87,13,0,1
BRDA:87,13,1,1
BRDA:99,14,0,1
BRDA:99,14,1,0
BRDA:112,15,0,0
BRDA:112,15,1,1
BRDA:114,16,0,1
BRDA:114,16,1,0
BRDA:118,17,0,1
BRDA:118,17,1,0
BRDA:119,18,0,0
BRDA:119,18,1,1
BRDA:119,19,0,1
BRDA:119,19,1,0
BRDA:123,20,0,0
BRDA:123,20,1,1
BRDA:123,21,0,1
BRDA:123,21,1,1
BRDA:126,22,0,0
BRDA:126,22,1,1
BRDA:126,23,0,1
BRDA:126,23,1,1
BRDA:132,24,0,1
BRDA:132,24,1,0
BRDA:134,25,0,0
BRDA:134,25,1,0
BRDA:136,26,0,0
BRDA:136,26,1,0
BRDA:136,27,0,0
BRDA:136,27,1,0
BRDA:145,28,0,0
BRDA:145,28,1,1
BRDA:153,29,0,1
BRDA:153,29,1,0
BRDA:160,30,0,0
BRDA:160,30,1,1
BRDA:160,31,0,1
BRDA:160,31,1,1
BRDA:180,32,0,1
BRDA:180,32,1,0
BRDA:188,33,0,2
BRDA:188,33,1,0
BRDA:188,34,0,2
BRDA:188,34,1,2
BRDA:191,35,0,0
BRDA:191,35,1,0
BRDA:209,36,0,2
BRDA:209,36,1,0
BRDA:209,37,0,2
BRDA:209,37,1,0
BRDA:209,37,2,0
BRDA:213,38,0,2
BRDA:213,38,1,0
BRDA:213,39,0,2
BRDA:213,39,1,0
BRDA:213,39,2,0
BRDA:220,40,0,0
BRDA:220,41,0,0
BRDA:224,42,0,0
BRDA:224,42,1,2
BRDA:227,43,0,0
BRDA:227,43,1,2
BRDA:227,44,0,2
BRDA:227,44,1,2
BRDA:234,45,0,0
BRDA:234,45,1,2
BRDA:240,46,0,0
BRDA:240,46,1,2
BRDA:242,47,0,0
BRDA:242,47,1,0
BRDA:244,48,0,1
BRDA:244,48,1,1
BRDA:245,49,0,0
BRDA:245,49,1,2
BRDA:249,50,0,0
BRDA:249,50,1,2
BRDA:250,51,0,0
BRDA:250,51,1,2
BRDA:251,52,0,0
BRDA:251,52,1,2
BRDA:251,53,0,2
BRDA:251,53,1,0
BRDA:252,54,0,0
BRDA:252,54,1,0
BRDA:256,55,0,0
BRDA:256,55,1,2
BRDA:257,56,0,0
BRDA:257,56,1,0
BRDA:258,57,0,0
BRDA:258,57,1,0
BRDA:260,58,0,0
BRDA:260,58,1,0
BRDA:289,59,0,3
BRDA:289,59,1,0
BRDA:290,60,0,0
BRDA:290,60,1,3
BRDA:291,61,0,3
BRDA:291,61,1,0
BRDA:291,62,0,3
BRDA:291,62,1,0
BRDA:292,63,0,0
BRDA:292,63,1,3
BRDA:303,64,0,0
BRDA:303,64,1,0
BRDA:303,65,0,0
BRDA:303,65,1,0
BRDA:303,65,2,0
BRDA:307,66,0,0
BRDA:307,66,1,0
BRDA:307,67,0,0
BRDA:307,67,1,0
BRDA:307,67,2,0
BRDA:315,68,0,0
BRDA:315,69,0,0
BRDA:318,70,0,0
BRDA:318,70,1,0
BRDA:321,71,0,0
BRDA:321,71,1,0
BRDA:321,72,0,0
BRDA:321,72,1,0
BRDA:328,73,0,0
BRDA:328,73,1,0
BRDA:333,74,0,0
BRDA:333,74,1,0
BRDA:334,75,0,0
BRDA:334,75,1,0
BRDA:335,76,0,0
BRDA:335,76,1,0
BRDA:337,77,0,0
BRDA:337,77,1,0
BRDA:367,78,0,0
BRDA:367,78,1,0
BRDA:379,79,0,0
BRDA:379,79,1,1
BRDA:388,80,0,0
BRDA:388,80,1,1
BRDA:401,81,0,1
BRDA:401,81,1,0
BRDA:402,82,0,0
BRDA:402,82,1,1
BRDA:403,83,0,1
BRDA:403,83,1,0
BRDA:403,84,0,1
BRDA:403,84,1,0
BRDA:413,85,0,0
BRDA:413,85,1,2
BRDA:416,86,0,0
BRDA:416,86,1,2
BRDA:421,87,0,0
BRDA:421,87,1,2
BRDA:424,88,0,1
BRDA:424,88,1,1
BRDA:424,89,0,2
BRDA:424,89,1,1
BRDA:430,90,0,1
BRDA:430,90,1,0
BRDA:430,91,0,1
BRDA:430,91,1,1
BRDA:440,92,0,1
BRDA:440,92,1,1
BRDA:440,93,0,2
BRDA:440,93,1,1
BRDA:442,94,0,1
BRDA:442,94,1,0
BRDA:442,95,0,1
BRDA:442,95,1,1
BRDA:443,96,0,1
BRDA:443,96,1,0
BRDA:443,97,0,1
BRDA:443,97,1,0
BRDA:443,97,2,0
BRDA:474,98,0,0
BRDA:474,98,1,0
BRDA:477,99,0,0
BRDA:477,99,1,0
BRDA:487,100,0,0
BRDA:487,100,1,0
BRDA:490,101,0,0
BRDA:490,101,1,0
BRDA:490,102,0,0
BRDA:490,102,1,0
BRDA:499,103,0,0
BRDA:499,103,1,0
BRDA:531,104,0,0
BRDA:531,104,1,0
BRDA:531,105,0,0
BRDA:531,105,1,0
BRDA:534,106,0,0
BRDA:534,106,1,0
BRDA:544,107,0,0
BRDA:544,107,1,0
BRDA:547,108,0,0
BRDA:547,108,1,0
BRDA:558,109,0,0
BRDA:558,109,1,0
BRDA:558,110,0,0
BRDA:558,110,1,0
BRDA:593,111,0,0
BRDA:593,111,1,2
BRDA:596,112,0,0
BRDA:596,112,1,2
BRDA:601,113,0,0
BRDA:601,113,1,2
BRDA:602,114,0,0
BRDA:602,114,1,2
BRDA:605,115,0,0
BRDA:605,115,1,2
BRDA:605,116,0,2
BRDA:605,116,1,1
BRDA:610,117,0,1
BRDA:610,117,1,1
BRDA:611,118,0,0
BRDA:611,118,1,1
BRDA:611,119,0,1
BRDA:611,119,1,0
BRDA:614,120,0,0
BRDA:614,120,1,1
BRDA:622,121,0,1
BRDA:622,121,1,0
BRDA:624,122,0,0
BRDA:624,122,1,1
BRDA:651,123,0,1
BRDA:651,123,1,1
BRDA:654,124,0,1
BRDA:654,124,1,0
BRF:250
BRH:108
end_of_record
TN:
SF:routes\users.js
FN:21,(anonymous_0)
FN:69,(anonymous_1)
FN:78,(anonymous_2)
FN:87,(anonymous_3)
FN:91,(anonymous_4)
FN:96,(anonymous_5)
FN:159,(anonymous_6)
FN:171,(anonymous_7)
FN:186,(anonymous_8)
FN:197,(anonymous_9)
FN:224,(anonymous_10)
FN:264,(anonymous_11)
FN:278,(anonymous_12)
FN:299,(anonymous_13)
FN:315,(anonymous_14)
FN:462,(anonymous_15)
FN:500,(anonymous_16)
FN:577,(anonymous_17)
FN:581,(anonymous_18)
FN:586,(anonymous_19)
FN:606,(anonymous_20)
FN:632,(anonymous_21)
FN:637,(anonymous_22)
FN:661,(anonymous_23)
FN:665,(anonymous_24)
FN:670,(anonymous_25)
FN:697,(anonymous_26)
FN:720,(anonymous_27)
FN:725,(anonymous_28)
FNF:29
FNH:14
FNDA:1,(anonymous_0)
FNDA:3,(anonymous_1)
FNDA:3,(anonymous_2)
FNDA:3,(anonymous_3)
FNDA:3,(anonymous_4)
FNDA:3,(anonymous_5)
FNDA:6,(anonymous_6)
FNDA:1,(anonymous_7)
FNDA:0,(anonymous_8)
FNDA:1,(anonymous_9)
FNDA:3,(anonymous_10)
FNDA:0,(anonymous_11)
FNDA:1,(anonymous_12)
FNDA:0,(anonymous_13)
FNDA:1,(anonymous_14)
FNDA:1,(anonymous_15)
FNDA:1,(anonymous_16)
FNDA:0,(anonymous_17)
FNDA:0,(anonymous_18)
FNDA:0,(anonymous_19)
FNDA:0,(anonymous_20)
FNDA:0,(anonymous_21)
FNDA:0,(anonymous_22)
FNDA:0,(anonymous_23)
FNDA:0,(anonymous_24)
FNDA:0,(anonymous_25)
FNDA:0,(anonymous_26)
FNDA:0,(anonymous_27)
FNDA:0,(anonymous_28)
DA:1,6
DA:2,6
DA:3,6
DA:4,6
DA:5,6
DA:18,6
DA:21,6
DA:22,1
DA:23,1
DA:24,1
DA:25,1
DA:27,1
DA:28,1
DA:29,1
DA:30,1
DA:31,1
DA:33,1
DA:45,1
DA:46,1
DA:48,0
DA:52,1
DA:61,0
DA:65,6
DA:70,3
DA:71,1
DA:72,0
DA:73,0
DA:79,3
DA:80,0
DA:81,0
DA:82,0
DA:87,3
DA:91,3
DA:97,3
DA:98,3
DA:99,3
DA:100,3
DA:102,3
DA:103,0
DA:105,3
DA:106,0
DA:108,3
DA:110,3
DA:112,3
DA:113,0
DA:119,3
DA:120,1
DA:123,3
DA:124,1
DA:127,3
DA:128,0
DA:131,3
DA:132,3
DA:133,0
DA:135,3
DA:138,3
DA:139,3
DA:159,6
DA:164,3
DA:166,0
DA:171,6
DA:172,1
DA:173,1
DA:185,1
DA:186,1
DA:187,1
DA:193,0
DA:197,6
DA:198,1
DA:199,1
DA:200,1
DA:202,1
DA:203,1
DA:204,0
DA:206,1
DA:207,1
DA:210,1
DA:211,1
DA:212,0
DA:214,1
DA:215,1
DA:218,1
DA:219,1
DA:220,0
DA:224,3
DA:225,1
DA:227,1
DA:228,0
DA:231,1
DA:232,1
DA:235,1
DA:236,0
DA:237,0
DA:240,1
DA:241,0
DA:244,1
DA:253,1
DA:258,0
DA:259,0
DA:264,6
DA:265,0
DA:266,0
DA:267,0
DA:268,0
DA:269,0
DA:271,0
DA:272,0
DA:273,0
DA:274,0
DA:278,6
DA:279,1
DA:280,1
DA:281,1
DA:285,1
DA:297,1
DA:299,1
DA:301,1
DA:302,1
DA:305,0
DA:311,0
DA:315,6
DA:316,1
DA:317,1
DA:318,1
DA:322,1
DA:323,1
DA:326,1
DA:327,1
DA:329,1
DA:330,0
DA:331,0
DA:332,0
DA:334,0
DA:335,0
DA:339,1
DA:340,0
DA:341,0
DA:342,0
DA:344,0
DA:345,0
DA:349,1
DA:350,0
DA:351,0
DA:352,0
DA:354,0
DA:355,0
DA:359,1
DA:360,1
DA:361,1
DA:362,1
DA:363,0
DA:365,1
DA:366,0
DA:370,1
DA:371,1
DA:372,1
DA:373,1
DA:374,0
DA:376,1
DA:377,1
DA:381,1
DA:382,1
DA:383,1
DA:384,1
DA:385,0
DA:388,1
DA:389,1
DA:390,0
DA:394,1
DA:395,0
DA:398,1
DA:399,1
DA:404,1
DA:405,0
DA:409,1
DA:410,1
DA:417,1
DA:432,1
DA:438,1
DA:439,0
DA:441,1
DA:442,0
DA:444,1
DA:445,1
DA:447,1
DA:448,1
DA:450,1
DA:451,1
DA:454,1
DA:456,0
DA:457,0
DA:462,6
DA:463,1
DA:464,1
DA:465,1
DA:466,1
DA:467,0
DA:470,1
DA:472,1
DA:473,1
DA:474,1
DA:476,1
DA:487,1
DA:496,0
DA:500,6
DA:501,1
DA:502,1
DA:503,1
DA:504,1
DA:505,1
DA:506,0
DA:509,1
DA:510,1
DA:511,1
DA:514,1
DA:515,1
DA:519,1
DA:520,1
DA:523,1
DA:524,0
DA:528,1
DA:540,1
DA:553,1
DA:554,1
DA:556,1
DA:565,0
DA:569,6
DA:577,0
DA:581,0
DA:587,0
DA:588,0
DA:589,0
DA:592,0
DA:593,0
DA:595,0
DA:596,0
DA:599,0
DA:601,0
DA:602,0
DA:603,0
DA:604,0
DA:605,0
DA:606,0
DA:608,0
DA:609,0
DA:611,0
DA:612,0
DA:615,0
DA:616,0
DA:617,0
DA:619,0
DA:622,0
DA:623,0
DA:632,0
DA:633,0
DA:637,0
DA:643,0
DA:644,0
DA:645,0
DA:646,0
DA:649,0
DA:650,0
DA:654,6
DA:661,0
DA:665,0
DA:671,0
DA:672,0
DA:673,0
DA:677,0
DA:678,0
DA:680,0
DA:681,0
DA:683,0
DA:684,0
DA:686,0
DA:687,0
DA:690,0
DA:692,0
DA:693,0
DA:694,0
DA:695,0
DA:696,0
DA:697,0
DA:699,0
DA:700,0
DA:703,0
DA:704,0
DA:705,0
DA:707,0
DA:710,0
DA:711,0
DA:720,0
DA:721,0
DA:725,0
DA:731,0
DA:732,0
DA:733,0
DA:734,0
DA:735,0
DA:738,0
DA:739,0
DA:742,6
LF:302
LH:164
BRDA:25,0,0,0
BRDA:25,0,1,1
BRDA:70,1,0,2
BRDA:70,1,1,1
BRDA:70,2,0,3
BRDA:70,2,1,1
BRDA:70,2,2,1
BRDA:71,3,0,1
BRDA:71,3,1,0
BRDA:71,4,0,1
BRDA:71,4,1,0
BRDA:71,4,2,0
BRDA:72,5,0,0
BRDA:72,5,1,0
BRDA:72,6,0,0
BRDA:72,6,1,0
BRDA:72,6,2,0
BRDA:79,7,0,3
BRDA:79,7,1,0
BRDA:79,8,0,3
BRDA:79,8,1,0
BRDA:79,8,2,0
BRDA:80,9,0,0
BRDA:80,9,1,0
BRDA:80,10,0,0
BRDA:80,10,1,0
BRDA:80,10,2,0
BRDA:81,11,0,0
BRDA:81,11,1,0
BRDA:81,12,0,0
BRDA:81,12,1,0
BRDA:81,12,2,0
BRDA:87,13,0,3
BRDA:87,13,1,0
BRDA:87,14,0,3
BRDA:87,14,1,0
BRDA:87,14,2,0
BRDA:91,15,0,3
BRDA:91,15,1,0
BRDA:91,16,0,3
BRDA:91,16,1,0
BRDA:91,16,2,0
BRDA:102,17,0,0
BRDA:102,17,1,3
BRDA:105,18,0,0
BRDA:105,18,1,3
BRDA:105,19,0,3
BRDA:105,19,1,3
BRDA:112,20,0,0
BRDA:112,20,1,3
BRDA:119,21,0,1
BRDA:119,21,1,2
BRDA:123,22,0,1
BRDA:123,22,1,2
BRDA:127,23,0,0
BRDA:127,23,1,3
BRDA:128,24,0,0
BRDA:128,24,1,0
BRDA:132,25,0,0
BRDA:132,25,1,3
BRDA:133,26,0,0
BRDA:133,26,1,0
BRDA:185,27,0,0
BRDA:185,27,1,1
BRDA:202,28,0,1
BRDA:202,28,1,0
BRDA:202,29,0,1
BRDA:202,29,1,1
BRDA:203,30,0,0
BRDA:203,30,1,1
BRDA:203,31,0,1
BRDA:203,31,1,1
BRDA:203,31,2,1
BRDA:210,32,0,1
BRDA:210,32,1,0
BRDA:210,33,0,1
BRDA:210,33,1,1
BRDA:211,34,0,0
BRDA:211,34,1,1
BRDA:211,35,0,1
BRDA:211,35,1,1
BRDA:218,36,0,1
BRDA:218,36,1,0
BRDA:218,37,0,1
BRDA:218,37,1,1
BRDA:219,38,0,0
BRDA:219,38,1,1
BRDA:219,39,0,1
BRDA:219,39,1,1
BRDA:227,40,0,0
BRDA:227,40,1,1
BRDA:227,41,0,1
BRDA:227,41,1,1
BRDA:227,41,2,1
BRDA:235,42,0,0
BRDA:235,42,1,1
BRDA:240,43,0,0
BRDA:240,43,1,1
BRDA:258,44,0,0
BRDA:258,44,1,0
BRDA:268,45,0,0
BRDA:268,45,1,0
BRDA:268,46,0,0
BRDA:268,46,1,0
BRDA:281,47,0,1
BRDA:281,47,1,0
BRDA:297,48,0,0
BRDA:297,48,1,1
BRDA:301,49,0,1
BRDA:301,49,1,0
BRDA:318,50,0,1
BRDA:318,50,1,0
BRDA:323,51,0,0
BRDA:323,51,1,1
BRDA:329,52,0,0
BRDA:329,52,1,1
BRDA:329,53,0,1
BRDA:329,53,1,0
BRDA:331,54,0,0
BRDA:331,54,1,0
BRDA:331,55,0,0
BRDA:331,55,1,0
BRDA:331,55,2,0
BRDA:334,56,0,0
BRDA:334,56,1,0
BRDA:339,57,0,0
BRDA:339,57,1,1
BRDA:339,58,0,1
BRDA:339,58,1,0
BRDA:341,59,0,0
BRDA:341,59,1,0
BRDA:341,60,0,0
BRDA:341,60,1,0
BRDA:344,61,0,0
BRDA:344,61,1,0
BRDA:349,62,0,0
BRDA:349,62,1,1
BRDA:349,63,0,1
BRDA:349,63,1,0
BRDA:351,64,0,0
BRDA:351,64,1,0
BRDA:351,65,0,0
BRDA:351,65,1,0
BRDA:354,66,0,0
BRDA:354,66,1,0
BRDA:359,67,0,1
BRDA:359,67,1,0
BRDA:359,68,0,1
BRDA:359,68,1,1
BRDA:362,69,0,0
BRDA:362,69,1,1
BRDA:365,70,0,0
BRDA:365,70,1,1
BRDA:370,71,0,1
BRDA:370,71,1,0
BRDA:370,72,0,1
BRDA:370,72,1,1
BRDA:373,73,0,0
BRDA:373,73,1,1
BRDA:376,74,0,1
BRDA:376,74,1,0
BRDA:381,75,0,1
BRDA:381,75,1,0
BRDA:381,76,0,1
BRDA:381,76,1,1
BRDA:384,77,0,0
BRDA:384,77,1,1
BRDA:388,78,0,1
BRDA:388,78,1,0
BRDA:389,79,0,0
BRDA:389,79,1,1
BRDA:394,80,0,0
BRDA:394,80,1,1
BRDA:394,81,0,1
BRDA:394,81,1,1
BRDA:398,82,0,1
BRDA:398,82,1,0
BRDA:404,83,0,0
BRDA:404,83,1,1
BRDA:409,84,0,1
BRDA:409,84,1,0
BRDA:438,85,0,0
BRDA:438,85,1,1
BRDA:441,86,0,0
BRDA:441,86,1,1
BRDA:444,87,0,1
BRDA:444,87,1,0
BRDA:447,88,0,1
BRDA:447,88,1,0
BRDA:450,89,0,1
BRDA:450,89,1,0
BRDA:456,90,0,0
BRDA:456,90,1,0
BRDA:465,91,0,0
BRDA:465,91,1,1
BRDA:466,92,0,0
BRDA:466,92,1,1
BRDA:466,93,0,1
BRDA:466,93,1,1
BRDA:466,93,2,1
BRDA:473,94,0,0
BRDA:473,94,1,1
BRDA:474,95,0,0
BRDA:474,95,1,1
BRDA:481,96,0,1
BRDA:481,96,1,0
BRDA:503,97,0,0
BRDA:503,97,1,1
BRDA:504,98,0,0
BRDA:504,98,1,1
BRDA:505,99,0,0
BRDA:505,99,1,1
BRDA:505,100,0,1
BRDA:505,100,1,1
BRDA:505,100,2,1
BRDA:510,101,0,0
BRDA:510,101,1,1
BRDA:511,102,0,0
BRDA:511,102,1,1
BRDA:515,103,0,0
BRDA:515,103,1,1
BRDA:520,104,0,0
BRDA:520,104,1,1
BRDA:523,105,0,0
BRDA:523,105,1,1
BRDA:534,106,0,1
BRDA:534,106,1,0
BRDA:546,107,0,1
BRDA:546,107,1,0
BRDA:577,108,0,0
BRDA:577,108,1,0
BRDA:577,109,0,0
BRDA:577,109,1,0
BRDA:577,109,2,0
BRDA:581,110,0,0
BRDA:581,110,1,0
BRDA:581,111,0,0
BRDA:581,111,1,0
BRDA:581,111,2,0
BRDA:588,112,0,0
BRDA:588,113,0,0
BRDA:592,114,0,0
BRDA:592,114,1,0
BRDA:595,115,0,0
BRDA:595,115,1,0
BRDA:595,116,0,0
BRDA:595,116,1,0
BRDA:602,117,0,0
BRDA:602,117,1,0
BRDA:603,118,0,0
BRDA:603,118,1,0
BRDA:604,119,0,0
BRDA:604,119,1,0
BRDA:608,120,0,0
BRDA:608,120,1,0
BRDA:608,121,0,0
BRDA:608,121,1,0
BRDA:609,122,0,0
BRDA:609,122,1,0
BRDA:611,123,0,0
BRDA:611,123,1,0
BRDA:611,124,0,0
BRDA:611,124,1,0
BRDA:616,125,0,0
BRDA:616,125,1,0
BRDA:617,126,0,0
BRDA:617,126,1,0
BRDA:643,127,0,0
BRDA:643,127,1,0
BRDA:644,128,0,0
BRDA:644,128,1,0
BRDA:645,129,0,0
BRDA:645,129,1,0
BRDA:661,130,0,0
BRDA:661,130,1,0
BRDA:661,131,0,0
BRDA:661,131,1,0
BRDA:661,131,2,0
BRDA:665,132,0,0
BRDA:665,132,1,0
BRDA:665,133,0,0
BRDA:665,133,1,0
BRDA:665,133,2,0
BRDA:673,134,0,0
BRDA:673,134,1,0
BRDA:678,135,0,0
BRDA:678,135,1,0
BRDA:680,136,0,0
BRDA:680,137,0,0
BRDA:683,138,0,0
BRDA:683,138,1,0
BRDA:686,139,0,0
BRDA:686,139,1,0
BRDA:686,140,0,0
BRDA:686,140,1,0
BRDA:693,141,0,0
BRDA:693,141,1,0
BRDA:694,142,0,0
BRDA:694,142,1,0
BRDA:695,143,0,0
BRDA:695,143,1,0
BRDA:699,144,0,0
BRDA:699,144,1,0
BRDA:699,145,0,0
BRDA:699,145,1,0
BRDA:700,146,0,0
BRDA:700,146,1,0
BRDA:704,147,0,0
BRDA:704,147,1,0
BRDA:705,148,0,0
BRDA:705,148,1,0
BRDA:731,149,0,0
BRDA:731,149,1,0
BRDA:732,150,0,0
BRDA:732,150,1,0
BRDA:733,151,0,0
BRDA:733,151,1,0
BRDA:733,152,0,0
BRDA:733,152,1,0
BRDA:734,153,0,0
BRDA:734,153,1,0
BRF:321
BRH:110
end_of_record
TN:
SF:tests\helpers.js
FN:5,(anonymous_0)
FN:32,(anonymous_1)
FNF:2
FNH:2
FNDA:80,(anonymous_0)
FNDA:44,(anonymous_1)
DA:1,6
DA:2,6
DA:3,6
DA:5,6
DA:6,80
DA:7,80
DA:8,80
DA:9,80
DA:10,80
DA:12,80
DA:23,80
DA:29,80
DA:32,6
DA:33,44
DA:34,44
DA:36,44
DA:40,44
DA:41,396
DA:44,44
DA:46,0
DA:50,6
LF:21
LH:20
BRDA:5,0,0,1
BRDA:5,1,0,80
BRDA:7,2,0,80
BRDA:7,2,1,80
BRDA:25,3,0,80
BRDA:25,3,1,0
BRF:6
BRH:5
end_of_record
