TN:
SF:index.js
FN:42,(anonymous_0)
FN:49,(anonymous_1)
FN:56,(anonymous_2)
FN:65,(anonymous_3)
FN:69,(anonymous_4)
FN:74,(anonymous_5)
FN:113,(anonymous_6)
FN:183,(anonymous_7)
FN:194,(anonymous_8)
FN:205,(anonymous_9)
FN:227,(anonymous_10)
FN:245,(anonymous_11)
FN:248,(anonymous_12)
FN:266,(anonymous_13)
FN:270,(anonymous_14)
FN:274,(anonymous_15)
FN:278,(anonymous_16)
FN:282,(anonymous_17)
FN:286,(anonymous_18)
FN:290,(anonymous_19)
FN:313,(anonymous_20)
FN:317,(anonymous_21)
FN:320,(anonymous_22)
FN:340,(anonymous_23)
FN:352,(anonymous_24)
FN:363,(anonymous_25)
FN:374,(anonymous_26)
FN:400,(anonymous_27)
FN:404,(anonymous_28)
FN:408,(anonymous_29)
FN:419,(anonymous_30)
FN:423,(anonymous_31)
FN:427,(anonymous_32)
FN:431,(anonymous_33)
FN:435,(anonymous_34)
FN:443,(anonymous_35)
FN:448,(anonymous_36)
FN:456,(anonymous_37)
FN:466,(anonymous_38)
FN:486,(anonymous_39)
FN:497,(anonymous_40)
FN:500,(anonymous_41)
FN:516,(anonymous_42)
FN:527,(anonymous_43)
FN:527,(anonymous_44)
FN:541,(anonymous_45)
FN:548,(anonymous_46)
FN:548,(anonymous_47)
FN:565,(anonymous_48)
FN:579,(anonymous_49)
FN:608,(anonymous_50)
FN:642,(anonymous_51)
FN:690,(anonymous_52)
FN:699,(anonymous_53)
FN:708,(anonymous_54)
FN:712,(anonymous_55)
FN:715,(anonymous_56)
FN:778,(anonymous_57)
FN:793,(anonymous_58)
FN:804,(anonymous_59)
FN:831,(anonymous_60)
FN:867,(anonymous_61)
FN:881,(anonymous_62)
FN:902,(anonymous_63)
FN:918,(anonymous_64)
FN:1069,(anonymous_65)
FN:1083,(anonymous_66)
FN:1084,(anonymous_67)
FN:1122,(anonymous_68)
FN:1160,(anonymous_69)
FN:1240,(anonymous_70)
FN:1286,(anonymous_71)
FN:1290,(anonymous_72)
FN:1293,(anonymous_73)
FN:1313,(anonymous_74)
FN:1322,(anonymous_75)
FN:1341,(anonymous_76)
FN:1347,(anonymous_77)
FN:1367,(anonymous_78)
FN:1371,(anonymous_79)
FN:1375,(anonymous_80)
FN:1405,(anonymous_81)
FN:1427,(anonymous_82)
FN:1446,(anonymous_83)
FN:1461,(anonymous_84)
FN:1511,(anonymous_85)
FN:1522,(anonymous_86)
FN:1569,(anonymous_87)
FN:1579,(anonymous_88)
FN:1603,(anonymous_89)
FN:1631,(anonymous_90)
FN:1641,(anonymous_91)
FN:1679,(anonymous_92)
FN:1750,(anonymous_93)
FN:1754,(anonymous_94)
FN:1757,(anonymous_95)
FN:1777,(anonymous_96)
FN:1793,(anonymous_97)
FN:1798,(anonymous_98)
FN:1822,(anonymous_99)
FN:1826,(anonymous_100)
FN:1829,(anonymous_101)
FN:1856,(anonymous_102)
FN:1872,(anonymous_103)
FN:1877,(anonymous_104)
FN:1896,(anonymous_105)
FN:1963,(anonymous_106)
FN:1976,(anonymous_107)
FN:1984,(anonymous_108)
FN:2039,(anonymous_109)
FN:2053,(anonymous_110)
FN:2082,(anonymous_111)
FN:2086,(anonymous_112)
FN:2089,(anonymous_113)
FN:2143,(anonymous_114)
FN:2145,(anonymous_115)
FN:2156,(anonymous_116)
FN:2157,(anonymous_117)
FN:2168,(anonymous_118)
FN:2174,(anonymous_119)
FN:2181,(anonymous_120)
FN:2189,(anonymous_121)
FN:2195,(anonymous_122)
FN:2216,(anonymous_123)
FN:2229,(anonymous_124)
FN:2248,(anonymous_125)
FN:2277,(anonymous_126)
FN:2290,(anonymous_127)
FN:2296,(anonymous_128)
FN:2310,(anonymous_129)
FN:2441,(anonymous_130)
FN:2445,(anonymous_131)
FN:2446,(anonymous_132)
FN:2525,(anonymous_133)
FN:2537,(anonymous_134)
FN:2564,(anonymous_135)
FN:2612,(anonymous_136)
FN:2649,(anonymous_137)
FN:2664,(anonymous_138)
FN:2684,(anonymous_139)
FN:2765,(anonymous_140)
FN:2797,(anonymous_141)
FN:2831,(anonymous_142)
FN:2879,(anonymous_143)
FN:2963,(anonymous_144)
FN:3009,(anonymous_145)
FN:3077,(anonymous_146)
FN:3081,(anonymous_147)
FN:3084,(anonymous_148)
FN:3137,(anonymous_149)
FN:3139,(anonymous_150)
FN:3144,(anonymous_151)
FN:3167,(anonymous_152)
FN:3206,(anonymous_153)
FN:3291,(anonymous_154)
FN:3343,(anonymous_155)
FN:3357,(anonymous_156)
FN:3369,(anonymous_157)
FN:3383,(anonymous_158)
FN:3387,(anonymous_159)
FNF:160
FNH:92
FNDA:1,(anonymous_0)
FNDA:58,(anonymous_1)
FNDA:58,(anonymous_2)
FNDA:1,(anonymous_3)
FNDA:1,(anonymous_4)
FNDA:1,(anonymous_5)
FNDA:1,(anonymous_6)
FNDA:4,(anonymous_7)
FNDA:4,(anonymous_8)
FNDA:4,(anonymous_9)
FNDA:4,(anonymous_10)
FNDA:7,(anonymous_11)
FNDA:1,(anonymous_12)
FNDA:3,(anonymous_13)
FNDA:3,(anonymous_14)
FNDA:3,(anonymous_15)
FNDA:3,(anonymous_16)
FNDA:3,(anonymous_17)
FNDA:3,(anonymous_18)
FNDA:3,(anonymous_19)
FNDA:3,(anonymous_20)
FNDA:3,(anonymous_21)
FNDA:0,(anonymous_22)
FNDA:6,(anonymous_23)
FNDA:6,(anonymous_24)
FNDA:6,(anonymous_25)
FNDA:6,(anonymous_26)
FNDA:1,(anonymous_27)
FNDA:1,(anonymous_28)
FNDA:1,(anonymous_29)
FNDA:1,(anonymous_30)
FNDA:1,(anonymous_31)
FNDA:1,(anonymous_32)
FNDA:1,(anonymous_33)
FNDA:1,(anonymous_34)
FNDA:0,(anonymous_35)
FNDA:0,(anonymous_36)
FNDA:0,(anonymous_37)
FNDA:0,(anonymous_38)
FNDA:0,(anonymous_39)
FNDA:180,(anonymous_40)
FNDA:36,(anonymous_41)
FNDA:4,(anonymous_42)
FNDA:42,(anonymous_43)
FNDA:15,(anonymous_44)
FNDA:6,(anonymous_45)
FNDA:42,(anonymous_46)
FNDA:9,(anonymous_47)
FNDA:2,(anonymous_48)
FNDA:0,(anonymous_49)
FNDA:1,(anonymous_50)
FNDA:1,(anonymous_51)
FNDA:3,(anonymous_52)
FNDA:3,(anonymous_53)
FNDA:3,(anonymous_54)
FNDA:3,(anonymous_55)
FNDA:3,(anonymous_56)
FNDA:1,(anonymous_57)
FNDA:0,(anonymous_58)
FNDA:1,(anonymous_59)
FNDA:3,(anonymous_60)
FNDA:0,(anonymous_61)
FNDA:1,(anonymous_62)
FNDA:0,(anonymous_63)
FNDA:1,(anonymous_64)
FNDA:3,(anonymous_65)
FNDA:0,(anonymous_66)
FNDA:1,(anonymous_67)
FNDA:4,(anonymous_68)
FNDA:1,(anonymous_69)
FNDA:0,(anonymous_70)
FNDA:2,(anonymous_71)
FNDA:2,(anonymous_72)
FNDA:2,(anonymous_73)
FNDA:0,(anonymous_74)
FNDA:0,(anonymous_75)
FNDA:3,(anonymous_76)
FNDA:0,(anonymous_77)
FNDA:0,(anonymous_78)
FNDA:0,(anonymous_79)
FNDA:0,(anonymous_80)
FNDA:0,(anonymous_81)
FNDA:1,(anonymous_82)
FNDA:0,(anonymous_83)
FNDA:2,(anonymous_84)
FNDA:0,(anonymous_85)
FNDA:0,(anonymous_86)
FNDA:0,(anonymous_87)
FNDA:0,(anonymous_88)
FNDA:0,(anonymous_89)
FNDA:0,(anonymous_90)
FNDA:1,(anonymous_91)
FNDA:1,(anonymous_92)
FNDA:0,(anonymous_93)
FNDA:0,(anonymous_94)
FNDA:0,(anonymous_95)
FNDA:0,(anonymous_96)
FNDA:0,(anonymous_97)
FNDA:0,(anonymous_98)
FNDA:0,(anonymous_99)
FNDA:0,(anonymous_100)
FNDA:0,(anonymous_101)
FNDA:0,(anonymous_102)
FNDA:0,(anonymous_103)
FNDA:0,(anonymous_104)
FNDA:2,(anonymous_105)
FNDA:0,(anonymous_106)
FNDA:4,(anonymous_107)
FNDA:7,(anonymous_108)
FNDA:1,(anonymous_109)
FNDA:1,(anonymous_110)
FNDA:3,(anonymous_111)
FNDA:3,(anonymous_112)
FNDA:3,(anonymous_113)
FNDA:2,(anonymous_114)
FNDA:1,(anonymous_115)
FNDA:0,(anonymous_116)
FNDA:0,(anonymous_117)
FNDA:0,(anonymous_118)
FNDA:0,(anonymous_119)
FNDA:0,(anonymous_120)
FNDA:4,(anonymous_121)
FNDA:4,(anonymous_122)
FNDA:2,(anonymous_123)
FNDA:0,(anonymous_124)
FNDA:0,(anonymous_125)
FNDA:0,(anonymous_126)
FNDA:0,(anonymous_127)
FNDA:0,(anonymous_128)
FNDA:3,(anonymous_129)
FNDA:0,(anonymous_130)
FNDA:0,(anonymous_131)
FNDA:0,(anonymous_132)
FNDA:0,(anonymous_133)
FNDA:2,(anonymous_134)
FNDA:1,(anonymous_135)
FNDA:0,(anonymous_136)
FNDA:1,(anonymous_137)
FNDA:0,(anonymous_138)
FNDA:0,(anonymous_139)
FNDA:0,(anonymous_140)
FNDA:0,(anonymous_141)
FNDA:4,(anonymous_142)
FNDA:0,(anonymous_143)
FNDA:0,(anonymous_144)
FNDA:6,(anonymous_145)
FNDA:1,(anonymous_146)
FNDA:1,(anonymous_147)
FNDA:1,(anonymous_148)
FNDA:0,(anonymous_149)
FNDA:0,(anonymous_150)
FNDA:1,(anonymous_151)
FNDA:0,(anonymous_152)
FNDA:1,(anonymous_153)
FNDA:2,(anonymous_154)
FNDA:0,(anonymous_155)
FNDA:0,(anonymous_156)
FNDA:0,(anonymous_157)
FNDA:0,(anonymous_158)
FNDA:0,(anonymous_159)
DA:6,6
DA:8,6
DA:9,6
DA:10,6
DA:11,6
DA:12,6
DA:13,6
DA:14,6
DA:15,6
DA:16,6
DA:17,6
DA:18,6
DA:20,6
DA:21,6
DA:24,6
DA:25,6
DA:26,0
DA:27,0
DA:31,6
DA:32,6
DA:33,6
DA:34,6
DA:41,6
DA:43,1
DA:44,1
DA:45,1
DA:46,1
DA:47,1
DA:50,58
DA:51,58
DA:53,0
DA:57,58
DA:58,58
DA:59,58
DA:60,58
DA:65,6
DA:66,1
DA:69,6
DA:70,1
DA:73,6
DA:75,1
DA:76,1
DA:79,1
DA:80,0
DA:81,0
DA:82,0
DA:83,0
DA:84,0
DA:85,0
DA:86,0
DA:90,1
DA:91,1
DA:96,1
DA:106,1
DA:107,1
DA:109,0
DA:110,0
DA:114,1
DA:115,1
DA:118,1
DA:119,0
DA:120,0
DA:121,0
DA:122,0
DA:123,0
DA:124,0
DA:125,0
DA:126,0
DA:130,1
DA:131,1
DA:137,1
DA:147,1
DA:148,1
DA:150,0
DA:151,0
DA:157,6
DA:158,6
DA:159,6
DA:160,6
DA:163,6
DA:184,4
DA:185,3
DA:186,0
DA:187,0
DA:189,3
DA:195,4
DA:196,1
DA:197,0
DA:198,0
DA:200,1
DA:206,4
DA:207,1
DA:208,0
DA:209,0
DA:210,0
DA:211,0
DA:212,0
DA:214,0
DA:216,1
DA:217,1
DA:218,1
DA:220,0
DA:222,0
DA:228,4
DA:229,3
DA:230,0
DA:246,7
DA:247,1
DA:248,1
DA:249,1
DA:250,0
DA:251,0
DA:253,1
DA:254,1
DA:256,0
DA:259,0
DA:266,3
DA:270,3
DA:274,3
DA:278,3
DA:282,3
DA:286,3
DA:291,3
DA:292,0
DA:293,0
DA:294,0
DA:295,0
DA:296,0
DA:297,0
DA:299,0
DA:301,0
DA:302,0
DA:303,0
DA:304,0
DA:306,0
DA:308,0
DA:313,3
DA:318,3
DA:319,0
DA:320,0
DA:321,0
DA:322,0
DA:323,0
DA:325,0
DA:326,0
DA:328,0
DA:331,0
DA:341,6
DA:342,6
DA:343,6
DA:345,0
DA:353,6
DA:354,0
DA:355,0
DA:356,0
DA:358,0
DA:364,6
DA:365,6
DA:366,0
DA:367,0
DA:369,6
DA:375,6
DA:376,0
DA:377,0
DA:378,0
DA:380,0
DA:381,0
DA:382,0
DA:384,0
DA:386,0
DA:387,0
DA:388,0
DA:389,0
DA:391,0
DA:393,0
DA:400,1
DA:404,1
DA:409,1
DA:410,0
DA:411,0
DA:412,0
DA:414,0
DA:419,1
DA:423,1
DA:427,1
DA:431,1
DA:435,1
DA:442,6
DA:444,0
DA:445,0
DA:446,0
DA:449,0
DA:450,0
DA:453,6
DA:457,0
DA:458,0
DA:459,0
DA:460,0
DA:465,6
DA:466,6
DA:467,0
DA:468,0
DA:469,0
DA:470,0
DA:471,0
DA:472,0
DA:475,0
DA:476,0
DA:477,0
DA:479,0
DA:486,6
DA:487,0
DA:488,0
DA:489,0
DA:490,0
DA:491,0
DA:493,0
DA:497,6
DA:498,180
DA:499,180
DA:500,180
DA:501,36
DA:502,36
DA:504,36
DA:505,36
DA:506,36
DA:507,1
DA:509,35
DA:511,0
DA:516,6
DA:517,4
DA:518,4
DA:519,4
DA:520,0
DA:522,0
DA:524,4
DA:527,42
DA:528,15
DA:529,15
DA:530,15
DA:531,15
DA:533,0
DA:534,0
DA:536,0
DA:541,6
DA:542,6
DA:543,0
DA:544,0
DA:545,0
DA:548,42
DA:549,9
DA:550,9
DA:551,9
DA:553,0
DA:554,0
DA:556,0
DA:565,6
DA:566,2
DA:567,2
DA:568,2
DA:569,2
DA:570,1
DA:572,1
DA:573,1
DA:574,1
DA:575,0
DA:579,6
DA:580,0
DA:581,0
DA:582,0
DA:585,0
DA:586,0
DA:589,0
DA:590,0
DA:594,0
DA:595,0
DA:598,0
DA:599,0
DA:603,0
DA:604,0
DA:608,6
DA:609,1
DA:610,1
DA:611,1
DA:612,1
DA:614,0
DA:616,1
DA:617,1
DA:619,1
DA:625,1
DA:626,1
DA:628,0
DA:633,1
DA:634,0
DA:642,6
DA:643,1
DA:644,1
DA:645,1
DA:646,1
DA:648,1
DA:649,1
DA:650,1
DA:651,1
DA:652,1
DA:654,1
DA:666,1
DA:667,1
DA:669,0
DA:673,1
DA:682,0
DA:686,6
DA:691,3
DA:692,1
DA:693,0
DA:694,0
DA:700,3
DA:701,0
DA:702,0
DA:703,0
DA:708,3
DA:712,3
DA:716,3
DA:717,3
DA:718,3
DA:719,3
DA:721,3
DA:722,0
DA:724,3
DA:725,0
DA:727,3
DA:729,3
DA:731,3
DA:732,0
DA:738,3
DA:739,1
DA:742,3
DA:743,1
DA:746,3
DA:747,0
DA:750,3
DA:751,3
DA:771,3
DA:773,0
DA:778,6
DA:779,1
DA:780,1
DA:792,1
DA:793,1
DA:794,1
DA:800,0
DA:804,6
DA:805,1
DA:806,1
DA:807,1
DA:809,1
DA:810,1
DA:811,0
DA:813,1
DA:814,1
DA:817,1
DA:818,1
DA:819,0
DA:821,1
DA:822,1
DA:825,1
DA:826,1
DA:827,0
DA:831,3
DA:832,1
DA:834,1
DA:835,0
DA:838,1
DA:839,1
DA:842,1
DA:843,0
DA:844,0
DA:847,1
DA:848,0
DA:851,1
DA:859,1
DA:861,0
DA:862,0
DA:867,6
DA:868,0
DA:869,0
DA:870,0
DA:871,0
DA:872,0
DA:874,0
DA:875,0
DA:876,0
DA:877,0
DA:881,6
DA:882,1
DA:883,1
DA:884,1
DA:888,1
DA:900,1
DA:902,1
DA:904,1
DA:905,1
DA:908,0
DA:914,0
DA:918,6
DA:919,1
DA:920,1
DA:921,1
DA:925,1
DA:926,1
DA:929,1
DA:930,1
DA:932,1
DA:933,0
DA:934,0
DA:935,0
DA:937,0
DA:938,0
DA:942,1
DA:943,0
DA:944,0
DA:945,0
DA:947,0
DA:948,0
DA:952,1
DA:953,0
DA:954,0
DA:955,0
DA:957,0
DA:958,0
DA:962,1
DA:963,1
DA:964,1
DA:965,1
DA:966,0
DA:968,1
DA:969,0
DA:973,1
DA:974,1
DA:975,1
DA:976,1
DA:977,0
DA:979,1
DA:980,1
DA:984,1
DA:985,1
DA:986,1
DA:987,1
DA:988,0
DA:991,1
DA:992,1
DA:993,0
DA:997,1
DA:998,0
DA:1001,1
DA:1002,1
DA:1007,1
DA:1008,0
DA:1012,1
DA:1013,1
DA:1020,1
DA:1035,1
DA:1041,1
DA:1042,0
DA:1044,1
DA:1045,0
DA:1047,1
DA:1048,1
DA:1050,1
DA:1051,1
DA:1053,1
DA:1054,1
DA:1057,1
DA:1059,0
DA:1060,0
DA:1069,6
DA:1070,3
DA:1071,3
DA:1073,3
DA:1075,3
DA:1082,3
DA:1083,1
DA:1084,1
DA:1085,1
DA:1089,2
DA:1090,2
DA:1093,2
DA:1094,0
DA:1098,2
DA:1099,0
DA:1102,0
DA:1103,0
DA:1108,2
DA:1109,1
DA:1113,1
DA:1114,1
DA:1118,1
DA:1122,6
DA:1123,4
DA:1124,4
DA:1126,4
DA:1127,4
DA:1131,4
DA:1132,3
DA:1134,3
DA:1136,1
DA:1137,1
DA:1140,1
DA:1142,1
DA:1144,1
DA:1158,1
DA:1159,1
DA:1160,1
DA:1164,1
DA:1165,1
DA:1166,1
DA:1167,0
DA:1178,1
DA:1179,1
DA:1185,1
DA:1186,1
DA:1197,1
DA:1198,1
DA:1199,0
DA:1202,1
DA:1203,0
DA:1205,1
DA:1206,0
DA:1211,1
DA:1212,1
DA:1213,0
DA:1214,0
DA:1215,0
DA:1216,0
DA:1219,0
DA:1223,1
DA:1224,1
DA:1226,1
DA:1238,1
DA:1239,0
DA:1240,0
DA:1245,1
DA:1250,1
DA:1251,1
DA:1262,0
DA:1265,2
DA:1266,2
DA:1268,0
DA:1269,0
DA:1271,0
DA:1276,6
DA:1286,2
DA:1290,2
DA:1294,2
DA:1295,2
DA:1296,2
DA:1299,2
DA:1300,0
DA:1302,2
DA:1303,0
DA:1306,2
DA:1308,2
DA:1309,2
DA:1310,0
DA:1313,0
DA:1315,2
DA:1316,0
DA:1317,0
DA:1319,2
DA:1320,2
DA:1321,0
DA:1322,0
DA:1324,2
DA:1325,2
DA:1326,2
DA:1327,0
DA:1330,2
DA:1331,2
DA:1341,2
DA:1342,3
DA:1347,0
DA:1353,3
DA:1354,3
DA:1355,3
DA:1356,3
DA:1357,3
DA:1360,2
DA:1361,0
DA:1365,6
DA:1367,0
DA:1371,0
DA:1376,0
DA:1377,0
DA:1378,0
DA:1380,0
DA:1381,0
DA:1383,0
DA:1384,0
DA:1387,0
DA:1389,0
DA:1390,0
DA:1391,0
DA:1394,0
DA:1395,0
DA:1405,0
DA:1406,0
DA:1418,0
DA:1419,0
DA:1422,0
DA:1423,0
DA:1427,6
DA:1428,1
DA:1429,1
DA:1430,1
DA:1431,1
DA:1439,1
DA:1441,1
DA:1446,0
DA:1452,1
DA:1453,1
DA:1454,1
DA:1456,1
DA:1457,0
DA:1461,6
DA:1462,2
DA:1463,2
DA:1464,2
DA:1466,2
DA:1467,2
DA:1468,2
DA:1472,2
DA:1475,2
DA:1477,1
DA:1481,1
DA:1483,1
DA:1490,2
DA:1491,2
DA:1492,1
DA:1493,1
DA:1494,1
DA:1495,1
DA:1496,1
DA:1500,2
DA:1505,2
DA:1511,0
DA:1518,0
DA:1522,6
DA:1523,0
DA:1524,0
DA:1525,0
DA:1527,0
DA:1528,0
DA:1530,0
DA:1538,0
DA:1541,0
DA:1542,0
DA:1546,0
DA:1547,0
DA:1550,0
DA:1551,0
DA:1558,0
DA:1563,0
DA:1569,0
DA:1575,0
DA:1579,6
DA:1580,0
DA:1581,0
DA:1582,0
DA:1584,0
DA:1585,0
DA:1587,0
DA:1595,0
DA:1598,0
DA:1599,0
DA:1603,0
DA:1604,0
DA:1605,0
DA:1606,0
DA:1609,0
DA:1610,0
DA:1617,0
DA:1625,0
DA:1631,0
DA:1637,0
DA:1641,6
DA:1642,1
DA:1643,1
DA:1644,1
DA:1645,1
DA:1646,0
DA:1649,1
DA:1651,1
DA:1652,1
DA:1653,1
DA:1655,1
DA:1666,1
DA:1675,0
DA:1679,6
DA:1680,1
DA:1681,1
DA:1682,1
DA:1683,1
DA:1684,1
DA:1685,0
DA:1688,1
DA:1689,1
DA:1690,1
DA:1693,1
DA:1694,1
DA:1698,1
DA:1699,1
DA:1702,1
DA:1714,1
DA:1727,1
DA:1728,1
DA:1730,1
DA:1739,0
DA:1743,6
DA:1750,0
DA:1754,0
DA:1758,0
DA:1759,0
DA:1760,0
DA:1763,0
DA:1764,0
DA:1766,0
DA:1767,0
DA:1770,0
DA:1772,0
DA:1773,0
DA:1774,0
DA:1775,0
DA:1776,0
DA:1777,0
DA:1779,0
DA:1780,0
DA:1783,0
DA:1784,0
DA:1793,0
DA:1794,0
DA:1798,0
DA:1804,0
DA:1805,0
DA:1806,0
DA:1807,0
DA:1810,0
DA:1811,0
DA:1815,6
DA:1822,0
DA:1826,0
DA:1830,0
DA:1831,0
DA:1832,0
DA:1836,0
DA:1837,0
DA:1839,0
DA:1840,0
DA:1842,0
DA:1843,0
DA:1845,0
DA:1846,0
DA:1849,0
DA:1851,0
DA:1852,0
DA:1853,0
DA:1854,0
DA:1855,0
DA:1856,0
DA:1858,0
DA:1859,0
DA:1862,0
DA:1863,0
DA:1872,0
DA:1873,0
DA:1877,0
DA:1883,0
DA:1884,0
DA:1885,0
DA:1886,0
DA:1887,0
DA:1890,0
DA:1891,0
DA:1896,6
DA:1897,2
DA:1898,2
DA:1899,2
DA:1901,2
DA:1902,2
DA:1903,2
DA:1907,2
DA:1908,2
DA:1911,2
DA:1912,0
DA:1916,2
DA:1917,1
DA:1918,0
DA:1920,1
DA:1921,0
DA:1924,1
DA:1928,1
DA:1930,1
DA:1932,1
DA:1937,0
DA:1940,2
DA:1945,2
DA:1947,2
DA:1957,2
DA:1958,1
DA:1959,1
DA:1960,1
DA:1961,1
DA:1962,1
DA:1963,1
DA:1964,1
DA:1967,2
DA:1968,0
DA:1976,6
DA:1977,4
DA:1980,4
DA:1984,6
DA:1985,7
DA:1986,7
DA:1989,7
DA:1990,7
DA:1993,7
DA:1994,0
DA:1997,7
DA:1998,7
DA:2001,7
DA:2002,7
DA:2004,7
DA:2005,7
DA:2006,7
DA:2007,7
DA:2008,1
DA:2011,0
DA:2015,6
DA:2016,6
DA:2018,6
DA:2020,1
DA:2025,1
DA:2026,0
DA:2030,6
DA:2039,1
DA:2053,6
DA:2059,6
DA:2065,0
DA:2069,6
DA:2082,3
DA:2086,3
DA:2090,3
DA:2091,3
DA:2093,3
DA:2095,3
DA:2096,3
DA:2099,3
DA:2100,0
DA:2102,3
DA:2103,0
DA:2106,3
DA:2107,3
DA:2109,3
DA:2110,3
DA:2111,3
DA:2112,3
DA:2113,3
DA:2115,3
DA:2117,3
DA:2118,3
DA:2119,0
DA:2120,0
DA:2124,3
DA:2128,3
DA:2140,3
DA:2141,1
DA:2142,1
DA:2143,1
DA:2145,2
DA:2147,1
DA:2148,1
DA:2150,2
DA:2155,3
DA:2156,0
DA:2157,0
DA:2158,0
DA:2159,0
DA:2165,3
DA:2166,0
DA:2167,0
DA:2168,0
DA:2171,3
DA:2172,0
DA:2173,0
DA:2174,0
DA:2179,3
DA:2180,0
DA:2181,0
DA:2182,0
DA:2183,0
DA:2188,3
DA:2189,4
DA:2192,3
DA:2193,3
DA:2195,3
DA:2196,4
DA:2201,4
DA:2202,0
DA:2203,0
DA:2204,0
DA:2208,4
DA:2211,4
DA:2213,4
DA:2214,0
DA:2216,4
DA:2218,2
DA:2219,2
DA:2222,0
DA:2226,4
DA:2227,4
DA:2228,4
DA:2229,0
DA:2231,0
DA:2232,0
DA:2235,4
DA:2238,0
DA:2240,4
DA:2243,3
DA:2244,0
DA:2248,6
DA:2249,0
DA:2250,0
DA:2251,0
DA:2252,0
DA:2260,0
DA:2263,0
DA:2264,0
DA:2265,0
DA:2266,0
DA:2269,0
DA:2270,0
DA:2272,0
DA:2273,0
DA:2274,0
DA:2277,0
DA:2279,0
DA:2285,0
DA:2286,0
DA:2287,0
DA:2288,0
DA:2289,0
DA:2290,0
DA:2292,0
DA:2294,0
DA:2295,0
DA:2296,0
DA:2297,0
DA:2298,0
DA:2301,0
DA:2305,0
DA:2306,0
DA:2310,6
DA:2311,3
DA:2312,3
DA:2313,3
DA:2316,3
DA:2320,3
DA:2323,3
DA:2324,3
DA:2326,3
DA:2329,3
DA:2330,3
DA:2331,3
DA:2332,0
DA:2335,3
DA:2336,0
DA:2341,3
DA:2342,0
DA:2343,0
DA:2344,0
DA:2345,0
DA:2346,0
DA:2347,0
DA:2348,0
DA:2351,0
DA:2353,0
DA:2354,0
DA:2355,0
DA:2356,0
DA:2362,3
DA:2363,3
DA:2365,0
DA:2366,0
DA:2368,0
DA:2372,3
DA:2373,0
DA:2374,0
DA:2376,0
DA:2377,0
DA:2381,3
DA:2383,3
DA:2384,0
DA:2385,0
DA:2386,0
DA:2387,0
DA:2393,3
DA:2394,0
DA:2398,3
DA:2399,0
DA:2400,0
DA:2405,3
DA:2406,0
DA:2407,0
DA:2408,0
DA:2409,0
DA:2411,0
DA:2412,0
DA:2413,0
DA:2417,3
DA:2418,0
DA:2422,3
DA:2424,0
DA:2425,0
DA:2426,0
DA:2431,0
DA:2432,0
DA:2437,0
DA:2441,0
DA:2442,0
DA:2445,0
DA:2446,0
DA:2449,0
DA:2451,0
DA:2452,0
DA:2461,0
DA:2463,0
DA:2464,0
DA:2465,0
DA:2471,0
DA:2472,0
DA:2481,3
DA:2482,3
DA:2483,3
DA:2484,3
DA:2485,3
DA:2486,3
DA:2487,3
DA:2488,3
DA:2489,3
DA:2490,3
DA:2492,3
DA:2507,3
DA:2514,3
DA:2515,3
DA:2516,3
DA:2517,3
DA:2518,3
DA:2519,3
DA:2520,3
DA:2521,0
DA:2522,0
DA:2524,3
DA:2525,0
DA:2532,3
DA:2533,0
DA:2537,6
DA:2538,2
DA:2539,2
DA:2540,2
DA:2541,2
DA:2543,2
DA:2546,2
DA:2547,1
DA:2551,1
DA:2552,1
DA:2554,1
DA:2555,1
DA:2556,1
DA:2558,1
DA:2559,1
DA:2560,0
DA:2564,6
DA:2565,1
DA:2567,1
DA:2568,1
DA:2571,1
DA:2581,1
DA:2584,1
DA:2587,1
DA:2588,1
DA:2590,1
DA:2591,1
DA:2592,1
DA:2593,0
DA:2597,1
DA:2600,1
DA:2601,0
DA:2605,1
DA:2609,1
DA:2612,1
DA:2613,0
DA:2616,1
DA:2619,1
DA:2622,1
DA:2627,1
DA:2640,1
DA:2649,1
DA:2656,0
DA:2657,0
DA:2659,0
DA:2664,6
DA:2665,0
DA:2666,0
DA:2667,0
DA:2668,0
DA:2669,0
DA:2671,0
DA:2674,0
DA:2676,0
DA:2679,0
DA:2680,0
DA:2684,6
DA:2685,0
DA:2686,0
DA:2687,0
DA:2690,0
DA:2694,0
DA:2697,0
DA:2698,0
DA:2702,0
DA:2703,0
DA:2707,0
DA:2708,0
DA:2710,0
DA:2711,0
DA:2712,0
DA:2713,0
DA:2714,0
DA:2718,0
DA:2719,0
DA:2720,0
DA:2722,0
DA:2723,0
DA:2727,0
DA:2733,0
DA:2734,0
DA:2737,0
DA:2738,0
DA:2741,0
DA:2744,0
DA:2746,0
DA:2748,0
DA:2756,0
DA:2757,0
DA:2759,0
DA:2765,6
DA:2766,0
DA:2767,0
DA:2768,0
DA:2771,0
DA:2772,0
DA:2775,0
DA:2776,0
DA:2778,0
DA:2781,0
DA:2784,0
DA:2787,0
DA:2789,0
DA:2792,0
DA:2793,0
DA:2797,6
DA:2798,0
DA:2799,0
DA:2800,0
DA:2801,0
DA:2802,0
DA:2805,0
DA:2806,0
DA:2809,0
DA:2810,0
DA:2812,0
DA:2813,0
DA:2814,0
DA:2815,0
DA:2818,0
DA:2821,0
DA:2823,0
DA:2826,0
DA:2827,0
DA:2831,6
DA:2832,4
DA:2833,4
DA:2834,4
DA:2836,4
DA:2840,4
DA:2843,4
DA:2844,1
DA:2848,3
DA:2849,1
DA:2856,2
DA:2859,2
DA:2861,1
DA:2862,1
DA:2864,1
DA:2866,1
DA:2868,1
DA:2875,0
DA:2879,6
DA:2880,0
DA:2881,0
DA:2882,0
DA:2885,0
DA:2886,0
DA:2887,0
DA:2890,0
DA:2894,0
DA:2897,0
DA:2898,0
DA:2900,0
DA:2901,0
DA:2902,0
DA:2903,0
DA:2904,0
DA:2907,0
DA:2910,0
DA:2911,0
DA:2912,0
DA:2913,0
DA:2916,0
DA:2917,0
DA:2918,0
DA:2930,0
DA:2935,0
DA:2946,0
DA:2951,0
DA:2955,0
DA:2956,0
DA:2959,0
DA:2960,0
DA:2963,0
DA:2964,0
DA:2966,0
DA:2967,0
DA:2970,0
DA:2982,0
DA:2987,0
DA:2992,0
DA:3001,0
DA:3009,6
DA:3010,6
DA:3012,6
DA:3013,6
DA:3016,6
DA:3017,6
DA:3019,0
DA:3022,6
DA:3023,6
DA:3024,0
DA:3029,6
DA:3030,6
DA:3032,0
DA:3033,0
DA:3035,0
DA:3038,6
DA:3040,6
DA:3041,6
DA:3044,6
DA:3046,5
DA:3056,5
DA:3067,0
DA:3071,6
DA:3077,1
DA:3081,1
DA:3085,1
DA:3086,1
DA:3088,1
DA:3090,1
DA:3092,1
DA:3093,0
DA:3095,1
DA:3096,0
DA:3099,1
DA:3100,1
DA:3102,1
DA:3103,1
DA:3104,1
DA:3106,1
DA:3109,1
DA:3111,1
DA:3112,0
DA:3114,1
DA:3115,0
DA:3119,0
DA:3120,0
DA:3123,1
DA:3124,1
DA:3136,1
DA:3137,0
DA:3138,0
DA:3139,0
DA:3140,0
DA:3144,1
DA:3145,1
DA:3154,1
DA:3155,1
DA:3160,1
DA:3162,1
DA:3163,0
DA:3167,6
DA:3168,0
DA:3169,0
DA:3170,0
DA:3171,0
DA:3174,0
DA:3176,0
DA:3178,0
DA:3179,0
DA:3181,0
DA:3184,0
DA:3185,0
DA:3188,0
DA:3199,0
DA:3201,0
DA:3202,0
DA:3206,6
DA:3207,1
DA:3208,1
DA:3210,1
DA:3211,0
DA:3214,1
DA:3215,1
DA:3219,1
DA:3220,1
DA:3222,0
DA:3223,0
DA:3225,0
DA:3228,1
DA:3231,1
DA:3232,0
DA:3233,0
DA:3235,0
DA:3236,0
DA:3237,0
DA:3240,1
DA:3241,0
DA:3242,0
DA:3243,0
DA:3244,0
DA:3250,1
DA:3251,0
DA:3254,1
DA:3255,1
DA:3256,1
DA:3257,1
DA:3258,1
DA:3259,1
DA:3260,1
DA:3261,1
DA:3262,1
DA:3264,1
DA:3270,1
DA:3277,1
DA:3278,0
DA:3282,1
DA:3283,0
DA:3286,1
DA:3287,0
DA:3291,6
DA:3292,2
DA:3293,2
DA:3294,2
DA:3295,0
DA:3297,2
DA:3299,2
DA:3302,2
DA:3303,2
DA:3304,1
DA:3307,1
DA:3308,1
DA:3309,0
DA:3316,6
DA:3319,6
DA:3322,6
DA:3325,6
DA:3328,6
DA:3331,6
DA:3334,6
DA:3337,6
DA:3343,6
DA:3344,0
DA:3346,0
DA:3347,0
DA:3350,0
DA:3351,0
DA:3354,0
DA:3357,6
DA:3358,0
DA:3366,6
DA:3368,6
DA:3369,0
DA:3370,0
DA:3371,0
DA:3372,0
DA:3373,0
DA:3375,0
DA:3376,0
DA:3377,0
DA:3378,0
DA:3380,0
DA:3383,0
DA:3384,0
DA:3387,0
DA:3388,0
DA:3389,0
LF:1412
LH:733
BRDA:25,0,0,0
BRDA:25,0,1,6
BRDA:57,1,0,0
BRDA:57,1,1,58
BRDA:59,2,0,0
BRDA:59,2,1,58
BRDA:59,3,0,58
BRDA:59,3,1,58
BRDA:66,4,0,1
BRDA:66,4,1,1
BRDA:66,4,2,1
BRDA:66,4,3,1
BRDA:70,5,0,1
BRDA:70,5,1,1
BRDA:70,5,2,1
BRDA:70,5,3,1
BRDA:75,6,0,1
BRDA:75,6,1,1
BRDA:79,7,0,0
BRDA:79,7,1,1
BRDA:114,8,0,1
BRDA:114,8,1,1
BRDA:118,9,0,0
BRDA:118,9,1,1
BRDA:184,10,0,1
BRDA:184,10,1,3
BRDA:184,11,0,4
BRDA:184,11,1,3
BRDA:185,12,0,0
BRDA:185,12,1,3
BRDA:187,13,0,0
BRDA:187,13,1,0
BRDA:195,14,0,3
BRDA:195,14,1,1
BRDA:195,15,0,4
BRDA:195,15,1,1
BRDA:196,16,0,0
BRDA:196,16,1,1
BRDA:198,17,0,0
BRDA:198,17,1,0
BRDA:206,18,0,3
BRDA:206,18,1,1
BRDA:206,19,0,4
BRDA:206,19,1,1
BRDA:207,20,0,0
BRDA:207,20,1,1
BRDA:209,21,0,0
BRDA:209,21,1,0
BRDA:211,22,0,0
BRDA:211,22,1,0
BRDA:211,23,0,0
BRDA:211,23,1,0
BRDA:216,24,0,1
BRDA:216,24,1,0
BRDA:217,25,0,1
BRDA:217,25,1,0
BRDA:217,26,0,1
BRDA:217,26,1,1
BRDA:228,27,0,1
BRDA:228,27,1,3
BRDA:228,28,0,4
BRDA:228,28,1,4
BRDA:229,29,0,3
BRDA:229,29,1,0
BRDA:246,30,0,6
BRDA:246,30,1,1
BRDA:246,31,0,7
BRDA:246,31,1,1
BRDA:247,32,0,1
BRDA:247,32,1,0
BRDA:249,33,0,0
BRDA:249,33,1,1
BRDA:251,34,0,0
BRDA:251,34,1,0
BRDA:251,35,0,0
BRDA:251,35,1,0
BRDA:253,36,0,1
BRDA:253,36,1,0
BRDA:254,37,0,1
BRDA:254,37,1,0
BRDA:254,38,0,1
BRDA:254,38,1,1
BRDA:266,39,0,0
BRDA:266,39,1,3
BRDA:270,40,0,0
BRDA:270,40,1,3
BRDA:274,41,0,0
BRDA:274,41,1,3
BRDA:278,42,0,0
BRDA:278,42,1,3
BRDA:282,43,0,0
BRDA:282,43,1,3
BRDA:286,44,0,0
BRDA:286,44,1,3
BRDA:291,45,0,3
BRDA:291,45,1,0
BRDA:291,46,0,3
BRDA:291,46,1,0
BRDA:292,47,0,0
BRDA:292,47,1,0
BRDA:295,48,0,0
BRDA:295,48,1,0
BRDA:295,49,0,0
BRDA:295,49,1,0
BRDA:297,50,0,0
BRDA:297,50,1,0
BRDA:301,51,0,0
BRDA:301,51,1,0
BRDA:302,52,0,0
BRDA:302,52,1,0
BRDA:302,53,0,0
BRDA:302,53,1,0
BRDA:304,54,0,0
BRDA:304,54,1,0
BRDA:313,55,0,0
BRDA:313,55,1,3
BRDA:318,56,0,3
BRDA:318,56,1,0
BRDA:318,57,0,3
BRDA:318,57,1,0
BRDA:319,58,0,0
BRDA:319,58,1,0
BRDA:321,59,0,0
BRDA:321,59,1,0
BRDA:323,60,0,0
BRDA:323,60,1,0
BRDA:323,61,0,0
BRDA:323,61,1,0
BRDA:325,62,0,0
BRDA:325,62,1,0
BRDA:326,63,0,0
BRDA:326,63,1,0
BRDA:326,64,0,0
BRDA:326,64,1,0
BRDA:341,65,0,6
BRDA:341,65,1,0
BRDA:342,66,0,0
BRDA:342,66,1,6
BRDA:342,67,0,6
BRDA:342,67,1,6
BRDA:343,68,0,6
BRDA:343,68,1,0
BRDA:353,69,0,6
BRDA:353,69,1,0
BRDA:353,70,0,6
BRDA:353,70,1,0
BRDA:354,71,0,0
BRDA:354,71,1,0
BRDA:356,72,0,0
BRDA:356,72,1,0
BRDA:364,73,0,0
BRDA:364,73,1,6
BRDA:364,74,0,6
BRDA:364,74,1,6
BRDA:365,75,0,0
BRDA:365,75,1,6
BRDA:367,76,0,0
BRDA:367,76,1,0
BRDA:375,77,0,6
BRDA:375,77,1,0
BRDA:375,78,0,6
BRDA:375,78,1,0
BRDA:376,79,0,0
BRDA:376,79,1,0
BRDA:380,80,0,0
BRDA:380,80,1,0
BRDA:380,81,0,0
BRDA:380,81,1,0
BRDA:382,82,0,0
BRDA:382,82,1,0
BRDA:386,83,0,0
BRDA:386,83,1,0
BRDA:387,84,0,0
BRDA:387,84,1,0
BRDA:387,85,0,0
BRDA:387,85,1,0
BRDA:389,86,0,0
BRDA:389,86,1,0
BRDA:400,87,0,0
BRDA:400,87,1,1
BRDA:400,88,0,1
BRDA:400,88,1,1
BRDA:404,89,0,1
BRDA:404,89,1,0
BRDA:404,90,0,1
BRDA:404,90,1,1
BRDA:409,91,0,1
BRDA:409,91,1,0
BRDA:409,92,0,1
BRDA:409,92,1,1
BRDA:410,93,0,0
BRDA:410,93,1,0
BRDA:411,94,0,0
BRDA:411,94,1,0
BRDA:411,95,0,0
BRDA:411,95,1,0
BRDA:412,96,0,0
BRDA:412,96,1,0
BRDA:419,97,0,1
BRDA:419,97,1,0
BRDA:419,98,0,1
BRDA:419,98,1,1
BRDA:423,99,0,1
BRDA:423,99,1,0
BRDA:423,100,0,1
BRDA:423,100,1,1
BRDA:427,101,0,1
BRDA:427,101,1,0
BRDA:427,102,0,1
BRDA:427,102,1,1
BRDA:431,103,0,1
BRDA:431,103,1,0
BRDA:431,104,0,1
BRDA:431,104,1,1
BRDA:435,105,0,1
BRDA:435,105,1,0
BRDA:435,106,0,1
BRDA:435,106,1,1
BRDA:445,107,0,0
BRDA:445,107,1,0
BRDA:460,108,0,0
BRDA:460,108,1,0
BRDA:460,109,0,0
BRDA:460,109,1,0
BRDA:460,110,0,0
BRDA:460,110,1,0
BRDA:467,111,0,0
BRDA:467,111,1,0
BRDA:469,112,0,0
BRDA:469,112,1,0
BRDA:471,113,0,0
BRDA:471,113,1,0
BRDA:477,114,0,0
BRDA:477,114,1,0
BRDA:488,115,0,0
BRDA:488,115,1,0
BRDA:502,116,0,0
BRDA:502,116,1,36
BRDA:506,117,0,1
BRDA:506,117,1,35
BRDA:518,118,0,4
BRDA:518,118,1,0
BRDA:529,119,0,15
BRDA:529,119,1,0
BRDA:529,120,0,15
BRDA:529,120,1,15
BRDA:533,121,0,0
BRDA:533,121,1,0
BRDA:542,122,0,6
BRDA:542,122,1,0
BRDA:543,123,0,0
BRDA:543,123,1,0
BRDA:543,124,0,0
BRDA:543,124,1,0
BRDA:543,124,2,0
BRDA:544,125,0,0
BRDA:544,125,1,0
BRDA:544,126,0,0
BRDA:544,126,1,0
BRDA:544,126,2,0
BRDA:553,127,0,0
BRDA:553,127,1,0
BRDA:569,128,0,1
BRDA:569,128,1,1
BRDA:569,129,0,2
BRDA:569,129,1,2
BRDA:586,130,0,0
BRDA:586,130,1,0
BRDA:589,131,0,0
BRDA:589,131,1,0
BRDA:589,132,0,0
BRDA:589,132,1,0
BRDA:594,133,0,0
BRDA:594,133,1,0
BRDA:612,134,0,0
BRDA:612,134,1,1
BRDA:646,135,0,0
BRDA:646,135,1,1
BRDA:691,136,0,2
BRDA:691,136,1,1
BRDA:691,137,0,3
BRDA:691,137,1,1
BRDA:691,137,2,1
BRDA:692,138,0,1
BRDA:692,138,1,0
BRDA:692,139,0,1
BRDA:692,139,1,0
BRDA:692,139,2,0
BRDA:693,140,0,0
BRDA:693,140,1,0
BRDA:693,141,0,0
BRDA:693,141,1,0
BRDA:693,141,2,0
BRDA:700,142,0,3
BRDA:700,142,1,0
BRDA:700,143,0,3
BRDA:700,143,1,0
BRDA:700,143,2,0
BRDA:701,144,0,0
BRDA:701,144,1,0
BRDA:701,145,0,0
BRDA:701,145,1,0
BRDA:701,145,2,0
BRDA:702,146,0,0
BRDA:702,146,1,0
BRDA:702,147,0,0
BRDA:702,147,1,0
BRDA:702,147,2,0
BRDA:708,148,0,3
BRDA:708,148,1,0
BRDA:708,149,0,3
BRDA:708,149,1,0
BRDA:708,149,2,0
BRDA:712,150,0,3
BRDA:712,150,1,0
BRDA:712,151,0,3
BRDA:712,151,1,0
BRDA:712,151,2,0
BRDA:721,152,0,0
BRDA:721,152,1,3
BRDA:724,153,0,0
BRDA:724,153,1,3
BRDA:724,154,0,3
BRDA:724,154,1,3
BRDA:731,155,0,0
BRDA:731,155,1,3
BRDA:738,156,0,1
BRDA:738,156,1,2
BRDA:742,157,0,1
BRDA:742,157,1,2
BRDA:746,158,0,0
BRDA:746,158,1,3
BRDA:747,159,0,0
BRDA:747,159,1,0
BRDA:792,160,0,0
BRDA:792,160,1,1
BRDA:809,161,0,1
BRDA:809,161,1,0
BRDA:809,162,0,1
BRDA:809,162,1,1
BRDA:810,163,0,0
BRDA:810,163,1,1
BRDA:810,164,0,1
BRDA:810,164,1,1
BRDA:810,164,2,1
BRDA:817,165,0,1
BRDA:817,165,1,0
BRDA:817,166,0,1
BRDA:817,166,1,1
BRDA:818,167,0,0
BRDA:818,167,1,1
BRDA:818,168,0,1
BRDA:818,168,1,1
BRDA:825,169,0,1
BRDA:825,169,1,0
BRDA:825,170,0,1
BRDA:825,170,1,1
BRDA:826,171,0,0
BRDA:826,171,1,1
BRDA:826,172,0,1
BRDA:826,172,1,1
BRDA:834,173,0,0
BRDA:834,173,1,1
BRDA:834,174,0,1
BRDA:834,174,1,1
BRDA:834,174,2,1
BRDA:842,175,0,0
BRDA:842,175,1,1
BRDA:847,176,0,0
BRDA:847,176,1,1
BRDA:861,177,0,0
BRDA:861,177,1,0
BRDA:871,178,0,0
BRDA:871,178,1,0
BRDA:871,179,0,0
BRDA:871,179,1,0
BRDA:884,180,0,1
BRDA:884,180,1,0
BRDA:900,181,0,0
BRDA:900,181,1,1
BRDA:904,182,0,1
BRDA:904,182,1,0
BRDA:921,183,0,1
BRDA:921,183,1,0
BRDA:926,184,0,0
BRDA:926,184,1,1
BRDA:932,185,0,0
BRDA:932,185,1,1
BRDA:932,186,0,1
BRDA:932,186,1,0
BRDA:934,187,0,0
BRDA:934,187,1,0
BRDA:934,188,0,0
BRDA:934,188,1,0
BRDA:934,188,2,0
BRDA:937,189,0,0
BRDA:937,189,1,0
BRDA:942,190,0,0
BRDA:942,190,1,1
BRDA:942,191,0,1
BRDA:942,191,1,0
BRDA:944,192,0,0
BRDA:944,192,1,0
BRDA:944,193,0,0
BRDA:944,193,1,0
BRDA:947,194,0,0
BRDA:947,194,1,0
BRDA:952,195,0,0
BRDA:952,195,1,1
BRDA:952,196,0,1
BRDA:952,196,1,0
BRDA:954,197,0,0
BRDA:954,197,1,0
BRDA:954,198,0,0
BRDA:954,198,1,0
BRDA:957,199,0,0
BRDA:957,199,1,0
BRDA:962,200,0,1
BRDA:962,200,1,0
BRDA:962,201,0,1
BRDA:962,201,1,1
BRDA:965,202,0,0
BRDA:965,202,1,1
BRDA:968,203,0,0
BRDA:968,203,1,1
BRDA:973,204,0,1
BRDA:973,204,1,0
BRDA:973,205,0,1
BRDA:973,205,1,1
BRDA:976,206,0,0
BRDA:976,206,1,1
BRDA:979,207,0,1
BRDA:979,207,1,0
BRDA:984,208,0,1
BRDA:984,208,1,0
BRDA:984,209,0,1
BRDA:984,209,1,1
BRDA:987,210,0,0
BRDA:987,210,1,1
BRDA:991,211,0,1
BRDA:991,211,1,0
BRDA:992,212,0,0
BRDA:992,212,1,1
BRDA:997,213,0,0
BRDA:997,213,1,1
BRDA:997,214,0,1
BRDA:997,214,1,1
BRDA:1001,215,0,1
BRDA:1001,215,1,0
BRDA:1007,216,0,0
BRDA:1007,216,1,1
BRDA:1012,217,0,1
BRDA:1012,217,1,0
BRDA:1041,218,0,0
BRDA:1041,218,1,1
BRDA:1044,219,0,0
BRDA:1044,219,1,1
BRDA:1047,220,0,1
BRDA:1047,220,1,0
BRDA:1050,221,0,1
BRDA:1050,221,1,0
BRDA:1053,222,0,1
BRDA:1053,222,1,0
BRDA:1059,223,0,0
BRDA:1059,223,1,0
BRDA:1069,224,0,0
BRDA:1073,225,0,3
BRDA:1073,225,1,0
BRDA:1082,226,0,1
BRDA:1082,226,1,2
BRDA:1093,227,0,0
BRDA:1093,227,1,2
BRDA:1093,228,0,2
BRDA:1093,228,1,2
BRDA:1098,229,0,0
BRDA:1098,229,1,2
BRDA:1098,230,0,2
BRDA:1098,230,1,2
BRDA:1102,231,0,0
BRDA:1102,231,1,0
BRDA:1102,232,0,0
BRDA:1102,232,1,0
BRDA:1108,233,0,1
BRDA:1108,233,1,1
BRDA:1108,234,0,2
BRDA:1108,234,1,1
BRDA:1113,235,0,1
BRDA:1113,235,1,0
BRDA:1114,236,0,0
BRDA:1114,236,1,1
BRDA:1124,237,0,1
BRDA:1127,238,0,0
BRDA:1127,238,1,4
BRDA:1131,239,0,3
BRDA:1131,239,1,1
BRDA:1132,240,0,0
BRDA:1132,240,1,3
BRDA:1132,241,0,3
BRDA:1132,241,1,3
BRDA:1137,242,0,0
BRDA:1137,242,1,1
BRDA:1140,243,0,1
BRDA:1140,243,1,1
BRDA:1152,244,0,1
BRDA:1152,244,1,0
BRDA:1158,245,0,1
BRDA:1158,245,1,0
BRDA:1158,246,0,1
BRDA:1158,246,1,1
BRDA:1166,247,0,0
BRDA:1166,247,1,1
BRDA:1166,248,0,1
BRDA:1166,248,1,1
BRDA:1178,249,0,1
BRDA:1178,249,1,0
BRDA:1191,250,0,0
BRDA:1191,250,1,1
BRDA:1193,251,0,1
BRDA:1193,251,1,0
BRDA:1197,252,0,1
BRDA:1197,252,1,0
BRDA:1198,253,0,0
BRDA:1198,253,1,1
BRDA:1198,254,0,1
BRDA:1198,254,1,0
BRDA:1202,255,0,0
BRDA:1202,255,1,1
BRDA:1202,256,0,1
BRDA:1202,256,1,1
BRDA:1205,257,0,0
BRDA:1205,257,1,1
BRDA:1205,258,0,1
BRDA:1205,258,1,1
BRDA:1211,259,0,1
BRDA:1211,259,1,0
BRDA:1213,260,0,0
BRDA:1213,260,1,0
BRDA:1215,261,0,0
BRDA:1215,261,1,0
BRDA:1215,262,0,0
BRDA:1215,262,1,0
BRDA:1224,263,0,0
BRDA:1224,263,1,1
BRDA:1232,264,0,1
BRDA:1232,264,1,0
BRDA:1238,265,0,0
BRDA:1238,265,1,1
BRDA:1238,266,0,1
BRDA:1238,266,1,1
BRDA:1258,267,0,1
BRDA:1258,267,1,0
BRDA:1265,268,0,2
BRDA:1265,268,1,0
BRDA:1265,269,0,2
BRDA:1265,269,1,2
BRDA:1268,270,0,0
BRDA:1268,270,1,0
BRDA:1286,271,0,2
BRDA:1286,271,1,0
BRDA:1286,272,0,2
BRDA:1286,272,1,0
BRDA:1286,272,2,0
BRDA:1290,273,0,2
BRDA:1290,273,1,0
BRDA:1290,274,0,2
BRDA:1290,274,1,0
BRDA:1290,274,2,0
BRDA:1295,275,0,0
BRDA:1295,276,0,0
BRDA:1299,277,0,0
BRDA:1299,277,1,2
BRDA:1302,278,0,0
BRDA:1302,278,1,2
BRDA:1302,279,0,2
BRDA:1302,279,1,2
BRDA:1309,280,0,0
BRDA:1309,280,1,2
BRDA:1315,281,0,0
BRDA:1315,281,1,2
BRDA:1317,282,0,0
BRDA:1317,282,1,0
BRDA:1319,283,0,1
BRDA:1319,283,1,1
BRDA:1320,284,0,0
BRDA:1320,284,1,2
BRDA:1324,285,0,0
BRDA:1324,285,1,2
BRDA:1325,286,0,0
BRDA:1325,286,1,2
BRDA:1326,287,0,0
BRDA:1326,287,1,2
BRDA:1326,288,0,2
BRDA:1326,288,1,0
BRDA:1327,289,0,0
BRDA:1327,289,1,0
BRDA:1353,290,0,3
BRDA:1353,290,1,0
BRDA:1354,291,0,0
BRDA:1354,291,1,3
BRDA:1355,292,0,3
BRDA:1355,292,1,0
BRDA:1355,293,0,3
BRDA:1355,293,1,0
BRDA:1356,294,0,0
BRDA:1356,294,1,3
BRDA:1367,295,0,0
BRDA:1367,295,1,0
BRDA:1367,296,0,0
BRDA:1367,296,1,0
BRDA:1367,296,2,0
BRDA:1371,297,0,0
BRDA:1371,297,1,0
BRDA:1371,298,0,0
BRDA:1371,298,1,0
BRDA:1371,298,2,0
BRDA:1377,299,0,0
BRDA:1377,300,0,0
BRDA:1380,301,0,0
BRDA:1380,301,1,0
BRDA:1383,302,0,0
BRDA:1383,302,1,0
BRDA:1383,303,0,0
BRDA:1383,303,1,0
BRDA:1390,304,0,0
BRDA:1390,304,1,0
BRDA:1418,305,0,0
BRDA:1418,305,1,0
BRDA:1430,306,0,0
BRDA:1430,306,1,1
BRDA:1439,307,0,0
BRDA:1439,307,1,1
BRDA:1452,308,0,1
BRDA:1452,308,1,0
BRDA:1453,309,0,0
BRDA:1453,309,1,1
BRDA:1454,310,0,1
BRDA:1454,310,1,0
BRDA:1454,311,0,1
BRDA:1454,311,1,0
BRDA:1464,312,0,0
BRDA:1464,312,1,2
BRDA:1467,313,0,0
BRDA:1467,313,1,2
BRDA:1472,314,0,0
BRDA:1472,314,1,2
BRDA:1475,315,0,1
BRDA:1475,315,1,1
BRDA:1475,316,0,2
BRDA:1475,316,1,1
BRDA:1481,317,0,1
BRDA:1481,317,1,0
BRDA:1481,318,0,1
BRDA:1481,318,1,1
BRDA:1491,319,0,1
BRDA:1491,319,1,1
BRDA:1491,320,0,2
BRDA:1491,320,1,1
BRDA:1493,321,0,1
BRDA:1493,321,1,0
BRDA:1493,322,0,1
BRDA:1493,322,1,1
BRDA:1494,323,0,1
BRDA:1494,323,1,0
BRDA:1494,324,0,1
BRDA:1494,324,1,1
BRDA:1525,325,0,0
BRDA:1525,325,1,0
BRDA:1528,326,0,0
BRDA:1528,326,1,0
BRDA:1538,327,0,0
BRDA:1538,327,1,0
BRDA:1541,328,0,0
BRDA:1541,328,1,0
BRDA:1541,329,0,0
BRDA:1541,329,1,0
BRDA:1550,330,0,0
BRDA:1550,330,1,0
BRDA:1582,331,0,0
BRDA:1582,331,1,0
BRDA:1582,332,0,0
BRDA:1582,332,1,0
BRDA:1585,333,0,0
BRDA:1585,333,1,0
BRDA:1595,334,0,0
BRDA:1595,334,1,0
BRDA:1598,335,0,0
BRDA:1598,335,1,0
BRDA:1609,336,0,0
BRDA:1609,336,1,0
BRDA:1609,337,0,0
BRDA:1609,337,1,0
BRDA:1644,338,0,0
BRDA:1644,338,1,1
BRDA:1645,339,0,0
BRDA:1645,339,1,1
BRDA:1645,340,0,1
BRDA:1645,340,1,1
BRDA:1645,340,2,1
BRDA:1652,341,0,0
BRDA:1652,341,1,1
BRDA:1653,342,0,0
BRDA:1653,342,1,1
BRDA:1660,343,0,1
BRDA:1660,343,1,0
BRDA:1682,344,0,0
BRDA:1682,344,1,1
BRDA:1683,345,0,0
BRDA:1683,345,1,1
BRDA:1684,346,0,0
BRDA:1684,346,1,1
BRDA:1684,347,0,1
BRDA:1684,347,1,1
BRDA:1684,347,2,1
BRDA:1689,348,0,0
BRDA:1689,348,1,1
BRDA:1690,349,0,0
BRDA:1690,349,1,1
BRDA:1694,350,0,0
BRDA:1694,350,1,1
BRDA:1699,351,0,0
BRDA:1699,351,1,1
BRDA:1708,352,0,1
BRDA:1708,352,1,0
BRDA:1720,353,0,1
BRDA:1720,353,1,0
BRDA:1750,354,0,0
BRDA:1750,354,1,0
BRDA:1750,355,0,0
BRDA:1750,355,1,0
BRDA:1750,355,2,0
BRDA:1754,356,0,0
BRDA:1754,356,1,0
BRDA:1754,357,0,0
BRDA:1754,357,1,0
BRDA:1754,357,2,0
BRDA:1759,358,0,0
BRDA:1759,359,0,0
BRDA:1763,360,0,0
BRDA:1763,360,1,0
BRDA:1766,361,0,0
BRDA:1766,361,1,0
BRDA:1766,362,0,0
BRDA:1766,362,1,0
BRDA:1773,363,0,0
BRDA:1773,363,1,0
BRDA:1774,364,0,0
BRDA:1774,364,1,0
BRDA:1775,365,0,0
BRDA:1775,365,1,0
BRDA:1779,366,0,0
BRDA:1779,366,1,0
BRDA:1779,367,0,0
BRDA:1779,367,1,0
BRDA:1780,368,0,0
BRDA:1780,368,1,0
BRDA:1804,369,0,0
BRDA:1804,369,1,0
BRDA:1805,370,0,0
BRDA:1805,370,1,0
BRDA:1806,371,0,0
BRDA:1806,371,1,0
BRDA:1822,372,0,0
BRDA:1822,372,1,0
BRDA:1822,373,0,0
BRDA:1822,373,1,0
BRDA:1822,373,2,0
BRDA:1826,374,0,0
BRDA:1826,374,1,0
BRDA:1826,375,0,0
BRDA:1826,375,1,0
BRDA:1826,375,2,0
BRDA:1832,376,0,0
BRDA:1832,376,1,0
BRDA:1837,377,0,0
BRDA:1837,377,1,0
BRDA:1839,378,0,0
BRDA:1839,379,0,0
BRDA:1842,380,0,0
BRDA:1842,380,1,0
BRDA:1845,381,0,0
BRDA:1845,381,1,0
BRDA:1845,382,0,0
BRDA:1845,382,1,0
BRDA:1852,383,0,0
BRDA:1852,383,1,0
BRDA:1853,384,0,0
BRDA:1853,384,1,0
BRDA:1854,385,0,0
BRDA:1854,385,1,0
BRDA:1858,386,0,0
BRDA:1858,386,1,0
BRDA:1858,387,0,0
BRDA:1858,387,1,0
BRDA:1859,388,0,0
BRDA:1859,388,1,0
BRDA:1883,389,0,0
BRDA:1883,389,1,0
BRDA:1884,390,0,0
BRDA:1884,390,1,0
BRDA:1885,391,0,0
BRDA:1885,391,1,0
BRDA:1885,392,0,0
BRDA:1885,392,1,0
BRDA:1886,393,0,0
BRDA:1886,393,1,0
BRDA:1899,394,0,0
BRDA:1899,394,1,2
BRDA:1902,395,0,0
BRDA:1902,395,1,2
BRDA:1907,396,0,0
BRDA:1907,396,1,2
BRDA:1908,397,0,0
BRDA:1908,397,1,2
BRDA:1911,398,0,0
BRDA:1911,398,1,2
BRDA:1911,399,0,2
BRDA:1911,399,1,1
BRDA:1916,400,0,1
BRDA:1916,400,1,1
BRDA:1917,401,0,0
BRDA:1917,401,1,1
BRDA:1917,402,0,1
BRDA:1917,402,1,0
BRDA:1920,403,0,0
BRDA:1920,403,1,1
BRDA:1928,404,0,1
BRDA:1928,404,1,0
BRDA:1930,405,0,0
BRDA:1930,405,1,1
BRDA:1957,406,0,1
BRDA:1957,406,1,1
BRDA:1960,407,0,1
BRDA:1960,407,1,0
BRDA:1993,408,0,0
BRDA:1993,408,1,7
BRDA:1993,409,0,7
BRDA:1993,409,1,7
BRDA:1997,410,0,0
BRDA:1997,410,1,7
BRDA:1998,411,0,0
BRDA:1998,411,1,7
BRDA:2002,412,0,0
BRDA:2002,412,1,7
BRDA:2007,413,0,1
BRDA:2007,413,1,6
BRDA:2015,414,0,6
BRDA:2015,414,1,5
BRDA:2018,415,0,1
BRDA:2018,415,1,5
BRDA:2025,416,0,0
BRDA:2025,416,1,1
BRDA:2034,417,0,6
BRDA:2034,417,1,0
BRDA:2038,418,0,1
BRDA:2038,418,1,5
BRDA:2082,419,0,3
BRDA:2082,419,1,0
BRDA:2082,420,0,3
BRDA:2082,420,1,0
BRDA:2082,420,2,0
BRDA:2086,421,0,3
BRDA:2086,421,1,0
BRDA:2086,422,0,3
BRDA:2086,422,1,0
BRDA:2086,422,2,0
BRDA:2093,423,0,0
BRDA:2093,423,1,3
BRDA:2093,424,0,3
BRDA:2093,424,1,0
BRDA:2099,425,0,0
BRDA:2099,425,1,3
BRDA:2099,426,0,3
BRDA:2099,426,1,3
BRDA:2102,427,0,0
BRDA:2102,427,1,3
BRDA:2102,428,0,3
BRDA:2102,428,1,3
BRDA:2102,428,2,3
BRDA:2110,429,0,0
BRDA:2110,429,1,3
BRDA:2111,430,0,0
BRDA:2111,430,1,3
BRDA:2112,431,0,0
BRDA:2112,431,1,3
BRDA:2112,432,0,0
BRDA:2112,432,1,0
BRDA:2113,433,0,1
BRDA:2113,433,1,2
BRDA:2113,434,0,1
BRDA:2113,434,1,0
BRDA:2115,435,0,3
BRDA:2115,435,1,3
BRDA:2117,436,0,3
BRDA:2117,436,1,0
BRDA:2119,437,0,0
BRDA:2119,437,1,0
BRDA:2124,438,0,1
BRDA:2124,438,1,2
BRDA:2124,439,0,3
BRDA:2124,439,1,3
BRDA:2132,440,0,0
BRDA:2132,440,1,3
BRDA:2140,441,0,1
BRDA:2140,441,1,2
BRDA:2140,442,0,3
BRDA:2140,442,1,1
BRDA:2140,442,2,1
BRDA:2140,442,3,1
BRDA:2147,443,0,1
BRDA:2147,443,1,0
BRDA:2147,444,0,0
BRDA:2147,444,1,0
BRDA:2155,445,0,0
BRDA:2155,445,1,3
BRDA:2158,446,0,0
BRDA:2158,446,1,0
BRDA:2165,447,0,0
BRDA:2165,447,1,3
BRDA:2167,448,0,0
BRDA:2167,448,1,0
BRDA:2171,449,0,0
BRDA:2171,449,1,3
BRDA:2173,450,0,0
BRDA:2173,450,1,0
BRDA:2179,451,0,0
BRDA:2179,451,1,3
BRDA:2179,452,0,3
BRDA:2179,452,1,0
BRDA:2182,453,0,0
BRDA:2182,453,1,0
BRDA:2188,454,0,3
BRDA:2188,454,1,0
BRDA:2188,455,0,3
BRDA:2188,455,1,3
BRDA:2189,456,0,4
BRDA:2189,456,1,0
BRDA:2201,457,0,0
BRDA:2201,457,1,4
BRDA:2208,458,0,4
BRDA:2208,458,1,0
BRDA:2208,459,0,4
BRDA:2208,459,1,4
BRDA:2213,460,0,0
BRDA:2213,460,1,4
BRDA:2213,461,0,4
BRDA:2213,461,1,2
BRDA:2218,462,0,2
BRDA:2218,462,1,0
BRDA:2218,463,0,0
BRDA:2218,463,1,0
BRDA:2226,464,0,4
BRDA:2226,464,1,0
BRDA:2226,465,0,4
BRDA:2226,465,1,4
BRDA:2228,466,0,0
BRDA:2228,466,1,4
BRDA:2228,467,0,4
BRDA:2228,467,1,4
BRDA:2231,468,0,0
BRDA:2231,468,1,0
BRDA:2231,469,0,0
BRDA:2231,469,1,0
BRDA:2232,470,0,0
BRDA:2232,470,1,0
BRDA:2251,471,0,0
BRDA:2251,471,1,0
BRDA:2260,472,0,0
BRDA:2260,472,1,0
BRDA:2265,473,0,0
BRDA:2265,473,1,0
BRDA:2269,474,0,0
BRDA:2269,474,1,0
BRDA:2270,475,0,0
BRDA:2270,475,1,0
BRDA:2272,476,0,0
BRDA:2272,476,1,0
BRDA:2273,477,0,0
BRDA:2273,477,1,0
BRDA:2274,478,0,0
BRDA:2274,478,1,0
BRDA:2274,479,0,0
BRDA:2274,479,1,0
BRDA:2285,480,0,0
BRDA:2285,480,1,0
BRDA:2285,481,0,0
BRDA:2285,481,1,0
BRDA:2294,482,0,0
BRDA:2294,482,1,0
BRDA:2294,483,0,0
BRDA:2294,483,1,0
BRDA:2297,484,0,0
BRDA:2297,484,1,0
BRDA:2297,485,0,0
BRDA:2297,485,1,0
BRDA:2313,486,0,0
BRDA:2313,486,1,3
BRDA:2320,487,0,0
BRDA:2320,487,1,3
BRDA:2324,488,0,0
BRDA:2324,488,1,3
BRDA:2331,489,0,0
BRDA:2331,489,1,3
BRDA:2331,490,0,3
BRDA:2331,490,1,0
BRDA:2335,491,0,0
BRDA:2335,491,1,3
BRDA:2335,492,0,3
BRDA:2335,492,1,0
BRDA:2335,492,2,0
BRDA:2335,492,3,0
BRDA:2341,493,0,0
BRDA:2341,493,1,3
BRDA:2341,494,0,3
BRDA:2341,494,1,3
BRDA:2341,494,2,0
BRDA:2341,494,3,0
BRDA:2342,495,0,0
BRDA:2342,495,1,0
BRDA:2345,496,0,0
BRDA:2345,496,1,0
BRDA:2345,497,0,0
BRDA:2345,497,1,0
BRDA:2347,498,0,0
BRDA:2347,498,1,0
BRDA:2351,499,0,0
BRDA:2351,499,1,0
BRDA:2353,500,0,0
BRDA:2353,500,1,0
BRDA:2353,501,0,0
BRDA:2353,501,1,0
BRDA:2355,502,0,0
BRDA:2355,502,1,0
BRDA:2363,503,0,3
BRDA:2363,503,1,0
BRDA:2365,504,0,0
BRDA:2365,504,1,0
BRDA:2372,505,0,0
BRDA:2372,505,1,3
BRDA:2372,506,0,3
BRDA:2372,506,1,3
BRDA:2373,507,0,0
BRDA:2373,507,1,0
BRDA:2374,508,0,0
BRDA:2374,508,1,0
BRDA:2376,509,0,0
BRDA:2376,509,1,0
BRDA:2377,510,0,0
BRDA:2377,510,1,0
BRDA:2377,511,0,0
BRDA:2377,511,1,0
BRDA:2383,512,0,0
BRDA:2383,512,1,3
BRDA:2386,513,0,0
BRDA:2386,513,1,0
BRDA:2393,514,0,0
BRDA:2393,514,1,3
BRDA:2393,515,0,3
BRDA:2393,515,1,0
BRDA:2398,516,0,0
BRDA:2398,516,1,3
BRDA:2398,517,0,3
BRDA:2398,517,1,0
BRDA:2399,518,0,0
BRDA:2399,518,1,0
BRDA:2405,519,0,0
BRDA:2405,519,1,3
BRDA:2408,520,0,0
BRDA:2408,520,1,0
BRDA:2417,521,0,0
BRDA:2417,521,1,3
BRDA:2417,522,0,3
BRDA:2417,522,1,2
BRDA:2422,523,0,0
BRDA:2422,523,1,3
BRDA:2422,524,0,3
BRDA:2422,524,1,0
BRDA:2425,525,0,0
BRDA:2425,525,1,0
BRDA:2431,526,0,0
BRDA:2431,526,1,0
BRDA:2449,527,0,0
BRDA:2449,527,1,0
BRDA:2449,528,0,0
BRDA:2449,528,1,0
BRDA:2451,529,0,0
BRDA:2451,529,1,0
BRDA:2461,530,0,0
BRDA:2461,530,1,0
BRDA:2471,531,0,0
BRDA:2471,531,1,0
BRDA:2482,532,0,1
BRDA:2482,532,1,2
BRDA:2483,533,0,0
BRDA:2483,533,1,3
BRDA:2484,534,0,0
BRDA:2484,534,1,3
BRDA:2485,535,0,0
BRDA:2485,535,1,3
BRDA:2486,536,0,0
BRDA:2486,536,1,3
BRDA:2487,537,0,0
BRDA:2487,537,1,3
BRDA:2488,538,0,0
BRDA:2488,538,1,3
BRDA:2489,539,0,0
BRDA:2489,539,1,3
BRDA:2490,540,0,2
BRDA:2490,540,1,1
BRDA:2515,541,0,0
BRDA:2515,541,1,3
BRDA:2516,542,0,0
BRDA:2516,542,1,3
BRDA:2517,543,0,0
BRDA:2517,543,1,3
BRDA:2518,544,0,0
BRDA:2518,544,1,3
BRDA:2519,545,0,2
BRDA:2519,545,1,1
BRDA:2520,546,0,0
BRDA:2520,546,1,3
BRDA:2524,547,0,0
BRDA:2524,547,1,3
BRDA:2540,548,0,0
BRDA:2540,548,1,2
BRDA:2543,549,0,0
BRDA:2543,549,1,2
BRDA:2546,550,0,1
BRDA:2546,550,1,1
BRDA:2552,551,0,0
BRDA:2552,551,1,1
BRDA:2556,552,0,0
BRDA:2556,552,1,1
BRDA:2568,553,0,0
BRDA:2568,553,1,1
BRDA:2581,554,0,0
BRDA:2581,554,1,1
BRDA:2584,555,0,0
BRDA:2584,555,1,1
BRDA:2588,556,0,0
BRDA:2588,556,1,1
BRDA:2592,557,0,0
BRDA:2592,557,1,1
BRDA:2597,558,0,1
BRDA:2597,558,1,0
BRDA:2597,559,0,1
BRDA:2597,559,1,1
BRDA:2597,559,2,1
BRDA:2600,560,0,0
BRDA:2600,560,1,1
BRDA:2609,561,0,0
BRDA:2609,561,1,1
BRDA:2612,562,0,0
BRDA:2612,562,1,1
BRDA:2619,563,0,0
BRDA:2619,563,1,1
BRDA:2656,564,0,0
BRDA:2656,564,1,0
BRDA:2667,565,0,0
BRDA:2667,565,1,0
BRDA:2669,566,0,0
BRDA:2669,566,1,0
BRDA:2674,567,0,0
BRDA:2674,567,1,0
BRDA:2687,568,0,0
BRDA:2687,568,1,0
BRDA:2694,569,0,0
BRDA:2694,569,1,0
BRDA:2697,570,0,0
BRDA:2697,570,1,0
BRDA:2702,571,0,0
BRDA:2702,571,1,0
BRDA:2702,572,0,0
BRDA:2702,572,1,0
BRDA:2708,573,0,0
BRDA:2708,573,1,0
BRDA:2713,574,0,0
BRDA:2713,574,1,0
BRDA:2713,575,0,0
BRDA:2713,575,1,0
BRDA:2718,576,0,0
BRDA:2718,576,1,0
BRDA:2719,577,0,0
BRDA:2719,577,1,0
BRDA:2719,578,0,0
BRDA:2719,578,1,0
BRDA:2722,579,0,0
BRDA:2722,579,1,0
BRDA:2722,580,0,0
BRDA:2722,580,1,0
BRDA:2727,581,0,0
BRDA:2727,581,1,0
BRDA:2729,582,0,0
BRDA:2729,582,1,0
BRDA:2733,583,0,0
BRDA:2733,583,1,0
BRDA:2738,584,0,0
BRDA:2738,584,1,0
BRDA:2744,585,0,0
BRDA:2744,585,1,0
BRDA:2756,586,0,0
BRDA:2756,586,1,0
BRDA:2768,587,0,0
BRDA:2768,587,1,0
BRDA:2772,588,0,0
BRDA:2772,588,1,0
BRDA:2776,589,0,0
BRDA:2776,589,1,0
BRDA:2784,590,0,0
BRDA:2784,590,1,0
BRDA:2787,591,0,0
BRDA:2787,591,1,0
BRDA:2801,592,0,0
BRDA:2801,592,1,0
BRDA:2802,593,0,0
BRDA:2802,593,1,0
BRDA:2806,594,0,0
BRDA:2806,594,1,0
BRDA:2810,595,0,0
BRDA:2810,595,1,0
BRDA:2814,596,0,0
BRDA:2814,596,1,0
BRDA:2821,597,0,0
BRDA:2821,597,1,0
BRDA:2834,598,0,0
BRDA:2834,598,1,4
BRDA:2840,599,0,0
BRDA:2840,599,1,4
BRDA:2843,600,0,1
BRDA:2843,600,1,3
BRDA:2848,601,0,1
BRDA:2848,601,1,2
BRDA:2848,602,0,3
BRDA:2848,602,1,1
BRDA:2859,603,0,1
BRDA:2859,603,1,1
BRDA:2862,604,0,0
BRDA:2862,604,1,1
BRDA:2882,605,0,0
BRDA:2882,605,1,0
BRDA:2885,606,0,0
BRDA:2885,606,1,0
BRDA:2886,607,0,0
BRDA:2886,607,1,0
BRDA:2887,608,0,0
BRDA:2887,608,1,0
BRDA:2887,609,0,0
BRDA:2887,609,1,0
BRDA:2894,610,0,0
BRDA:2894,610,1,0
BRDA:2898,611,0,0
BRDA:2898,611,1,0
BRDA:2903,612,0,0
BRDA:2903,612,1,0
BRDA:2903,613,0,0
BRDA:2903,613,1,0
BRDA:2910,614,0,0
BRDA:2910,614,1,0
BRDA:2910,615,0,0
BRDA:2910,615,1,0
BRDA:2912,616,0,0
BRDA:2912,616,1,0
BRDA:2955,617,0,0
BRDA:2955,617,1,0
BRDA:2955,618,0,0
BRDA:2955,618,1,0
BRDA:2955,618,2,0
BRDA:2960,619,0,0
BRDA:2960,619,1,0
BRDA:2964,620,0,0
BRDA:2964,620,1,0
BRDA:2966,621,0,0
BRDA:2966,621,1,0
BRDA:3013,622,0,0
BRDA:3013,622,1,6
BRDA:3023,623,0,0
BRDA:3023,623,1,6
BRDA:3030,624,0,6
BRDA:3030,624,1,0
BRDA:3032,625,0,0
BRDA:3032,625,1,0
BRDA:3044,626,0,1
BRDA:3044,626,1,5
BRDA:3050,627,0,5
BRDA:3050,627,1,5
BRDA:3051,628,0,5
BRDA:3051,628,1,0
BRDA:3052,629,0,5
BRDA:3052,629,1,5
BRDA:3077,630,0,1
BRDA:3077,630,1,0
BRDA:3077,631,0,1
BRDA:3077,631,1,0
BRDA:3077,631,2,0
BRDA:3081,632,0,1
BRDA:3081,632,1,0
BRDA:3081,633,0,1
BRDA:3081,633,1,0
BRDA:3081,633,2,0
BRDA:3086,634,0,0
BRDA:3086,635,0,0
BRDA:3088,636,0,0
BRDA:3088,636,1,1
BRDA:3088,637,0,1
BRDA:3088,637,1,0
BRDA:3092,638,0,0
BRDA:3092,638,1,1
BRDA:3095,639,0,0
BRDA:3095,639,1,1
BRDA:3095,640,0,1
BRDA:3095,640,1,1
BRDA:3103,641,0,0
BRDA:3103,641,1,1
BRDA:3104,642,0,0
BRDA:3104,642,1,1
BRDA:3106,643,0,1
BRDA:3106,643,1,1
BRDA:3109,644,0,1
BRDA:3109,644,1,0
BRDA:3111,645,0,0
BRDA:3111,645,1,1
BRDA:3111,646,0,1
BRDA:3111,646,1,1
BRDA:3112,647,0,0
BRDA:3112,647,1,0
BRDA:3114,648,0,0
BRDA:3114,648,1,1
BRDA:3114,649,0,1
BRDA:3114,649,1,1
BRDA:3115,650,0,0
BRDA:3115,650,1,0
BRDA:3128,651,0,1
BRDA:3128,651,1,0
BRDA:3136,652,0,0
BRDA:3136,652,1,1
BRDA:3136,653,0,1
BRDA:3136,653,1,0
BRDA:3138,654,0,0
BRDA:3138,654,1,0
BRDA:3140,655,0,0
BRDA:3140,655,1,0
BRDA:3154,656,0,1
BRDA:3154,656,1,0
BRDA:3160,657,0,1
BRDA:3160,657,1,0
BRDA:3170,658,0,0
BRDA:3170,658,1,0
BRDA:3170,659,0,0
BRDA:3170,659,1,0
BRDA:3176,660,0,0
BRDA:3176,660,1,0
BRDA:3178,661,0,0
BRDA:3178,661,1,0
BRDA:3181,662,0,0
BRDA:3181,662,1,0
BRDA:3184,663,0,0
BRDA:3184,663,1,0
BRDA:3184,664,0,0
BRDA:3184,664,1,0
BRDA:3199,665,0,0
BRDA:3199,665,1,0
BRDA:3210,666,0,0
BRDA:3210,666,1,1
BRDA:3210,667,0,1
BRDA:3210,667,1,1
BRDA:3215,668,0,0
BRDA:3215,668,1,1
BRDA:3220,669,0,1
BRDA:3220,669,1,0
BRDA:3222,670,0,0
BRDA:3222,670,1,0
BRDA:3231,671,0,0
BRDA:3231,671,1,1
BRDA:3231,672,0,1
BRDA:3231,672,1,1
BRDA:3232,673,0,0
BRDA:3232,673,1,0
BRDA:3233,674,0,0
BRDA:3233,674,1,0
BRDA:3235,675,0,0
BRDA:3235,675,1,0
BRDA:3236,676,0,0
BRDA:3236,676,1,0
BRDA:3236,677,0,0
BRDA:3236,677,1,0
BRDA:3237,678,0,0
BRDA:3237,678,1,0
BRDA:3237,679,0,0
BRDA:3237,679,1,0
BRDA:3240,680,0,0
BRDA:3240,680,1,1
BRDA:3243,681,0,0
BRDA:3243,681,1,0
BRDA:3243,682,0,0
BRDA:3243,682,1,0
BRDA:3250,683,0,0
BRDA:3250,683,1,1
BRDA:3250,684,0,1
BRDA:3250,684,1,0
BRDA:3250,684,2,0
BRDA:3255,685,0,1
BRDA:3255,685,1,0
BRDA:3256,686,0,0
BRDA:3256,686,1,1
BRDA:3257,687,0,0
BRDA:3257,687,1,1
BRDA:3258,688,0,0
BRDA:3258,688,1,1
BRDA:3259,689,0,0
BRDA:3259,689,1,1
BRDA:3260,690,0,0
BRDA:3260,690,1,1
BRDA:3260,691,0,1
BRDA:3260,691,1,0
BRDA:3261,692,0,0
BRDA:3261,692,1,1
BRDA:3261,693,0,1
BRDA:3261,693,1,0
BRDA:3262,694,0,0
BRDA:3262,694,1,1
BRDA:3262,695,0,1
BRDA:3262,695,1,0
BRDA:3277,696,0,0
BRDA:3277,696,1,1
BRDA:3277,697,0,1
BRDA:3277,697,1,0
BRDA:3282,698,0,0
BRDA:3282,698,1,1
BRDA:3282,699,0,1
BRDA:3282,699,1,0
BRDA:3294,700,0,0
BRDA:3294,700,1,2
BRDA:3294,701,0,2
BRDA:3294,701,1,2
BRDA:3299,702,0,0
BRDA:3299,702,1,2
BRDA:3303,703,0,1
BRDA:3303,703,1,1
BRDA:3346,704,0,0
BRDA:3346,704,1,0
BRDA:3350,705,0,0
BRDA:3350,705,1,0
BRDA:3368,706,0,0
BRDA:3368,706,1,6
BRDA:3371,707,0,0
BRDA:3371,707,1,0
BRDA:3376,708,0,0
BRDA:3376,708,1,0
BRF:1447
BRH:557
end_of_record
TN:
SF:routes\analytics.js
FN:6,(anonymous_0)
FN:20,(anonymous_1)
FN:83,(anonymous_2)
FN:88,(anonymous_3)
FN:89,(anonymous_4)
FN:91,(anonymous_5)
FN:92,(anonymous_6)
FN:94,(anonymous_7)
FN:95,(anonymous_8)
FN:112,(anonymous_9)
FN:113,(anonymous_10)
FN:124,(anonymous_11)
FN:137,(anonymous_12)
FN:151,(anonymous_13)
FN:199,(anonymous_14)
FN:318,(anonymous_15)
FN:353,(anonymous_16)
FN:388,(anonymous_17)
FN:494,(anonymous_18)
FN:517,(anonymous_19)
FN:527,(anonymous_20)
FN:529,(anonymous_21)
FN:537,(anonymous_22)
FN:540,(anonymous_23)
FN:558,(anonymous_24)
FN:580,(anonymous_25)
FN:589,(anonymous_26)
FN:594,(anonymous_27)
FN:595,(anonymous_28)
FN:606,(anonymous_29)
FN:628,(anonymous_30)
FN:656,(anonymous_31)
FN:660,(anonymous_32)
FN:661,(anonymous_33)
FNF:34
FNH:30
FNDA:5,(anonymous_0)
FNDA:1,(anonymous_1)
FNDA:1,(anonymous_2)
FNDA:1,(anonymous_3)
FNDA:1,(anonymous_4)
FNDA:1,(anonymous_5)
FNDA:1,(anonymous_6)
FNDA:1,(anonymous_7)
FNDA:1,(anonymous_8)
FNDA:1,(anonymous_9)
FNDA:1,(anonymous_10)
FNDA:7,(anonymous_11)
FNDA:1,(anonymous_12)
FNDA:1,(anonymous_13)
FNDA:1,(anonymous_14)
FNDA:1,(anonymous_15)
FNDA:0,(anonymous_16)
FNDA:1,(anonymous_17)
FNDA:1,(anonymous_18)
FNDA:1,(anonymous_19)
FNDA:0,(anonymous_20)
FNDA:1,(anonymous_21)
FNDA:1,(anonymous_22)
FNDA:1,(anonymous_23)
FNDA:1,(anonymous_24)
FNDA:1,(anonymous_25)
FNDA:0,(anonymous_26)
FNDA:1,(anonymous_27)
FNDA:1,(anonymous_28)
FNDA:0,(anonymous_29)
FNDA:1,(anonymous_30)
FNDA:1,(anonymous_31)
FNDA:1,(anonymous_32)
FNDA:1,(anonymous_33)
DA:2,6
DA:3,6
DA:6,6
DA:7,5
DA:8,5
DA:9,5
DA:10,5
DA:11,5
DA:12,5
DA:13,5
DA:14,5
DA:16,5
DA:20,6
DA:21,1
DA:22,1
DA:23,1
DA:26,1
DA:43,1
DA:68,1
DA:82,1
DA:83,1
DA:87,1
DA:88,1
DA:89,1
DA:90,1
DA:91,1
DA:92,1
DA:93,1
DA:94,1
DA:95,1
DA:98,1
DA:103,1
DA:106,1
DA:111,1
DA:112,1
DA:113,1
DA:117,1
DA:118,1
DA:119,7
DA:120,7
DA:121,7
DA:122,7
DA:124,7
DA:125,7
DA:126,7
DA:129,7
DA:136,1
DA:137,1
DA:142,1
DA:150,1
DA:152,1
DA:156,1
DA:165,1
DA:194,0
DA:199,6
DA:200,1
DA:201,1
DA:204,1
DA:209,1
DA:226,1
DA:244,1
DA:251,1
DA:258,1
DA:259,1
DA:260,14
DA:261,14
DA:262,14
DA:263,14
DA:265,14
DA:271,14
DA:278,1
DA:285,1
DA:313,0
DA:318,6
DA:319,1
DA:320,1
DA:322,1
DA:332,1
DA:345,1
DA:352,1
DA:354,0
DA:358,0
DA:368,1
DA:383,0
DA:388,6
DA:389,1
DA:390,1
DA:393,1
DA:400,1
DA:409,1
DA:414,1
DA:419,1
DA:420,1
DA:421,14
DA:422,14
DA:423,14
DA:424,14
DA:426,14
DA:432,14
DA:439,1
DA:440,1
DA:441,14
DA:442,14
DA:443,14
DA:444,14
DA:446,14
DA:463,14
DA:471,1
DA:475,1
DA:489,0
DA:494,6
DA:495,1
DA:496,1
DA:499,1
DA:506,1
DA:511,1
DA:517,1
DA:526,1
DA:527,0
DA:529,1
DA:537,1
DA:540,1
DA:542,1
DA:553,0
DA:558,6
DA:559,1
DA:560,1
DA:563,1
DA:571,1
DA:580,1
DA:588,1
DA:589,0
DA:593,1
DA:594,1
DA:595,1
DA:600,1
DA:606,1
DA:608,0
DA:609,0
DA:611,0
DA:614,1
DA:623,0
DA:628,6
DA:629,1
DA:630,1
DA:633,1
DA:655,1
DA:656,1
DA:660,1
DA:661,1
DA:662,1
DA:664,1
DA:674,0
DA:678,6
LF:154
LH:140
BRDA:82,0,0,1
BRDA:82,0,1,0
BRDA:88,1,0,1
BRDA:88,1,1,1
BRDA:91,2,0,1
BRDA:91,2,1,1
BRDA:94,3,0,1
BRDA:94,3,1,1
BRDA:106,4,0,1
BRDA:106,4,1,0
BRDA:126,5,0,7
BRDA:126,5,1,7
BRDA:158,6,0,1
BRDA:158,6,1,0
BRDA:159,7,0,1
BRDA:159,7,1,0
BRDA:286,8,0,1
BRDA:286,8,1,1
BRDA:289,9,0,1
BRDA:289,9,1,0
BRDA:290,10,0,1
BRDA:290,10,1,0
BRDA:291,11,0,1
BRDA:291,11,1,0
BRDA:291,12,0,1
BRDA:291,12,1,0
BRDA:294,13,0,1
BRDA:294,13,1,0
BRDA:295,14,0,1
BRDA:295,14,1,0
BRDA:296,15,0,1
BRDA:296,15,1,0
BRDA:296,16,0,1
BRDA:296,16,1,0
BRDA:360,17,0,0
BRDA:360,17,1,0
BRDA:361,18,0,0
BRDA:361,18,1,0
BRDA:362,19,0,0
BRDA:362,19,1,0
BRDA:465,20,0,14
BRDA:465,20,1,13
BRDA:466,21,0,14
BRDA:466,21,1,13
BRDA:483,22,0,1
BRDA:483,22,1,0
BRDA:486,23,0,1
BRDA:486,23,1,0
BRDA:522,24,0,0
BRDA:522,24,1,1
BRDA:608,25,0,0
BRDA:608,25,1,0
BRDA:655,26,0,1
BRDA:655,26,1,0
BRDA:656,27,0,1
BRDA:656,27,1,0
BRDA:660,28,0,1
BRDA:660,28,1,0
BRDA:662,29,0,1
BRDA:662,29,1,0
BRDA:666,30,0,1
BRDA:666,30,1,0
BRDA:667,31,0,1
BRDA:667,31,1,0
BRF:64
BRH:35
end_of_record
TN:
SF:tests\helpers.js
FN:5,(anonymous_0)
FN:32,(anonymous_1)
FNF:2
FNH:2
FNDA:80,(anonymous_0)
FNDA:44,(anonymous_1)
DA:1,6
DA:2,6
DA:3,6
DA:5,6
DA:6,80
DA:7,80
DA:8,80
DA:9,80
DA:10,80
DA:12,80
DA:23,80
DA:29,80
DA:32,6
DA:33,44
DA:34,44
DA:36,44
DA:40,44
DA:41,352
DA:44,44
DA:46,0
DA:50,6
LF:21
LH:20
BRDA:5,0,0,1
BRDA:5,1,0,80
BRDA:7,2,0,80
BRDA:7,2,1,80
BRDA:25,3,0,80
BRDA:25,3,1,0
BRF:6
BRH:5
end_of_record
